Transaction Digest: GoTQCq2b8o7LCvnJWXhWUds8q4CQ8UKhowpw7MSynp2Q
╭────────────────────────────────────────────────────────────────────────────────────────────────────────────────────────────────────────────────╮
│ Transaction Data                                                                                                                               │
├────────────────────────────────────────────────────────────────────────────────────────────────────────────────────────────────────────────────┤
│ Sender: 0x13a75ba9e38bcd05b92c37e771fd3068c8b55d81bb6622f14b387a53123d7ab1                                                                     │
│ Gas Owner: 0x13a75ba9e38bcd05b92c37e771fd3068c8b55d81bb6622f14b387a53123d7ab1                                                                  │
│ Gas Budget: 2000000000 MIST                                                                                                                    │
│ Gas Price: 750 MIST                                                                                                                            │
│ Gas Payment:                                                                                                                                   │
│  ┌──                                                                                                                                           │
│  │ ID: 0xb0b6745d74734fb22bb66627285692131777bc1e1abacd6cd36946672fd52087                                                                      │
│  │ Version: 98624799                                                                                                                           │
│  │ Digest: 2Rha7HWXYDnqxaNbxsUmkQyBRab4VF2iTaew4L3euWvG                                                                                        │
│  └──                                                                                                                                           │
│                                                                                                                                                │
│ Transaction Kind: Programmable                                                                                                                 │
│ ╭────────────────────────────────────────────────────────────────────────────────────────────────────────────────────────────────────────────╮ │
│ │ Input Objects                                                                                                                              │ │
│ ├────────────────────────────────────────────────────────────────────────────────────────────────────────────────────────────────────────────┤ │
│ │ 0   Pure Arg: [48,110,66,122,82,249,190,191,69,51,52,63,154,240,47,129,187,46,65,0,31,152,75,237,74,46,88,221,178,84,202,179]              │ │
│ │ 1   Pure Arg: [188,8,152,106,229,26,227,33,133,170,42,185,28,79,205,46,103,180,163,148,186,65,189,16,146,72,53,36,239,247,33,232]          │ │
│ │ 2   Pure Arg: [66,67,122,79,159,168,53,86,240,19,20,90,221,220,52,90,118,191,204,183,99,25,73,72,84,185,73,163,211,154,68,37]              │ │
│ │ 3   Pure Arg: [11,224,65,183,4,232,108,124,92,42,226,178,27,129,71,5,209,179,155,90,15,203,13,133,173,160,55,56,242,60,218,206]            │ │
│ │ 4   Pure Arg: [236,196,36,93,51,99,51,0,163,61,89,78,161,99,35,82,68,96,170,210,20,102,123,181,247,182,32,171,203,123,125,99]              │ │
│ │ 5   Pure Arg: [241,2,5,250,92,78,25,12,36,146,184,2,139,229,65,110,199,243,222,74,185,227,117,67,104,118,84,211,64,120,160,255]            │ │
│ │ 6   Pure Arg: [182,239,254,122,77,67,153,63,207,110,154,49,63,31,136,228,14,29,94,255,47,21,64,158,175,216,24,160,232,154,105,102]         │ │
│ │ 7   Imm/Owned Object ID: 0x49b6ea50eaf249f6ded5fb1a096a6297e428ab97f1dc1f873e91ba8a9a8a6073                                                │ │
│ │ 8   Pure Arg: Type: 0x1::string::String, Value: "Joined Sui Overflow 2024"                                                                 │ │
│ │ 9   Pure Arg: Type: 0x1::string::String, Value: "A commemorative NFT for the participating in the 2024 Sui Overflow global hackathon"      │ │
│ │ 10  Pure Arg: Type: 0x1::string::String, Value: "https://github.com/sui-foundation/attendance-nft/raw/main/gifs/overflow-registration.gif" │ │
│ │ 11  Pure Arg: Type: u8, Value: 5                                                                                                           │ │
│ ╰────────────────────────────────────────────────────────────────────────────────────────────────────────────────────────────────────────────╯ │
│ ╭──────────────────────────────────────────────────────────────────────────────────╮                                                           │
│ │ Commands                                                                         │                                                           │
│ ├──────────────────────────────────────────────────────────────────────────────────┤                                                           │
│ │ 0  MakeMoveVec:                                                                  │                                                           │
│ │  ┌                                                                               │                                                           │
│ │  │ Type Tag: address                                                             │                                                           │
│ │  │ Arguments:                                                                    │                                                           │
│ │  │   Input  0                                                                    │                                                           │
│ │  │   Input  1                                                                    │                                                           │
│ │  │   Input  2                                                                    │                                                           │
│ │  │   Input  3                                                                    │                                                           │
│ │  │   Input  4                                                                    │                                                           │
│ │  │   Input  5                                                                    │                                                           │
│ │  │   Input  6                                                                    │                                                           │
│ │  └                                                                               │                                                           │
│ │                                                                                  │                                                           │
│ │ 1  MoveCall:                                                                     │                                                           │
│ │  ┌                                                                               │                                                           │
│ │  │ Function:  mint_and_transfer_bulk                                             │                                                           │
│ │  │ Module:    command                                                            │                                                           │
│ │  │ Package:   0x41a3350004440adf89a2f837c1e4c0bf1fe4edf6e08b56383ccb5c1606f210c1 │                                                           │
│ │  │ Arguments:                                                                    │                                                           │
│ │  │   Input  7                                                                    │                                                           │
│ │  │   Input  8                                                                    │                                                           │
│ │  │   Input  9                                                                    │                                                           │
│ │  │   Input  10                                                                   │                                                           │
│ │  │   Input  11                                                                   │                                                           │
│ │  │   Result 0                                                                    │                                                           │
│ │  └                                                                               │                                                           │
│ ╰──────────────────────────────────────────────────────────────────────────────────╯                                                           │
│                                                                                                                                                │
│ Signatures:                                                                                                                                    │
│    yCge1q6u7JxeEw8IDwA2dRGSkjudXt0VVwmLcToBKPZleskHZakGHuSKeW1W+ulZGUpk2zvcaXnPGLpYGCPOAw==                                                    │
│                                                                                                                                                │
╰────────────────────────────────────────────────────────────────────────────────────────────────────────────────────────────────────────────────╯
╭───────────────────────────────────────────────────────────────────────────────────────────────────╮
│ Transaction Effects                                                                               │
├───────────────────────────────────────────────────────────────────────────────────────────────────┤
│ Digest: GoTQCq2b8o7LCvnJWXhWUds8q4CQ8UKhowpw7MSynp2Q                                              │
│ Status: Success                                                                                   │
│ Executed Epoch: 408                                                                               │
│                                                                                                   │
│ Created Objects:                                                                                  │
│  ┌──                                                                                              │
│  │ ID: 0x3ceca517cfae7905666fe88fc5a940bfa1aca4cf0ffc3f6e83ee3dbe953780da                         │
│  │ Owner: Account Address ( 0xbc08986ae51ae32185aa2ab91c4fcd2e67b4a394ba41bd1092483524eff721e8 )  │
│  │ Version: 98624801                                                                              │
│  │ Digest: G2AaUNMmcThnFJQ8VWGQAEpv4Mi1cFPqFHMpKqXPvZ5t                                           │
│  └──                                                                                              │
│  ┌──                                                                                              │
│  │ ID: 0x4080ebb04ea27653205440fa5db1cd5759c33aacc43b3cdb84cce09bc79179ea                         │
│  │ Owner: Account Address ( 0xb6effe7a4d43993fcf6e9a313f1f88e40e1d5eff2f15409eafd818a0e89a6966 )  │
│  │ Version: 98624801                                                                              │
│  │ Digest: G6SBfUPqBFsaJnaHvmMxt63W8Q5yprswpumL7GJjJ8ma                                           │
│  └──                                                                                              │
│  ┌──                                                                                              │
│  │ ID: 0x7807437da99701ff9ba394283ecbfbb93b64f2df5a50d478576acf3ee33091bd                         │
│  │ Owner: Account Address ( 0x306e427a52f9bebf4533343f9af02f81bb2e41001f984bed4a2e58ddb254cab3 )  │
│  │ Version: 98624801                                                                              │
│  │ Digest: 3PQUSay5hoWTMgSXxoRjXrDgjvaV2dAXkj5fYCPX5Gu5                                           │
│  └──                                                                                              │
│  ┌──                                                                                              │
│  │ ID: 0xa5fb5266c5b78e4c7b6f53ea8a6a18ef2e5076d8fcb9219343ec80659d36124b                         │
│  │ Owner: Account Address ( 0xecc4245d33633300a33d594ea16323524460aad214667bb5f7b620abcb7b7d63 )  │
│  │ Version: 98624801                                                                              │
│  │ Digest: 42NbF4Uv8rAezsFWSFHGEggG4KR9BZrnycUBNPks34oe                                           │
│  └──                                                                                              │
│  ┌──                                                                                              │
│  │ ID: 0xc6854f3c0e92f267bd195c6ec5748a4899878fbf506d20343c03001d814c6b00                         │
│  │ Owner: Account Address ( 0x42437a4f9fa83556f013145adddc345a76bfccb76319494854b949a3d39a4425 )  │
│  │ Version: 98624801                                                                              │
│  │ Digest: CbS3cQzmVvAe94CfZntNtd2ezbmdS8Fg77qmfZcpsqk                                            │
│  └──                                                                                              │
│  ┌──                                                                                              │
│  │ ID: 0xca4c8f234a32bf3c7078a73421a1da307b35d12883db6694d4ddd8c101cc5903                         │
│  │ Owner: Account Address ( 0xf10205fa5c4e190c2492b8028be5416ec7f3de4ab9e37543687654d34078a0ff )  │
│  │ Version: 98624801                                                                              │
│  │ Digest: HHVBGZhdC4iPUExqui5brKVKVNDK1adeEXme2wd4NMpk                                           │
│  └──                                                                                              │
│  ┌──                                                                                              │
│  │ ID: 0xf9454148b9ded80a9bfddf37eb0727e666fe6ad7c8f8d5032c853f7268c3f0b1                         │
│  │ Owner: Account Address ( 0x0be041b704e86c7c5c2ae2b21b814705d1b39b5a0fcb0d85ada03738f23cdace )  │
│  │ Version: 98624801                                                                              │
│  │ Digest: 8TamuGW2pQJX5urvzxEMwSeaAEvSHB7f4Fwr31SDjjT8                                           │
│  └──                                                                                              │
│ Mutated Objects:                                                                                  │
│  ┌──                                                                                              │
│  │ ID: 0x49b6ea50eaf249f6ded5fb1a096a6297e428ab97f1dc1f873e91ba8a9a8a6073                         │
│  │ Owner: Account Address ( 0x13a75ba9e38bcd05b92c37e771fd3068c8b55d81bb6622f14b387a53123d7ab1 )  │
│  │ Version: 98624801                                                                              │
│  │ Digest: 5GA9CPPE43YvEiJ8REomhDE1ZTMfg5hwUCrK3mVCGkWT                                           │
│  └──                                                                                              │
│  ┌──                                                                                              │
│  │ ID: 0xb0b6745d74734fb22bb66627285692131777bc1e1abacd6cd36946672fd52087                         │
│  │ Owner: Account Address ( 0x13a75ba9e38bcd05b92c37e771fd3068c8b55d81bb6622f14b387a53123d7ab1 )  │
│  │ Version: 98624801                                                                              │
│  │ Digest: 4C39F1fB21HGbYCkyqk7U9DRmRwQSuVxJi6PqaCPteqM                                           │
│  └──                                                                                              │
│ Gas Object:                                                                                       │
│  ┌──                                                                                              │
│  │ ID: 0xb0b6745d74734fb22bb66627285692131777bc1e1abacd6cd36946672fd52087                         │
│  │ Owner: Account Address ( 0x13a75ba9e38bcd05b92c37e771fd3068c8b55d81bb6622f14b387a53123d7ab1 )  │
│  │ Version: 98624801                                                                              │
│  │ Digest: 4C39F1fB21HGbYCkyqk7U9DRmRwQSuVxJi6PqaCPteqM                                           │
│  └──                                                                                              │
│ Gas Cost Summary:                                                                                 │
│    Storage Cost: 24358000 MIST                                                                    │
│    Computation Cost: 750000 MIST                                                                  │
│    Storage Rebate: 2625876 MIST                                                                   │
│    Non-refundable Storage Fee: 26524 MIST                                                         │
│                                                                                                   │
│ Transaction Dependencies:                                                                         │
│    PFkSSVdEPcUjxLafxNf3x82dTjBbDiKv385WpdRvj7D                                                    │
│    FMiGzxRrf2s4fH8b7haU2kzdBsBpNYthRu8q2SxTfctz                                                   │
│    GeiSbZ1G8KANdFDmMqcTRka1kwrpU6avSZfFXwRCsDg3                                                   │
╰───────────────────────────────────────────────────────────────────────────────────────────────────╯
╭─────────────────────────────────────────────────────────────────────────────────────────────────────────────────╮
│ Transaction Block Events                                                                                        │
├─────────────────────────────────────────────────────────────────────────────────────────────────────────────────┤
│  ┌──                                                                                                            │
│  │ EventID: GoTQCq2b8o7LCvnJWXhWUds8q4CQ8UKhowpw7MSynp2Q:0                                                      │
│  │ PackageID: 0x41a3350004440adf89a2f837c1e4c0bf1fe4edf6e08b56383ccb5c1606f210c1                                │
│  │ Transaction Module: command                                                                                  │
│  │ Sender: 0x13a75ba9e38bcd05b92c37e771fd3068c8b55d81bb6622f14b387a53123d7ab1                                   │
│  │ EventType: 0x41a3350004440adf89a2f837c1e4c0bf1fe4edf6e08b56383ccb5c1606f210c1::attendance::AttendanceCreated │
│  │ ParsedJSON:                                                                                                  │
│  │   ┌─────────┬────────────────────────────────────────────────────────────────────┐                           │
│  │   │ id      │ 0x7807437da99701ff9ba394283ecbfbb93b64f2df5a50d478576acf3ee33091bd │                           │
│  │   ├─────────┼────────────────────────────────────────────────────────────────────┤                           │
│  │   │ meet_id │ 0x49b6ea50eaf249f6ded5fb1a096a6297e428ab97f1dc1f873e91ba8a9a8a6073 │                           │
│  │   ├─────────┼────────────────────────────────────────────────────────────────────┤                           │
│  │   │ tier    │ 5                                                                  │                           │
│  │   └─────────┴────────────────────────────────────────────────────────────────────┘                           │
│  └──                                                                                                            │
│  ┌──                                                                                                            │
│  │ EventID: GoTQCq2b8o7LCvnJWXhWUds8q4CQ8UKhowpw7MSynp2Q:1                                                      │
│  │ PackageID: 0x41a3350004440adf89a2f837c1e4c0bf1fe4edf6e08b56383ccb5c1606f210c1                                │
│  │ Transaction Module: command                                                                                  │
│  │ Sender: 0x13a75ba9e38bcd05b92c37e771fd3068c8b55d81bb6622f14b387a53123d7ab1                                   │
│  │ EventType: 0x41a3350004440adf89a2f837c1e4c0bf1fe4edf6e08b56383ccb5c1606f210c1::attendance::AttendanceCreated │
│  │ ParsedJSON:                                                                                                  │
│  │   ┌─────────┬────────────────────────────────────────────────────────────────────┐                           │
│  │   │ id      │ 0x3ceca517cfae7905666fe88fc5a940bfa1aca4cf0ffc3f6e83ee3dbe953780da │                           │
│  │   ├─────────┼────────────────────────────────────────────────────────────────────┤                           │
│  │   │ meet_id │ 0x49b6ea50eaf249f6ded5fb1a096a6297e428ab97f1dc1f873e91ba8a9a8a6073 │                           │
│  │   ├─────────┼────────────────────────────────────────────────────────────────────┤                           │
│  │   │ tier    │ 5                                                                  │                           │
│  │   └─────────┴────────────────────────────────────────────────────────────────────┘                           │
│  └──                                                                                                            │
│  ┌──                                                                                                            │
│  │ EventID: GoTQCq2b8o7LCvnJWXhWUds8q4CQ8UKhowpw7MSynp2Q:2                                                      │
│  │ PackageID: 0x41a3350004440adf89a2f837c1e4c0bf1fe4edf6e08b56383ccb5c1606f210c1                                │
│  │ Transaction Module: command                                                                                  │
│  │ Sender: 0x13a75ba9e38bcd05b92c37e771fd3068c8b55d81bb6622f14b387a53123d7ab1                                   │
│  │ EventType: 0x41a3350004440adf89a2f837c1e4c0bf1fe4edf6e08b56383ccb5c1606f210c1::attendance::AttendanceCreated │
│  │ ParsedJSON:                                                                                                  │
│  │   ┌─────────┬────────────────────────────────────────────────────────────────────┐                           │
│  │   │ id      │ 0xc6854f3c0e92f267bd195c6ec5748a4899878fbf506d20343c03001d814c6b00 │                           │
│  │   ├─────────┼────────────────────────────────────────────────────────────────────┤                           │
│  │   │ meet_id │ 0x49b6ea50eaf249f6ded5fb1a096a6297e428ab97f1dc1f873e91ba8a9a8a6073 │                           │
│  │   ├─────────┼────────────────────────────────────────────────────────────────────┤                           │
│  │   │ tier    │ 5                                                                  │                           │
│  │   └─────────┴────────────────────────────────────────────────────────────────────┘                           │
│  └──                                                                                                            │
│  ┌──                                                                                                            │
│  │ EventID: GoTQCq2b8o7LCvnJWXhWUds8q4CQ8UKhowpw7MSynp2Q:3                                                      │
│  │ PackageID: 0x41a3350004440adf89a2f837c1e4c0bf1fe4edf6e08b56383ccb5c1606f210c1                                │
│  │ Transaction Module: command                                                                                  │
│  │ Sender: 0x13a75ba9e38bcd05b92c37e771fd3068c8b55d81bb6622f14b387a53123d7ab1                                   │
│  │ EventType: 0x41a3350004440adf89a2f837c1e4c0bf1fe4edf6e08b56383ccb5c1606f210c1::attendance::AttendanceCreated │
│  │ ParsedJSON:                                                                                                  │
│  │   ┌─────────┬────────────────────────────────────────────────────────────────────┐                           │
│  │   │ id      │ 0xf9454148b9ded80a9bfddf37eb0727e666fe6ad7c8f8d5032c853f7268c3f0b1 │                           │
│  │   ├─────────┼────────────────────────────────────────────────────────────────────┤                           │
│  │   │ meet_id │ 0x49b6ea50eaf249f6ded5fb1a096a6297e428ab97f1dc1f873e91ba8a9a8a6073 │                           │
│  │   ├─────────┼────────────────────────────────────────────────────────────────────┤                           │
│  │   │ tier    │ 5                                                                  │                           │
│  │   └─────────┴────────────────────────────────────────────────────────────────────┘                           │
│  └──                                                                                                            │
│  ┌──                                                                                                            │
│  │ EventID: GoTQCq2b8o7LCvnJWXhWUds8q4CQ8UKhowpw7MSynp2Q:4                                                      │
│  │ PackageID: 0x41a3350004440adf89a2f837c1e4c0bf1fe4edf6e08b56383ccb5c1606f210c1                                │
│  │ Transaction Module: command                                                                                  │
│  │ Sender: 0x13a75ba9e38bcd05b92c37e771fd3068c8b55d81bb6622f14b387a53123d7ab1                                   │
│  │ EventType: 0x41a3350004440adf89a2f837c1e4c0bf1fe4edf6e08b56383ccb5c1606f210c1::attendance::AttendanceCreated │
│  │ ParsedJSON:                                                                                                  │
│  │   ┌─────────┬────────────────────────────────────────────────────────────────────┐                           │
│  │   │ id      │ 0xa5fb5266c5b78e4c7b6f53ea8a6a18ef2e5076d8fcb9219343ec80659d36124b │                           │
│  │   ├─────────┼────────────────────────────────────────────────────────────────────┤                           │
│  │   │ meet_id │ 0x49b6ea50eaf249f6ded5fb1a096a6297e428ab97f1dc1f873e91ba8a9a8a6073 │                           │
│  │   ├─────────┼────────────────────────────────────────────────────────────────────┤                           │
│  │   │ tier    │ 5                                                                  │                           │
│  │   └─────────┴────────────────────────────────────────────────────────────────────┘                           │
│  └──                                                                                                            │
│  ┌──                                                                                                            │
│  │ EventID: GoTQCq2b8o7LCvnJWXhWUds8q4CQ8UKhowpw7MSynp2Q:5                                                      │
│  │ PackageID: 0x41a3350004440adf89a2f837c1e4c0bf1fe4edf6e08b56383ccb5c1606f210c1                                │
│  │ Transaction Module: command                                                                                  │
│  │ Sender: 0x13a75ba9e38bcd05b92c37e771fd3068c8b55d81bb6622f14b387a53123d7ab1                                   │
│  │ EventType: 0x41a3350004440adf89a2f837c1e4c0bf1fe4edf6e08b56383ccb5c1606f210c1::attendance::AttendanceCreated │
│  │ ParsedJSON:                                                                                                  │
│  │   ┌─────────┬────────────────────────────────────────────────────────────────────┐                           │
│  │   │ id      │ 0xca4c8f234a32bf3c7078a73421a1da307b35d12883db6694d4ddd8c101cc5903 │                           │
│  │   ├─────────┼────────────────────────────────────────────────────────────────────┤                           │
│  │   │ meet_id │ 0x49b6ea50eaf249f6ded5fb1a096a6297e428ab97f1dc1f873e91ba8a9a8a6073 │                           │
│  │   ├─────────┼────────────────────────────────────────────────────────────────────┤                           │
│  │   │ tier    │ 5                                                                  │                           │
│  │   └─────────┴────────────────────────────────────────────────────────────────────┘                           │
│  └──                                                                                                            │
│  ┌──                                                                                                            │
│  │ EventID: GoTQCq2b8o7LCvnJWXhWUds8q4CQ8UKhowpw7MSynp2Q:6                                                      │
│  │ PackageID: 0x41a3350004440adf89a2f837c1e4c0bf1fe4edf6e08b56383ccb5c1606f210c1                                │
│  │ Transaction Module: command                                                                                  │
│  │ Sender: 0x13a75ba9e38bcd05b92c37e771fd3068c8b55d81bb6622f14b387a53123d7ab1                                   │
│  │ EventType: 0x41a3350004440adf89a2f837c1e4c0bf1fe4edf6e08b56383ccb5c1606f210c1::attendance::AttendanceCreated │
│  │ ParsedJSON:                                                                                                  │
│  │   ┌─────────┬────────────────────────────────────────────────────────────────────┐                           │
│  │   │ id      │ 0x4080ebb04ea27653205440fa5db1cd5759c33aacc43b3cdb84cce09bc79179ea │                           │
│  │   ├─────────┼────────────────────────────────────────────────────────────────────┤                           │
│  │   │ meet_id │ 0x49b6ea50eaf249f6ded5fb1a096a6297e428ab97f1dc1f873e91ba8a9a8a6073 │                           │
│  │   ├─────────┼────────────────────────────────────────────────────────────────────┤                           │
│  │   │ tier    │ 5                                                                  │                           │
│  │   └─────────┴────────────────────────────────────────────────────────────────────┘                           │
│  └──                                                                                                            │
╰─────────────────────────────────────────────────────────────────────────────────────────────────────────────────╯
╭────────────────────────────────────────────────────────────────────────────────────────────────────────────╮
│ Object Changes                                                                                             │
├────────────────────────────────────────────────────────────────────────────────────────────────────────────┤
│ Created Objects:                                                                                           │
│  ┌──                                                                                                       │
│  │ ObjectID: 0x3ceca517cfae7905666fe88fc5a940bfa1aca4cf0ffc3f6e83ee3dbe953780da                            │
│  │ Sender: 0x13a75ba9e38bcd05b92c37e771fd3068c8b55d81bb6622f14b387a53123d7ab1                              │
│  │ Owner: Account Address ( 0xbc08986ae51ae32185aa2ab91c4fcd2e67b4a394ba41bd1092483524eff721e8 )           │
│  │ ObjectType: 0x41a3350004440adf89a2f837c1e4c0bf1fe4edf6e08b56383ccb5c1606f210c1::attendance::Attendance  │
│  │ Version: 98624801                                                                                       │
│  │ Digest: G2AaUNMmcThnFJQ8VWGQAEpv4Mi1cFPqFHMpKqXPvZ5t                                                    │
│  └──                                                                                                       │
│  ┌──                                                                                                       │
│  │ ObjectID: 0x4080ebb04ea27653205440fa5db1cd5759c33aacc43b3cdb84cce09bc79179ea                            │
│  │ Sender: 0x13a75ba9e38bcd05b92c37e771fd3068c8b55d81bb6622f14b387a53123d7ab1                              │
│  │ Owner: Account Address ( 0xb6effe7a4d43993fcf6e9a313f1f88e40e1d5eff2f15409eafd818a0e89a6966 )           │
│  │ ObjectType: 0x41a3350004440adf89a2f837c1e4c0bf1fe4edf6e08b56383ccb5c1606f210c1::attendance::Attendance  │
│  │ Version: 98624801                                                                                       │
│  │ Digest: G6SBfUPqBFsaJnaHvmMxt63W8Q5yprswpumL7GJjJ8ma                                                    │
│  └──                                                                                                       │
│  ┌──                                                                                                       │
│  │ ObjectID: 0x7807437da99701ff9ba394283ecbfbb93b64f2df5a50d478576acf3ee33091bd                            │
│  │ Sender: 0x13a75ba9e38bcd05b92c37e771fd3068c8b55d81bb6622f14b387a53123d7ab1                              │
│  │ Owner: Account Address ( 0x306e427a52f9bebf4533343f9af02f81bb2e41001f984bed4a2e58ddb254cab3 )           │
│  │ ObjectType: 0x41a3350004440adf89a2f837c1e4c0bf1fe4edf6e08b56383ccb5c1606f210c1::attendance::Attendance  │
│  │ Version: 98624801                                                                                       │
│  │ Digest: 3PQUSay5hoWTMgSXxoRjXrDgjvaV2dAXkj5fYCPX5Gu5                                                    │
│  └──                                                                                                       │
│  ┌──                                                                                                       │
│  │ ObjectID: 0xa5fb5266c5b78e4c7b6f53ea8a6a18ef2e5076d8fcb9219343ec80659d36124b                            │
│  │ Sender: 0x13a75ba9e38bcd05b92c37e771fd3068c8b55d81bb6622f14b387a53123d7ab1                              │
│  │ Owner: Account Address ( 0xecc4245d33633300a33d594ea16323524460aad214667bb5f7b620abcb7b7d63 )           │
│  │ ObjectType: 0x41a3350004440adf89a2f837c1e4c0bf1fe4edf6e08b56383ccb5c1606f210c1::attendance::Attendance  │
│  │ Version: 98624801                                                                                       │
│  │ Digest: 42NbF4Uv8rAezsFWSFHGEggG4KR9BZrnycUBNPks34oe                                                    │
│  └──                                                                                                       │
│  ┌──                                                                                                       │
│  │ ObjectID: 0xc6854f3c0e92f267bd195c6ec5748a4899878fbf506d20343c03001d814c6b00                            │
│  │ Sender: 0x13a75ba9e38bcd05b92c37e771fd3068c8b55d81bb6622f14b387a53123d7ab1                              │
│  │ Owner: Account Address ( 0x42437a4f9fa83556f013145adddc345a76bfccb76319494854b949a3d39a4425 )           │
│  │ ObjectType: 0x41a3350004440adf89a2f837c1e4c0bf1fe4edf6e08b56383ccb5c1606f210c1::attendance::Attendance  │
│  │ Version: 98624801                                                                                       │
│  │ Digest: CbS3cQzmVvAe94CfZntNtd2ezbmdS8Fg77qmfZcpsqk                                                     │
│  └──                                                                                                       │
│  ┌──                                                                                                       │
│  │ ObjectID: 0xca4c8f234a32bf3c7078a73421a1da307b35d12883db6694d4ddd8c101cc5903                            │
│  │ Sender: 0x13a75ba9e38bcd05b92c37e771fd3068c8b55d81bb6622f14b387a53123d7ab1                              │
│  │ Owner: Account Address ( 0xf10205fa5c4e190c2492b8028be5416ec7f3de4ab9e37543687654d34078a0ff )           │
│  │ ObjectType: 0x41a3350004440adf89a2f837c1e4c0bf1fe4edf6e08b56383ccb5c1606f210c1::attendance::Attendance  │
│  │ Version: 98624801                                                                                       │
│  │ Digest: HHVBGZhdC4iPUExqui5brKVKVNDK1adeEXme2wd4NMpk                                                    │
│  └──                                                                                                       │
│  ┌──                                                                                                       │
│  │ ObjectID: 0xf9454148b9ded80a9bfddf37eb0727e666fe6ad7c8f8d5032c853f7268c3f0b1                            │
│  │ Sender: 0x13a75ba9e38bcd05b92c37e771fd3068c8b55d81bb6622f14b387a53123d7ab1                              │
│  │ Owner: Account Address ( 0x0be041b704e86c7c5c2ae2b21b814705d1b39b5a0fcb0d85ada03738f23cdace )           │
│  │ ObjectType: 0x41a3350004440adf89a2f837c1e4c0bf1fe4edf6e08b56383ccb5c1606f210c1::attendance::Attendance  │
│  │ Version: 98624801                                                                                       │
│  │ Digest: 8TamuGW2pQJX5urvzxEMwSeaAEvSHB7f4Fwr31SDjjT8                                                    │
│  └──                                                                                                       │
│ Mutated Objects:                                                                                           │
│  ┌──                                                                                                       │
│  │ ObjectID: 0x49b6ea50eaf249f6ded5fb1a096a6297e428ab97f1dc1f873e91ba8a9a8a6073                            │
│  │ Sender: 0x13a75ba9e38bcd05b92c37e771fd3068c8b55d81bb6622f14b387a53123d7ab1                              │
│  │ Owner: Account Address ( 0x13a75ba9e38bcd05b92c37e771fd3068c8b55d81bb6622f14b387a53123d7ab1 )           │
│  │ ObjectType: 0x41a3350004440adf89a2f837c1e4c0bf1fe4edf6e08b56383ccb5c1606f210c1::meet::Meet              │
│  │ Version: 98624801                                                                                       │
│  │ Digest: 5GA9CPPE43YvEiJ8REomhDE1ZTMfg5hwUCrK3mVCGkWT                                                    │
│  └──                                                                                                       │
│  ┌──                                                                                                       │
│  │ ObjectID: 0xb0b6745d74734fb22bb66627285692131777bc1e1abacd6cd36946672fd52087                            │
│  │ Sender: 0x13a75ba9e38bcd05b92c37e771fd3068c8b55d81bb6622f14b387a53123d7ab1                              │
│  │ Owner: Account Address ( 0x13a75ba9e38bcd05b92c37e771fd3068c8b55d81bb6622f14b387a53123d7ab1 )           │
│  │ ObjectType: 0x2::coin::Coin<0x2::sui::SUI>                                                              │
│  │ Version: 98624801                                                                                       │
│  │ Digest: 4C39F1fB21HGbYCkyqk7U9DRmRwQSuVxJi6PqaCPteqM                                                    │
│  └──                                                                                                       │
╰────────────────────────────────────────────────────────────────────────────────────────────────────────────╯
╭───────────────────────────────────────────────────────────────────────────────────────────────────╮
│ Balance Changes                                                                                   │
├───────────────────────────────────────────────────────────────────────────────────────────────────┤
│  ┌──                                                                                              │
│  │ Owner: Account Address ( 0x13a75ba9e38bcd05b92c37e771fd3068c8b55d81bb6622f14b387a53123d7ab1 )  │
│  │ CoinType: 0x2::sui::SUI                                                                        │
│  │ Amount: -22482124                                                                              │
│  └──                                                                                              │
╰───────────────────────────────────────────────────────────────────────────────────────────────────╯

