Transaction Digest: 8tmkwgJYRtTfTSuRSzxpfQPW3Ny9h7fpCjbaJnRBZxPi
╭────────────────────────────────────────────────────────────────────────────────────────────────────────────────────────────────────────────────╮
│ Transaction Data                                                                                                                               │
├────────────────────────────────────────────────────────────────────────────────────────────────────────────────────────────────────────────────┤
│ Sender: 0x13a75ba9e38bcd05b92c37e771fd3068c8b55d81bb6622f14b387a53123d7ab1                                                                     │
│ Gas Owner: 0x13a75ba9e38bcd05b92c37e771fd3068c8b55d81bb6622f14b387a53123d7ab1                                                                  │
│ Gas Budget: 2000000000 MIST                                                                                                                    │
│ Gas Price: 750 MIST                                                                                                                            │
│ Gas Payment:                                                                                                                                   │
│  ┌──                                                                                                                                           │
│  │ ID: 0xb0b6745d74734fb22bb66627285692131777bc1e1abacd6cd36946672fd52087                                                                      │
│  │ Version: 98624805                                                                                                                           │
│  │ Digest: 6F7Vx4kLwAUeq4LGJc8a2vNwCDkEksvqbDFvtdxrn65c                                                                                        │
│  └──                                                                                                                                           │
│                                                                                                                                                │
│ Transaction Kind: Programmable                                                                                                                 │
│ ╭────────────────────────────────────────────────────────────────────────────────────────────────────────────────────────────────────────────╮ │
│ │ Input Objects                                                                                                                              │ │
│ ├────────────────────────────────────────────────────────────────────────────────────────────────────────────────────────────────────────────┤ │
│ │ 0   Pure Arg: [175,14,80,196,97,159,91,219,205,166,155,51,128,123,50,8,141,83,200,188,201,40,229,238,63,179,67,187,63,55,73,46]            │ │
│ │ 1   Imm/Owned Object ID: 0x49b6ea50eaf249f6ded5fb1a096a6297e428ab97f1dc1f873e91ba8a9a8a6073                                                │ │
│ │ 2   Pure Arg: Type: 0x1::string::String, Value: "Joined Sui Overflow 2024"                                                                 │ │
│ │ 3   Pure Arg: Type: 0x1::string::String, Value: "A commemorative NFT for participating in the 2024 Sui Overflow global hackathon"          │ │
│ │ 4   Pure Arg: Type: 0x1::string::String, Value: "https://github.com/sui-foundation/attendance-nft/raw/main/gifs/overflow-registration.gif" │ │
│ │ 5   Pure Arg: Type: u8, Value: 5                                                                                                           │ │
│ ╰────────────────────────────────────────────────────────────────────────────────────────────────────────────────────────────────────────────╯ │
│ ╭──────────────────────────────────────────────────────────────────────────────────╮                                                           │
│ │ Commands                                                                         │                                                           │
│ ├──────────────────────────────────────────────────────────────────────────────────┤                                                           │
│ │ 0  MakeMoveVec:                                                                  │                                                           │
│ │  ┌                                                                               │                                                           │
│ │  │ Type Tag: address                                                             │                                                           │
│ │  │ Arguments:                                                                    │                                                           │
│ │  │   Input  0                                                                    │                                                           │
│ │  └                                                                               │                                                           │
│ │                                                                                  │                                                           │
│ │ 1  MoveCall:                                                                     │                                                           │
│ │  ┌                                                                               │                                                           │
│ │  │ Function:  mint_and_transfer_bulk                                             │                                                           │
│ │  │ Module:    command                                                            │                                                           │
│ │  │ Package:   0x41a3350004440adf89a2f837c1e4c0bf1fe4edf6e08b56383ccb5c1606f210c1 │                                                           │
│ │  │ Arguments:                                                                    │                                                           │
│ │  │   Input  1                                                                    │                                                           │
│ │  │   Input  2                                                                    │                                                           │
│ │  │   Input  3                                                                    │                                                           │
│ │  │   Input  4                                                                    │                                                           │
│ │  │   Input  5                                                                    │                                                           │
│ │  │   Result 0                                                                    │                                                           │
│ │  └                                                                               │                                                           │
│ ╰──────────────────────────────────────────────────────────────────────────────────╯                                                           │
│                                                                                                                                                │
│ Signatures:                                                                                                                                    │
│    e3YZhnAhNSwqI1t0qkPc3Upv7KJJ7NbmiHRsSSulSsd2/829Ej2e/L+3i9ppzHOOvfkU0gLOwfCDQHSZ5hHjCg==                                                    │
│                                                                                                                                                │
╰────────────────────────────────────────────────────────────────────────────────────────────────────────────────────────────────────────────────╯
╭───────────────────────────────────────────────────────────────────────────────────────────────────╮
│ Transaction Effects                                                                               │
├───────────────────────────────────────────────────────────────────────────────────────────────────┤
│ Digest: 8tmkwgJYRtTfTSuRSzxpfQPW3Ny9h7fpCjbaJnRBZxPi                                              │
│ Status: Success                                                                                   │
│ Executed Epoch: 418                                                                               │
│                                                                                                   │
│ Created Objects:                                                                                  │
│  ┌──                                                                                              │
│  │ ID: 0xb6c45e2a4d305681656057750b67c0b6a01955ba4f9def70aacdcc067800281d                         │
│  │ Owner: Account Address ( 0xaf0e50c4619f5bdbcda69b33807b32088d53c8bcc928e5ee3fb343bb3f37492e )  │
│  │ Version: 98624806                                                                              │
│  │ Digest: 6CWnZhxihm8wH5LUv8DuMvaRdRdg5E8pJRBCMwYKJen2                                           │
│  └──                                                                                              │
│ Mutated Objects:                                                                                  │
│  ┌──                                                                                              │
│  │ ID: 0x49b6ea50eaf249f6ded5fb1a096a6297e428ab97f1dc1f873e91ba8a9a8a6073                         │
│  │ Owner: Account Address ( 0x13a75ba9e38bcd05b92c37e771fd3068c8b55d81bb6622f14b387a53123d7ab1 )  │
│  │ Version: 98624806                                                                              │
│  │ Digest: 5PK4WuehYVs4odADicEDbmTwJ1HaUSBLuTF8HVuZ3q5P                                           │
│  └──                                                                                              │
│  ┌──                                                                                              │
│  │ ID: 0xb0b6745d74734fb22bb66627285692131777bc1e1abacd6cd36946672fd52087                         │
│  │ Owner: Account Address ( 0x13a75ba9e38bcd05b92c37e771fd3068c8b55d81bb6622f14b387a53123d7ab1 )  │
│  │ Version: 98624806                                                                              │
│  │ Digest: 7e9W7vEGHMbuEUB8KyfmUMKWeXmkKbxa7fx6t6f2VrAH                                           │
│  └──                                                                                              │
│ Gas Object:                                                                                       │
│  ┌──                                                                                              │
│  │ ID: 0xb0b6745d74734fb22bb66627285692131777bc1e1abacd6cd36946672fd52087                         │
│  │ Owner: Account Address ( 0x13a75ba9e38bcd05b92c37e771fd3068c8b55d81bb6622f14b387a53123d7ab1 )  │
│  │ Version: 98624806                                                                              │
│  │ Digest: 7e9W7vEGHMbuEUB8KyfmUMKWeXmkKbxa7fx6t6f2VrAH                                           │
│  └──                                                                                              │
│ Gas Cost Summary:                                                                                 │
│    Storage Cost: 5722800 MIST                                                                     │
│    Computation Cost: 750000 MIST                                                                  │
│    Storage Rebate: 2625876 MIST                                                                   │
│    Non-refundable Storage Fee: 26524 MIST                                                         │
│                                                                                                   │
│ Transaction Dependencies:                                                                         │
│    FMiGzxRrf2s4fH8b7haU2kzdBsBpNYthRu8q2SxTfctz                                                   │
│    GA8Z8KfAhFMQx55921MLXuNaocNKdXRbk4fmFxyeq6Kg                                                   │
╰───────────────────────────────────────────────────────────────────────────────────────────────────╯
╭─────────────────────────────────────────────────────────────────────────────────────────────────────────────────╮
│ Transaction Block Events                                                                                        │
├─────────────────────────────────────────────────────────────────────────────────────────────────────────────────┤
│  ┌──                                                                                                            │
│  │ EventID: 8tmkwgJYRtTfTSuRSzxpfQPW3Ny9h7fpCjbaJnRBZxPi:0                                                      │
│  │ PackageID: 0x41a3350004440adf89a2f837c1e4c0bf1fe4edf6e08b56383ccb5c1606f210c1                                │
│  │ Transaction Module: command                                                                                  │
│  │ Sender: 0x13a75ba9e38bcd05b92c37e771fd3068c8b55d81bb6622f14b387a53123d7ab1                                   │
│  │ EventType: 0x41a3350004440adf89a2f837c1e4c0bf1fe4edf6e08b56383ccb5c1606f210c1::attendance::AttendanceCreated │
│  │ ParsedJSON:                                                                                                  │
│  │   ┌─────────┬────────────────────────────────────────────────────────────────────┐                           │
│  │   │ id      │ 0xb6c45e2a4d305681656057750b67c0b6a01955ba4f9def70aacdcc067800281d │                           │
│  │   ├─────────┼────────────────────────────────────────────────────────────────────┤                           │
│  │   │ meet_id │ 0x49b6ea50eaf249f6ded5fb1a096a6297e428ab97f1dc1f873e91ba8a9a8a6073 │                           │
│  │   ├─────────┼────────────────────────────────────────────────────────────────────┤                           │
│  │   │ tier    │ 5                                                                  │                           │
│  │   └─────────┴────────────────────────────────────────────────────────────────────┘                           │
│  └──                                                                                                            │
╰─────────────────────────────────────────────────────────────────────────────────────────────────────────────────╯
╭────────────────────────────────────────────────────────────────────────────────────────────────────────────╮
│ Object Changes                                                                                             │
├────────────────────────────────────────────────────────────────────────────────────────────────────────────┤
│ Created Objects:                                                                                           │
│  ┌──                                                                                                       │
│  │ ObjectID: 0xb6c45e2a4d305681656057750b67c0b6a01955ba4f9def70aacdcc067800281d                            │
│  │ Sender: 0x13a75ba9e38bcd05b92c37e771fd3068c8b55d81bb6622f14b387a53123d7ab1                              │
│  │ Owner: Account Address ( 0xaf0e50c4619f5bdbcda69b33807b32088d53c8bcc928e5ee3fb343bb3f37492e )           │
│  │ ObjectType: 0x41a3350004440adf89a2f837c1e4c0bf1fe4edf6e08b56383ccb5c1606f210c1::attendance::Attendance  │
│  │ Version: 98624806                                                                                       │
│  │ Digest: 6CWnZhxihm8wH5LUv8DuMvaRdRdg5E8pJRBCMwYKJen2                                                    │
│  └──                                                                                                       │
│ Mutated Objects:                                                                                           │
│  ┌──                                                                                                       │
│  │ ObjectID: 0x49b6ea50eaf249f6ded5fb1a096a6297e428ab97f1dc1f873e91ba8a9a8a6073                            │
│  │ Sender: 0x13a75ba9e38bcd05b92c37e771fd3068c8b55d81bb6622f14b387a53123d7ab1                              │
│  │ Owner: Account Address ( 0x13a75ba9e38bcd05b92c37e771fd3068c8b55d81bb6622f14b387a53123d7ab1 )           │
│  │ ObjectType: 0x41a3350004440adf89a2f837c1e4c0bf1fe4edf6e08b56383ccb5c1606f210c1::meet::Meet              │
│  │ Version: 98624806                                                                                       │
│  │ Digest: 5PK4WuehYVs4odADicEDbmTwJ1HaUSBLuTF8HVuZ3q5P                                                    │
│  └──                                                                                                       │
│  ┌──                                                                                                       │
│  │ ObjectID: 0xb0b6745d74734fb22bb66627285692131777bc1e1abacd6cd36946672fd52087                            │
│  │ Sender: 0x13a75ba9e38bcd05b92c37e771fd3068c8b55d81bb6622f14b387a53123d7ab1                              │
│  │ Owner: Account Address ( 0x13a75ba9e38bcd05b92c37e771fd3068c8b55d81bb6622f14b387a53123d7ab1 )           │
│  │ ObjectType: 0x2::coin::Coin<0x2::sui::SUI>                                                              │
│  │ Version: 98624806                                                                                       │
│  │ Digest: 7e9W7vEGHMbuEUB8KyfmUMKWeXmkKbxa7fx6t6f2VrAH                                                    │
│  └──                                                                                                       │
╰────────────────────────────────────────────────────────────────────────────────────────────────────────────╯
╭───────────────────────────────────────────────────────────────────────────────────────────────────╮
│ Balance Changes                                                                                   │
├───────────────────────────────────────────────────────────────────────────────────────────────────┤
│  ┌──                                                                                              │
│  │ Owner: Account Address ( 0x13a75ba9e38bcd05b92c37e771fd3068c8b55d81bb6622f14b387a53123d7ab1 )  │
│  │ CoinType: 0x2::sui::SUI                                                                        │
│  │ Amount: -3846924                                                                               │
│  └──                                                                                              │
╰───────────────────────────────────────────────────────────────────────────────────────────────────╯

