Transaction Digest: GeiSbZ1G8KANdFDmMqcTRka1kwrpU6avSZfFXwRCsDg3
╭─────────────────────────────────────────────────────────────────────────────────────────────────╮
│ Transaction Data                                                                                │
├─────────────────────────────────────────────────────────────────────────────────────────────────┤
│ Sender: 0x13a75ba9e38bcd05b92c37e771fd3068c8b55d81bb6622f14b387a53123d7ab1                      │
│ Gas Owner: 0x13a75ba9e38bcd05b92c37e771fd3068c8b55d81bb6622f14b387a53123d7ab1                   │
│ Gas Budget: 20000000 MIST                                                                       │
│ Gas Price: 750 MIST                                                                             │
│ Gas Payment:                                                                                    │
│  ┌──                                                                                            │
│  │ ID: 0xf908ae0e5806fe0a22c28b2ac791e4ac3e332e6178a187efc4b42d83d08c801f                       │
│  │ Version: 98624799                                                                            │
│  │ Digest: 5euLdMGXM8WqHoNrwRz9qcDSwVUdXronDHYPEkWhGB2d                                         │
│  └──                                                                                            │
│                                                                                                 │
│ Transaction Kind: Programmable                                                                  │
│ ╭─────────────────────────────────────────────────────────────────────────────────────────────╮ │
│ │ Input Objects                                                                               │ │
│ ├─────────────────────────────────────────────────────────────────────────────────────────────┤ │
│ │ 0   Imm/Owned Object ID: 0xdd9cfd692386653334cc7d2bfe9db2e61852cbe67a7c598971b53fdd3218670d │ │
│ │ 1   Pure Arg: Type: 0x1::string::String, Value: "Remote"                                    │ │
│ │ 2   Pure Arg: Type: 0x1::string::String, Value: "2024-04-21"                                │ │
│ │ 3   Pure Arg: Type: 0x1::string::String, Value: "2024 Sui Overflow global hackathon"        │ │
│ │ 4   Pure Arg: Type: vector<0x1::string::String>, Value: []                                  │ │
│ ╰─────────────────────────────────────────────────────────────────────────────────────────────╯ │
│ ╭──────────────────────────────────────────────────────────────────────────────────╮            │
│ │ Commands                                                                         │            │
│ ├──────────────────────────────────────────────────────────────────────────────────┤            │
│ │ 0  MoveCall:                                                                     │            │
│ │  ┌                                                                               │            │
│ │  │ Function:  sender                                                             │            │
│ │  │ Module:    tx_context                                                         │            │
│ │  │ Package:   0x0000000000000000000000000000000000000000000000000000000000000002 │            │
│ │  └                                                                               │            │
│ │                                                                                  │            │
│ │ 1  MoveCall:                                                                     │            │
│ │  ┌                                                                               │            │
│ │  │ Function:  new                                                                │            │
│ │  │ Module:    meet                                                               │            │
│ │  │ Package:   0x41a3350004440adf89a2f837c1e4c0bf1fe4edf6e08b56383ccb5c1606f210c1 │            │
│ │  │ Arguments:                                                                    │            │
│ │  │   Input  0                                                                    │            │
│ │  │   Input  1                                                                    │            │
│ │  │   Input  2                                                                    │            │
│ │  │   Input  3                                                                    │            │
│ │  │   Input  4                                                                    │            │
│ │  └                                                                               │            │
│ │                                                                                  │            │
│ │ 2  TransferObjects:                                                              │            │
│ │  ┌                                                                               │            │
│ │  │ Arguments:                                                                    │            │
│ │  │   Result 1                                                                    │            │
│ │  │ Address: Result 0                                                             │            │
│ │  └                                                                               │            │
│ ╰──────────────────────────────────────────────────────────────────────────────────╯            │
│                                                                                                 │
│ Signatures:                                                                                     │
│    QwRL+W1ozZ6mAt+DK0Xs9nPhP5YD2HVNiJxGd1silisy1RzNBbOvq24nArhWwpb5skNoh25VsS880ICkcT7OCQ==     │
│                                                                                                 │
╰─────────────────────────────────────────────────────────────────────────────────────────────────╯
╭───────────────────────────────────────────────────────────────────────────────────────────────────╮
│ Transaction Effects                                                                               │
├───────────────────────────────────────────────────────────────────────────────────────────────────┤
│ Digest: GeiSbZ1G8KANdFDmMqcTRka1kwrpU6avSZfFXwRCsDg3                                              │
│ Status: Success                                                                                   │
│ Executed Epoch: 408                                                                               │
│                                                                                                   │
│ Created Objects:                                                                                  │
│  ┌──                                                                                              │
│  │ ID: 0x49b6ea50eaf249f6ded5fb1a096a6297e428ab97f1dc1f873e91ba8a9a8a6073                         │
│  │ Owner: Account Address ( 0x13a75ba9e38bcd05b92c37e771fd3068c8b55d81bb6622f14b387a53123d7ab1 )  │
│  │ Version: 98624800                                                                              │
│  │ Digest: 5vC6vVSSUzvNJLh1Nqd6kBC227xME9VJmvEWGeB2ACGH                                           │
│  └──                                                                                              │
│ Mutated Objects:                                                                                  │
│  ┌──                                                                                              │
│  │ ID: 0xdd9cfd692386653334cc7d2bfe9db2e61852cbe67a7c598971b53fdd3218670d                         │
│  │ Owner: Account Address ( 0x13a75ba9e38bcd05b92c37e771fd3068c8b55d81bb6622f14b387a53123d7ab1 )  │
│  │ Version: 98624800                                                                              │
│  │ Digest: EM7ijXzZ343zSMJnupuaUE4kFnozpKbgikdURJKAYzCo                                           │
│  └──                                                                                              │
│  ┌──                                                                                              │
│  │ ID: 0xf908ae0e5806fe0a22c28b2ac791e4ac3e332e6178a187efc4b42d83d08c801f                         │
│  │ Owner: Account Address ( 0x13a75ba9e38bcd05b92c37e771fd3068c8b55d81bb6622f14b387a53123d7ab1 )  │
│  │ Version: 98624800                                                                              │
│  │ Digest: 7XA8NjN14L5ZA77TFd4GpX8fMKnig8Q74dtcwqc4DUXr                                           │
│  └──                                                                                              │
│ Gas Object:                                                                                       │
│  ┌──                                                                                              │
│  │ ID: 0xf908ae0e5806fe0a22c28b2ac791e4ac3e332e6178a187efc4b42d83d08c801f                         │
│  │ Owner: Account Address ( 0x13a75ba9e38bcd05b92c37e771fd3068c8b55d81bb6622f14b387a53123d7ab1 )  │
│  │ Version: 98624800                                                                              │
│  │ Digest: 7XA8NjN14L5ZA77TFd4GpX8fMKnig8Q74dtcwqc4DUXr                                           │
│  └──                                                                                              │
│ Gas Cost Summary:                                                                                 │
│    Storage Cost: 3936800 MIST                                                                     │
│    Computation Cost: 750000 MIST                                                                  │
│    Storage Rebate: 2249676 MIST                                                                   │
│    Non-refundable Storage Fee: 22724 MIST                                                         │
│                                                                                                   │
│ Transaction Dependencies:                                                                         │
│    FMiGzxRrf2s4fH8b7haU2kzdBsBpNYthRu8q2SxTfctz                                                   │
│    FZQQfVC428RKpDcuobUQVp45DMM4PwiELT4YH4ivaHZA                                                   │
╰───────────────────────────────────────────────────────────────────────────────────────────────────╯
╭─────────────────────────────────────────────────────────────────────────────────────────────────────╮
│ Transaction Block Events                                                                            │
├─────────────────────────────────────────────────────────────────────────────────────────────────────┤
│  ┌──                                                                                                │
│  │ EventID: GeiSbZ1G8KANdFDmMqcTRka1kwrpU6avSZfFXwRCsDg3:0                                          │
│  │ PackageID: 0x41a3350004440adf89a2f837c1e4c0bf1fe4edf6e08b56383ccb5c1606f210c1                    │
│  │ Transaction Module: meet                                                                         │
│  │ Sender: 0x13a75ba9e38bcd05b92c37e771fd3068c8b55d81bb6622f14b387a53123d7ab1                       │
│  │ EventType: 0x41a3350004440adf89a2f837c1e4c0bf1fe4edf6e08b56383ccb5c1606f210c1::meet::MeetCreated │
│  │ ParsedJSON:                                                                                      │
│  │   ┌────┬────────────────────────────────────────────────────────────────────┐                    │
│  │   │ id │ 0x49b6ea50eaf249f6ded5fb1a096a6297e428ab97f1dc1f873e91ba8a9a8a6073 │                    │
│  │   └────┴────────────────────────────────────────────────────────────────────┘                    │
│  └──                                                                                                │
╰─────────────────────────────────────────────────────────────────────────────────────────────────────╯
╭────────────────────────────────────────────────────────────────────────────────────────────────────╮
│ Object Changes                                                                                     │
├────────────────────────────────────────────────────────────────────────────────────────────────────┤
│ Created Objects:                                                                                   │
│  ┌──                                                                                               │
│  │ ObjectID: 0x49b6ea50eaf249f6ded5fb1a096a6297e428ab97f1dc1f873e91ba8a9a8a6073                    │
│  │ Sender: 0x13a75ba9e38bcd05b92c37e771fd3068c8b55d81bb6622f14b387a53123d7ab1                      │
│  │ Owner: Account Address ( 0x13a75ba9e38bcd05b92c37e771fd3068c8b55d81bb6622f14b387a53123d7ab1 )   │
│  │ ObjectType: 0x41a3350004440adf89a2f837c1e4c0bf1fe4edf6e08b56383ccb5c1606f210c1::meet::Meet      │
│  │ Version: 98624800                                                                               │
│  │ Digest: 5vC6vVSSUzvNJLh1Nqd6kBC227xME9VJmvEWGeB2ACGH                                            │
│  └──                                                                                               │
│ Mutated Objects:                                                                                   │
│  ┌──                                                                                               │
│  │ ObjectID: 0xdd9cfd692386653334cc7d2bfe9db2e61852cbe67a7c598971b53fdd3218670d                    │
│  │ Sender: 0x13a75ba9e38bcd05b92c37e771fd3068c8b55d81bb6622f14b387a53123d7ab1                      │
│  │ Owner: Account Address ( 0x13a75ba9e38bcd05b92c37e771fd3068c8b55d81bb6622f14b387a53123d7ab1 )   │
│  │ ObjectType: 0x41a3350004440adf89a2f837c1e4c0bf1fe4edf6e08b56383ccb5c1606f210c1::meet::AdminCap  │
│  │ Version: 98624800                                                                               │
│  │ Digest: EM7ijXzZ343zSMJnupuaUE4kFnozpKbgikdURJKAYzCo                                            │
│  └──                                                                                               │
│  ┌──                                                                                               │
│  │ ObjectID: 0xf908ae0e5806fe0a22c28b2ac791e4ac3e332e6178a187efc4b42d83d08c801f                    │
│  │ Sender: 0x13a75ba9e38bcd05b92c37e771fd3068c8b55d81bb6622f14b387a53123d7ab1                      │
│  │ Owner: Account Address ( 0x13a75ba9e38bcd05b92c37e771fd3068c8b55d81bb6622f14b387a53123d7ab1 )   │
│  │ ObjectType: 0x2::coin::Coin<0x2::sui::SUI>                                                      │
│  │ Version: 98624800                                                                               │
│  │ Digest: 7XA8NjN14L5ZA77TFd4GpX8fMKnig8Q74dtcwqc4DUXr                                            │
│  └──                                                                                               │
╰────────────────────────────────────────────────────────────────────────────────────────────────────╯
╭───────────────────────────────────────────────────────────────────────────────────────────────────╮
│ Balance Changes                                                                                   │
├───────────────────────────────────────────────────────────────────────────────────────────────────┤
│  ┌──                                                                                              │
│  │ Owner: Account Address ( 0x13a75ba9e38bcd05b92c37e771fd3068c8b55d81bb6622f14b387a53123d7ab1 )  │
│  │ CoinType: 0x2::sui::SUI                                                                        │
│  │ Amount: -2437124                                                                               │
│  └──                                                                                              │
╰───────────────────────────────────────────────────────────────────────────────────────────────────╯

