2024-07-22T16:33:43
Transaction Digest: 8dwNGCHM8mKenJ4FZk6iXTHdhgCwUsRgjHr1VNxTuAjR
╭──────────────────────────────────────────────────────────────────────────────────────────────────────────────────────────────────────────────────────────────╮
│ Transaction Data                                                                                                                                             │
├──────────────────────────────────────────────────────────────────────────────────────────────────────────────────────────────────────────────────────────────┤
│ Sender: 0x13a75ba9e38bcd05b92c37e771fd3068c8b55d81bb6622f14b387a53123d7ab1                                                                                   │
│ Gas Owner: 0x13a75ba9e38bcd05b92c37e771fd3068c8b55d81bb6622f14b387a53123d7ab1                                                                                │
│ Gas Budget: 500000000 MIST                                                                                                                                   │
│ Gas Price: 758 MIST                                                                                                                                          │
│ Gas Payment:                                                                                                                                                 │
│  ┌──                                                                                                                                                         │
│  │ ID: 0xb0b6745d74734fb22bb66627285692131777bc1e1abacd6cd36946672fd52087                                                                                    │
│  │ Version: 98624871                                                                                                                                         │
│  │ Digest: EZCpFfMCvpJ2d2AAfkJHR8Ey6qmYwdYJtGZiwgnQWDUj                                                                                                      │
│  └──                                                                                                                                                         │
│                                                                                                                                                              │
│ Transaction Kind: Programmable                                                                                                                               │
│ ╭──────────────────────────────────────────────────────────────────────────────────────────────────────────────────────────────────────────────────────────╮ │
│ │ Input Objects                                                                                                                                            │ │
│ ├──────────────────────────────────────────────────────────────────────────────────────────────────────────────────────────────────────────────────────────┤ │
│ │ 0   Imm/Owned Object ID: 0x49b6ea50eaf249f6ded5fb1a096a6297e428ab97f1dc1f873e91ba8a9a8a6073                                                              │ │
│ │ 1   Pure Arg: Type: 0x1::string::String, Value: "3rd Place Winner at Sui Overflow 2024 - Consumer & Mobile"                                              │ │
│ │ 2   Pure Arg: Type: 0x1::string::String, Value: "Congratulations! This hacker from Wave Wallet won 3rd Place at the 2024 Sui Overflow global hackathon!" │ │
│ │ 3   Pure Arg: Type: 0x1::string::String, Value: "https://github.com/sui-foundation/attendance-nft/raw/main/gifs/overflow-3rd.gif"                        │ │
│ │ 4   Pure Arg: Type: u8, Value: 3                                                                                                                         │ │
│ │ 5   Pure Arg: Type: address, Value: "0x63f4a33dadc3418f36b2a05608bd8ee64e7abc94d18a0ad62c4255524d79cccd"                                                 │ │
│ ╰──────────────────────────────────────────────────────────────────────────────────────────────────────────────────────────────────────────────────────────╯ │
│ ╭──────────────────────────────────────────────────────────────────────────────────╮                                                                         │
│ │ Commands                                                                         │                                                                         │
│ ├──────────────────────────────────────────────────────────────────────────────────┤                                                                         │
│ │ 0  MoveCall:                                                                     │                                                                         │
│ │  ┌                                                                               │                                                                         │
│ │  │ Function:  mint_and_transfer                                                  │                                                                         │
│ │  │ Module:    attendance                                                         │                                                                         │
│ │  │ Package:   0x41a3350004440adf89a2f837c1e4c0bf1fe4edf6e08b56383ccb5c1606f210c1 │                                                                         │
│ │  │ Arguments:                                                                    │                                                                         │
│ │  │   Input  0                                                                    │                                                                         │
│ │  │   Input  1                                                                    │                                                                         │
│ │  │   Input  2                                                                    │                                                                         │
│ │  │   Input  3                                                                    │                                                                         │
│ │  │   Input  4                                                                    │                                                                         │
│ │  │   Input  5                                                                    │                                                                         │
│ │  └                                                                               │                                                                         │
│ ╰──────────────────────────────────────────────────────────────────────────────────╯                                                                         │
│                                                                                                                                                              │
│ Signatures:                                                                                                                                                  │
│    WX7WixDh+8f5G8xVrOQxGPxUbpIQoUCB3fq9Caq9L+o5e0GYSjm8QooUzajvywOREbdHT35JtkMXZs97eRE/BA==                                                                  │
│                                                                                                                                                              │
╰──────────────────────────────────────────────────────────────────────────────────────────────────────────────────────────────────────────────────────────────╯
╭───────────────────────────────────────────────────────────────────────────────────────────────────╮
│ Transaction Effects                                                                               │
├───────────────────────────────────────────────────────────────────────────────────────────────────┤
│ Digest: 8dwNGCHM8mKenJ4FZk6iXTHdhgCwUsRgjHr1VNxTuAjR                                              │
│ Status: Success                                                                                   │
│ Executed Epoch: 467                                                                               │
│                                                                                                   │
│ Created Objects:                                                                                  │
│  ┌──                                                                                              │
│  │ ID: 0x57978aa7fea7db4261bf2b27a185af50467049dd7e5d68aba0a7c2aa79c66db3                         │
│  │ Owner: Account Address ( 0x63f4a33dadc3418f36b2a05608bd8ee64e7abc94d18a0ad62c4255524d79cccd )  │
│  │ Version: 98624872                                                                              │
│  │ Digest: 2hQYDyW9cDxP4HiKRGw3jthtxyjt35gsMJQ5uwQTmW6r                                           │
│  └──                                                                                              │
│ Mutated Objects:                                                                                  │
│  ┌──                                                                                              │
│  │ ID: 0x49b6ea50eaf249f6ded5fb1a096a6297e428ab97f1dc1f873e91ba8a9a8a6073                         │
│  │ Owner: Account Address ( 0x13a75ba9e38bcd05b92c37e771fd3068c8b55d81bb6622f14b387a53123d7ab1 )  │
│  │ Version: 98624872                                                                              │
│  │ Digest: CvCjbzrUrb8oKVV58HbL36yvGQxDF3pK8sFcvcdZ44zk                                           │
│  └──                                                                                              │
│  ┌──                                                                                              │
│  │ ID: 0xb0b6745d74734fb22bb66627285692131777bc1e1abacd6cd36946672fd52087                         │
│  │ Owner: Account Address ( 0x13a75ba9e38bcd05b92c37e771fd3068c8b55d81bb6622f14b387a53123d7ab1 )  │
│  │ Version: 98624872                                                                              │
│  │ Digest: F6RSg3AFHUAVBPUc5PywenHCwYGwq5ZF7XSjXqz6PyXg                                           │
│  └──                                                                                              │
│ Gas Object:                                                                                       │
│  ┌──                                                                                              │
│  │ ID: 0xb0b6745d74734fb22bb66627285692131777bc1e1abacd6cd36946672fd52087                         │
│  │ Owner: Account Address ( 0x13a75ba9e38bcd05b92c37e771fd3068c8b55d81bb6622f14b387a53123d7ab1 )  │
│  │ Version: 98624872                                                                              │
│  │ Digest: F6RSg3AFHUAVBPUc5PywenHCwYGwq5ZF7XSjXqz6PyXg                                           │
│  └──                                                                                              │
│ Gas Cost Summary:                                                                                 │
│    Storage Cost: 6080000 MIST                                                                     │
│    Computation Cost: 758000 MIST                                                                  │
│    Storage Rebate: 2625876 MIST                                                                   │
│    Non-refundable Storage Fee: 26524 MIST                                                         │
│                                                                                                   │
│ Transaction Dependencies:                                                                         │
│    86NZyMMH3AU2DQV2hVjjNPR9pdoxXUxhNBKy9gNyHEPe                                                   │
│    FMiGzxRrf2s4fH8b7haU2kzdBsBpNYthRu8q2SxTfctz                                                   │
╰───────────────────────────────────────────────────────────────────────────────────────────────────╯
╭─────────────────────────────────────────────────────────────────────────────────────────────────────────────────╮
│ Transaction Block Events                                                                                        │
├─────────────────────────────────────────────────────────────────────────────────────────────────────────────────┤
│  ┌──                                                                                                            │
│  │ EventID: 8dwNGCHM8mKenJ4FZk6iXTHdhgCwUsRgjHr1VNxTuAjR:0                                                      │
│  │ PackageID: 0x41a3350004440adf89a2f837c1e4c0bf1fe4edf6e08b56383ccb5c1606f210c1                                │
│  │ Transaction Module: attendance                                                                               │
│  │ Sender: 0x13a75ba9e38bcd05b92c37e771fd3068c8b55d81bb6622f14b387a53123d7ab1                                   │
│  │ EventType: 0x41a3350004440adf89a2f837c1e4c0bf1fe4edf6e08b56383ccb5c1606f210c1::attendance::AttendanceCreated │
│  │ ParsedJSON:                                                                                                  │
│  │   ┌─────────┬────────────────────────────────────────────────────────────────────┐                           │
│  │   │ id      │ 0x57978aa7fea7db4261bf2b27a185af50467049dd7e5d68aba0a7c2aa79c66db3 │                           │
│  │   ├─────────┼────────────────────────────────────────────────────────────────────┤                           │
│  │   │ meet_id │ 0x49b6ea50eaf249f6ded5fb1a096a6297e428ab97f1dc1f873e91ba8a9a8a6073 │                           │
│  │   ├─────────┼────────────────────────────────────────────────────────────────────┤                           │
│  │   │ tier    │ 3                                                                  │                           │
│  │   └─────────┴────────────────────────────────────────────────────────────────────┘                           │
│  └──                                                                                                            │
╰─────────────────────────────────────────────────────────────────────────────────────────────────────────────────╯
╭────────────────────────────────────────────────────────────────────────────────────────────────────────────╮
│ Object Changes                                                                                             │
├────────────────────────────────────────────────────────────────────────────────────────────────────────────┤
│ Created Objects:                                                                                           │
│  ┌──                                                                                                       │
│  │ ObjectID: 0x57978aa7fea7db4261bf2b27a185af50467049dd7e5d68aba0a7c2aa79c66db3                            │
│  │ Sender: 0x13a75ba9e38bcd05b92c37e771fd3068c8b55d81bb6622f14b387a53123d7ab1                              │
│  │ Owner: Account Address ( 0x63f4a33dadc3418f36b2a05608bd8ee64e7abc94d18a0ad62c4255524d79cccd )           │
│  │ ObjectType: 0x41a3350004440adf89a2f837c1e4c0bf1fe4edf6e08b56383ccb5c1606f210c1::attendance::Attendance  │
│  │ Version: 98624872                                                                                       │
│  │ Digest: 2hQYDyW9cDxP4HiKRGw3jthtxyjt35gsMJQ5uwQTmW6r                                                    │
│  └──                                                                                                       │
│ Mutated Objects:                                                                                           │
│  ┌──                                                                                                       │
│  │ ObjectID: 0x49b6ea50eaf249f6ded5fb1a096a6297e428ab97f1dc1f873e91ba8a9a8a6073                            │
│  │ Sender: 0x13a75ba9e38bcd05b92c37e771fd3068c8b55d81bb6622f14b387a53123d7ab1                              │
│  │ Owner: Account Address ( 0x13a75ba9e38bcd05b92c37e771fd3068c8b55d81bb6622f14b387a53123d7ab1 )           │
│  │ ObjectType: 0x41a3350004440adf89a2f837c1e4c0bf1fe4edf6e08b56383ccb5c1606f210c1::meet::Meet              │
│  │ Version: 98624872                                                                                       │
│  │ Digest: CvCjbzrUrb8oKVV58HbL36yvGQxDF3pK8sFcvcdZ44zk                                                    │
│  └──                                                                                                       │
│  ┌──                                                                                                       │
│  │ ObjectID: 0xb0b6745d74734fb22bb66627285692131777bc1e1abacd6cd36946672fd52087                            │
│  │ Sender: 0x13a75ba9e38bcd05b92c37e771fd3068c8b55d81bb6622f14b387a53123d7ab1                              │
│  │ Owner: Account Address ( 0x13a75ba9e38bcd05b92c37e771fd3068c8b55d81bb6622f14b387a53123d7ab1 )           │
│  │ ObjectType: 0x2::coin::Coin<0x2::sui::SUI>                                                              │
│  │ Version: 98624872                                                                                       │
│  │ Digest: F6RSg3AFHUAVBPUc5PywenHCwYGwq5ZF7XSjXqz6PyXg                                                    │
│  └──                                                                                                       │
╰────────────────────────────────────────────────────────────────────────────────────────────────────────────╯
╭───────────────────────────────────────────────────────────────────────────────────────────────────╮
│ Balance Changes                                                                                   │
├───────────────────────────────────────────────────────────────────────────────────────────────────┤
│  ┌──                                                                                              │
│  │ Owner: Account Address ( 0x13a75ba9e38bcd05b92c37e771fd3068c8b55d81bb6622f14b387a53123d7ab1 )  │
│  │ CoinType: 0x2::sui::SUI                                                                        │
│  │ Amount: -4212124                                                                               │
│  └──                                                                                              │
╰───────────────────────────────────────────────────────────────────────────────────────────────────╯

