2024-07-10T21:42:28
Transaction Digest: BYoepnuYxZVZMYHvbkng1VouPmSQj4CHBXeKyoP4iv6V
╭──────────────────────────────────────────────────────────────────────────────────────────────────────────────────────────────────────────────────────────────────╮
│ Transaction Data                                                                                                                                                 │
├──────────────────────────────────────────────────────────────────────────────────────────────────────────────────────────────────────────────────────────────────┤
│ Sender: 0x13a75ba9e38bcd05b92c37e771fd3068c8b55d81bb6622f14b387a53123d7ab1                                                                                       │
│ Gas Owner: 0x13a75ba9e38bcd05b92c37e771fd3068c8b55d81bb6622f14b387a53123d7ab1                                                                                    │
│ Gas Budget: 500000000 MIST                                                                                                                                       │
│ Gas Price: 758 MIST                                                                                                                                              │
│ Gas Payment:                                                                                                                                                     │
│  ┌──                                                                                                                                                             │
│  │ ID: 0xb0b6745d74734fb22bb66627285692131777bc1e1abacd6cd36946672fd52087                                                                                        │
│  │ Version: 98624820                                                                                                                                             │
│  │ Digest: G6iBvgK1QyQo9b65QWM3VqmPGjQ7Tt4ehBZo1CLmbZYc                                                                                                          │
│  └──                                                                                                                                                             │
│                                                                                                                                                                  │
│ Transaction Kind: Programmable                                                                                                                                   │
│ ╭──────────────────────────────────────────────────────────────────────────────────────────────────────────────────────────────────────────────────────────────╮ │
│ │ Input Objects                                                                                                                                                │ │
│ ├──────────────────────────────────────────────────────────────────────────────────────────────────────────────────────────────────────────────────────────────┤ │
│ │ 0   Imm/Owned Object ID: 0x49b6ea50eaf249f6ded5fb1a096a6297e428ab97f1dc1f873e91ba8a9a8a6073                                                                  │ │
│ │ 1   Pure Arg: Type: 0x1::string::String, Value: "3rd Place Winner at Sui Overflow 2024 - ZkLogin"                                                            │ │
│ │ 2   Pure Arg: Type: 0x1::string::String, Value: "Congratulations! This hacker from WebAuthn on Sui won 3rd Place at the 2024 Sui Overflow global hackathon!" │ │
│ │ 3   Pure Arg: Type: 0x1::string::String, Value: "https://github.com/sui-foundation/attendance-nft/raw/main/gifs/overflow-3rd.gif"                            │ │
│ │ 4   Pure Arg: Type: u8, Value: 3                                                                                                                             │ │
│ │ 5   Pure Arg: Type: address, Value: "0x84dc3b2dcf706a775de5788bdb689c58155617c676f64c61a4bdcdc7c23521f9"                                                     │ │
│ ╰──────────────────────────────────────────────────────────────────────────────────────────────────────────────────────────────────────────────────────────────╯ │
│ ╭──────────────────────────────────────────────────────────────────────────────────╮                                                                             │
│ │ Commands                                                                         │                                                                             │
│ ├──────────────────────────────────────────────────────────────────────────────────┤                                                                             │
│ │ 0  MoveCall:                                                                     │                                                                             │
│ │  ┌                                                                               │                                                                             │
│ │  │ Function:  mint_and_transfer                                                  │                                                                             │
│ │  │ Module:    attendance                                                         │                                                                             │
│ │  │ Package:   0x41a3350004440adf89a2f837c1e4c0bf1fe4edf6e08b56383ccb5c1606f210c1 │                                                                             │
│ │  │ Arguments:                                                                    │                                                                             │
│ │  │   Input  0                                                                    │                                                                             │
│ │  │   Input  1                                                                    │                                                                             │
│ │  │   Input  2                                                                    │                                                                             │
│ │  │   Input  3                                                                    │                                                                             │
│ │  │   Input  4                                                                    │                                                                             │
│ │  │   Input  5                                                                    │                                                                             │
│ │  └                                                                               │                                                                             │
│ ╰──────────────────────────────────────────────────────────────────────────────────╯                                                                             │
│                                                                                                                                                                  │
│ Signatures:                                                                                                                                                      │
│    mR2FSY70CHzc8pWjJ+ARAJfsHI4ADOzTMosA09mEtlVNhTVCgoEIySwKtuN6zSe8Wvj6RL/l1zert/r0ICZxBg==                                                                      │
│                                                                                                                                                                  │
╰──────────────────────────────────────────────────────────────────────────────────────────────────────────────────────────────────────────────────────────────────╯
╭───────────────────────────────────────────────────────────────────────────────────────────────────╮
│ Transaction Effects                                                                               │
├───────────────────────────────────────────────────────────────────────────────────────────────────┤
│ Digest: BYoepnuYxZVZMYHvbkng1VouPmSQj4CHBXeKyoP4iv6V                                              │
│ Status: Success                                                                                   │
│ Executed Epoch: 455                                                                               │
│                                                                                                   │
│ Created Objects:                                                                                  │
│  ┌──                                                                                              │
│  │ ID: 0x95c61c0ccb1011948da9fa1fcc7eb2145ca766ff8d17a5e0811d824cd67e07c0                         │
│  │ Owner: Account Address ( 0x84dc3b2dcf706a775de5788bdb689c58155617c676f64c61a4bdcdc7c23521f9 )  │
│  │ Version: 98624821                                                                              │
│  │ Digest: FqgN4gcm9jmcqmtbxBbqqrc91MXdqXkuNsWjaAasahGT                                           │
│  └──                                                                                              │
│ Mutated Objects:                                                                                  │
│  ┌──                                                                                              │
│  │ ID: 0x49b6ea50eaf249f6ded5fb1a096a6297e428ab97f1dc1f873e91ba8a9a8a6073                         │
│  │ Owner: Account Address ( 0x13a75ba9e38bcd05b92c37e771fd3068c8b55d81bb6622f14b387a53123d7ab1 )  │
│  │ Version: 98624821                                                                              │
│  │ Digest: 4wNJNX8DJMjVAZzAfba9r36KTwRr3GqdqSWkEYp9c7BD                                           │
│  └──                                                                                              │
│  ┌──                                                                                              │
│  │ ID: 0xb0b6745d74734fb22bb66627285692131777bc1e1abacd6cd36946672fd52087                         │
│  │ Owner: Account Address ( 0x13a75ba9e38bcd05b92c37e771fd3068c8b55d81bb6622f14b387a53123d7ab1 )  │
│  │ Version: 98624821                                                                              │
│  │ Digest: BpV2FG7JB3fGJxxZCL7zvRa9nog5DM5srdAYCt548tE5                                           │
│  └──                                                                                              │
│ Gas Object:                                                                                       │
│  ┌──                                                                                              │
│  │ ID: 0xb0b6745d74734fb22bb66627285692131777bc1e1abacd6cd36946672fd52087                         │
│  │ Owner: Account Address ( 0x13a75ba9e38bcd05b92c37e771fd3068c8b55d81bb6622f14b387a53123d7ab1 )  │
│  │ Version: 98624821                                                                              │
│  │ Digest: BpV2FG7JB3fGJxxZCL7zvRa9nog5DM5srdAYCt548tE5                                           │
│  └──                                                                                              │
│ Gas Cost Summary:                                                                                 │
│    Storage Cost: 6034400 MIST                                                                     │
│    Computation Cost: 758000 MIST                                                                  │
│    Storage Rebate: 2625876 MIST                                                                   │
│    Non-refundable Storage Fee: 26524 MIST                                                         │
│                                                                                                   │
│ Transaction Dependencies:                                                                         │
│    553P4UEARRDaURSTdUuE37cXWCESKjpEXW2gHsnHTQeX                                                   │
│    FMiGzxRrf2s4fH8b7haU2kzdBsBpNYthRu8q2SxTfctz                                                   │
╰───────────────────────────────────────────────────────────────────────────────────────────────────╯
╭─────────────────────────────────────────────────────────────────────────────────────────────────────────────────╮
│ Transaction Block Events                                                                                        │
├─────────────────────────────────────────────────────────────────────────────────────────────────────────────────┤
│  ┌──                                                                                                            │
│  │ EventID: BYoepnuYxZVZMYHvbkng1VouPmSQj4CHBXeKyoP4iv6V:0                                                      │
│  │ PackageID: 0x41a3350004440adf89a2f837c1e4c0bf1fe4edf6e08b56383ccb5c1606f210c1                                │
│  │ Transaction Module: attendance                                                                               │
│  │ Sender: 0x13a75ba9e38bcd05b92c37e771fd3068c8b55d81bb6622f14b387a53123d7ab1                                   │
│  │ EventType: 0x41a3350004440adf89a2f837c1e4c0bf1fe4edf6e08b56383ccb5c1606f210c1::attendance::AttendanceCreated │
│  │ ParsedJSON:                                                                                                  │
│  │   ┌─────────┬────────────────────────────────────────────────────────────────────┐                           │
│  │   │ id      │ 0x95c61c0ccb1011948da9fa1fcc7eb2145ca766ff8d17a5e0811d824cd67e07c0 │                           │
│  │   ├─────────┼────────────────────────────────────────────────────────────────────┤                           │
│  │   │ meet_id │ 0x49b6ea50eaf249f6ded5fb1a096a6297e428ab97f1dc1f873e91ba8a9a8a6073 │                           │
│  │   ├─────────┼────────────────────────────────────────────────────────────────────┤                           │
│  │   │ tier    │ 3                                                                  │                           │
│  │   └─────────┴────────────────────────────────────────────────────────────────────┘                           │
│  └──                                                                                                            │
╰─────────────────────────────────────────────────────────────────────────────────────────────────────────────────╯
╭────────────────────────────────────────────────────────────────────────────────────────────────────────────╮
│ Object Changes                                                                                             │
├────────────────────────────────────────────────────────────────────────────────────────────────────────────┤
│ Created Objects:                                                                                           │
│  ┌──                                                                                                       │
│  │ ObjectID: 0x95c61c0ccb1011948da9fa1fcc7eb2145ca766ff8d17a5e0811d824cd67e07c0                            │
│  │ Sender: 0x13a75ba9e38bcd05b92c37e771fd3068c8b55d81bb6622f14b387a53123d7ab1                              │
│  │ Owner: Account Address ( 0x84dc3b2dcf706a775de5788bdb689c58155617c676f64c61a4bdcdc7c23521f9 )           │
│  │ ObjectType: 0x41a3350004440adf89a2f837c1e4c0bf1fe4edf6e08b56383ccb5c1606f210c1::attendance::Attendance  │
│  │ Version: 98624821                                                                                       │
│  │ Digest: FqgN4gcm9jmcqmtbxBbqqrc91MXdqXkuNsWjaAasahGT                                                    │
│  └──                                                                                                       │
│ Mutated Objects:                                                                                           │
│  ┌──                                                                                                       │
│  │ ObjectID: 0x49b6ea50eaf249f6ded5fb1a096a6297e428ab97f1dc1f873e91ba8a9a8a6073                            │
│  │ Sender: 0x13a75ba9e38bcd05b92c37e771fd3068c8b55d81bb6622f14b387a53123d7ab1                              │
│  │ Owner: Account Address ( 0x13a75ba9e38bcd05b92c37e771fd3068c8b55d81bb6622f14b387a53123d7ab1 )           │
│  │ ObjectType: 0x41a3350004440adf89a2f837c1e4c0bf1fe4edf6e08b56383ccb5c1606f210c1::meet::Meet              │
│  │ Version: 98624821                                                                                       │
│  │ Digest: 4wNJNX8DJMjVAZzAfba9r36KTwRr3GqdqSWkEYp9c7BD                                                    │
│  └──                                                                                                       │
│  ┌──                                                                                                       │
│  │ ObjectID: 0xb0b6745d74734fb22bb66627285692131777bc1e1abacd6cd36946672fd52087                            │
│  │ Sender: 0x13a75ba9e38bcd05b92c37e771fd3068c8b55d81bb6622f14b387a53123d7ab1                              │
│  │ Owner: Account Address ( 0x13a75ba9e38bcd05b92c37e771fd3068c8b55d81bb6622f14b387a53123d7ab1 )           │
│  │ ObjectType: 0x2::coin::Coin<0x2::sui::SUI>                                                              │
│  │ Version: 98624821                                                                                       │
│  │ Digest: BpV2FG7JB3fGJxxZCL7zvRa9nog5DM5srdAYCt548tE5                                                    │
│  └──                                                                                                       │
╰────────────────────────────────────────────────────────────────────────────────────────────────────────────╯
╭───────────────────────────────────────────────────────────────────────────────────────────────────╮
│ Balance Changes                                                                                   │
├───────────────────────────────────────────────────────────────────────────────────────────────────┤
│  ┌──                                                                                              │
│  │ Owner: Account Address ( 0x13a75ba9e38bcd05b92c37e771fd3068c8b55d81bb6622f14b387a53123d7ab1 )  │
│  │ CoinType: 0x2::sui::SUI                                                                        │
│  │ Amount: -4166524                                                                               │
│  └──                                                                                              │
╰───────────────────────────────────────────────────────────────────────────────────────────────────╯

2024-07-10T21:42:34
Transaction Digest: 9E2wr7N9r9Armc1n14XwFTvY2FKF13PLiGb3arrtqFZj
╭──────────────────────────────────────────────────────────────────────────────────────────────────────────────────────────────────────────────────────────────────╮
│ Transaction Data                                                                                                                                                 │
├──────────────────────────────────────────────────────────────────────────────────────────────────────────────────────────────────────────────────────────────────┤
│ Sender: 0x13a75ba9e38bcd05b92c37e771fd3068c8b55d81bb6622f14b387a53123d7ab1                                                                                       │
│ Gas Owner: 0x13a75ba9e38bcd05b92c37e771fd3068c8b55d81bb6622f14b387a53123d7ab1                                                                                    │
│ Gas Budget: 500000000 MIST                                                                                                                                       │
│ Gas Price: 758 MIST                                                                                                                                              │
│ Gas Payment:                                                                                                                                                     │
│  ┌──                                                                                                                                                             │
│  │ ID: 0xb0b6745d74734fb22bb66627285692131777bc1e1abacd6cd36946672fd52087                                                                                        │
│  │ Version: 98624821                                                                                                                                             │
│  │ Digest: BpV2FG7JB3fGJxxZCL7zvRa9nog5DM5srdAYCt548tE5                                                                                                          │
│  └──                                                                                                                                                             │
│                                                                                                                                                                  │
│ Transaction Kind: Programmable                                                                                                                                   │
│ ╭──────────────────────────────────────────────────────────────────────────────────────────────────────────────────────────────────────────────────────────────╮ │
│ │ Input Objects                                                                                                                                                │ │
│ ├──────────────────────────────────────────────────────────────────────────────────────────────────────────────────────────────────────────────────────────────┤ │
│ │ 0   Imm/Owned Object ID: 0x49b6ea50eaf249f6ded5fb1a096a6297e428ab97f1dc1f873e91ba8a9a8a6073                                                                  │ │
│ │ 1   Pure Arg: Type: 0x1::string::String, Value: "3rd Place Winner at Sui Overflow 2024 - ZkLogin"                                                            │ │
│ │ 2   Pure Arg: Type: 0x1::string::String, Value: "Congratulations! This hacker from WebAuthn on Sui won 3rd Place at the 2024 Sui Overflow global hackathon!" │ │
│ │ 3   Pure Arg: Type: 0x1::string::String, Value: "https://github.com/sui-foundation/attendance-nft/raw/main/gifs/overflow-3rd.gif"                            │ │
│ │ 4   Pure Arg: Type: u8, Value: 3                                                                                                                             │ │
│ │ 5   Pure Arg: Type: address, Value: "0xb2c16052a9d44929cf1624ba14a577211a1dcb57f0979f9ff87b871ae28d1edc"                                                     │ │
│ ╰──────────────────────────────────────────────────────────────────────────────────────────────────────────────────────────────────────────────────────────────╯ │
│ ╭──────────────────────────────────────────────────────────────────────────────────╮                                                                             │
│ │ Commands                                                                         │                                                                             │
│ ├──────────────────────────────────────────────────────────────────────────────────┤                                                                             │
│ │ 0  MoveCall:                                                                     │                                                                             │
│ │  ┌                                                                               │                                                                             │
│ │  │ Function:  mint_and_transfer                                                  │                                                                             │
│ │  │ Module:    attendance                                                         │                                                                             │
│ │  │ Package:   0x41a3350004440adf89a2f837c1e4c0bf1fe4edf6e08b56383ccb5c1606f210c1 │                                                                             │
│ │  │ Arguments:                                                                    │                                                                             │
│ │  │   Input  0                                                                    │                                                                             │
│ │  │   Input  1                                                                    │                                                                             │
│ │  │   Input  2                                                                    │                                                                             │
│ │  │   Input  3                                                                    │                                                                             │
│ │  │   Input  4                                                                    │                                                                             │
│ │  │   Input  5                                                                    │                                                                             │
│ │  └                                                                               │                                                                             │
│ ╰──────────────────────────────────────────────────────────────────────────────────╯                                                                             │
│                                                                                                                                                                  │
│ Signatures:                                                                                                                                                      │
│    8qZiWhni2umt45kVCqs1awLn2IZHH7FmkNrS40UfhIyaxQ2Cbk65IYSXBBPR9lsdoJI7QEoRZJsUZncuNewDAg==                                                                      │
│                                                                                                                                                                  │
╰──────────────────────────────────────────────────────────────────────────────────────────────────────────────────────────────────────────────────────────────────╯
╭───────────────────────────────────────────────────────────────────────────────────────────────────╮
│ Transaction Effects                                                                               │
├───────────────────────────────────────────────────────────────────────────────────────────────────┤
│ Digest: 9E2wr7N9r9Armc1n14XwFTvY2FKF13PLiGb3arrtqFZj                                              │
│ Status: Success                                                                                   │
│ Executed Epoch: 455                                                                               │
│                                                                                                   │
│ Created Objects:                                                                                  │
│  ┌──                                                                                              │
│  │ ID: 0xdaa38c19c49e81ae1af9f7909643afaba36d090692c9427f3ffdc1270d4f52fe                         │
│  │ Owner: Account Address ( 0xb2c16052a9d44929cf1624ba14a577211a1dcb57f0979f9ff87b871ae28d1edc )  │
│  │ Version: 98624822                                                                              │
│  │ Digest: 4sZkXKHBgMDBSneW7YoJwKqKz7FP5Ho4qDXCrk5RD2WY                                           │
│  └──                                                                                              │
│ Mutated Objects:                                                                                  │
│  ┌──                                                                                              │
│  │ ID: 0x49b6ea50eaf249f6ded5fb1a096a6297e428ab97f1dc1f873e91ba8a9a8a6073                         │
│  │ Owner: Account Address ( 0x13a75ba9e38bcd05b92c37e771fd3068c8b55d81bb6622f14b387a53123d7ab1 )  │
│  │ Version: 98624822                                                                              │
│  │ Digest: Bfhvk9y7Hi92SHt76b1sgxUPTKRkxE4eYv7x4rEMPiRa                                           │
│  └──                                                                                              │
│  ┌──                                                                                              │
│  │ ID: 0xb0b6745d74734fb22bb66627285692131777bc1e1abacd6cd36946672fd52087                         │
│  │ Owner: Account Address ( 0x13a75ba9e38bcd05b92c37e771fd3068c8b55d81bb6622f14b387a53123d7ab1 )  │
│  │ Version: 98624822                                                                              │
│  │ Digest: 6kztA2UepQBufYE4mMFEpmknzxqEGZjHC3esBzoG1phN                                           │
│  └──                                                                                              │
│ Gas Object:                                                                                       │
│  ┌──                                                                                              │
│  │ ID: 0xb0b6745d74734fb22bb66627285692131777bc1e1abacd6cd36946672fd52087                         │
│  │ Owner: Account Address ( 0x13a75ba9e38bcd05b92c37e771fd3068c8b55d81bb6622f14b387a53123d7ab1 )  │
│  │ Version: 98624822                                                                              │
│  │ Digest: 6kztA2UepQBufYE4mMFEpmknzxqEGZjHC3esBzoG1phN                                           │
│  └──                                                                                              │
│ Gas Cost Summary:                                                                                 │
│    Storage Cost: 6034400 MIST                                                                     │
│    Computation Cost: 758000 MIST                                                                  │
│    Storage Rebate: 2625876 MIST                                                                   │
│    Non-refundable Storage Fee: 26524 MIST                                                         │
│                                                                                                   │
│ Transaction Dependencies:                                                                         │
│    BYoepnuYxZVZMYHvbkng1VouPmSQj4CHBXeKyoP4iv6V                                                   │
│    FMiGzxRrf2s4fH8b7haU2kzdBsBpNYthRu8q2SxTfctz                                                   │
╰───────────────────────────────────────────────────────────────────────────────────────────────────╯
╭─────────────────────────────────────────────────────────────────────────────────────────────────────────────────╮
│ Transaction Block Events                                                                                        │
├─────────────────────────────────────────────────────────────────────────────────────────────────────────────────┤
│  ┌──                                                                                                            │
│  │ EventID: 9E2wr7N9r9Armc1n14XwFTvY2FKF13PLiGb3arrtqFZj:0                                                      │
│  │ PackageID: 0x41a3350004440adf89a2f837c1e4c0bf1fe4edf6e08b56383ccb5c1606f210c1                                │
│  │ Transaction Module: attendance                                                                               │
│  │ Sender: 0x13a75ba9e38bcd05b92c37e771fd3068c8b55d81bb6622f14b387a53123d7ab1                                   │
│  │ EventType: 0x41a3350004440adf89a2f837c1e4c0bf1fe4edf6e08b56383ccb5c1606f210c1::attendance::AttendanceCreated │
│  │ ParsedJSON:                                                                                                  │
│  │   ┌─────────┬────────────────────────────────────────────────────────────────────┐                           │
│  │   │ id      │ 0xdaa38c19c49e81ae1af9f7909643afaba36d090692c9427f3ffdc1270d4f52fe │                           │
│  │   ├─────────┼────────────────────────────────────────────────────────────────────┤                           │
│  │   │ meet_id │ 0x49b6ea50eaf249f6ded5fb1a096a6297e428ab97f1dc1f873e91ba8a9a8a6073 │                           │
│  │   ├─────────┼────────────────────────────────────────────────────────────────────┤                           │
│  │   │ tier    │ 3                                                                  │                           │
│  │   └─────────┴────────────────────────────────────────────────────────────────────┘                           │
│  └──                                                                                                            │
╰─────────────────────────────────────────────────────────────────────────────────────────────────────────────────╯
╭────────────────────────────────────────────────────────────────────────────────────────────────────────────╮
│ Object Changes                                                                                             │
├────────────────────────────────────────────────────────────────────────────────────────────────────────────┤
│ Created Objects:                                                                                           │
│  ┌──                                                                                                       │
│  │ ObjectID: 0xdaa38c19c49e81ae1af9f7909643afaba36d090692c9427f3ffdc1270d4f52fe                            │
│  │ Sender: 0x13a75ba9e38bcd05b92c37e771fd3068c8b55d81bb6622f14b387a53123d7ab1                              │
│  │ Owner: Account Address ( 0xb2c16052a9d44929cf1624ba14a577211a1dcb57f0979f9ff87b871ae28d1edc )           │
│  │ ObjectType: 0x41a3350004440adf89a2f837c1e4c0bf1fe4edf6e08b56383ccb5c1606f210c1::attendance::Attendance  │
│  │ Version: 98624822                                                                                       │
│  │ Digest: 4sZkXKHBgMDBSneW7YoJwKqKz7FP5Ho4qDXCrk5RD2WY                                                    │
│  └──                                                                                                       │
│ Mutated Objects:                                                                                           │
│  ┌──                                                                                                       │
│  │ ObjectID: 0x49b6ea50eaf249f6ded5fb1a096a6297e428ab97f1dc1f873e91ba8a9a8a6073                            │
│  │ Sender: 0x13a75ba9e38bcd05b92c37e771fd3068c8b55d81bb6622f14b387a53123d7ab1                              │
│  │ Owner: Account Address ( 0x13a75ba9e38bcd05b92c37e771fd3068c8b55d81bb6622f14b387a53123d7ab1 )           │
│  │ ObjectType: 0x41a3350004440adf89a2f837c1e4c0bf1fe4edf6e08b56383ccb5c1606f210c1::meet::Meet              │
│  │ Version: 98624822                                                                                       │
│  │ Digest: Bfhvk9y7Hi92SHt76b1sgxUPTKRkxE4eYv7x4rEMPiRa                                                    │
│  └──                                                                                                       │
│  ┌──                                                                                                       │
│  │ ObjectID: 0xb0b6745d74734fb22bb66627285692131777bc1e1abacd6cd36946672fd52087                            │
│  │ Sender: 0x13a75ba9e38bcd05b92c37e771fd3068c8b55d81bb6622f14b387a53123d7ab1                              │
│  │ Owner: Account Address ( 0x13a75ba9e38bcd05b92c37e771fd3068c8b55d81bb6622f14b387a53123d7ab1 )           │
│  │ ObjectType: 0x2::coin::Coin<0x2::sui::SUI>                                                              │
│  │ Version: 98624822                                                                                       │
│  │ Digest: 6kztA2UepQBufYE4mMFEpmknzxqEGZjHC3esBzoG1phN                                                    │
│  └──                                                                                                       │
╰────────────────────────────────────────────────────────────────────────────────────────────────────────────╯
╭───────────────────────────────────────────────────────────────────────────────────────────────────╮
│ Balance Changes                                                                                   │
├───────────────────────────────────────────────────────────────────────────────────────────────────┤
│  ┌──                                                                                              │
│  │ Owner: Account Address ( 0x13a75ba9e38bcd05b92c37e771fd3068c8b55d81bb6622f14b387a53123d7ab1 )  │
│  │ CoinType: 0x2::sui::SUI                                                                        │
│  │ Amount: -4166524                                                                               │
│  └──                                                                                              │
╰───────────────────────────────────────────────────────────────────────────────────────────────────╯

