2024-07-10T23:45:56
Transaction Digest: EZiF2ryirqxdwFBJ6g4GBqRo9cMoiBVmTFB2do7SHb74
╭────────────────────────────────────────────────────────────────────────────────────────────────────────────────────────────────────────────────────────────╮
│ Transaction Data                                                                                                                                           │
├────────────────────────────────────────────────────────────────────────────────────────────────────────────────────────────────────────────────────────────┤
│ Sender: 0x13a75ba9e38bcd05b92c37e771fd3068c8b55d81bb6622f14b387a53123d7ab1                                                                                 │
│ Gas Owner: 0x13a75ba9e38bcd05b92c37e771fd3068c8b55d81bb6622f14b387a53123d7ab1                                                                              │
│ Gas Budget: 500000000 MIST                                                                                                                                 │
│ Gas Price: 758 MIST                                                                                                                                        │
│ Gas Payment:                                                                                                                                               │
│  ┌──                                                                                                                                                       │
│  │ ID: 0xb0b6745d74734fb22bb66627285692131777bc1e1abacd6cd36946672fd52087                                                                                  │
│  │ Version: 98624861                                                                                                                                       │
│  │ Digest: 6bQUxRSp9uBK5d4AWSC7S1teDtLHcb1vJf5x2PuGXqHE                                                                                                    │
│  └──                                                                                                                                                       │
│                                                                                                                                                            │
│ Transaction Kind: Programmable                                                                                                                             │
│ ╭────────────────────────────────────────────────────────────────────────────────────────────────────────────────────────────────────────────────────────╮ │
│ │ Input Objects                                                                                                                                          │ │
│ ├────────────────────────────────────────────────────────────────────────────────────────────────────────────────────────────────────────────────────────┤ │
│ │ 0   Imm/Owned Object ID: 0x49b6ea50eaf249f6ded5fb1a096a6297e428ab97f1dc1f873e91ba8a9a8a6073                                                            │ │
│ │ 1   Pure Arg: Type: 0x1::string::String, Value: "1st Place Winner at Sui Overflow 2024 - ZkLogin"                                                      │ │
│ │ 2   Pure Arg: Type: 0x1::string::String, Value: "Congratulations! This hacker from PinataBot won 1st Place at the 2024 Sui Overflow global hackathon!" │ │
│ │ 3   Pure Arg: Type: 0x1::string::String, Value: "https://github.com/sui-foundation/attendance-nft/raw/main/gifs/overflow-1st.gif"                      │ │
│ │ 4   Pure Arg: Type: u8, Value: 1                                                                                                                       │ │
│ │ 5   Pure Arg: Type: address, Value: "0x45e4cc7a708312ae2f35c06cbc81f9a7a492fa6e87fd0e51f0f967eeb0e84ec8"                                               │ │
│ ╰────────────────────────────────────────────────────────────────────────────────────────────────────────────────────────────────────────────────────────╯ │
│ ╭──────────────────────────────────────────────────────────────────────────────────╮                                                                       │
│ │ Commands                                                                         │                                                                       │
│ ├──────────────────────────────────────────────────────────────────────────────────┤                                                                       │
│ │ 0  MoveCall:                                                                     │                                                                       │
│ │  ┌                                                                               │                                                                       │
│ │  │ Function:  mint_and_transfer                                                  │                                                                       │
│ │  │ Module:    attendance                                                         │                                                                       │
│ │  │ Package:   0x41a3350004440adf89a2f837c1e4c0bf1fe4edf6e08b56383ccb5c1606f210c1 │                                                                       │
│ │  │ Arguments:                                                                    │                                                                       │
│ │  │   Input  0                                                                    │                                                                       │
│ │  │   Input  1                                                                    │                                                                       │
│ │  │   Input  2                                                                    │                                                                       │
│ │  │   Input  3                                                                    │                                                                       │
│ │  │   Input  4                                                                    │                                                                       │
│ │  │   Input  5                                                                    │                                                                       │
│ │  └                                                                               │                                                                       │
│ ╰──────────────────────────────────────────────────────────────────────────────────╯                                                                       │
│                                                                                                                                                            │
│ Signatures:                                                                                                                                                │
│    T7PA0iPPpjCDsdkymA06mqOzRXsmS4XoxARvEnd4WgLR2IdHHaUZViEQSTmke6iH259FjCZYx6c2yXAC2ml/DQ==                                                                │
│                                                                                                                                                            │
╰────────────────────────────────────────────────────────────────────────────────────────────────────────────────────────────────────────────────────────────╯
╭───────────────────────────────────────────────────────────────────────────────────────────────────╮
│ Transaction Effects                                                                               │
├───────────────────────────────────────────────────────────────────────────────────────────────────┤
│ Digest: EZiF2ryirqxdwFBJ6g4GBqRo9cMoiBVmTFB2do7SHb74                                              │
│ Status: Success                                                                                   │
│ Executed Epoch: 455                                                                               │
│                                                                                                   │
│ Created Objects:                                                                                  │
│  ┌──                                                                                              │
│  │ ID: 0x5ede64ebd9bd2f432cff986c66284db019b774d6ed7e71e9bd22fd52fcbff1ea                         │
│  │ Owner: Account Address ( 0x45e4cc7a708312ae2f35c06cbc81f9a7a492fa6e87fd0e51f0f967eeb0e84ec8 )  │
│  │ Version: 98624862                                                                              │
│  │ Digest: 7gZk3XpYdaBwv137EFjLX1XvrY8r9N43k8WSpg9egmTp                                           │
│  └──                                                                                              │
│ Mutated Objects:                                                                                  │
│  ┌──                                                                                              │
│  │ ID: 0x49b6ea50eaf249f6ded5fb1a096a6297e428ab97f1dc1f873e91ba8a9a8a6073                         │
│  │ Owner: Account Address ( 0x13a75ba9e38bcd05b92c37e771fd3068c8b55d81bb6622f14b387a53123d7ab1 )  │
│  │ Version: 98624862                                                                              │
│  │ Digest: 5vNZ7qFvUSEbrEq7JmsFwMaBr7kQMyd3Z5WFpFtMaYjC                                           │
│  └──                                                                                              │
│  ┌──                                                                                              │
│  │ ID: 0xb0b6745d74734fb22bb66627285692131777bc1e1abacd6cd36946672fd52087                         │
│  │ Owner: Account Address ( 0x13a75ba9e38bcd05b92c37e771fd3068c8b55d81bb6622f14b387a53123d7ab1 )  │
│  │ Version: 98624862                                                                              │
│  │ Digest: CuuxPEKgk17nWwRK9vuJZGMgfoxQxM5sCQ7TDEEd9wKk                                           │
│  └──                                                                                              │
│ Gas Object:                                                                                       │
│  ┌──                                                                                              │
│  │ ID: 0xb0b6745d74734fb22bb66627285692131777bc1e1abacd6cd36946672fd52087                         │
│  │ Owner: Account Address ( 0x13a75ba9e38bcd05b92c37e771fd3068c8b55d81bb6622f14b387a53123d7ab1 )  │
│  │ Version: 98624862                                                                              │
│  │ Digest: CuuxPEKgk17nWwRK9vuJZGMgfoxQxM5sCQ7TDEEd9wKk                                           │
│  └──                                                                                              │
│ Gas Cost Summary:                                                                                 │
│    Storage Cost: 5988800 MIST                                                                     │
│    Computation Cost: 758000 MIST                                                                  │
│    Storage Rebate: 2625876 MIST                                                                   │
│    Non-refundable Storage Fee: 26524 MIST                                                         │
│                                                                                                   │
│ Transaction Dependencies:                                                                         │
│    Dtq38JccxvUeSZb6dsLUW575BQWJrej51cfWT1GG1gr1                                                   │
│    FMiGzxRrf2s4fH8b7haU2kzdBsBpNYthRu8q2SxTfctz                                                   │
╰───────────────────────────────────────────────────────────────────────────────────────────────────╯
╭─────────────────────────────────────────────────────────────────────────────────────────────────────────────────╮
│ Transaction Block Events                                                                                        │
├─────────────────────────────────────────────────────────────────────────────────────────────────────────────────┤
│  ┌──                                                                                                            │
│  │ EventID: EZiF2ryirqxdwFBJ6g4GBqRo9cMoiBVmTFB2do7SHb74:0                                                      │
│  │ PackageID: 0x41a3350004440adf89a2f837c1e4c0bf1fe4edf6e08b56383ccb5c1606f210c1                                │
│  │ Transaction Module: attendance                                                                               │
│  │ Sender: 0x13a75ba9e38bcd05b92c37e771fd3068c8b55d81bb6622f14b387a53123d7ab1                                   │
│  │ EventType: 0x41a3350004440adf89a2f837c1e4c0bf1fe4edf6e08b56383ccb5c1606f210c1::attendance::AttendanceCreated │
│  │ ParsedJSON:                                                                                                  │
│  │   ┌─────────┬────────────────────────────────────────────────────────────────────┐                           │
│  │   │ id      │ 0x5ede64ebd9bd2f432cff986c66284db019b774d6ed7e71e9bd22fd52fcbff1ea │                           │
│  │   ├─────────┼────────────────────────────────────────────────────────────────────┤                           │
│  │   │ meet_id │ 0x49b6ea50eaf249f6ded5fb1a096a6297e428ab97f1dc1f873e91ba8a9a8a6073 │                           │
│  │   ├─────────┼────────────────────────────────────────────────────────────────────┤                           │
│  │   │ tier    │ 1                                                                  │                           │
│  │   └─────────┴────────────────────────────────────────────────────────────────────┘                           │
│  └──                                                                                                            │
╰─────────────────────────────────────────────────────────────────────────────────────────────────────────────────╯
╭────────────────────────────────────────────────────────────────────────────────────────────────────────────╮
│ Object Changes                                                                                             │
├────────────────────────────────────────────────────────────────────────────────────────────────────────────┤
│ Created Objects:                                                                                           │
│  ┌──                                                                                                       │
│  │ ObjectID: 0x5ede64ebd9bd2f432cff986c66284db019b774d6ed7e71e9bd22fd52fcbff1ea                            │
│  │ Sender: 0x13a75ba9e38bcd05b92c37e771fd3068c8b55d81bb6622f14b387a53123d7ab1                              │
│  │ Owner: Account Address ( 0x45e4cc7a708312ae2f35c06cbc81f9a7a492fa6e87fd0e51f0f967eeb0e84ec8 )           │
│  │ ObjectType: 0x41a3350004440adf89a2f837c1e4c0bf1fe4edf6e08b56383ccb5c1606f210c1::attendance::Attendance  │
│  │ Version: 98624862                                                                                       │
│  │ Digest: 7gZk3XpYdaBwv137EFjLX1XvrY8r9N43k8WSpg9egmTp                                                    │
│  └──                                                                                                       │
│ Mutated Objects:                                                                                           │
│  ┌──                                                                                                       │
│  │ ObjectID: 0x49b6ea50eaf249f6ded5fb1a096a6297e428ab97f1dc1f873e91ba8a9a8a6073                            │
│  │ Sender: 0x13a75ba9e38bcd05b92c37e771fd3068c8b55d81bb6622f14b387a53123d7ab1                              │
│  │ Owner: Account Address ( 0x13a75ba9e38bcd05b92c37e771fd3068c8b55d81bb6622f14b387a53123d7ab1 )           │
│  │ ObjectType: 0x41a3350004440adf89a2f837c1e4c0bf1fe4edf6e08b56383ccb5c1606f210c1::meet::Meet              │
│  │ Version: 98624862                                                                                       │
│  │ Digest: 5vNZ7qFvUSEbrEq7JmsFwMaBr7kQMyd3Z5WFpFtMaYjC                                                    │
│  └──                                                                                                       │
│  ┌──                                                                                                       │
│  │ ObjectID: 0xb0b6745d74734fb22bb66627285692131777bc1e1abacd6cd36946672fd52087                            │
│  │ Sender: 0x13a75ba9e38bcd05b92c37e771fd3068c8b55d81bb6622f14b387a53123d7ab1                              │
│  │ Owner: Account Address ( 0x13a75ba9e38bcd05b92c37e771fd3068c8b55d81bb6622f14b387a53123d7ab1 )           │
│  │ ObjectType: 0x2::coin::Coin<0x2::sui::SUI>                                                              │
│  │ Version: 98624862                                                                                       │
│  │ Digest: CuuxPEKgk17nWwRK9vuJZGMgfoxQxM5sCQ7TDEEd9wKk                                                    │
│  └──                                                                                                       │
╰────────────────────────────────────────────────────────────────────────────────────────────────────────────╯
╭───────────────────────────────────────────────────────────────────────────────────────────────────╮
│ Balance Changes                                                                                   │
├───────────────────────────────────────────────────────────────────────────────────────────────────┤
│  ┌──                                                                                              │
│  │ Owner: Account Address ( 0x13a75ba9e38bcd05b92c37e771fd3068c8b55d81bb6622f14b387a53123d7ab1 )  │
│  │ CoinType: 0x2::sui::SUI                                                                        │
│  │ Amount: -4120924                                                                               │
│  └──                                                                                              │
╰───────────────────────────────────────────────────────────────────────────────────────────────────╯

2024-07-10T23:46:02
Transaction Digest: 9LZSeQDb4cBTcSuPpZ4azXzow8jTGee1sUesvWZ1GKus
╭────────────────────────────────────────────────────────────────────────────────────────────────────────────────────────────────────────────────────────────╮
│ Transaction Data                                                                                                                                           │
├────────────────────────────────────────────────────────────────────────────────────────────────────────────────────────────────────────────────────────────┤
│ Sender: 0x13a75ba9e38bcd05b92c37e771fd3068c8b55d81bb6622f14b387a53123d7ab1                                                                                 │
│ Gas Owner: 0x13a75ba9e38bcd05b92c37e771fd3068c8b55d81bb6622f14b387a53123d7ab1                                                                              │
│ Gas Budget: 500000000 MIST                                                                                                                                 │
│ Gas Price: 758 MIST                                                                                                                                        │
│ Gas Payment:                                                                                                                                               │
│  ┌──                                                                                                                                                       │
│  │ ID: 0xb0b6745d74734fb22bb66627285692131777bc1e1abacd6cd36946672fd52087                                                                                  │
│  │ Version: 98624862                                                                                                                                       │
│  │ Digest: CuuxPEKgk17nWwRK9vuJZGMgfoxQxM5sCQ7TDEEd9wKk                                                                                                    │
│  └──                                                                                                                                                       │
│                                                                                                                                                            │
│ Transaction Kind: Programmable                                                                                                                             │
│ ╭────────────────────────────────────────────────────────────────────────────────────────────────────────────────────────────────────────────────────────╮ │
│ │ Input Objects                                                                                                                                          │ │
│ ├────────────────────────────────────────────────────────────────────────────────────────────────────────────────────────────────────────────────────────┤ │
│ │ 0   Imm/Owned Object ID: 0x49b6ea50eaf249f6ded5fb1a096a6297e428ab97f1dc1f873e91ba8a9a8a6073                                                            │ │
│ │ 1   Pure Arg: Type: 0x1::string::String, Value: "1st Place Winner at Sui Overflow 2024 - ZkLogin"                                                      │ │
│ │ 2   Pure Arg: Type: 0x1::string::String, Value: "Congratulations! This hacker from PinataBot won 1st Place at the 2024 Sui Overflow global hackathon!" │ │
│ │ 3   Pure Arg: Type: 0x1::string::String, Value: "https://github.com/sui-foundation/attendance-nft/raw/main/gifs/overflow-1st.gif"                      │ │
│ │ 4   Pure Arg: Type: u8, Value: 1                                                                                                                       │ │
│ │ 5   Pure Arg: Type: address, Value: "0xbfa592bb480ab82022b716ee1d754b36799d9890559620b64c30127695c87c13"                                               │ │
│ ╰────────────────────────────────────────────────────────────────────────────────────────────────────────────────────────────────────────────────────────╯ │
│ ╭──────────────────────────────────────────────────────────────────────────────────╮                                                                       │
│ │ Commands                                                                         │                                                                       │
│ ├──────────────────────────────────────────────────────────────────────────────────┤                                                                       │
│ │ 0  MoveCall:                                                                     │                                                                       │
│ │  ┌                                                                               │                                                                       │
│ │  │ Function:  mint_and_transfer                                                  │                                                                       │
│ │  │ Module:    attendance                                                         │                                                                       │
│ │  │ Package:   0x41a3350004440adf89a2f837c1e4c0bf1fe4edf6e08b56383ccb5c1606f210c1 │                                                                       │
│ │  │ Arguments:                                                                    │                                                                       │
│ │  │   Input  0                                                                    │                                                                       │
│ │  │   Input  1                                                                    │                                                                       │
│ │  │   Input  2                                                                    │                                                                       │
│ │  │   Input  3                                                                    │                                                                       │
│ │  │   Input  4                                                                    │                                                                       │
│ │  │   Input  5                                                                    │                                                                       │
│ │  └                                                                               │                                                                       │
│ ╰──────────────────────────────────────────────────────────────────────────────────╯                                                                       │
│                                                                                                                                                            │
│ Signatures:                                                                                                                                                │
│    pVkK1H4/Ofzr4M3hocLInp6qBkNDXztzK9yrR7AJz00+xnBEaHrswxkVjST4kgyyNwV5ZG7gjIAfe72E91CjAA==                                                                │
│                                                                                                                                                            │
╰────────────────────────────────────────────────────────────────────────────────────────────────────────────────────────────────────────────────────────────╯
╭───────────────────────────────────────────────────────────────────────────────────────────────────╮
│ Transaction Effects                                                                               │
├───────────────────────────────────────────────────────────────────────────────────────────────────┤
│ Digest: 9LZSeQDb4cBTcSuPpZ4azXzow8jTGee1sUesvWZ1GKus                                              │
│ Status: Success                                                                                   │
│ Executed Epoch: 455                                                                               │
│                                                                                                   │
│ Created Objects:                                                                                  │
│  ┌──                                                                                              │
│  │ ID: 0xfee0f7aff81c7a8bad48fbbff11ffc0b48733b8a679974b1ed1d8817a669389b                         │
│  │ Owner: Account Address ( 0xbfa592bb480ab82022b716ee1d754b36799d9890559620b64c30127695c87c13 )  │
│  │ Version: 98624863                                                                              │
│  │ Digest: ARujZgSmxe8deuLrP2pwez9qo9jomcJNt582yyoW3kRe                                           │
│  └──                                                                                              │
│ Mutated Objects:                                                                                  │
│  ┌──                                                                                              │
│  │ ID: 0x49b6ea50eaf249f6ded5fb1a096a6297e428ab97f1dc1f873e91ba8a9a8a6073                         │
│  │ Owner: Account Address ( 0x13a75ba9e38bcd05b92c37e771fd3068c8b55d81bb6622f14b387a53123d7ab1 )  │
│  │ Version: 98624863                                                                              │
│  │ Digest: 5TrtT3tvgRRmwQDc3TEja3LPbNnTeykVQkNPWZYiZmKG                                           │
│  └──                                                                                              │
│  ┌──                                                                                              │
│  │ ID: 0xb0b6745d74734fb22bb66627285692131777bc1e1abacd6cd36946672fd52087                         │
│  │ Owner: Account Address ( 0x13a75ba9e38bcd05b92c37e771fd3068c8b55d81bb6622f14b387a53123d7ab1 )  │
│  │ Version: 98624863                                                                              │
│  │ Digest: 3PsGjNkRKwSrXkAoGAZ3wQ6iK9wpM546P38GNvBiNrgL                                           │
│  └──                                                                                              │
│ Gas Object:                                                                                       │
│  ┌──                                                                                              │
│  │ ID: 0xb0b6745d74734fb22bb66627285692131777bc1e1abacd6cd36946672fd52087                         │
│  │ Owner: Account Address ( 0x13a75ba9e38bcd05b92c37e771fd3068c8b55d81bb6622f14b387a53123d7ab1 )  │
│  │ Version: 98624863                                                                              │
│  │ Digest: 3PsGjNkRKwSrXkAoGAZ3wQ6iK9wpM546P38GNvBiNrgL                                           │
│  └──                                                                                              │
│ Gas Cost Summary:                                                                                 │
│    Storage Cost: 5988800 MIST                                                                     │
│    Computation Cost: 758000 MIST                                                                  │
│    Storage Rebate: 2625876 MIST                                                                   │
│    Non-refundable Storage Fee: 26524 MIST                                                         │
│                                                                                                   │
│ Transaction Dependencies:                                                                         │
│    EZiF2ryirqxdwFBJ6g4GBqRo9cMoiBVmTFB2do7SHb74                                                   │
│    FMiGzxRrf2s4fH8b7haU2kzdBsBpNYthRu8q2SxTfctz                                                   │
╰───────────────────────────────────────────────────────────────────────────────────────────────────╯
╭─────────────────────────────────────────────────────────────────────────────────────────────────────────────────╮
│ Transaction Block Events                                                                                        │
├─────────────────────────────────────────────────────────────────────────────────────────────────────────────────┤
│  ┌──                                                                                                            │
│  │ EventID: 9LZSeQDb4cBTcSuPpZ4azXzow8jTGee1sUesvWZ1GKus:0                                                      │
│  │ PackageID: 0x41a3350004440adf89a2f837c1e4c0bf1fe4edf6e08b56383ccb5c1606f210c1                                │
│  │ Transaction Module: attendance                                                                               │
│  │ Sender: 0x13a75ba9e38bcd05b92c37e771fd3068c8b55d81bb6622f14b387a53123d7ab1                                   │
│  │ EventType: 0x41a3350004440adf89a2f837c1e4c0bf1fe4edf6e08b56383ccb5c1606f210c1::attendance::AttendanceCreated │
│  │ ParsedJSON:                                                                                                  │
│  │   ┌─────────┬────────────────────────────────────────────────────────────────────┐                           │
│  │   │ id      │ 0xfee0f7aff81c7a8bad48fbbff11ffc0b48733b8a679974b1ed1d8817a669389b │                           │
│  │   ├─────────┼────────────────────────────────────────────────────────────────────┤                           │
│  │   │ meet_id │ 0x49b6ea50eaf249f6ded5fb1a096a6297e428ab97f1dc1f873e91ba8a9a8a6073 │                           │
│  │   ├─────────┼────────────────────────────────────────────────────────────────────┤                           │
│  │   │ tier    │ 1                                                                  │                           │
│  │   └─────────┴────────────────────────────────────────────────────────────────────┘                           │
│  └──                                                                                                            │
╰─────────────────────────────────────────────────────────────────────────────────────────────────────────────────╯
╭────────────────────────────────────────────────────────────────────────────────────────────────────────────╮
│ Object Changes                                                                                             │
├────────────────────────────────────────────────────────────────────────────────────────────────────────────┤
│ Created Objects:                                                                                           │
│  ┌──                                                                                                       │
│  │ ObjectID: 0xfee0f7aff81c7a8bad48fbbff11ffc0b48733b8a679974b1ed1d8817a669389b                            │
│  │ Sender: 0x13a75ba9e38bcd05b92c37e771fd3068c8b55d81bb6622f14b387a53123d7ab1                              │
│  │ Owner: Account Address ( 0xbfa592bb480ab82022b716ee1d754b36799d9890559620b64c30127695c87c13 )           │
│  │ ObjectType: 0x41a3350004440adf89a2f837c1e4c0bf1fe4edf6e08b56383ccb5c1606f210c1::attendance::Attendance  │
│  │ Version: 98624863                                                                                       │
│  │ Digest: ARujZgSmxe8deuLrP2pwez9qo9jomcJNt582yyoW3kRe                                                    │
│  └──                                                                                                       │
│ Mutated Objects:                                                                                           │
│  ┌──                                                                                                       │
│  │ ObjectID: 0x49b6ea50eaf249f6ded5fb1a096a6297e428ab97f1dc1f873e91ba8a9a8a6073                            │
│  │ Sender: 0x13a75ba9e38bcd05b92c37e771fd3068c8b55d81bb6622f14b387a53123d7ab1                              │
│  │ Owner: Account Address ( 0x13a75ba9e38bcd05b92c37e771fd3068c8b55d81bb6622f14b387a53123d7ab1 )           │
│  │ ObjectType: 0x41a3350004440adf89a2f837c1e4c0bf1fe4edf6e08b56383ccb5c1606f210c1::meet::Meet              │
│  │ Version: 98624863                                                                                       │
│  │ Digest: 5TrtT3tvgRRmwQDc3TEja3LPbNnTeykVQkNPWZYiZmKG                                                    │
│  └──                                                                                                       │
│  ┌──                                                                                                       │
│  │ ObjectID: 0xb0b6745d74734fb22bb66627285692131777bc1e1abacd6cd36946672fd52087                            │
│  │ Sender: 0x13a75ba9e38bcd05b92c37e771fd3068c8b55d81bb6622f14b387a53123d7ab1                              │
│  │ Owner: Account Address ( 0x13a75ba9e38bcd05b92c37e771fd3068c8b55d81bb6622f14b387a53123d7ab1 )           │
│  │ ObjectType: 0x2::coin::Coin<0x2::sui::SUI>                                                              │
│  │ Version: 98624863                                                                                       │
│  │ Digest: 3PsGjNkRKwSrXkAoGAZ3wQ6iK9wpM546P38GNvBiNrgL                                                    │
│  └──                                                                                                       │
╰────────────────────────────────────────────────────────────────────────────────────────────────────────────╯
╭───────────────────────────────────────────────────────────────────────────────────────────────────╮
│ Balance Changes                                                                                   │
├───────────────────────────────────────────────────────────────────────────────────────────────────┤
│  ┌──                                                                                              │
│  │ Owner: Account Address ( 0x13a75ba9e38bcd05b92c37e771fd3068c8b55d81bb6622f14b387a53123d7ab1 )  │
│  │ CoinType: 0x2::sui::SUI                                                                        │
│  │ Amount: -4120924                                                                               │
│  └──                                                                                              │
╰───────────────────────────────────────────────────────────────────────────────────────────────────╯

2024-07-10T23:46:09
Transaction Digest: 8Q6UF8Th322E3K2abMT1bdViGbqB3FrkAQYYTtaiNWYL
╭────────────────────────────────────────────────────────────────────────────────────────────────────────────────────────────────────────────────────────────╮
│ Transaction Data                                                                                                                                           │
├────────────────────────────────────────────────────────────────────────────────────────────────────────────────────────────────────────────────────────────┤
│ Sender: 0x13a75ba9e38bcd05b92c37e771fd3068c8b55d81bb6622f14b387a53123d7ab1                                                                                 │
│ Gas Owner: 0x13a75ba9e38bcd05b92c37e771fd3068c8b55d81bb6622f14b387a53123d7ab1                                                                              │
│ Gas Budget: 500000000 MIST                                                                                                                                 │
│ Gas Price: 758 MIST                                                                                                                                        │
│ Gas Payment:                                                                                                                                               │
│  ┌──                                                                                                                                                       │
│  │ ID: 0xb0b6745d74734fb22bb66627285692131777bc1e1abacd6cd36946672fd52087                                                                                  │
│  │ Version: 98624863                                                                                                                                       │
│  │ Digest: 3PsGjNkRKwSrXkAoGAZ3wQ6iK9wpM546P38GNvBiNrgL                                                                                                    │
│  └──                                                                                                                                                       │
│                                                                                                                                                            │
│ Transaction Kind: Programmable                                                                                                                             │
│ ╭────────────────────────────────────────────────────────────────────────────────────────────────────────────────────────────────────────────────────────╮ │
│ │ Input Objects                                                                                                                                          │ │
│ ├────────────────────────────────────────────────────────────────────────────────────────────────────────────────────────────────────────────────────────┤ │
│ │ 0   Imm/Owned Object ID: 0x49b6ea50eaf249f6ded5fb1a096a6297e428ab97f1dc1f873e91ba8a9a8a6073                                                            │ │
│ │ 1   Pure Arg: Type: 0x1::string::String, Value: "1st Place Winner at Sui Overflow 2024 - ZkLogin"                                                      │ │
│ │ 2   Pure Arg: Type: 0x1::string::String, Value: "Congratulations! This hacker from PinataBot won 1st Place at the 2024 Sui Overflow global hackathon!" │ │
│ │ 3   Pure Arg: Type: 0x1::string::String, Value: "https://github.com/sui-foundation/attendance-nft/raw/main/gifs/overflow-1st.gif"                      │ │
│ │ 4   Pure Arg: Type: u8, Value: 1                                                                                                                       │ │
│ │ 5   Pure Arg: Type: address, Value: "0xb74d6d702f6b7b9d831570536829742130f09a740c30e0b895b4a9beacb97d62"                                               │ │
│ ╰────────────────────────────────────────────────────────────────────────────────────────────────────────────────────────────────────────────────────────╯ │
│ ╭──────────────────────────────────────────────────────────────────────────────────╮                                                                       │
│ │ Commands                                                                         │                                                                       │
│ ├──────────────────────────────────────────────────────────────────────────────────┤                                                                       │
│ │ 0  MoveCall:                                                                     │                                                                       │
│ │  ┌                                                                               │                                                                       │
│ │  │ Function:  mint_and_transfer                                                  │                                                                       │
│ │  │ Module:    attendance                                                         │                                                                       │
│ │  │ Package:   0x41a3350004440adf89a2f837c1e4c0bf1fe4edf6e08b56383ccb5c1606f210c1 │                                                                       │
│ │  │ Arguments:                                                                    │                                                                       │
│ │  │   Input  0                                                                    │                                                                       │
│ │  │   Input  1                                                                    │                                                                       │
│ │  │   Input  2                                                                    │                                                                       │
│ │  │   Input  3                                                                    │                                                                       │
│ │  │   Input  4                                                                    │                                                                       │
│ │  │   Input  5                                                                    │                                                                       │
│ │  └                                                                               │                                                                       │
│ ╰──────────────────────────────────────────────────────────────────────────────────╯                                                                       │
│                                                                                                                                                            │
│ Signatures:                                                                                                                                                │
│    vbC34yq6zsaSztCQAHH9onHAzWtVEArm/Sz33+1ElSuq1t3R46hKfXMBUTHLR2058Z3VcCmKV/upJ4PNpVkOBQ==                                                                │
│                                                                                                                                                            │
╰────────────────────────────────────────────────────────────────────────────────────────────────────────────────────────────────────────────────────────────╯
╭───────────────────────────────────────────────────────────────────────────────────────────────────╮
│ Transaction Effects                                                                               │
├───────────────────────────────────────────────────────────────────────────────────────────────────┤
│ Digest: 8Q6UF8Th322E3K2abMT1bdViGbqB3FrkAQYYTtaiNWYL                                              │
│ Status: Success                                                                                   │
│ Executed Epoch: 455                                                                               │
│                                                                                                   │
│ Created Objects:                                                                                  │
│  ┌──                                                                                              │
│  │ ID: 0x94249ad83ed21ca6effc71e3206324110624e9906f946e7e660f98b809105564                         │
│  │ Owner: Account Address ( 0xb74d6d702f6b7b9d831570536829742130f09a740c30e0b895b4a9beacb97d62 )  │
│  │ Version: 98624864                                                                              │
│  │ Digest: AG7DL5ubrJLx4X3Do6W9nsTp47X69rrTxEdvA7SxiWuy                                           │
│  └──                                                                                              │
│ Mutated Objects:                                                                                  │
│  ┌──                                                                                              │
│  │ ID: 0x49b6ea50eaf249f6ded5fb1a096a6297e428ab97f1dc1f873e91ba8a9a8a6073                         │
│  │ Owner: Account Address ( 0x13a75ba9e38bcd05b92c37e771fd3068c8b55d81bb6622f14b387a53123d7ab1 )  │
│  │ Version: 98624864                                                                              │
│  │ Digest: 5Kv3ef83LWAf151hcVKxJKCV7TPjjTaAjCcZaPm9GXBK                                           │
│  └──                                                                                              │
│  ┌──                                                                                              │
│  │ ID: 0xb0b6745d74734fb22bb66627285692131777bc1e1abacd6cd36946672fd52087                         │
│  │ Owner: Account Address ( 0x13a75ba9e38bcd05b92c37e771fd3068c8b55d81bb6622f14b387a53123d7ab1 )  │
│  │ Version: 98624864                                                                              │
│  │ Digest: 5qW1oEHuESCQddKH42xiZY4dFhV5ZnfJcU1uLkfAtWPZ                                           │
│  └──                                                                                              │
│ Gas Object:                                                                                       │
│  ┌──                                                                                              │
│  │ ID: 0xb0b6745d74734fb22bb66627285692131777bc1e1abacd6cd36946672fd52087                         │
│  │ Owner: Account Address ( 0x13a75ba9e38bcd05b92c37e771fd3068c8b55d81bb6622f14b387a53123d7ab1 )  │
│  │ Version: 98624864                                                                              │
│  │ Digest: 5qW1oEHuESCQddKH42xiZY4dFhV5ZnfJcU1uLkfAtWPZ                                           │
│  └──                                                                                              │
│ Gas Cost Summary:                                                                                 │
│    Storage Cost: 5988800 MIST                                                                     │
│    Computation Cost: 758000 MIST                                                                  │
│    Storage Rebate: 2625876 MIST                                                                   │
│    Non-refundable Storage Fee: 26524 MIST                                                         │
│                                                                                                   │
│ Transaction Dependencies:                                                                         │
│    9LZSeQDb4cBTcSuPpZ4azXzow8jTGee1sUesvWZ1GKus                                                   │
│    FMiGzxRrf2s4fH8b7haU2kzdBsBpNYthRu8q2SxTfctz                                                   │
╰───────────────────────────────────────────────────────────────────────────────────────────────────╯
╭─────────────────────────────────────────────────────────────────────────────────────────────────────────────────╮
│ Transaction Block Events                                                                                        │
├─────────────────────────────────────────────────────────────────────────────────────────────────────────────────┤
│  ┌──                                                                                                            │
│  │ EventID: 8Q6UF8Th322E3K2abMT1bdViGbqB3FrkAQYYTtaiNWYL:0                                                      │
│  │ PackageID: 0x41a3350004440adf89a2f837c1e4c0bf1fe4edf6e08b56383ccb5c1606f210c1                                │
│  │ Transaction Module: attendance                                                                               │
│  │ Sender: 0x13a75ba9e38bcd05b92c37e771fd3068c8b55d81bb6622f14b387a53123d7ab1                                   │
│  │ EventType: 0x41a3350004440adf89a2f837c1e4c0bf1fe4edf6e08b56383ccb5c1606f210c1::attendance::AttendanceCreated │
│  │ ParsedJSON:                                                                                                  │
│  │   ┌─────────┬────────────────────────────────────────────────────────────────────┐                           │
│  │   │ id      │ 0x94249ad83ed21ca6effc71e3206324110624e9906f946e7e660f98b809105564 │                           │
│  │   ├─────────┼────────────────────────────────────────────────────────────────────┤                           │
│  │   │ meet_id │ 0x49b6ea50eaf249f6ded5fb1a096a6297e428ab97f1dc1f873e91ba8a9a8a6073 │                           │
│  │   ├─────────┼────────────────────────────────────────────────────────────────────┤                           │
│  │   │ tier    │ 1                                                                  │                           │
│  │   └─────────┴────────────────────────────────────────────────────────────────────┘                           │
│  └──                                                                                                            │
╰─────────────────────────────────────────────────────────────────────────────────────────────────────────────────╯
╭────────────────────────────────────────────────────────────────────────────────────────────────────────────╮
│ Object Changes                                                                                             │
├────────────────────────────────────────────────────────────────────────────────────────────────────────────┤
│ Created Objects:                                                                                           │
│  ┌──                                                                                                       │
│  │ ObjectID: 0x94249ad83ed21ca6effc71e3206324110624e9906f946e7e660f98b809105564                            │
│  │ Sender: 0x13a75ba9e38bcd05b92c37e771fd3068c8b55d81bb6622f14b387a53123d7ab1                              │
│  │ Owner: Account Address ( 0xb74d6d702f6b7b9d831570536829742130f09a740c30e0b895b4a9beacb97d62 )           │
│  │ ObjectType: 0x41a3350004440adf89a2f837c1e4c0bf1fe4edf6e08b56383ccb5c1606f210c1::attendance::Attendance  │
│  │ Version: 98624864                                                                                       │
│  │ Digest: AG7DL5ubrJLx4X3Do6W9nsTp47X69rrTxEdvA7SxiWuy                                                    │
│  └──                                                                                                       │
│ Mutated Objects:                                                                                           │
│  ┌──                                                                                                       │
│  │ ObjectID: 0x49b6ea50eaf249f6ded5fb1a096a6297e428ab97f1dc1f873e91ba8a9a8a6073                            │
│  │ Sender: 0x13a75ba9e38bcd05b92c37e771fd3068c8b55d81bb6622f14b387a53123d7ab1                              │
│  │ Owner: Account Address ( 0x13a75ba9e38bcd05b92c37e771fd3068c8b55d81bb6622f14b387a53123d7ab1 )           │
│  │ ObjectType: 0x41a3350004440adf89a2f837c1e4c0bf1fe4edf6e08b56383ccb5c1606f210c1::meet::Meet              │
│  │ Version: 98624864                                                                                       │
│  │ Digest: 5Kv3ef83LWAf151hcVKxJKCV7TPjjTaAjCcZaPm9GXBK                                                    │
│  └──                                                                                                       │
│  ┌──                                                                                                       │
│  │ ObjectID: 0xb0b6745d74734fb22bb66627285692131777bc1e1abacd6cd36946672fd52087                            │
│  │ Sender: 0x13a75ba9e38bcd05b92c37e771fd3068c8b55d81bb6622f14b387a53123d7ab1                              │
│  │ Owner: Account Address ( 0x13a75ba9e38bcd05b92c37e771fd3068c8b55d81bb6622f14b387a53123d7ab1 )           │
│  │ ObjectType: 0x2::coin::Coin<0x2::sui::SUI>                                                              │
│  │ Version: 98624864                                                                                       │
│  │ Digest: 5qW1oEHuESCQddKH42xiZY4dFhV5ZnfJcU1uLkfAtWPZ                                                    │
│  └──                                                                                                       │
╰────────────────────────────────────────────────────────────────────────────────────────────────────────────╯
╭───────────────────────────────────────────────────────────────────────────────────────────────────╮
│ Balance Changes                                                                                   │
├───────────────────────────────────────────────────────────────────────────────────────────────────┤
│  ┌──                                                                                              │
│  │ Owner: Account Address ( 0x13a75ba9e38bcd05b92c37e771fd3068c8b55d81bb6622f14b387a53123d7ab1 )  │
│  │ CoinType: 0x2::sui::SUI                                                                        │
│  │ Amount: -4120924                                                                               │
│  └──                                                                                              │
╰───────────────────────────────────────────────────────────────────────────────────────────────────╯

2024-07-10T23:46:15
Transaction Digest: 4VHKdnzAmYKMDD4u3T49cE7994xJk6Vp6pCJAsGwyHxo
╭────────────────────────────────────────────────────────────────────────────────────────────────────────────────────────────────────────────────────────────╮
│ Transaction Data                                                                                                                                           │
├────────────────────────────────────────────────────────────────────────────────────────────────────────────────────────────────────────────────────────────┤
│ Sender: 0x13a75ba9e38bcd05b92c37e771fd3068c8b55d81bb6622f14b387a53123d7ab1                                                                                 │
│ Gas Owner: 0x13a75ba9e38bcd05b92c37e771fd3068c8b55d81bb6622f14b387a53123d7ab1                                                                              │
│ Gas Budget: 500000000 MIST                                                                                                                                 │
│ Gas Price: 758 MIST                                                                                                                                        │
│ Gas Payment:                                                                                                                                               │
│  ┌──                                                                                                                                                       │
│  │ ID: 0xb0b6745d74734fb22bb66627285692131777bc1e1abacd6cd36946672fd52087                                                                                  │
│  │ Version: 98624864                                                                                                                                       │
│  │ Digest: 5qW1oEHuESCQddKH42xiZY4dFhV5ZnfJcU1uLkfAtWPZ                                                                                                    │
│  └──                                                                                                                                                       │
│                                                                                                                                                            │
│ Transaction Kind: Programmable                                                                                                                             │
│ ╭────────────────────────────────────────────────────────────────────────────────────────────────────────────────────────────────────────────────────────╮ │
│ │ Input Objects                                                                                                                                          │ │
│ ├────────────────────────────────────────────────────────────────────────────────────────────────────────────────────────────────────────────────────────┤ │
│ │ 0   Imm/Owned Object ID: 0x49b6ea50eaf249f6ded5fb1a096a6297e428ab97f1dc1f873e91ba8a9a8a6073                                                            │ │
│ │ 1   Pure Arg: Type: 0x1::string::String, Value: "1st Place Winner at Sui Overflow 2024 - ZkLogin"                                                      │ │
│ │ 2   Pure Arg: Type: 0x1::string::String, Value: "Congratulations! This hacker from PinataBot won 1st Place at the 2024 Sui Overflow global hackathon!" │ │
│ │ 3   Pure Arg: Type: 0x1::string::String, Value: "https://github.com/sui-foundation/attendance-nft/raw/main/gifs/overflow-1st.gif"                      │ │
│ │ 4   Pure Arg: Type: u8, Value: 1                                                                                                                       │ │
│ │ 5   Pure Arg: Type: address, Value: "0x0c95c6fd367b2da73cbc2f5933a4475365c6b6c5eb596a0263487d6367f678bd"                                               │ │
│ ╰────────────────────────────────────────────────────────────────────────────────────────────────────────────────────────────────────────────────────────╯ │
│ ╭──────────────────────────────────────────────────────────────────────────────────╮                                                                       │
│ │ Commands                                                                         │                                                                       │
│ ├──────────────────────────────────────────────────────────────────────────────────┤                                                                       │
│ │ 0  MoveCall:                                                                     │                                                                       │
│ │  ┌                                                                               │                                                                       │
│ │  │ Function:  mint_and_transfer                                                  │                                                                       │
│ │  │ Module:    attendance                                                         │                                                                       │
│ │  │ Package:   0x41a3350004440adf89a2f837c1e4c0bf1fe4edf6e08b56383ccb5c1606f210c1 │                                                                       │
│ │  │ Arguments:                                                                    │                                                                       │
│ │  │   Input  0                                                                    │                                                                       │
│ │  │   Input  1                                                                    │                                                                       │
│ │  │   Input  2                                                                    │                                                                       │
│ │  │   Input  3                                                                    │                                                                       │
│ │  │   Input  4                                                                    │                                                                       │
│ │  │   Input  5                                                                    │                                                                       │
│ │  └                                                                               │                                                                       │
│ ╰──────────────────────────────────────────────────────────────────────────────────╯                                                                       │
│                                                                                                                                                            │
│ Signatures:                                                                                                                                                │
│    8fK786EejqWrJWIozjjzis9L5SAaM5FCxgFB4GrOYmJbQOjz+fyWs/4iKYrQwSbD1ZRyzfDzbnlOoaQyK/lXAg==                                                                │
│                                                                                                                                                            │
╰────────────────────────────────────────────────────────────────────────────────────────────────────────────────────────────────────────────────────────────╯
╭───────────────────────────────────────────────────────────────────────────────────────────────────╮
│ Transaction Effects                                                                               │
├───────────────────────────────────────────────────────────────────────────────────────────────────┤
│ Digest: 4VHKdnzAmYKMDD4u3T49cE7994xJk6Vp6pCJAsGwyHxo                                              │
│ Status: Success                                                                                   │
│ Executed Epoch: 455                                                                               │
│                                                                                                   │
│ Created Objects:                                                                                  │
│  ┌──                                                                                              │
│  │ ID: 0xbba984e7f281009f452e7a4ff31da484c6805c94aa44714f667ae4f155e6f0f3                         │
│  │ Owner: Account Address ( 0x0c95c6fd367b2da73cbc2f5933a4475365c6b6c5eb596a0263487d6367f678bd )  │
│  │ Version: 98624865                                                                              │
│  │ Digest: d8HPXuaiN9N5eTathgTqPYPsDu1o7z639mYJFtCMv9D                                            │
│  └──                                                                                              │
│ Mutated Objects:                                                                                  │
│  ┌──                                                                                              │
│  │ ID: 0x49b6ea50eaf249f6ded5fb1a096a6297e428ab97f1dc1f873e91ba8a9a8a6073                         │
│  │ Owner: Account Address ( 0x13a75ba9e38bcd05b92c37e771fd3068c8b55d81bb6622f14b387a53123d7ab1 )  │
│  │ Version: 98624865                                                                              │
│  │ Digest: FzrWf9PpQTojsgX5VANboHXy5A1P97g7AozqKm6WAkZv                                           │
│  └──                                                                                              │
│  ┌──                                                                                              │
│  │ ID: 0xb0b6745d74734fb22bb66627285692131777bc1e1abacd6cd36946672fd52087                         │
│  │ Owner: Account Address ( 0x13a75ba9e38bcd05b92c37e771fd3068c8b55d81bb6622f14b387a53123d7ab1 )  │
│  │ Version: 98624865                                                                              │
│  │ Digest: BdCFLJR1jaToFUFz59nLNAi6zHBvLv868hAZioyU7y9A                                           │
│  └──                                                                                              │
│ Gas Object:                                                                                       │
│  ┌──                                                                                              │
│  │ ID: 0xb0b6745d74734fb22bb66627285692131777bc1e1abacd6cd36946672fd52087                         │
│  │ Owner: Account Address ( 0x13a75ba9e38bcd05b92c37e771fd3068c8b55d81bb6622f14b387a53123d7ab1 )  │
│  │ Version: 98624865                                                                              │
│  │ Digest: BdCFLJR1jaToFUFz59nLNAi6zHBvLv868hAZioyU7y9A                                           │
│  └──                                                                                              │
│ Gas Cost Summary:                                                                                 │
│    Storage Cost: 5988800 MIST                                                                     │
│    Computation Cost: 758000 MIST                                                                  │
│    Storage Rebate: 2625876 MIST                                                                   │
│    Non-refundable Storage Fee: 26524 MIST                                                         │
│                                                                                                   │
│ Transaction Dependencies:                                                                         │
│    8Q6UF8Th322E3K2abMT1bdViGbqB3FrkAQYYTtaiNWYL                                                   │
│    FMiGzxRrf2s4fH8b7haU2kzdBsBpNYthRu8q2SxTfctz                                                   │
╰───────────────────────────────────────────────────────────────────────────────────────────────────╯
╭─────────────────────────────────────────────────────────────────────────────────────────────────────────────────╮
│ Transaction Block Events                                                                                        │
├─────────────────────────────────────────────────────────────────────────────────────────────────────────────────┤
│  ┌──                                                                                                            │
│  │ EventID: 4VHKdnzAmYKMDD4u3T49cE7994xJk6Vp6pCJAsGwyHxo:0                                                      │
│  │ PackageID: 0x41a3350004440adf89a2f837c1e4c0bf1fe4edf6e08b56383ccb5c1606f210c1                                │
│  │ Transaction Module: attendance                                                                               │
│  │ Sender: 0x13a75ba9e38bcd05b92c37e771fd3068c8b55d81bb6622f14b387a53123d7ab1                                   │
│  │ EventType: 0x41a3350004440adf89a2f837c1e4c0bf1fe4edf6e08b56383ccb5c1606f210c1::attendance::AttendanceCreated │
│  │ ParsedJSON:                                                                                                  │
│  │   ┌─────────┬────────────────────────────────────────────────────────────────────┐                           │
│  │   │ id      │ 0xbba984e7f281009f452e7a4ff31da484c6805c94aa44714f667ae4f155e6f0f3 │                           │
│  │   ├─────────┼────────────────────────────────────────────────────────────────────┤                           │
│  │   │ meet_id │ 0x49b6ea50eaf249f6ded5fb1a096a6297e428ab97f1dc1f873e91ba8a9a8a6073 │                           │
│  │   ├─────────┼────────────────────────────────────────────────────────────────────┤                           │
│  │   │ tier    │ 1                                                                  │                           │
│  │   └─────────┴────────────────────────────────────────────────────────────────────┘                           │
│  └──                                                                                                            │
╰─────────────────────────────────────────────────────────────────────────────────────────────────────────────────╯
╭────────────────────────────────────────────────────────────────────────────────────────────────────────────╮
│ Object Changes                                                                                             │
├────────────────────────────────────────────────────────────────────────────────────────────────────────────┤
│ Created Objects:                                                                                           │
│  ┌──                                                                                                       │
│  │ ObjectID: 0xbba984e7f281009f452e7a4ff31da484c6805c94aa44714f667ae4f155e6f0f3                            │
│  │ Sender: 0x13a75ba9e38bcd05b92c37e771fd3068c8b55d81bb6622f14b387a53123d7ab1                              │
│  │ Owner: Account Address ( 0x0c95c6fd367b2da73cbc2f5933a4475365c6b6c5eb596a0263487d6367f678bd )           │
│  │ ObjectType: 0x41a3350004440adf89a2f837c1e4c0bf1fe4edf6e08b56383ccb5c1606f210c1::attendance::Attendance  │
│  │ Version: 98624865                                                                                       │
│  │ Digest: d8HPXuaiN9N5eTathgTqPYPsDu1o7z639mYJFtCMv9D                                                     │
│  └──                                                                                                       │
│ Mutated Objects:                                                                                           │
│  ┌──                                                                                                       │
│  │ ObjectID: 0x49b6ea50eaf249f6ded5fb1a096a6297e428ab97f1dc1f873e91ba8a9a8a6073                            │
│  │ Sender: 0x13a75ba9e38bcd05b92c37e771fd3068c8b55d81bb6622f14b387a53123d7ab1                              │
│  │ Owner: Account Address ( 0x13a75ba9e38bcd05b92c37e771fd3068c8b55d81bb6622f14b387a53123d7ab1 )           │
│  │ ObjectType: 0x41a3350004440adf89a2f837c1e4c0bf1fe4edf6e08b56383ccb5c1606f210c1::meet::Meet              │
│  │ Version: 98624865                                                                                       │
│  │ Digest: FzrWf9PpQTojsgX5VANboHXy5A1P97g7AozqKm6WAkZv                                                    │
│  └──                                                                                                       │
│  ┌──                                                                                                       │
│  │ ObjectID: 0xb0b6745d74734fb22bb66627285692131777bc1e1abacd6cd36946672fd52087                            │
│  │ Sender: 0x13a75ba9e38bcd05b92c37e771fd3068c8b55d81bb6622f14b387a53123d7ab1                              │
│  │ Owner: Account Address ( 0x13a75ba9e38bcd05b92c37e771fd3068c8b55d81bb6622f14b387a53123d7ab1 )           │
│  │ ObjectType: 0x2::coin::Coin<0x2::sui::SUI>                                                              │
│  │ Version: 98624865                                                                                       │
│  │ Digest: BdCFLJR1jaToFUFz59nLNAi6zHBvLv868hAZioyU7y9A                                                    │
│  └──                                                                                                       │
╰────────────────────────────────────────────────────────────────────────────────────────────────────────────╯
╭───────────────────────────────────────────────────────────────────────────────────────────────────╮
│ Balance Changes                                                                                   │
├───────────────────────────────────────────────────────────────────────────────────────────────────┤
│  ┌──                                                                                              │
│  │ Owner: Account Address ( 0x13a75ba9e38bcd05b92c37e771fd3068c8b55d81bb6622f14b387a53123d7ab1 )  │
│  │ CoinType: 0x2::sui::SUI                                                                        │
│  │ Amount: -4120924                                                                               │
│  └──                                                                                              │
╰───────────────────────────────────────────────────────────────────────────────────────────────────╯

