2024-07-22T16:35:10
Transaction Digest: 35rPjkg4H1riDwwcUjzR29pQHTpTUyRTiBkV3YT5Nekn
╭────────────────────────────────────────────────────────────────────────────────────────────────────────────────────────────────────────────────────────────────────────────╮
│ Transaction Data                                                                                                                                                           │
├────────────────────────────────────────────────────────────────────────────────────────────────────────────────────────────────────────────────────────────────────────────┤
│ Sender: 0x13a75ba9e38bcd05b92c37e771fd3068c8b55d81bb6622f14b387a53123d7ab1                                                                                                 │
│ Gas Owner: 0x13a75ba9e38bcd05b92c37e771fd3068c8b55d81bb6622f14b387a53123d7ab1                                                                                              │
│ Gas Budget: 500000000 MIST                                                                                                                                                 │
│ Gas Price: 758 MIST                                                                                                                                                        │
│ Gas Payment:                                                                                                                                                               │
│  ┌──                                                                                                                                                                       │
│  │ ID: 0xb0b6745d74734fb22bb66627285692131777bc1e1abacd6cd36946672fd52087                                                                                                  │
│  │ Version: 98624885                                                                                                                                                       │
│  │ Digest: 9rE66rABZrk8pCBwFTjiHYJECM9iHext6nuKGy2V1Dma                                                                                                                    │
│  └──                                                                                                                                                                       │
│                                                                                                                                                                            │
│ Transaction Kind: Programmable                                                                                                                                             │
│ ╭────────────────────────────────────────────────────────────────────────────────────────────────────────────────────────────────────────────────────────────────────────╮ │
│ │ Input Objects                                                                                                                                                          │ │
│ ├────────────────────────────────────────────────────────────────────────────────────────────────────────────────────────────────────────────────────────────────────────┤ │
│ │ 0   Imm/Owned Object ID: 0x49b6ea50eaf249f6ded5fb1a096a6297e428ab97f1dc1f873e91ba8a9a8a6073                                                                            │ │
│ │ 1   Pure Arg: Type: 0x1::string::String, Value: "3rd Place Winner at Sui Overflow 2024 - Multichain"                                                                   │ │
│ │ 2   Pure Arg: Type: 0x1::string::String, Value: "Congratulations! This hacker from Multichain Meme Generator won 3rd Place at the 2024 Sui Overflow global hackathon!" │ │
│ │ 3   Pure Arg: Type: 0x1::string::String, Value: "https://github.com/sui-foundation/attendance-nft/raw/main/gifs/overflow-3rd.gif"                                      │ │
│ │ 4   Pure Arg: Type: u8, Value: 3                                                                                                                                       │ │
│ │ 5   Pure Arg: Type: address, Value: "0x92326dcacd8e7b382ee02eb7ed66f44281b1ce40f42a84c993d79f4b7b44da8e"                                                               │ │
│ ╰────────────────────────────────────────────────────────────────────────────────────────────────────────────────────────────────────────────────────────────────────────╯ │
│ ╭──────────────────────────────────────────────────────────────────────────────────╮                                                                                       │
│ │ Commands                                                                         │                                                                                       │
│ ├──────────────────────────────────────────────────────────────────────────────────┤                                                                                       │
│ │ 0  MoveCall:                                                                     │                                                                                       │
│ │  ┌                                                                               │                                                                                       │
│ │  │ Function:  mint_and_transfer                                                  │                                                                                       │
│ │  │ Module:    attendance                                                         │                                                                                       │
│ │  │ Package:   0x41a3350004440adf89a2f837c1e4c0bf1fe4edf6e08b56383ccb5c1606f210c1 │                                                                                       │
│ │  │ Arguments:                                                                    │                                                                                       │
│ │  │   Input  0                                                                    │                                                                                       │
│ │  │   Input  1                                                                    │                                                                                       │
│ │  │   Input  2                                                                    │                                                                                       │
│ │  │   Input  3                                                                    │                                                                                       │
│ │  │   Input  4                                                                    │                                                                                       │
│ │  │   Input  5                                                                    │                                                                                       │
│ │  └                                                                               │                                                                                       │
│ ╰──────────────────────────────────────────────────────────────────────────────────╯                                                                                       │
│                                                                                                                                                                            │
│ Signatures:                                                                                                                                                                │
│    +K7+V14ryYxvRS25himR+2HUkhhP7hEU5mPDe3I22C1TZ1OoscSvyG39cjrOkQKI613DM10ZK8Y/qsFhbyexBQ==                                                                                │
│                                                                                                                                                                            │
╰────────────────────────────────────────────────────────────────────────────────────────────────────────────────────────────────────────────────────────────────────────────╯
╭───────────────────────────────────────────────────────────────────────────────────────────────────╮
│ Transaction Effects                                                                               │
├───────────────────────────────────────────────────────────────────────────────────────────────────┤
│ Digest: 35rPjkg4H1riDwwcUjzR29pQHTpTUyRTiBkV3YT5Nekn                                              │
│ Status: Success                                                                                   │
│ Executed Epoch: 467                                                                               │
│                                                                                                   │
│ Created Objects:                                                                                  │
│  ┌──                                                                                              │
│  │ ID: 0x806043676e4d4fa28ffec109b12d1f2cbd60e16bb9680cfc1369ef48bbe294cd                         │
│  │ Owner: Account Address ( 0x92326dcacd8e7b382ee02eb7ed66f44281b1ce40f42a84c993d79f4b7b44da8e )  │
│  │ Version: 98624886                                                                              │
│  │ Digest: 6xsKN9DafM4xAAk8Fn3FGcntKYVL92hgXMuCevSugxAk                                           │
│  └──                                                                                              │
│ Mutated Objects:                                                                                  │
│  ┌──                                                                                              │
│  │ ID: 0x49b6ea50eaf249f6ded5fb1a096a6297e428ab97f1dc1f873e91ba8a9a8a6073                         │
│  │ Owner: Account Address ( 0x13a75ba9e38bcd05b92c37e771fd3068c8b55d81bb6622f14b387a53123d7ab1 )  │
│  │ Version: 98624886                                                                              │
│  │ Digest: 9McJHAuPyLy3kaVtourcMgDB8wDC4azsYuSb7Mhov8gX                                           │
│  └──                                                                                              │
│  ┌──                                                                                              │
│  │ ID: 0xb0b6745d74734fb22bb66627285692131777bc1e1abacd6cd36946672fd52087                         │
│  │ Owner: Account Address ( 0x13a75ba9e38bcd05b92c37e771fd3068c8b55d81bb6622f14b387a53123d7ab1 )  │
│  │ Version: 98624886                                                                              │
│  │ Digest: B9atSpFVZGwAXprWXcbVS69vp5jo2JMGgag5MtrLzAuk                                           │
│  └──                                                                                              │
│ Gas Object:                                                                                       │
│  ┌──                                                                                              │
│  │ ID: 0xb0b6745d74734fb22bb66627285692131777bc1e1abacd6cd36946672fd52087                         │
│  │ Owner: Account Address ( 0x13a75ba9e38bcd05b92c37e771fd3068c8b55d81bb6622f14b387a53123d7ab1 )  │
│  │ Version: 98624886                                                                              │
│  │ Digest: B9atSpFVZGwAXprWXcbVS69vp5jo2JMGgag5MtrLzAuk                                           │
│  └──                                                                                              │
│ Gas Cost Summary:                                                                                 │
│    Storage Cost: 6133200 MIST                                                                     │
│    Computation Cost: 758000 MIST                                                                  │
│    Storage Rebate: 2625876 MIST                                                                   │
│    Non-refundable Storage Fee: 26524 MIST                                                         │
│                                                                                                   │
│ Transaction Dependencies:                                                                         │
│    Axa2jaKyL2PY7DamrhtrmDwBFiBCXmbAZtdVQGm3Fkd8                                                   │
│    FMiGzxRrf2s4fH8b7haU2kzdBsBpNYthRu8q2SxTfctz                                                   │
╰───────────────────────────────────────────────────────────────────────────────────────────────────╯
╭─────────────────────────────────────────────────────────────────────────────────────────────────────────────────╮
│ Transaction Block Events                                                                                        │
├─────────────────────────────────────────────────────────────────────────────────────────────────────────────────┤
│  ┌──                                                                                                            │
│  │ EventID: 35rPjkg4H1riDwwcUjzR29pQHTpTUyRTiBkV3YT5Nekn:0                                                      │
│  │ PackageID: 0x41a3350004440adf89a2f837c1e4c0bf1fe4edf6e08b56383ccb5c1606f210c1                                │
│  │ Transaction Module: attendance                                                                               │
│  │ Sender: 0x13a75ba9e38bcd05b92c37e771fd3068c8b55d81bb6622f14b387a53123d7ab1                                   │
│  │ EventType: 0x41a3350004440adf89a2f837c1e4c0bf1fe4edf6e08b56383ccb5c1606f210c1::attendance::AttendanceCreated │
│  │ ParsedJSON:                                                                                                  │
│  │   ┌─────────┬────────────────────────────────────────────────────────────────────┐                           │
│  │   │ id      │ 0x806043676e4d4fa28ffec109b12d1f2cbd60e16bb9680cfc1369ef48bbe294cd │                           │
│  │   ├─────────┼────────────────────────────────────────────────────────────────────┤                           │
│  │   │ meet_id │ 0x49b6ea50eaf249f6ded5fb1a096a6297e428ab97f1dc1f873e91ba8a9a8a6073 │                           │
│  │   ├─────────┼────────────────────────────────────────────────────────────────────┤                           │
│  │   │ tier    │ 3                                                                  │                           │
│  │   └─────────┴────────────────────────────────────────────────────────────────────┘                           │
│  └──                                                                                                            │
╰─────────────────────────────────────────────────────────────────────────────────────────────────────────────────╯
╭────────────────────────────────────────────────────────────────────────────────────────────────────────────╮
│ Object Changes                                                                                             │
├────────────────────────────────────────────────────────────────────────────────────────────────────────────┤
│ Created Objects:                                                                                           │
│  ┌──                                                                                                       │
│  │ ObjectID: 0x806043676e4d4fa28ffec109b12d1f2cbd60e16bb9680cfc1369ef48bbe294cd                            │
│  │ Sender: 0x13a75ba9e38bcd05b92c37e771fd3068c8b55d81bb6622f14b387a53123d7ab1                              │
│  │ Owner: Account Address ( 0x92326dcacd8e7b382ee02eb7ed66f44281b1ce40f42a84c993d79f4b7b44da8e )           │
│  │ ObjectType: 0x41a3350004440adf89a2f837c1e4c0bf1fe4edf6e08b56383ccb5c1606f210c1::attendance::Attendance  │
│  │ Version: 98624886                                                                                       │
│  │ Digest: 6xsKN9DafM4xAAk8Fn3FGcntKYVL92hgXMuCevSugxAk                                                    │
│  └──                                                                                                       │
│ Mutated Objects:                                                                                           │
│  ┌──                                                                                                       │
│  │ ObjectID: 0x49b6ea50eaf249f6ded5fb1a096a6297e428ab97f1dc1f873e91ba8a9a8a6073                            │
│  │ Sender: 0x13a75ba9e38bcd05b92c37e771fd3068c8b55d81bb6622f14b387a53123d7ab1                              │
│  │ Owner: Account Address ( 0x13a75ba9e38bcd05b92c37e771fd3068c8b55d81bb6622f14b387a53123d7ab1 )           │
│  │ ObjectType: 0x41a3350004440adf89a2f837c1e4c0bf1fe4edf6e08b56383ccb5c1606f210c1::meet::Meet              │
│  │ Version: 98624886                                                                                       │
│  │ Digest: 9McJHAuPyLy3kaVtourcMgDB8wDC4azsYuSb7Mhov8gX                                                    │
│  └──                                                                                                       │
│  ┌──                                                                                                       │
│  │ ObjectID: 0xb0b6745d74734fb22bb66627285692131777bc1e1abacd6cd36946672fd52087                            │
│  │ Sender: 0x13a75ba9e38bcd05b92c37e771fd3068c8b55d81bb6622f14b387a53123d7ab1                              │
│  │ Owner: Account Address ( 0x13a75ba9e38bcd05b92c37e771fd3068c8b55d81bb6622f14b387a53123d7ab1 )           │
│  │ ObjectType: 0x2::coin::Coin<0x2::sui::SUI>                                                              │
│  │ Version: 98624886                                                                                       │
│  │ Digest: B9atSpFVZGwAXprWXcbVS69vp5jo2JMGgag5MtrLzAuk                                                    │
│  └──                                                                                                       │
╰────────────────────────────────────────────────────────────────────────────────────────────────────────────╯
╭───────────────────────────────────────────────────────────────────────────────────────────────────╮
│ Balance Changes                                                                                   │
├───────────────────────────────────────────────────────────────────────────────────────────────────┤
│  ┌──                                                                                              │
│  │ Owner: Account Address ( 0x13a75ba9e38bcd05b92c37e771fd3068c8b55d81bb6622f14b387a53123d7ab1 )  │
│  │ CoinType: 0x2::sui::SUI                                                                        │
│  │ Amount: -4265324                                                                               │
│  └──                                                                                              │
╰───────────────────────────────────────────────────────────────────────────────────────────────────╯

