2024-07-10T22:05:28
Transaction Digest: 2meg7T83W55MkUwxBUDuqPVjhavcHyrXx1VtWHn8roUd
╭─────────────────────────────────────────────────────────────────────────────────────────────────────────────────────────────────────────────────────────────╮
│ Transaction Data                                                                                                                                            │
├─────────────────────────────────────────────────────────────────────────────────────────────────────────────────────────────────────────────────────────────┤
│ Sender: 0x13a75ba9e38bcd05b92c37e771fd3068c8b55d81bb6622f14b387a53123d7ab1                                                                                  │
│ Gas Owner: 0x13a75ba9e38bcd05b92c37e771fd3068c8b55d81bb6622f14b387a53123d7ab1                                                                               │
│ Gas Budget: 500000000 MIST                                                                                                                                  │
│ Gas Price: 758 MIST                                                                                                                                         │
│ Gas Payment:                                                                                                                                                │
│  ┌──                                                                                                                                                        │
│  │ ID: 0xb0b6745d74734fb22bb66627285692131777bc1e1abacd6cd36946672fd52087                                                                                   │
│  │ Version: 98624838                                                                                                                                        │
│  │ Digest: GtAmKspye4F1j9YPMKHt97XYQe3r3VgQGVbKDAGGdQ3i                                                                                                     │
│  └──                                                                                                                                                        │
│                                                                                                                                                             │
│ Transaction Kind: Programmable                                                                                                                              │
│ ╭─────────────────────────────────────────────────────────────────────────────────────────────────────────────────────────────────────────────────────────╮ │
│ │ Input Objects                                                                                                                                           │ │
│ ├─────────────────────────────────────────────────────────────────────────────────────────────────────────────────────────────────────────────────────────┤ │
│ │ 0   Imm/Owned Object ID: 0x49b6ea50eaf249f6ded5fb1a096a6297e428ab97f1dc1f873e91ba8a9a8a6073                                                             │ │
│ │ 1   Pure Arg: Type: 0x1::string::String, Value: "2nd Place Winner at Sui Overflow 2024 - ZkLogin"                                                       │ │
│ │ 2   Pure Arg: Type: 0x1::string::String, Value: "Congratulations! This hacker from LiquidLink won 2nd Place at the 2024 Sui Overflow global hackathon!" │ │
│ │ 3   Pure Arg: Type: 0x1::string::String, Value: "https://github.com/sui-foundation/attendance-nft/raw/main/gifs/overflow-2nd.gif"                       │ │
│ │ 4   Pure Arg: Type: u8, Value: 2                                                                                                                        │ │
│ │ 5   Pure Arg: Type: address, Value: "0x4afccc9ea14fd4002f1bf5e0b66b75db7f6bb345d9b8654d23df411ea93e5c91"                                                │ │
│ ╰─────────────────────────────────────────────────────────────────────────────────────────────────────────────────────────────────────────────────────────╯ │
│ ╭──────────────────────────────────────────────────────────────────────────────────╮                                                                        │
│ │ Commands                                                                         │                                                                        │
│ ├──────────────────────────────────────────────────────────────────────────────────┤                                                                        │
│ │ 0  MoveCall:                                                                     │                                                                        │
│ │  ┌                                                                               │                                                                        │
│ │  │ Function:  mint_and_transfer                                                  │                                                                        │
│ │  │ Module:    attendance                                                         │                                                                        │
│ │  │ Package:   0x41a3350004440adf89a2f837c1e4c0bf1fe4edf6e08b56383ccb5c1606f210c1 │                                                                        │
│ │  │ Arguments:                                                                    │                                                                        │
│ │  │   Input  0                                                                    │                                                                        │
│ │  │   Input  1                                                                    │                                                                        │
│ │  │   Input  2                                                                    │                                                                        │
│ │  │   Input  3                                                                    │                                                                        │
│ │  │   Input  4                                                                    │                                                                        │
│ │  │   Input  5                                                                    │                                                                        │
│ │  └                                                                               │                                                                        │
│ ╰──────────────────────────────────────────────────────────────────────────────────╯                                                                        │
│                                                                                                                                                             │
│ Signatures:                                                                                                                                                 │
│    TWdnzNb1dIErvsazWr+xXaAYbuhfkTgB1BQVtC9KzJaZ9PeloZrSN2bY6+EHswLoWJ29HUwZxZbqSPoYY357Bw==                                                                 │
│                                                                                                                                                             │
╰─────────────────────────────────────────────────────────────────────────────────────────────────────────────────────────────────────────────────────────────╯
╭───────────────────────────────────────────────────────────────────────────────────────────────────╮
│ Transaction Effects                                                                               │
├───────────────────────────────────────────────────────────────────────────────────────────────────┤
│ Digest: 2meg7T83W55MkUwxBUDuqPVjhavcHyrXx1VtWHn8roUd                                              │
│ Status: Success                                                                                   │
│ Executed Epoch: 455                                                                               │
│                                                                                                   │
│ Created Objects:                                                                                  │
│  ┌──                                                                                              │
│  │ ID: 0x45c39e336aef8310f68dc1bad4de9acf324d1e6cb9b7a92bd60f0571aa2461ba                         │
│  │ Owner: Account Address ( 0x4afccc9ea14fd4002f1bf5e0b66b75db7f6bb345d9b8654d23df411ea93e5c91 )  │
│  │ Version: 98624839                                                                              │
│  │ Digest: 6uWqnq876ENx4kEiDhCkU1dmhZLEk24vZ1xCNxXo3EQ4                                           │
│  └──                                                                                              │
│ Mutated Objects:                                                                                  │
│  ┌──                                                                                              │
│  │ ID: 0x49b6ea50eaf249f6ded5fb1a096a6297e428ab97f1dc1f873e91ba8a9a8a6073                         │
│  │ Owner: Account Address ( 0x13a75ba9e38bcd05b92c37e771fd3068c8b55d81bb6622f14b387a53123d7ab1 )  │
│  │ Version: 98624839                                                                              │
│  │ Digest: 8b1EiQ6T7yb4a3iX9mPuxGPpbh7b6JJfNgLHKXTmmZZr                                           │
│  └──                                                                                              │
│  ┌──                                                                                              │
│  │ ID: 0xb0b6745d74734fb22bb66627285692131777bc1e1abacd6cd36946672fd52087                         │
│  │ Owner: Account Address ( 0x13a75ba9e38bcd05b92c37e771fd3068c8b55d81bb6622f14b387a53123d7ab1 )  │
│  │ Version: 98624839                                                                              │
│  │ Digest: FrWnPUn2QivWKkkTVxqST46wji3f7ZEffk6dXigvt2uR                                           │
│  └──                                                                                              │
│ Gas Object:                                                                                       │
│  ┌──                                                                                              │
│  │ ID: 0xb0b6745d74734fb22bb66627285692131777bc1e1abacd6cd36946672fd52087                         │
│  │ Owner: Account Address ( 0x13a75ba9e38bcd05b92c37e771fd3068c8b55d81bb6622f14b387a53123d7ab1 )  │
│  │ Version: 98624839                                                                              │
│  │ Digest: FrWnPUn2QivWKkkTVxqST46wji3f7ZEffk6dXigvt2uR                                           │
│  └──                                                                                              │
│ Gas Cost Summary:                                                                                 │
│    Storage Cost: 5996400 MIST                                                                     │
│    Computation Cost: 758000 MIST                                                                  │
│    Storage Rebate: 2625876 MIST                                                                   │
│    Non-refundable Storage Fee: 26524 MIST                                                         │
│                                                                                                   │
│ Transaction Dependencies:                                                                         │
│    5u9YCzHKDHMN2GwUNc4jfCTBnCjwWLe6AGKfi2HsMb2y                                                   │
│    FMiGzxRrf2s4fH8b7haU2kzdBsBpNYthRu8q2SxTfctz                                                   │
╰───────────────────────────────────────────────────────────────────────────────────────────────────╯
╭─────────────────────────────────────────────────────────────────────────────────────────────────────────────────╮
│ Transaction Block Events                                                                                        │
├─────────────────────────────────────────────────────────────────────────────────────────────────────────────────┤
│  ┌──                                                                                                            │
│  │ EventID: 2meg7T83W55MkUwxBUDuqPVjhavcHyrXx1VtWHn8roUd:0                                                      │
│  │ PackageID: 0x41a3350004440adf89a2f837c1e4c0bf1fe4edf6e08b56383ccb5c1606f210c1                                │
│  │ Transaction Module: attendance                                                                               │
│  │ Sender: 0x13a75ba9e38bcd05b92c37e771fd3068c8b55d81bb6622f14b387a53123d7ab1                                   │
│  │ EventType: 0x41a3350004440adf89a2f837c1e4c0bf1fe4edf6e08b56383ccb5c1606f210c1::attendance::AttendanceCreated │
│  │ ParsedJSON:                                                                                                  │
│  │   ┌─────────┬────────────────────────────────────────────────────────────────────┐                           │
│  │   │ id      │ 0x45c39e336aef8310f68dc1bad4de9acf324d1e6cb9b7a92bd60f0571aa2461ba │                           │
│  │   ├─────────┼────────────────────────────────────────────────────────────────────┤                           │
│  │   │ meet_id │ 0x49b6ea50eaf249f6ded5fb1a096a6297e428ab97f1dc1f873e91ba8a9a8a6073 │                           │
│  │   ├─────────┼────────────────────────────────────────────────────────────────────┤                           │
│  │   │ tier    │ 2                                                                  │                           │
│  │   └─────────┴────────────────────────────────────────────────────────────────────┘                           │
│  └──                                                                                                            │
╰─────────────────────────────────────────────────────────────────────────────────────────────────────────────────╯
╭────────────────────────────────────────────────────────────────────────────────────────────────────────────╮
│ Object Changes                                                                                             │
├────────────────────────────────────────────────────────────────────────────────────────────────────────────┤
│ Created Objects:                                                                                           │
│  ┌──                                                                                                       │
│  │ ObjectID: 0x45c39e336aef8310f68dc1bad4de9acf324d1e6cb9b7a92bd60f0571aa2461ba                            │
│  │ Sender: 0x13a75ba9e38bcd05b92c37e771fd3068c8b55d81bb6622f14b387a53123d7ab1                              │
│  │ Owner: Account Address ( 0x4afccc9ea14fd4002f1bf5e0b66b75db7f6bb345d9b8654d23df411ea93e5c91 )           │
│  │ ObjectType: 0x41a3350004440adf89a2f837c1e4c0bf1fe4edf6e08b56383ccb5c1606f210c1::attendance::Attendance  │
│  │ Version: 98624839                                                                                       │
│  │ Digest: 6uWqnq876ENx4kEiDhCkU1dmhZLEk24vZ1xCNxXo3EQ4                                                    │
│  └──                                                                                                       │
│ Mutated Objects:                                                                                           │
│  ┌──                                                                                                       │
│  │ ObjectID: 0x49b6ea50eaf249f6ded5fb1a096a6297e428ab97f1dc1f873e91ba8a9a8a6073                            │
│  │ Sender: 0x13a75ba9e38bcd05b92c37e771fd3068c8b55d81bb6622f14b387a53123d7ab1                              │
│  │ Owner: Account Address ( 0x13a75ba9e38bcd05b92c37e771fd3068c8b55d81bb6622f14b387a53123d7ab1 )           │
│  │ ObjectType: 0x41a3350004440adf89a2f837c1e4c0bf1fe4edf6e08b56383ccb5c1606f210c1::meet::Meet              │
│  │ Version: 98624839                                                                                       │
│  │ Digest: 8b1EiQ6T7yb4a3iX9mPuxGPpbh7b6JJfNgLHKXTmmZZr                                                    │
│  └──                                                                                                       │
│  ┌──                                                                                                       │
│  │ ObjectID: 0xb0b6745d74734fb22bb66627285692131777bc1e1abacd6cd36946672fd52087                            │
│  │ Sender: 0x13a75ba9e38bcd05b92c37e771fd3068c8b55d81bb6622f14b387a53123d7ab1                              │
│  │ Owner: Account Address ( 0x13a75ba9e38bcd05b92c37e771fd3068c8b55d81bb6622f14b387a53123d7ab1 )           │
│  │ ObjectType: 0x2::coin::Coin<0x2::sui::SUI>                                                              │
│  │ Version: 98624839                                                                                       │
│  │ Digest: FrWnPUn2QivWKkkTVxqST46wji3f7ZEffk6dXigvt2uR                                                    │
│  └──                                                                                                       │
╰────────────────────────────────────────────────────────────────────────────────────────────────────────────╯
╭───────────────────────────────────────────────────────────────────────────────────────────────────╮
│ Balance Changes                                                                                   │
├───────────────────────────────────────────────────────────────────────────────────────────────────┤
│  ┌──                                                                                              │
│  │ Owner: Account Address ( 0x13a75ba9e38bcd05b92c37e771fd3068c8b55d81bb6622f14b387a53123d7ab1 )  │
│  │ CoinType: 0x2::sui::SUI                                                                        │
│  │ Amount: -4128524                                                                               │
│  └──                                                                                              │
╰───────────────────────────────────────────────────────────────────────────────────────────────────╯

2024-07-10T22:05:34
Transaction Digest: HgX9JM7P5AvhCdSd8UH5qrX1fYqwb9MLbwRfQrzq2U3w
╭─────────────────────────────────────────────────────────────────────────────────────────────────────────────────────────────────────────────────────────────╮
│ Transaction Data                                                                                                                                            │
├─────────────────────────────────────────────────────────────────────────────────────────────────────────────────────────────────────────────────────────────┤
│ Sender: 0x13a75ba9e38bcd05b92c37e771fd3068c8b55d81bb6622f14b387a53123d7ab1                                                                                  │
│ Gas Owner: 0x13a75ba9e38bcd05b92c37e771fd3068c8b55d81bb6622f14b387a53123d7ab1                                                                               │
│ Gas Budget: 500000000 MIST                                                                                                                                  │
│ Gas Price: 758 MIST                                                                                                                                         │
│ Gas Payment:                                                                                                                                                │
│  ┌──                                                                                                                                                        │
│  │ ID: 0xb0b6745d74734fb22bb66627285692131777bc1e1abacd6cd36946672fd52087                                                                                   │
│  │ Version: 98624839                                                                                                                                        │
│  │ Digest: FrWnPUn2QivWKkkTVxqST46wji3f7ZEffk6dXigvt2uR                                                                                                     │
│  └──                                                                                                                                                        │
│                                                                                                                                                             │
│ Transaction Kind: Programmable                                                                                                                              │
│ ╭─────────────────────────────────────────────────────────────────────────────────────────────────────────────────────────────────────────────────────────╮ │
│ │ Input Objects                                                                                                                                           │ │
│ ├─────────────────────────────────────────────────────────────────────────────────────────────────────────────────────────────────────────────────────────┤ │
│ │ 0   Imm/Owned Object ID: 0x49b6ea50eaf249f6ded5fb1a096a6297e428ab97f1dc1f873e91ba8a9a8a6073                                                             │ │
│ │ 1   Pure Arg: Type: 0x1::string::String, Value: "2nd Place Winner at Sui Overflow 2024 - ZkLogin"                                                       │ │
│ │ 2   Pure Arg: Type: 0x1::string::String, Value: "Congratulations! This hacker from LiquidLink won 2nd Place at the 2024 Sui Overflow global hackathon!" │ │
│ │ 3   Pure Arg: Type: 0x1::string::String, Value: "https://github.com/sui-foundation/attendance-nft/raw/main/gifs/overflow-2nd.gif"                       │ │
│ │ 4   Pure Arg: Type: u8, Value: 2                                                                                                                        │ │
│ │ 5   Pure Arg: Type: address, Value: "0x10e37594c6e280d66678eba1185eaf00eb326933f0adbb1a1d84b8c74c4e0633"                                                │ │
│ ╰─────────────────────────────────────────────────────────────────────────────────────────────────────────────────────────────────────────────────────────╯ │
│ ╭──────────────────────────────────────────────────────────────────────────────────╮                                                                        │
│ │ Commands                                                                         │                                                                        │
│ ├──────────────────────────────────────────────────────────────────────────────────┤                                                                        │
│ │ 0  MoveCall:                                                                     │                                                                        │
│ │  ┌                                                                               │                                                                        │
│ │  │ Function:  mint_and_transfer                                                  │                                                                        │
│ │  │ Module:    attendance                                                         │                                                                        │
│ │  │ Package:   0x41a3350004440adf89a2f837c1e4c0bf1fe4edf6e08b56383ccb5c1606f210c1 │                                                                        │
│ │  │ Arguments:                                                                    │                                                                        │
│ │  │   Input  0                                                                    │                                                                        │
│ │  │   Input  1                                                                    │                                                                        │
│ │  │   Input  2                                                                    │                                                                        │
│ │  │   Input  3                                                                    │                                                                        │
│ │  │   Input  4                                                                    │                                                                        │
│ │  │   Input  5                                                                    │                                                                        │
│ │  └                                                                               │                                                                        │
│ ╰──────────────────────────────────────────────────────────────────────────────────╯                                                                        │
│                                                                                                                                                             │
│ Signatures:                                                                                                                                                 │
│    Y0lYsH15jreMhZ0+CwjCi66PZ65L3BuuR4AVwx+ASTKxCKSOpo6bM4Vr9KuatK8BAVmmmNcF0R00l1e9cmOCDg==                                                                 │
│                                                                                                                                                             │
╰─────────────────────────────────────────────────────────────────────────────────────────────────────────────────────────────────────────────────────────────╯
╭───────────────────────────────────────────────────────────────────────────────────────────────────╮
│ Transaction Effects                                                                               │
├───────────────────────────────────────────────────────────────────────────────────────────────────┤
│ Digest: HgX9JM7P5AvhCdSd8UH5qrX1fYqwb9MLbwRfQrzq2U3w                                              │
│ Status: Success                                                                                   │
│ Executed Epoch: 455                                                                               │
│                                                                                                   │
│ Created Objects:                                                                                  │
│  ┌──                                                                                              │
│  │ ID: 0x44bb79694a3426e96b677f3c564b77bab77b4143ca21709eccf1ec791f57a2eb                         │
│  │ Owner: Account Address ( 0x10e37594c6e280d66678eba1185eaf00eb326933f0adbb1a1d84b8c74c4e0633 )  │
│  │ Version: 98624840                                                                              │
│  │ Digest: 5DXHnQ2n86Exakk1nDWK6tpZjzLrmdzJGPpuKcJRyAXQ                                           │
│  └──                                                                                              │
│ Mutated Objects:                                                                                  │
│  ┌──                                                                                              │
│  │ ID: 0x49b6ea50eaf249f6ded5fb1a096a6297e428ab97f1dc1f873e91ba8a9a8a6073                         │
│  │ Owner: Account Address ( 0x13a75ba9e38bcd05b92c37e771fd3068c8b55d81bb6622f14b387a53123d7ab1 )  │
│  │ Version: 98624840                                                                              │
│  │ Digest: 2wrauAgVmJDCmdnA485qZSUKLgkEjj43cFKxRJzyh7Em                                           │
│  └──                                                                                              │
│  ┌──                                                                                              │
│  │ ID: 0xb0b6745d74734fb22bb66627285692131777bc1e1abacd6cd36946672fd52087                         │
│  │ Owner: Account Address ( 0x13a75ba9e38bcd05b92c37e771fd3068c8b55d81bb6622f14b387a53123d7ab1 )  │
│  │ Version: 98624840                                                                              │
│  │ Digest: 7qczLj7bXTWqx6NRAaZARh5zACPvz8yMTfPcBp6rihvU                                           │
│  └──                                                                                              │
│ Gas Object:                                                                                       │
│  ┌──                                                                                              │
│  │ ID: 0xb0b6745d74734fb22bb66627285692131777bc1e1abacd6cd36946672fd52087                         │
│  │ Owner: Account Address ( 0x13a75ba9e38bcd05b92c37e771fd3068c8b55d81bb6622f14b387a53123d7ab1 )  │
│  │ Version: 98624840                                                                              │
│  │ Digest: 7qczLj7bXTWqx6NRAaZARh5zACPvz8yMTfPcBp6rihvU                                           │
│  └──                                                                                              │
│ Gas Cost Summary:                                                                                 │
│    Storage Cost: 5996400 MIST                                                                     │
│    Computation Cost: 758000 MIST                                                                  │
│    Storage Rebate: 2625876 MIST                                                                   │
│    Non-refundable Storage Fee: 26524 MIST                                                         │
│                                                                                                   │
│ Transaction Dependencies:                                                                         │
│    2meg7T83W55MkUwxBUDuqPVjhavcHyrXx1VtWHn8roUd                                                   │
│    FMiGzxRrf2s4fH8b7haU2kzdBsBpNYthRu8q2SxTfctz                                                   │
╰───────────────────────────────────────────────────────────────────────────────────────────────────╯
╭─────────────────────────────────────────────────────────────────────────────────────────────────────────────────╮
│ Transaction Block Events                                                                                        │
├─────────────────────────────────────────────────────────────────────────────────────────────────────────────────┤
│  ┌──                                                                                                            │
│  │ EventID: HgX9JM7P5AvhCdSd8UH5qrX1fYqwb9MLbwRfQrzq2U3w:0                                                      │
│  │ PackageID: 0x41a3350004440adf89a2f837c1e4c0bf1fe4edf6e08b56383ccb5c1606f210c1                                │
│  │ Transaction Module: attendance                                                                               │
│  │ Sender: 0x13a75ba9e38bcd05b92c37e771fd3068c8b55d81bb6622f14b387a53123d7ab1                                   │
│  │ EventType: 0x41a3350004440adf89a2f837c1e4c0bf1fe4edf6e08b56383ccb5c1606f210c1::attendance::AttendanceCreated │
│  │ ParsedJSON:                                                                                                  │
│  │   ┌─────────┬────────────────────────────────────────────────────────────────────┐                           │
│  │   │ id      │ 0x44bb79694a3426e96b677f3c564b77bab77b4143ca21709eccf1ec791f57a2eb │                           │
│  │   ├─────────┼────────────────────────────────────────────────────────────────────┤                           │
│  │   │ meet_id │ 0x49b6ea50eaf249f6ded5fb1a096a6297e428ab97f1dc1f873e91ba8a9a8a6073 │                           │
│  │   ├─────────┼────────────────────────────────────────────────────────────────────┤                           │
│  │   │ tier    │ 2                                                                  │                           │
│  │   └─────────┴────────────────────────────────────────────────────────────────────┘                           │
│  └──                                                                                                            │
╰─────────────────────────────────────────────────────────────────────────────────────────────────────────────────╯
╭────────────────────────────────────────────────────────────────────────────────────────────────────────────╮
│ Object Changes                                                                                             │
├────────────────────────────────────────────────────────────────────────────────────────────────────────────┤
│ Created Objects:                                                                                           │
│  ┌──                                                                                                       │
│  │ ObjectID: 0x44bb79694a3426e96b677f3c564b77bab77b4143ca21709eccf1ec791f57a2eb                            │
│  │ Sender: 0x13a75ba9e38bcd05b92c37e771fd3068c8b55d81bb6622f14b387a53123d7ab1                              │
│  │ Owner: Account Address ( 0x10e37594c6e280d66678eba1185eaf00eb326933f0adbb1a1d84b8c74c4e0633 )           │
│  │ ObjectType: 0x41a3350004440adf89a2f837c1e4c0bf1fe4edf6e08b56383ccb5c1606f210c1::attendance::Attendance  │
│  │ Version: 98624840                                                                                       │
│  │ Digest: 5DXHnQ2n86Exakk1nDWK6tpZjzLrmdzJGPpuKcJRyAXQ                                                    │
│  └──                                                                                                       │
│ Mutated Objects:                                                                                           │
│  ┌──                                                                                                       │
│  │ ObjectID: 0x49b6ea50eaf249f6ded5fb1a096a6297e428ab97f1dc1f873e91ba8a9a8a6073                            │
│  │ Sender: 0x13a75ba9e38bcd05b92c37e771fd3068c8b55d81bb6622f14b387a53123d7ab1                              │
│  │ Owner: Account Address ( 0x13a75ba9e38bcd05b92c37e771fd3068c8b55d81bb6622f14b387a53123d7ab1 )           │
│  │ ObjectType: 0x41a3350004440adf89a2f837c1e4c0bf1fe4edf6e08b56383ccb5c1606f210c1::meet::Meet              │
│  │ Version: 98624840                                                                                       │
│  │ Digest: 2wrauAgVmJDCmdnA485qZSUKLgkEjj43cFKxRJzyh7Em                                                    │
│  └──                                                                                                       │
│  ┌──                                                                                                       │
│  │ ObjectID: 0xb0b6745d74734fb22bb66627285692131777bc1e1abacd6cd36946672fd52087                            │
│  │ Sender: 0x13a75ba9e38bcd05b92c37e771fd3068c8b55d81bb6622f14b387a53123d7ab1                              │
│  │ Owner: Account Address ( 0x13a75ba9e38bcd05b92c37e771fd3068c8b55d81bb6622f14b387a53123d7ab1 )           │
│  │ ObjectType: 0x2::coin::Coin<0x2::sui::SUI>                                                              │
│  │ Version: 98624840                                                                                       │
│  │ Digest: 7qczLj7bXTWqx6NRAaZARh5zACPvz8yMTfPcBp6rihvU                                                    │
│  └──                                                                                                       │
╰────────────────────────────────────────────────────────────────────────────────────────────────────────────╯
╭───────────────────────────────────────────────────────────────────────────────────────────────────╮
│ Balance Changes                                                                                   │
├───────────────────────────────────────────────────────────────────────────────────────────────────┤
│  ┌──                                                                                              │
│  │ Owner: Account Address ( 0x13a75ba9e38bcd05b92c37e771fd3068c8b55d81bb6622f14b387a53123d7ab1 )  │
│  │ CoinType: 0x2::sui::SUI                                                                        │
│  │ Amount: -4128524                                                                               │
│  └──                                                                                              │
╰───────────────────────────────────────────────────────────────────────────────────────────────────╯

2024-07-10T22:05:41
Transaction Digest: 9TAuuMj7PNXBspwB2wm829DNcqPL1SraEGndLKQieMG2
╭─────────────────────────────────────────────────────────────────────────────────────────────────────────────────────────────────────────────────────────────╮
│ Transaction Data                                                                                                                                            │
├─────────────────────────────────────────────────────────────────────────────────────────────────────────────────────────────────────────────────────────────┤
│ Sender: 0x13a75ba9e38bcd05b92c37e771fd3068c8b55d81bb6622f14b387a53123d7ab1                                                                                  │
│ Gas Owner: 0x13a75ba9e38bcd05b92c37e771fd3068c8b55d81bb6622f14b387a53123d7ab1                                                                               │
│ Gas Budget: 500000000 MIST                                                                                                                                  │
│ Gas Price: 758 MIST                                                                                                                                         │
│ Gas Payment:                                                                                                                                                │
│  ┌──                                                                                                                                                        │
│  │ ID: 0xb0b6745d74734fb22bb66627285692131777bc1e1abacd6cd36946672fd52087                                                                                   │
│  │ Version: 98624840                                                                                                                                        │
│  │ Digest: 7qczLj7bXTWqx6NRAaZARh5zACPvz8yMTfPcBp6rihvU                                                                                                     │
│  └──                                                                                                                                                        │
│                                                                                                                                                             │
│ Transaction Kind: Programmable                                                                                                                              │
│ ╭─────────────────────────────────────────────────────────────────────────────────────────────────────────────────────────────────────────────────────────╮ │
│ │ Input Objects                                                                                                                                           │ │
│ ├─────────────────────────────────────────────────────────────────────────────────────────────────────────────────────────────────────────────────────────┤ │
│ │ 0   Imm/Owned Object ID: 0x49b6ea50eaf249f6ded5fb1a096a6297e428ab97f1dc1f873e91ba8a9a8a6073                                                             │ │
│ │ 1   Pure Arg: Type: 0x1::string::String, Value: "2nd Place Winner at Sui Overflow 2024 - ZkLogin"                                                       │ │
│ │ 2   Pure Arg: Type: 0x1::string::String, Value: "Congratulations! This hacker from LiquidLink won 2nd Place at the 2024 Sui Overflow global hackathon!" │ │
│ │ 3   Pure Arg: Type: 0x1::string::String, Value: "https://github.com/sui-foundation/attendance-nft/raw/main/gifs/overflow-2nd.gif"                       │ │
│ │ 4   Pure Arg: Type: u8, Value: 2                                                                                                                        │ │
│ │ 5   Pure Arg: Type: address, Value: "0x1ef9cb55999574d3b52ee2b9b695fc2fa7b680fa3119ffd050e3f504a78406b9"                                                │ │
│ ╰─────────────────────────────────────────────────────────────────────────────────────────────────────────────────────────────────────────────────────────╯ │
│ ╭──────────────────────────────────────────────────────────────────────────────────╮                                                                        │
│ │ Commands                                                                         │                                                                        │
│ ├──────────────────────────────────────────────────────────────────────────────────┤                                                                        │
│ │ 0  MoveCall:                                                                     │                                                                        │
│ │  ┌                                                                               │                                                                        │
│ │  │ Function:  mint_and_transfer                                                  │                                                                        │
│ │  │ Module:    attendance                                                         │                                                                        │
│ │  │ Package:   0x41a3350004440adf89a2f837c1e4c0bf1fe4edf6e08b56383ccb5c1606f210c1 │                                                                        │
│ │  │ Arguments:                                                                    │                                                                        │
│ │  │   Input  0                                                                    │                                                                        │
│ │  │   Input  1                                                                    │                                                                        │
│ │  │   Input  2                                                                    │                                                                        │
│ │  │   Input  3                                                                    │                                                                        │
│ │  │   Input  4                                                                    │                                                                        │
│ │  │   Input  5                                                                    │                                                                        │
│ │  └                                                                               │                                                                        │
│ ╰──────────────────────────────────────────────────────────────────────────────────╯                                                                        │
│                                                                                                                                                             │
│ Signatures:                                                                                                                                                 │
│    dKFHxaBQusAdhwpWZWdqmRLkjwB527cW5gSMtFRuj2+sR5yvIZV57xNBwAsuK1+voH1k22NG7tMDwritRQmsAw==                                                                 │
│                                                                                                                                                             │
╰─────────────────────────────────────────────────────────────────────────────────────────────────────────────────────────────────────────────────────────────╯
╭───────────────────────────────────────────────────────────────────────────────────────────────────╮
│ Transaction Effects                                                                               │
├───────────────────────────────────────────────────────────────────────────────────────────────────┤
│ Digest: 9TAuuMj7PNXBspwB2wm829DNcqPL1SraEGndLKQieMG2                                              │
│ Status: Success                                                                                   │
│ Executed Epoch: 455                                                                               │
│                                                                                                   │
│ Created Objects:                                                                                  │
│  ┌──                                                                                              │
│  │ ID: 0x7fe7dc96507832328ccccd452d182b04d3a0b4c2e99659c7e26c1df85938d598                         │
│  │ Owner: Account Address ( 0x1ef9cb55999574d3b52ee2b9b695fc2fa7b680fa3119ffd050e3f504a78406b9 )  │
│  │ Version: 98624841                                                                              │
│  │ Digest: C9HiMQVth4wn6MZvGzcBJvm1yR5Db2NLy3K2uXsPQf9T                                           │
│  └──                                                                                              │
│ Mutated Objects:                                                                                  │
│  ┌──                                                                                              │
│  │ ID: 0x49b6ea50eaf249f6ded5fb1a096a6297e428ab97f1dc1f873e91ba8a9a8a6073                         │
│  │ Owner: Account Address ( 0x13a75ba9e38bcd05b92c37e771fd3068c8b55d81bb6622f14b387a53123d7ab1 )  │
│  │ Version: 98624841                                                                              │
│  │ Digest: JDgjTFcmFXMzsoPuoa2mbWCnp8yJANFgFVFmaUd2Xo1J                                           │
│  └──                                                                                              │
│  ┌──                                                                                              │
│  │ ID: 0xb0b6745d74734fb22bb66627285692131777bc1e1abacd6cd36946672fd52087                         │
│  │ Owner: Account Address ( 0x13a75ba9e38bcd05b92c37e771fd3068c8b55d81bb6622f14b387a53123d7ab1 )  │
│  │ Version: 98624841                                                                              │
│  │ Digest: 2ztbxpcjBUUwUCBuRFb8jjNPSbpoPy9SbbkaNGavZM1t                                           │
│  └──                                                                                              │
│ Gas Object:                                                                                       │
│  ┌──                                                                                              │
│  │ ID: 0xb0b6745d74734fb22bb66627285692131777bc1e1abacd6cd36946672fd52087                         │
│  │ Owner: Account Address ( 0x13a75ba9e38bcd05b92c37e771fd3068c8b55d81bb6622f14b387a53123d7ab1 )  │
│  │ Version: 98624841                                                                              │
│  │ Digest: 2ztbxpcjBUUwUCBuRFb8jjNPSbpoPy9SbbkaNGavZM1t                                           │
│  └──                                                                                              │
│ Gas Cost Summary:                                                                                 │
│    Storage Cost: 5996400 MIST                                                                     │
│    Computation Cost: 758000 MIST                                                                  │
│    Storage Rebate: 2625876 MIST                                                                   │
│    Non-refundable Storage Fee: 26524 MIST                                                         │
│                                                                                                   │
│ Transaction Dependencies:                                                                         │
│    FMiGzxRrf2s4fH8b7haU2kzdBsBpNYthRu8q2SxTfctz                                                   │
│    HgX9JM7P5AvhCdSd8UH5qrX1fYqwb9MLbwRfQrzq2U3w                                                   │
╰───────────────────────────────────────────────────────────────────────────────────────────────────╯
╭─────────────────────────────────────────────────────────────────────────────────────────────────────────────────╮
│ Transaction Block Events                                                                                        │
├─────────────────────────────────────────────────────────────────────────────────────────────────────────────────┤
│  ┌──                                                                                                            │
│  │ EventID: 9TAuuMj7PNXBspwB2wm829DNcqPL1SraEGndLKQieMG2:0                                                      │
│  │ PackageID: 0x41a3350004440adf89a2f837c1e4c0bf1fe4edf6e08b56383ccb5c1606f210c1                                │
│  │ Transaction Module: attendance                                                                               │
│  │ Sender: 0x13a75ba9e38bcd05b92c37e771fd3068c8b55d81bb6622f14b387a53123d7ab1                                   │
│  │ EventType: 0x41a3350004440adf89a2f837c1e4c0bf1fe4edf6e08b56383ccb5c1606f210c1::attendance::AttendanceCreated │
│  │ ParsedJSON:                                                                                                  │
│  │   ┌─────────┬────────────────────────────────────────────────────────────────────┐                           │
│  │   │ id      │ 0x7fe7dc96507832328ccccd452d182b04d3a0b4c2e99659c7e26c1df85938d598 │                           │
│  │   ├─────────┼────────────────────────────────────────────────────────────────────┤                           │
│  │   │ meet_id │ 0x49b6ea50eaf249f6ded5fb1a096a6297e428ab97f1dc1f873e91ba8a9a8a6073 │                           │
│  │   ├─────────┼────────────────────────────────────────────────────────────────────┤                           │
│  │   │ tier    │ 2                                                                  │                           │
│  │   └─────────┴────────────────────────────────────────────────────────────────────┘                           │
│  └──                                                                                                            │
╰─────────────────────────────────────────────────────────────────────────────────────────────────────────────────╯
╭────────────────────────────────────────────────────────────────────────────────────────────────────────────╮
│ Object Changes                                                                                             │
├────────────────────────────────────────────────────────────────────────────────────────────────────────────┤
│ Created Objects:                                                                                           │
│  ┌──                                                                                                       │
│  │ ObjectID: 0x7fe7dc96507832328ccccd452d182b04d3a0b4c2e99659c7e26c1df85938d598                            │
│  │ Sender: 0x13a75ba9e38bcd05b92c37e771fd3068c8b55d81bb6622f14b387a53123d7ab1                              │
│  │ Owner: Account Address ( 0x1ef9cb55999574d3b52ee2b9b695fc2fa7b680fa3119ffd050e3f504a78406b9 )           │
│  │ ObjectType: 0x41a3350004440adf89a2f837c1e4c0bf1fe4edf6e08b56383ccb5c1606f210c1::attendance::Attendance  │
│  │ Version: 98624841                                                                                       │
│  │ Digest: C9HiMQVth4wn6MZvGzcBJvm1yR5Db2NLy3K2uXsPQf9T                                                    │
│  └──                                                                                                       │
│ Mutated Objects:                                                                                           │
│  ┌──                                                                                                       │
│  │ ObjectID: 0x49b6ea50eaf249f6ded5fb1a096a6297e428ab97f1dc1f873e91ba8a9a8a6073                            │
│  │ Sender: 0x13a75ba9e38bcd05b92c37e771fd3068c8b55d81bb6622f14b387a53123d7ab1                              │
│  │ Owner: Account Address ( 0x13a75ba9e38bcd05b92c37e771fd3068c8b55d81bb6622f14b387a53123d7ab1 )           │
│  │ ObjectType: 0x41a3350004440adf89a2f837c1e4c0bf1fe4edf6e08b56383ccb5c1606f210c1::meet::Meet              │
│  │ Version: 98624841                                                                                       │
│  │ Digest: JDgjTFcmFXMzsoPuoa2mbWCnp8yJANFgFVFmaUd2Xo1J                                                    │
│  └──                                                                                                       │
│  ┌──                                                                                                       │
│  │ ObjectID: 0xb0b6745d74734fb22bb66627285692131777bc1e1abacd6cd36946672fd52087                            │
│  │ Sender: 0x13a75ba9e38bcd05b92c37e771fd3068c8b55d81bb6622f14b387a53123d7ab1                              │
│  │ Owner: Account Address ( 0x13a75ba9e38bcd05b92c37e771fd3068c8b55d81bb6622f14b387a53123d7ab1 )           │
│  │ ObjectType: 0x2::coin::Coin<0x2::sui::SUI>                                                              │
│  │ Version: 98624841                                                                                       │
│  │ Digest: 2ztbxpcjBUUwUCBuRFb8jjNPSbpoPy9SbbkaNGavZM1t                                                    │
│  └──                                                                                                       │
╰────────────────────────────────────────────────────────────────────────────────────────────────────────────╯
╭───────────────────────────────────────────────────────────────────────────────────────────────────╮
│ Balance Changes                                                                                   │
├───────────────────────────────────────────────────────────────────────────────────────────────────┤
│  ┌──                                                                                              │
│  │ Owner: Account Address ( 0x13a75ba9e38bcd05b92c37e771fd3068c8b55d81bb6622f14b387a53123d7ab1 )  │
│  │ CoinType: 0x2::sui::SUI                                                                        │
│  │ Amount: -4128524                                                                               │
│  └──                                                                                              │
╰───────────────────────────────────────────────────────────────────────────────────────────────────╯

2024-07-10T22:05:47
Transaction Digest: 8WUfme2ZJ4zLVxHdkShxEGJvWTngktV6T4TPh5mZVS8c
╭─────────────────────────────────────────────────────────────────────────────────────────────────────────────────────────────────────────────────────────────╮
│ Transaction Data                                                                                                                                            │
├─────────────────────────────────────────────────────────────────────────────────────────────────────────────────────────────────────────────────────────────┤
│ Sender: 0x13a75ba9e38bcd05b92c37e771fd3068c8b55d81bb6622f14b387a53123d7ab1                                                                                  │
│ Gas Owner: 0x13a75ba9e38bcd05b92c37e771fd3068c8b55d81bb6622f14b387a53123d7ab1                                                                               │
│ Gas Budget: 500000000 MIST                                                                                                                                  │
│ Gas Price: 758 MIST                                                                                                                                         │
│ Gas Payment:                                                                                                                                                │
│  ┌──                                                                                                                                                        │
│  │ ID: 0xb0b6745d74734fb22bb66627285692131777bc1e1abacd6cd36946672fd52087                                                                                   │
│  │ Version: 98624841                                                                                                                                        │
│  │ Digest: 2ztbxpcjBUUwUCBuRFb8jjNPSbpoPy9SbbkaNGavZM1t                                                                                                     │
│  └──                                                                                                                                                        │
│                                                                                                                                                             │
│ Transaction Kind: Programmable                                                                                                                              │
│ ╭─────────────────────────────────────────────────────────────────────────────────────────────────────────────────────────────────────────────────────────╮ │
│ │ Input Objects                                                                                                                                           │ │
│ ├─────────────────────────────────────────────────────────────────────────────────────────────────────────────────────────────────────────────────────────┤ │
│ │ 0   Imm/Owned Object ID: 0x49b6ea50eaf249f6ded5fb1a096a6297e428ab97f1dc1f873e91ba8a9a8a6073                                                             │ │
│ │ 1   Pure Arg: Type: 0x1::string::String, Value: "2nd Place Winner at Sui Overflow 2024 - ZkLogin"                                                       │ │
│ │ 2   Pure Arg: Type: 0x1::string::String, Value: "Congratulations! This hacker from LiquidLink won 2nd Place at the 2024 Sui Overflow global hackathon!" │ │
│ │ 3   Pure Arg: Type: 0x1::string::String, Value: "https://github.com/sui-foundation/attendance-nft/raw/main/gifs/overflow-2nd.gif"                       │ │
│ │ 4   Pure Arg: Type: u8, Value: 2                                                                                                                        │ │
│ │ 5   Pure Arg: Type: address, Value: "0x96d9a120058197fce04afcffa264f2f46747881ba78a91beb38f103c60e315ae"                                                │ │
│ ╰─────────────────────────────────────────────────────────────────────────────────────────────────────────────────────────────────────────────────────────╯ │
│ ╭──────────────────────────────────────────────────────────────────────────────────╮                                                                        │
│ │ Commands                                                                         │                                                                        │
│ ├──────────────────────────────────────────────────────────────────────────────────┤                                                                        │
│ │ 0  MoveCall:                                                                     │                                                                        │
│ │  ┌                                                                               │                                                                        │
│ │  │ Function:  mint_and_transfer                                                  │                                                                        │
│ │  │ Module:    attendance                                                         │                                                                        │
│ │  │ Package:   0x41a3350004440adf89a2f837c1e4c0bf1fe4edf6e08b56383ccb5c1606f210c1 │                                                                        │
│ │  │ Arguments:                                                                    │                                                                        │
│ │  │   Input  0                                                                    │                                                                        │
│ │  │   Input  1                                                                    │                                                                        │
│ │  │   Input  2                                                                    │                                                                        │
│ │  │   Input  3                                                                    │                                                                        │
│ │  │   Input  4                                                                    │                                                                        │
│ │  │   Input  5                                                                    │                                                                        │
│ │  └                                                                               │                                                                        │
│ ╰──────────────────────────────────────────────────────────────────────────────────╯                                                                        │
│                                                                                                                                                             │
│ Signatures:                                                                                                                                                 │
│    Mz0QfC2QxLUqVAZDJgnVE39YFnsRuv4K3HjXLrD+dpGQwpmXBRBjYLcccyixkBWogaSKyKuT4NG0aWfihrkaCQ==                                                                 │
│                                                                                                                                                             │
╰─────────────────────────────────────────────────────────────────────────────────────────────────────────────────────────────────────────────────────────────╯
╭───────────────────────────────────────────────────────────────────────────────────────────────────╮
│ Transaction Effects                                                                               │
├───────────────────────────────────────────────────────────────────────────────────────────────────┤
│ Digest: 8WUfme2ZJ4zLVxHdkShxEGJvWTngktV6T4TPh5mZVS8c                                              │
│ Status: Success                                                                                   │
│ Executed Epoch: 455                                                                               │
│                                                                                                   │
│ Created Objects:                                                                                  │
│  ┌──                                                                                              │
│  │ ID: 0x811f76fc04474fd1a11fb7243a61e1cb2d8a5ed54b135c997e46095b936545f4                         │
│  │ Owner: Account Address ( 0x96d9a120058197fce04afcffa264f2f46747881ba78a91beb38f103c60e315ae )  │
│  │ Version: 98624842                                                                              │
│  │ Digest: CwtoRnKDyAJXYAEDEkw92TvnKtKnCcf1PUhB3eRd4D5d                                           │
│  └──                                                                                              │
│ Mutated Objects:                                                                                  │
│  ┌──                                                                                              │
│  │ ID: 0x49b6ea50eaf249f6ded5fb1a096a6297e428ab97f1dc1f873e91ba8a9a8a6073                         │
│  │ Owner: Account Address ( 0x13a75ba9e38bcd05b92c37e771fd3068c8b55d81bb6622f14b387a53123d7ab1 )  │
│  │ Version: 98624842                                                                              │
│  │ Digest: JsB6VMDQnhpwNdBMyVRFQuuLNgP6Wv5TXYaWW1Lhk5v                                            │
│  └──                                                                                              │
│  ┌──                                                                                              │
│  │ ID: 0xb0b6745d74734fb22bb66627285692131777bc1e1abacd6cd36946672fd52087                         │
│  │ Owner: Account Address ( 0x13a75ba9e38bcd05b92c37e771fd3068c8b55d81bb6622f14b387a53123d7ab1 )  │
│  │ Version: 98624842                                                                              │
│  │ Digest: AaeDGQ5k2h643EQd836EgxRSi4sRYMNPL45wooJKK15R                                           │
│  └──                                                                                              │
│ Gas Object:                                                                                       │
│  ┌──                                                                                              │
│  │ ID: 0xb0b6745d74734fb22bb66627285692131777bc1e1abacd6cd36946672fd52087                         │
│  │ Owner: Account Address ( 0x13a75ba9e38bcd05b92c37e771fd3068c8b55d81bb6622f14b387a53123d7ab1 )  │
│  │ Version: 98624842                                                                              │
│  │ Digest: AaeDGQ5k2h643EQd836EgxRSi4sRYMNPL45wooJKK15R                                           │
│  └──                                                                                              │
│ Gas Cost Summary:                                                                                 │
│    Storage Cost: 5996400 MIST                                                                     │
│    Computation Cost: 758000 MIST                                                                  │
│    Storage Rebate: 2625876 MIST                                                                   │
│    Non-refundable Storage Fee: 26524 MIST                                                         │
│                                                                                                   │
│ Transaction Dependencies:                                                                         │
│    9TAuuMj7PNXBspwB2wm829DNcqPL1SraEGndLKQieMG2                                                   │
│    FMiGzxRrf2s4fH8b7haU2kzdBsBpNYthRu8q2SxTfctz                                                   │
╰───────────────────────────────────────────────────────────────────────────────────────────────────╯
╭─────────────────────────────────────────────────────────────────────────────────────────────────────────────────╮
│ Transaction Block Events                                                                                        │
├─────────────────────────────────────────────────────────────────────────────────────────────────────────────────┤
│  ┌──                                                                                                            │
│  │ EventID: 8WUfme2ZJ4zLVxHdkShxEGJvWTngktV6T4TPh5mZVS8c:0                                                      │
│  │ PackageID: 0x41a3350004440adf89a2f837c1e4c0bf1fe4edf6e08b56383ccb5c1606f210c1                                │
│  │ Transaction Module: attendance                                                                               │
│  │ Sender: 0x13a75ba9e38bcd05b92c37e771fd3068c8b55d81bb6622f14b387a53123d7ab1                                   │
│  │ EventType: 0x41a3350004440adf89a2f837c1e4c0bf1fe4edf6e08b56383ccb5c1606f210c1::attendance::AttendanceCreated │
│  │ ParsedJSON:                                                                                                  │
│  │   ┌─────────┬────────────────────────────────────────────────────────────────────┐                           │
│  │   │ id      │ 0x811f76fc04474fd1a11fb7243a61e1cb2d8a5ed54b135c997e46095b936545f4 │                           │
│  │   ├─────────┼────────────────────────────────────────────────────────────────────┤                           │
│  │   │ meet_id │ 0x49b6ea50eaf249f6ded5fb1a096a6297e428ab97f1dc1f873e91ba8a9a8a6073 │                           │
│  │   ├─────────┼────────────────────────────────────────────────────────────────────┤                           │
│  │   │ tier    │ 2                                                                  │                           │
│  │   └─────────┴────────────────────────────────────────────────────────────────────┘                           │
│  └──                                                                                                            │
╰─────────────────────────────────────────────────────────────────────────────────────────────────────────────────╯
╭────────────────────────────────────────────────────────────────────────────────────────────────────────────╮
│ Object Changes                                                                                             │
├────────────────────────────────────────────────────────────────────────────────────────────────────────────┤
│ Created Objects:                                                                                           │
│  ┌──                                                                                                       │
│  │ ObjectID: 0x811f76fc04474fd1a11fb7243a61e1cb2d8a5ed54b135c997e46095b936545f4                            │
│  │ Sender: 0x13a75ba9e38bcd05b92c37e771fd3068c8b55d81bb6622f14b387a53123d7ab1                              │
│  │ Owner: Account Address ( 0x96d9a120058197fce04afcffa264f2f46747881ba78a91beb38f103c60e315ae )           │
│  │ ObjectType: 0x41a3350004440adf89a2f837c1e4c0bf1fe4edf6e08b56383ccb5c1606f210c1::attendance::Attendance  │
│  │ Version: 98624842                                                                                       │
│  │ Digest: CwtoRnKDyAJXYAEDEkw92TvnKtKnCcf1PUhB3eRd4D5d                                                    │
│  └──                                                                                                       │
│ Mutated Objects:                                                                                           │
│  ┌──                                                                                                       │
│  │ ObjectID: 0x49b6ea50eaf249f6ded5fb1a096a6297e428ab97f1dc1f873e91ba8a9a8a6073                            │
│  │ Sender: 0x13a75ba9e38bcd05b92c37e771fd3068c8b55d81bb6622f14b387a53123d7ab1                              │
│  │ Owner: Account Address ( 0x13a75ba9e38bcd05b92c37e771fd3068c8b55d81bb6622f14b387a53123d7ab1 )           │
│  │ ObjectType: 0x41a3350004440adf89a2f837c1e4c0bf1fe4edf6e08b56383ccb5c1606f210c1::meet::Meet              │
│  │ Version: 98624842                                                                                       │
│  │ Digest: JsB6VMDQnhpwNdBMyVRFQuuLNgP6Wv5TXYaWW1Lhk5v                                                     │
│  └──                                                                                                       │
│  ┌──                                                                                                       │
│  │ ObjectID: 0xb0b6745d74734fb22bb66627285692131777bc1e1abacd6cd36946672fd52087                            │
│  │ Sender: 0x13a75ba9e38bcd05b92c37e771fd3068c8b55d81bb6622f14b387a53123d7ab1                              │
│  │ Owner: Account Address ( 0x13a75ba9e38bcd05b92c37e771fd3068c8b55d81bb6622f14b387a53123d7ab1 )           │
│  │ ObjectType: 0x2::coin::Coin<0x2::sui::SUI>                                                              │
│  │ Version: 98624842                                                                                       │
│  │ Digest: AaeDGQ5k2h643EQd836EgxRSi4sRYMNPL45wooJKK15R                                                    │
│  └──                                                                                                       │
╰────────────────────────────────────────────────────────────────────────────────────────────────────────────╯
╭───────────────────────────────────────────────────────────────────────────────────────────────────╮
│ Balance Changes                                                                                   │
├───────────────────────────────────────────────────────────────────────────────────────────────────┤
│  ┌──                                                                                              │
│  │ Owner: Account Address ( 0x13a75ba9e38bcd05b92c37e771fd3068c8b55d81bb6622f14b387a53123d7ab1 )  │
│  │ CoinType: 0x2::sui::SUI                                                                        │
│  │ Amount: -4128524                                                                               │
│  └──                                                                                              │
╰───────────────────────────────────────────────────────────────────────────────────────────────────╯

