2024-07-10T22:05:53
Transaction Digest: EyjjjV6R1RUFjTtez5ZWX3gYCrPVcDG4HVZPp6EreXh2
╭───────────────────────────────────────────────────────────────────────────────────────────────────────────────────────────────────────────────────────────────╮
│ Transaction Data                                                                                                                                              │
├───────────────────────────────────────────────────────────────────────────────────────────────────────────────────────────────────────────────────────────────┤
│ Sender: 0x13a75ba9e38bcd05b92c37e771fd3068c8b55d81bb6622f14b387a53123d7ab1                                                                                    │
│ Gas Owner: 0x13a75ba9e38bcd05b92c37e771fd3068c8b55d81bb6622f14b387a53123d7ab1                                                                                 │
│ Gas Budget: 500000000 MIST                                                                                                                                    │
│ Gas Price: 758 MIST                                                                                                                                           │
│ Gas Payment:                                                                                                                                                  │
│  ┌──                                                                                                                                                          │
│  │ ID: 0xb0b6745d74734fb22bb66627285692131777bc1e1abacd6cd36946672fd52087                                                                                     │
│  │ Version: 98624842                                                                                                                                          │
│  │ Digest: AaeDGQ5k2h643EQd836EgxRSi4sRYMNPL45wooJKK15R                                                                                                       │
│  └──                                                                                                                                                          │
│                                                                                                                                                               │
│ Transaction Kind: Programmable                                                                                                                                │
│ ╭───────────────────────────────────────────────────────────────────────────────────────────────────────────────────────────────────────────────────────────╮ │
│ │ Input Objects                                                                                                                                             │ │
│ ├───────────────────────────────────────────────────────────────────────────────────────────────────────────────────────────────────────────────────────────┤ │
│ │ 0   Imm/Owned Object ID: 0x49b6ea50eaf249f6ded5fb1a096a6297e428ab97f1dc1f873e91ba8a9a8a6073                                                               │ │
│ │ 1   Pure Arg: Type: 0x1::string::String, Value: "2nd Place Winner at Sui Overflow 2024 - Multichain"                                                      │ │
│ │ 2   Pure Arg: Type: 0x1::string::String, Value: "Congratulations! This hacker from Wormhole Kit won 2nd Place at the 2024 Sui Overflow global hackathon!" │ │
│ │ 3   Pure Arg: Type: 0x1::string::String, Value: "https://github.com/sui-foundation/attendance-nft/raw/main/gifs/overflow-2nd.gif"                         │ │
│ │ 4   Pure Arg: Type: u8, Value: 2                                                                                                                          │ │
│ │ 5   Pure Arg: Type: address, Value: "0x84dc3b2dcf706a775de5788bdb689c58155617c676f64c61a4bdcdc7c23521f9"                                                  │ │
│ ╰───────────────────────────────────────────────────────────────────────────────────────────────────────────────────────────────────────────────────────────╯ │
│ ╭──────────────────────────────────────────────────────────────────────────────────╮                                                                          │
│ │ Commands                                                                         │                                                                          │
│ ├──────────────────────────────────────────────────────────────────────────────────┤                                                                          │
│ │ 0  MoveCall:                                                                     │                                                                          │
│ │  ┌                                                                               │                                                                          │
│ │  │ Function:  mint_and_transfer                                                  │                                                                          │
│ │  │ Module:    attendance                                                         │                                                                          │
│ │  │ Package:   0x41a3350004440adf89a2f837c1e4c0bf1fe4edf6e08b56383ccb5c1606f210c1 │                                                                          │
│ │  │ Arguments:                                                                    │                                                                          │
│ │  │   Input  0                                                                    │                                                                          │
│ │  │   Input  1                                                                    │                                                                          │
│ │  │   Input  2                                                                    │                                                                          │
│ │  │   Input  3                                                                    │                                                                          │
│ │  │   Input  4                                                                    │                                                                          │
│ │  │   Input  5                                                                    │                                                                          │
│ │  └                                                                               │                                                                          │
│ ╰──────────────────────────────────────────────────────────────────────────────────╯                                                                          │
│                                                                                                                                                               │
│ Signatures:                                                                                                                                                   │
│    C8kP/K9n6Co6RAv9e29S8KvGatCx5yG7AGXKTdHpazn2iruDs4xakQnOjzUWkxrly6gTsPGRgYaHU1MVEhjLDQ==                                                                   │
│                                                                                                                                                               │
╰───────────────────────────────────────────────────────────────────────────────────────────────────────────────────────────────────────────────────────────────╯
╭───────────────────────────────────────────────────────────────────────────────────────────────────╮
│ Transaction Effects                                                                               │
├───────────────────────────────────────────────────────────────────────────────────────────────────┤
│ Digest: EyjjjV6R1RUFjTtez5ZWX3gYCrPVcDG4HVZPp6EreXh2                                              │
│ Status: Success                                                                                   │
│ Executed Epoch: 455                                                                               │
│                                                                                                   │
│ Created Objects:                                                                                  │
│  ┌──                                                                                              │
│  │ ID: 0x21fc2c2ac6f452478d71720083852ee8e6bac17e82068be4c4b9a630eb3b5bd5                         │
│  │ Owner: Account Address ( 0x84dc3b2dcf706a775de5788bdb689c58155617c676f64c61a4bdcdc7c23521f9 )  │
│  │ Version: 98624843                                                                              │
│  │ Digest: GuxxfbrsUmAnhevquW4YFcMKpny2uMoxoH4U3QHJaf2e                                           │
│  └──                                                                                              │
│ Mutated Objects:                                                                                  │
│  ┌──                                                                                              │
│  │ ID: 0x49b6ea50eaf249f6ded5fb1a096a6297e428ab97f1dc1f873e91ba8a9a8a6073                         │
│  │ Owner: Account Address ( 0x13a75ba9e38bcd05b92c37e771fd3068c8b55d81bb6622f14b387a53123d7ab1 )  │
│  │ Version: 98624843                                                                              │
│  │ Digest: 2uxm9rK9GTQzTCP8AJhUEWHcE8qfqkTyVdZJoAiQ2jpj                                           │
│  └──                                                                                              │
│  ┌──                                                                                              │
│  │ ID: 0xb0b6745d74734fb22bb66627285692131777bc1e1abacd6cd36946672fd52087                         │
│  │ Owner: Account Address ( 0x13a75ba9e38bcd05b92c37e771fd3068c8b55d81bb6622f14b387a53123d7ab1 )  │
│  │ Version: 98624843                                                                              │
│  │ Digest: B4aJ8viUceDo4odaEcHTQ2b3GRUbWmsdQ1J15n1YN4f3                                           │
│  └──                                                                                              │
│ Gas Object:                                                                                       │
│  ┌──                                                                                              │
│  │ ID: 0xb0b6745d74734fb22bb66627285692131777bc1e1abacd6cd36946672fd52087                         │
│  │ Owner: Account Address ( 0x13a75ba9e38bcd05b92c37e771fd3068c8b55d81bb6622f14b387a53123d7ab1 )  │
│  │ Version: 98624843                                                                              │
│  │ Digest: B4aJ8viUceDo4odaEcHTQ2b3GRUbWmsdQ1J15n1YN4f3                                           │
│  └──                                                                                              │
│ Gas Cost Summary:                                                                                 │
│    Storage Cost: 6034400 MIST                                                                     │
│    Computation Cost: 758000 MIST                                                                  │
│    Storage Rebate: 2625876 MIST                                                                   │
│    Non-refundable Storage Fee: 26524 MIST                                                         │
│                                                                                                   │
│ Transaction Dependencies:                                                                         │
│    8WUfme2ZJ4zLVxHdkShxEGJvWTngktV6T4TPh5mZVS8c                                                   │
│    FMiGzxRrf2s4fH8b7haU2kzdBsBpNYthRu8q2SxTfctz                                                   │
╰───────────────────────────────────────────────────────────────────────────────────────────────────╯
╭─────────────────────────────────────────────────────────────────────────────────────────────────────────────────╮
│ Transaction Block Events                                                                                        │
├─────────────────────────────────────────────────────────────────────────────────────────────────────────────────┤
│  ┌──                                                                                                            │
│  │ EventID: EyjjjV6R1RUFjTtez5ZWX3gYCrPVcDG4HVZPp6EreXh2:0                                                      │
│  │ PackageID: 0x41a3350004440adf89a2f837c1e4c0bf1fe4edf6e08b56383ccb5c1606f210c1                                │
│  │ Transaction Module: attendance                                                                               │
│  │ Sender: 0x13a75ba9e38bcd05b92c37e771fd3068c8b55d81bb6622f14b387a53123d7ab1                                   │
│  │ EventType: 0x41a3350004440adf89a2f837c1e4c0bf1fe4edf6e08b56383ccb5c1606f210c1::attendance::AttendanceCreated │
│  │ ParsedJSON:                                                                                                  │
│  │   ┌─────────┬────────────────────────────────────────────────────────────────────┐                           │
│  │   │ id      │ 0x21fc2c2ac6f452478d71720083852ee8e6bac17e82068be4c4b9a630eb3b5bd5 │                           │
│  │   ├─────────┼────────────────────────────────────────────────────────────────────┤                           │
│  │   │ meet_id │ 0x49b6ea50eaf249f6ded5fb1a096a6297e428ab97f1dc1f873e91ba8a9a8a6073 │                           │
│  │   ├─────────┼────────────────────────────────────────────────────────────────────┤                           │
│  │   │ tier    │ 2                                                                  │                           │
│  │   └─────────┴────────────────────────────────────────────────────────────────────┘                           │
│  └──                                                                                                            │
╰─────────────────────────────────────────────────────────────────────────────────────────────────────────────────╯
╭────────────────────────────────────────────────────────────────────────────────────────────────────────────╮
│ Object Changes                                                                                             │
├────────────────────────────────────────────────────────────────────────────────────────────────────────────┤
│ Created Objects:                                                                                           │
│  ┌──                                                                                                       │
│  │ ObjectID: 0x21fc2c2ac6f452478d71720083852ee8e6bac17e82068be4c4b9a630eb3b5bd5                            │
│  │ Sender: 0x13a75ba9e38bcd05b92c37e771fd3068c8b55d81bb6622f14b387a53123d7ab1                              │
│  │ Owner: Account Address ( 0x84dc3b2dcf706a775de5788bdb689c58155617c676f64c61a4bdcdc7c23521f9 )           │
│  │ ObjectType: 0x41a3350004440adf89a2f837c1e4c0bf1fe4edf6e08b56383ccb5c1606f210c1::attendance::Attendance  │
│  │ Version: 98624843                                                                                       │
│  │ Digest: GuxxfbrsUmAnhevquW4YFcMKpny2uMoxoH4U3QHJaf2e                                                    │
│  └──                                                                                                       │
│ Mutated Objects:                                                                                           │
│  ┌──                                                                                                       │
│  │ ObjectID: 0x49b6ea50eaf249f6ded5fb1a096a6297e428ab97f1dc1f873e91ba8a9a8a6073                            │
│  │ Sender: 0x13a75ba9e38bcd05b92c37e771fd3068c8b55d81bb6622f14b387a53123d7ab1                              │
│  │ Owner: Account Address ( 0x13a75ba9e38bcd05b92c37e771fd3068c8b55d81bb6622f14b387a53123d7ab1 )           │
│  │ ObjectType: 0x41a3350004440adf89a2f837c1e4c0bf1fe4edf6e08b56383ccb5c1606f210c1::meet::Meet              │
│  │ Version: 98624843                                                                                       │
│  │ Digest: 2uxm9rK9GTQzTCP8AJhUEWHcE8qfqkTyVdZJoAiQ2jpj                                                    │
│  └──                                                                                                       │
│  ┌──                                                                                                       │
│  │ ObjectID: 0xb0b6745d74734fb22bb66627285692131777bc1e1abacd6cd36946672fd52087                            │
│  │ Sender: 0x13a75ba9e38bcd05b92c37e771fd3068c8b55d81bb6622f14b387a53123d7ab1                              │
│  │ Owner: Account Address ( 0x13a75ba9e38bcd05b92c37e771fd3068c8b55d81bb6622f14b387a53123d7ab1 )           │
│  │ ObjectType: 0x2::coin::Coin<0x2::sui::SUI>                                                              │
│  │ Version: 98624843                                                                                       │
│  │ Digest: B4aJ8viUceDo4odaEcHTQ2b3GRUbWmsdQ1J15n1YN4f3                                                    │
│  └──                                                                                                       │
╰────────────────────────────────────────────────────────────────────────────────────────────────────────────╯
╭───────────────────────────────────────────────────────────────────────────────────────────────────╮
│ Balance Changes                                                                                   │
├───────────────────────────────────────────────────────────────────────────────────────────────────┤
│  ┌──                                                                                              │
│  │ Owner: Account Address ( 0x13a75ba9e38bcd05b92c37e771fd3068c8b55d81bb6622f14b387a53123d7ab1 )  │
│  │ CoinType: 0x2::sui::SUI                                                                        │
│  │ Amount: -4166524                                                                               │
│  └──                                                                                              │
╰───────────────────────────────────────────────────────────────────────────────────────────────────╯

2024-07-10T22:05:59
Transaction Digest: 5PXxxPcPrgCVJYx63uJKowfpNP3zj8Uj95FYzGo6vxZB
╭───────────────────────────────────────────────────────────────────────────────────────────────────────────────────────────────────────────────────────────────╮
│ Transaction Data                                                                                                                                              │
├───────────────────────────────────────────────────────────────────────────────────────────────────────────────────────────────────────────────────────────────┤
│ Sender: 0x13a75ba9e38bcd05b92c37e771fd3068c8b55d81bb6622f14b387a53123d7ab1                                                                                    │
│ Gas Owner: 0x13a75ba9e38bcd05b92c37e771fd3068c8b55d81bb6622f14b387a53123d7ab1                                                                                 │
│ Gas Budget: 500000000 MIST                                                                                                                                    │
│ Gas Price: 758 MIST                                                                                                                                           │
│ Gas Payment:                                                                                                                                                  │
│  ┌──                                                                                                                                                          │
│  │ ID: 0xb0b6745d74734fb22bb66627285692131777bc1e1abacd6cd36946672fd52087                                                                                     │
│  │ Version: 98624843                                                                                                                                          │
│  │ Digest: B4aJ8viUceDo4odaEcHTQ2b3GRUbWmsdQ1J15n1YN4f3                                                                                                       │
│  └──                                                                                                                                                          │
│                                                                                                                                                               │
│ Transaction Kind: Programmable                                                                                                                                │
│ ╭───────────────────────────────────────────────────────────────────────────────────────────────────────────────────────────────────────────────────────────╮ │
│ │ Input Objects                                                                                                                                             │ │
│ ├───────────────────────────────────────────────────────────────────────────────────────────────────────────────────────────────────────────────────────────┤ │
│ │ 0   Imm/Owned Object ID: 0x49b6ea50eaf249f6ded5fb1a096a6297e428ab97f1dc1f873e91ba8a9a8a6073                                                               │ │
│ │ 1   Pure Arg: Type: 0x1::string::String, Value: "2nd Place Winner at Sui Overflow 2024 - Multichain"                                                      │ │
│ │ 2   Pure Arg: Type: 0x1::string::String, Value: "Congratulations! This hacker from Wormhole Kit won 2nd Place at the 2024 Sui Overflow global hackathon!" │ │
│ │ 3   Pure Arg: Type: 0x1::string::String, Value: "https://github.com/sui-foundation/attendance-nft/raw/main/gifs/overflow-2nd.gif"                         │ │
│ │ 4   Pure Arg: Type: u8, Value: 2                                                                                                                          │ │
│ │ 5   Pure Arg: Type: address, Value: "0xb2c16052a9d44929cf1624ba14a577211a1dcb57f0979f9ff87b871ae28d1edc"                                                  │ │
│ ╰───────────────────────────────────────────────────────────────────────────────────────────────────────────────────────────────────────────────────────────╯ │
│ ╭──────────────────────────────────────────────────────────────────────────────────╮                                                                          │
│ │ Commands                                                                         │                                                                          │
│ ├──────────────────────────────────────────────────────────────────────────────────┤                                                                          │
│ │ 0  MoveCall:                                                                     │                                                                          │
│ │  ┌                                                                               │                                                                          │
│ │  │ Function:  mint_and_transfer                                                  │                                                                          │
│ │  │ Module:    attendance                                                         │                                                                          │
│ │  │ Package:   0x41a3350004440adf89a2f837c1e4c0bf1fe4edf6e08b56383ccb5c1606f210c1 │                                                                          │
│ │  │ Arguments:                                                                    │                                                                          │
│ │  │   Input  0                                                                    │                                                                          │
│ │  │   Input  1                                                                    │                                                                          │
│ │  │   Input  2                                                                    │                                                                          │
│ │  │   Input  3                                                                    │                                                                          │
│ │  │   Input  4                                                                    │                                                                          │
│ │  │   Input  5                                                                    │                                                                          │
│ │  └                                                                               │                                                                          │
│ ╰──────────────────────────────────────────────────────────────────────────────────╯                                                                          │
│                                                                                                                                                               │
│ Signatures:                                                                                                                                                   │
│    1D54cF4z/+gxBJ+jYqv1pHuiw4OLAU47oc02OyyBYN/yHrc3NWfBsoF/p77ZdZEREk6A/YCt0MMAjhcBXD1EAA==                                                                   │
│                                                                                                                                                               │
╰───────────────────────────────────────────────────────────────────────────────────────────────────────────────────────────────────────────────────────────────╯
╭───────────────────────────────────────────────────────────────────────────────────────────────────╮
│ Transaction Effects                                                                               │
├───────────────────────────────────────────────────────────────────────────────────────────────────┤
│ Digest: 5PXxxPcPrgCVJYx63uJKowfpNP3zj8Uj95FYzGo6vxZB                                              │
│ Status: Success                                                                                   │
│ Executed Epoch: 455                                                                               │
│                                                                                                   │
│ Created Objects:                                                                                  │
│  ┌──                                                                                              │
│  │ ID: 0xfe006010539cf8abec7fc9a1611159ecd60b8becf1e29e39c3135a8a960a2fa6                         │
│  │ Owner: Account Address ( 0xb2c16052a9d44929cf1624ba14a577211a1dcb57f0979f9ff87b871ae28d1edc )  │
│  │ Version: 98624844                                                                              │
│  │ Digest: 7QLZDiXoRfv5qyzeQyh6NxQNyKAyGzvGiDTxZW2JZTYw                                           │
│  └──                                                                                              │
│ Mutated Objects:                                                                                  │
│  ┌──                                                                                              │
│  │ ID: 0x49b6ea50eaf249f6ded5fb1a096a6297e428ab97f1dc1f873e91ba8a9a8a6073                         │
│  │ Owner: Account Address ( 0x13a75ba9e38bcd05b92c37e771fd3068c8b55d81bb6622f14b387a53123d7ab1 )  │
│  │ Version: 98624844                                                                              │
│  │ Digest: Efahj6TuMMFR6BshFbj7766EpPARtxAQvHihP9sZi6Bq                                           │
│  └──                                                                                              │
│  ┌──                                                                                              │
│  │ ID: 0xb0b6745d74734fb22bb66627285692131777bc1e1abacd6cd36946672fd52087                         │
│  │ Owner: Account Address ( 0x13a75ba9e38bcd05b92c37e771fd3068c8b55d81bb6622f14b387a53123d7ab1 )  │
│  │ Version: 98624844                                                                              │
│  │ Digest: EUa9ob2n6CVknecWTVFfrqUMjGt7AhcqBxpAd3X5fc2y                                           │
│  └──                                                                                              │
│ Gas Object:                                                                                       │
│  ┌──                                                                                              │
│  │ ID: 0xb0b6745d74734fb22bb66627285692131777bc1e1abacd6cd36946672fd52087                         │
│  │ Owner: Account Address ( 0x13a75ba9e38bcd05b92c37e771fd3068c8b55d81bb6622f14b387a53123d7ab1 )  │
│  │ Version: 98624844                                                                              │
│  │ Digest: EUa9ob2n6CVknecWTVFfrqUMjGt7AhcqBxpAd3X5fc2y                                           │
│  └──                                                                                              │
│ Gas Cost Summary:                                                                                 │
│    Storage Cost: 6034400 MIST                                                                     │
│    Computation Cost: 758000 MIST                                                                  │
│    Storage Rebate: 2625876 MIST                                                                   │
│    Non-refundable Storage Fee: 26524 MIST                                                         │
│                                                                                                   │
│ Transaction Dependencies:                                                                         │
│    EyjjjV6R1RUFjTtez5ZWX3gYCrPVcDG4HVZPp6EreXh2                                                   │
│    FMiGzxRrf2s4fH8b7haU2kzdBsBpNYthRu8q2SxTfctz                                                   │
╰───────────────────────────────────────────────────────────────────────────────────────────────────╯
╭─────────────────────────────────────────────────────────────────────────────────────────────────────────────────╮
│ Transaction Block Events                                                                                        │
├─────────────────────────────────────────────────────────────────────────────────────────────────────────────────┤
│  ┌──                                                                                                            │
│  │ EventID: 5PXxxPcPrgCVJYx63uJKowfpNP3zj8Uj95FYzGo6vxZB:0                                                      │
│  │ PackageID: 0x41a3350004440adf89a2f837c1e4c0bf1fe4edf6e08b56383ccb5c1606f210c1                                │
│  │ Transaction Module: attendance                                                                               │
│  │ Sender: 0x13a75ba9e38bcd05b92c37e771fd3068c8b55d81bb6622f14b387a53123d7ab1                                   │
│  │ EventType: 0x41a3350004440adf89a2f837c1e4c0bf1fe4edf6e08b56383ccb5c1606f210c1::attendance::AttendanceCreated │
│  │ ParsedJSON:                                                                                                  │
│  │   ┌─────────┬────────────────────────────────────────────────────────────────────┐                           │
│  │   │ id      │ 0xfe006010539cf8abec7fc9a1611159ecd60b8becf1e29e39c3135a8a960a2fa6 │                           │
│  │   ├─────────┼────────────────────────────────────────────────────────────────────┤                           │
│  │   │ meet_id │ 0x49b6ea50eaf249f6ded5fb1a096a6297e428ab97f1dc1f873e91ba8a9a8a6073 │                           │
│  │   ├─────────┼────────────────────────────────────────────────────────────────────┤                           │
│  │   │ tier    │ 2                                                                  │                           │
│  │   └─────────┴────────────────────────────────────────────────────────────────────┘                           │
│  └──                                                                                                            │
╰─────────────────────────────────────────────────────────────────────────────────────────────────────────────────╯
╭────────────────────────────────────────────────────────────────────────────────────────────────────────────╮
│ Object Changes                                                                                             │
├────────────────────────────────────────────────────────────────────────────────────────────────────────────┤
│ Created Objects:                                                                                           │
│  ┌──                                                                                                       │
│  │ ObjectID: 0xfe006010539cf8abec7fc9a1611159ecd60b8becf1e29e39c3135a8a960a2fa6                            │
│  │ Sender: 0x13a75ba9e38bcd05b92c37e771fd3068c8b55d81bb6622f14b387a53123d7ab1                              │
│  │ Owner: Account Address ( 0xb2c16052a9d44929cf1624ba14a577211a1dcb57f0979f9ff87b871ae28d1edc )           │
│  │ ObjectType: 0x41a3350004440adf89a2f837c1e4c0bf1fe4edf6e08b56383ccb5c1606f210c1::attendance::Attendance  │
│  │ Version: 98624844                                                                                       │
│  │ Digest: 7QLZDiXoRfv5qyzeQyh6NxQNyKAyGzvGiDTxZW2JZTYw                                                    │
│  └──                                                                                                       │
│ Mutated Objects:                                                                                           │
│  ┌──                                                                                                       │
│  │ ObjectID: 0x49b6ea50eaf249f6ded5fb1a096a6297e428ab97f1dc1f873e91ba8a9a8a6073                            │
│  │ Sender: 0x13a75ba9e38bcd05b92c37e771fd3068c8b55d81bb6622f14b387a53123d7ab1                              │
│  │ Owner: Account Address ( 0x13a75ba9e38bcd05b92c37e771fd3068c8b55d81bb6622f14b387a53123d7ab1 )           │
│  │ ObjectType: 0x41a3350004440adf89a2f837c1e4c0bf1fe4edf6e08b56383ccb5c1606f210c1::meet::Meet              │
│  │ Version: 98624844                                                                                       │
│  │ Digest: Efahj6TuMMFR6BshFbj7766EpPARtxAQvHihP9sZi6Bq                                                    │
│  └──                                                                                                       │
│  ┌──                                                                                                       │
│  │ ObjectID: 0xb0b6745d74734fb22bb66627285692131777bc1e1abacd6cd36946672fd52087                            │
│  │ Sender: 0x13a75ba9e38bcd05b92c37e771fd3068c8b55d81bb6622f14b387a53123d7ab1                              │
│  │ Owner: Account Address ( 0x13a75ba9e38bcd05b92c37e771fd3068c8b55d81bb6622f14b387a53123d7ab1 )           │
│  │ ObjectType: 0x2::coin::Coin<0x2::sui::SUI>                                                              │
│  │ Version: 98624844                                                                                       │
│  │ Digest: EUa9ob2n6CVknecWTVFfrqUMjGt7AhcqBxpAd3X5fc2y                                                    │
│  └──                                                                                                       │
╰────────────────────────────────────────────────────────────────────────────────────────────────────────────╯
╭───────────────────────────────────────────────────────────────────────────────────────────────────╮
│ Balance Changes                                                                                   │
├───────────────────────────────────────────────────────────────────────────────────────────────────┤
│  ┌──                                                                                              │
│  │ Owner: Account Address ( 0x13a75ba9e38bcd05b92c37e771fd3068c8b55d81bb6622f14b387a53123d7ab1 )  │
│  │ CoinType: 0x2::sui::SUI                                                                        │
│  │ Amount: -4166524                                                                               │
│  └──                                                                                              │
╰───────────────────────────────────────────────────────────────────────────────────────────────────╯

