2024-07-22T16:35:04
Transaction Digest: Axa2jaKyL2PY7DamrhtrmDwBFiBCXmbAZtdVQGm3Fkd8
╭──────────────────────────────────────────────────────────────────────────────────────────────────────────────────────────────────────────────────────────╮
│ Transaction Data                                                                                                                                         │
├──────────────────────────────────────────────────────────────────────────────────────────────────────────────────────────────────────────────────────────┤
│ Sender: 0x13a75ba9e38bcd05b92c37e771fd3068c8b55d81bb6622f14b387a53123d7ab1                                                                               │
│ Gas Owner: 0x13a75ba9e38bcd05b92c37e771fd3068c8b55d81bb6622f14b387a53123d7ab1                                                                            │
│ Gas Budget: 500000000 MIST                                                                                                                               │
│ Gas Price: 758 MIST                                                                                                                                      │
│ Gas Payment:                                                                                                                                             │
│  ┌──                                                                                                                                                     │
│  │ ID: 0xb0b6745d74734fb22bb66627285692131777bc1e1abacd6cd36946672fd52087                                                                                │
│  │ Version: 98624884                                                                                                                                     │
│  │ Digest: H5V5fZ3jKsbVLXR58wi5CR5MpXSoydCjbhgj1uogHG9d                                                                                                  │
│  └──                                                                                                                                                     │
│                                                                                                                                                          │
│ Transaction Kind: Programmable                                                                                                                           │
│ ╭──────────────────────────────────────────────────────────────────────────────────────────────────────────────────────────────────────────────────────╮ │
│ │ Input Objects                                                                                                                                        │ │
│ ├──────────────────────────────────────────────────────────────────────────────────────────────────────────────────────────────────────────────────────┤ │
│ │ 0   Imm/Owned Object ID: 0x49b6ea50eaf249f6ded5fb1a096a6297e428ab97f1dc1f873e91ba8a9a8a6073                                                          │ │
│ │ 1   Pure Arg: Type: 0x1::string::String, Value: "3rd Place Winner at Sui Overflow 2024 - Infra & Tooling"                                            │ │
│ │ 2   Pure Arg: Type: 0x1::string::String, Value: "Congratulations! This hacker from SuiPass won 3rd Place at the 2024 Sui Overflow global hackathon!" │ │
│ │ 3   Pure Arg: Type: 0x1::string::String, Value: "https://github.com/sui-foundation/attendance-nft/raw/main/gifs/overflow-3rd.gif"                    │ │
│ │ 4   Pure Arg: Type: u8, Value: 3                                                                                                                     │ │
│ │ 5   Pure Arg: Type: address, Value: "0xc56df7512ee55341b8f4f0e25b613daf0a6341e2d7566b864ac7b35327f3877e"                                             │ │
│ ╰──────────────────────────────────────────────────────────────────────────────────────────────────────────────────────────────────────────────────────╯ │
│ ╭──────────────────────────────────────────────────────────────────────────────────╮                                                                     │
│ │ Commands                                                                         │                                                                     │
│ ├──────────────────────────────────────────────────────────────────────────────────┤                                                                     │
│ │ 0  MoveCall:                                                                     │                                                                     │
│ │  ┌                                                                               │                                                                     │
│ │  │ Function:  mint_and_transfer                                                  │                                                                     │
│ │  │ Module:    attendance                                                         │                                                                     │
│ │  │ Package:   0x41a3350004440adf89a2f837c1e4c0bf1fe4edf6e08b56383ccb5c1606f210c1 │                                                                     │
│ │  │ Arguments:                                                                    │                                                                     │
│ │  │   Input  0                                                                    │                                                                     │
│ │  │   Input  1                                                                    │                                                                     │
│ │  │   Input  2                                                                    │                                                                     │
│ │  │   Input  3                                                                    │                                                                     │
│ │  │   Input  4                                                                    │                                                                     │
│ │  │   Input  5                                                                    │                                                                     │
│ │  └                                                                               │                                                                     │
│ ╰──────────────────────────────────────────────────────────────────────────────────╯                                                                     │
│                                                                                                                                                          │
│ Signatures:                                                                                                                                              │
│    KoWrFaFVCvztPNnOKn/nFfvoAS70/q1F0DTSxbgz7lNVa4DIPmOTx2i55And9U5nuQ5qLKBj7YosN46xuKTsAQ==                                                              │
│                                                                                                                                                          │
╰──────────────────────────────────────────────────────────────────────────────────────────────────────────────────────────────────────────────────────────╯
╭───────────────────────────────────────────────────────────────────────────────────────────────────╮
│ Transaction Effects                                                                               │
├───────────────────────────────────────────────────────────────────────────────────────────────────┤
│ Digest: Axa2jaKyL2PY7DamrhtrmDwBFiBCXmbAZtdVQGm3Fkd8                                              │
│ Status: Success                                                                                   │
│ Executed Epoch: 467                                                                               │
│                                                                                                   │
│ Created Objects:                                                                                  │
│  ┌──                                                                                              │
│  │ ID: 0x18d16b3b33945eb0f6c2fb895cb176db6183b854714bdd7dddce821c91cf2b23                         │
│  │ Owner: Account Address ( 0xc56df7512ee55341b8f4f0e25b613daf0a6341e2d7566b864ac7b35327f3877e )  │
│  │ Version: 98624885                                                                              │
│  │ Digest: 8E9u9MSpRhrLEbF7PKmxew56SDr8Vg44u9uxaN3JfFMm                                           │
│  └──                                                                                              │
│ Mutated Objects:                                                                                  │
│  ┌──                                                                                              │
│  │ ID: 0x49b6ea50eaf249f6ded5fb1a096a6297e428ab97f1dc1f873e91ba8a9a8a6073                         │
│  │ Owner: Account Address ( 0x13a75ba9e38bcd05b92c37e771fd3068c8b55d81bb6622f14b387a53123d7ab1 )  │
│  │ Version: 98624885                                                                              │
│  │ Digest: 61avWViiosMDcnFz8fzPyzEbuZjJa6mSQVah9nyuBzUf                                           │
│  └──                                                                                              │
│  ┌──                                                                                              │
│  │ ID: 0xb0b6745d74734fb22bb66627285692131777bc1e1abacd6cd36946672fd52087                         │
│  │ Owner: Account Address ( 0x13a75ba9e38bcd05b92c37e771fd3068c8b55d81bb6622f14b387a53123d7ab1 )  │
│  │ Version: 98624885                                                                              │
│  │ Digest: 9rE66rABZrk8pCBwFTjiHYJECM9iHext6nuKGy2V1Dma                                           │
│  └──                                                                                              │
│ Gas Object:                                                                                       │
│  ┌──                                                                                              │
│  │ ID: 0xb0b6745d74734fb22bb66627285692131777bc1e1abacd6cd36946672fd52087                         │
│  │ Owner: Account Address ( 0x13a75ba9e38bcd05b92c37e771fd3068c8b55d81bb6622f14b387a53123d7ab1 )  │
│  │ Version: 98624885                                                                              │
│  │ Digest: 9rE66rABZrk8pCBwFTjiHYJECM9iHext6nuKGy2V1Dma                                           │
│  └──                                                                                              │
│ Gas Cost Summary:                                                                                 │
│    Storage Cost: 6034400 MIST                                                                     │
│    Computation Cost: 758000 MIST                                                                  │
│    Storage Rebate: 2625876 MIST                                                                   │
│    Non-refundable Storage Fee: 26524 MIST                                                         │
│                                                                                                   │
│ Transaction Dependencies:                                                                         │
│    4LDJUyJhPGysXQrXVMAt21MbYyj9jGsWaqfJSvXnqUaV                                                   │
│    FMiGzxRrf2s4fH8b7haU2kzdBsBpNYthRu8q2SxTfctz                                                   │
╰───────────────────────────────────────────────────────────────────────────────────────────────────╯
╭─────────────────────────────────────────────────────────────────────────────────────────────────────────────────╮
│ Transaction Block Events                                                                                        │
├─────────────────────────────────────────────────────────────────────────────────────────────────────────────────┤
│  ┌──                                                                                                            │
│  │ EventID: Axa2jaKyL2PY7DamrhtrmDwBFiBCXmbAZtdVQGm3Fkd8:0                                                      │
│  │ PackageID: 0x41a3350004440adf89a2f837c1e4c0bf1fe4edf6e08b56383ccb5c1606f210c1                                │
│  │ Transaction Module: attendance                                                                               │
│  │ Sender: 0x13a75ba9e38bcd05b92c37e771fd3068c8b55d81bb6622f14b387a53123d7ab1                                   │
│  │ EventType: 0x41a3350004440adf89a2f837c1e4c0bf1fe4edf6e08b56383ccb5c1606f210c1::attendance::AttendanceCreated │
│  │ ParsedJSON:                                                                                                  │
│  │   ┌─────────┬────────────────────────────────────────────────────────────────────┐                           │
│  │   │ id      │ 0x18d16b3b33945eb0f6c2fb895cb176db6183b854714bdd7dddce821c91cf2b23 │                           │
│  │   ├─────────┼────────────────────────────────────────────────────────────────────┤                           │
│  │   │ meet_id │ 0x49b6ea50eaf249f6ded5fb1a096a6297e428ab97f1dc1f873e91ba8a9a8a6073 │                           │
│  │   ├─────────┼────────────────────────────────────────────────────────────────────┤                           │
│  │   │ tier    │ 3                                                                  │                           │
│  │   └─────────┴────────────────────────────────────────────────────────────────────┘                           │
│  └──                                                                                                            │
╰─────────────────────────────────────────────────────────────────────────────────────────────────────────────────╯
╭────────────────────────────────────────────────────────────────────────────────────────────────────────────╮
│ Object Changes                                                                                             │
├────────────────────────────────────────────────────────────────────────────────────────────────────────────┤
│ Created Objects:                                                                                           │
│  ┌──                                                                                                       │
│  │ ObjectID: 0x18d16b3b33945eb0f6c2fb895cb176db6183b854714bdd7dddce821c91cf2b23                            │
│  │ Sender: 0x13a75ba9e38bcd05b92c37e771fd3068c8b55d81bb6622f14b387a53123d7ab1                              │
│  │ Owner: Account Address ( 0xc56df7512ee55341b8f4f0e25b613daf0a6341e2d7566b864ac7b35327f3877e )           │
│  │ ObjectType: 0x41a3350004440adf89a2f837c1e4c0bf1fe4edf6e08b56383ccb5c1606f210c1::attendance::Attendance  │
│  │ Version: 98624885                                                                                       │
│  │ Digest: 8E9u9MSpRhrLEbF7PKmxew56SDr8Vg44u9uxaN3JfFMm                                                    │
│  └──                                                                                                       │
│ Mutated Objects:                                                                                           │
│  ┌──                                                                                                       │
│  │ ObjectID: 0x49b6ea50eaf249f6ded5fb1a096a6297e428ab97f1dc1f873e91ba8a9a8a6073                            │
│  │ Sender: 0x13a75ba9e38bcd05b92c37e771fd3068c8b55d81bb6622f14b387a53123d7ab1                              │
│  │ Owner: Account Address ( 0x13a75ba9e38bcd05b92c37e771fd3068c8b55d81bb6622f14b387a53123d7ab1 )           │
│  │ ObjectType: 0x41a3350004440adf89a2f837c1e4c0bf1fe4edf6e08b56383ccb5c1606f210c1::meet::Meet              │
│  │ Version: 98624885                                                                                       │
│  │ Digest: 61avWViiosMDcnFz8fzPyzEbuZjJa6mSQVah9nyuBzUf                                                    │
│  └──                                                                                                       │
│  ┌──                                                                                                       │
│  │ ObjectID: 0xb0b6745d74734fb22bb66627285692131777bc1e1abacd6cd36946672fd52087                            │
│  │ Sender: 0x13a75ba9e38bcd05b92c37e771fd3068c8b55d81bb6622f14b387a53123d7ab1                              │
│  │ Owner: Account Address ( 0x13a75ba9e38bcd05b92c37e771fd3068c8b55d81bb6622f14b387a53123d7ab1 )           │
│  │ ObjectType: 0x2::coin::Coin<0x2::sui::SUI>                                                              │
│  │ Version: 98624885                                                                                       │
│  │ Digest: 9rE66rABZrk8pCBwFTjiHYJECM9iHext6nuKGy2V1Dma                                                    │
│  └──                                                                                                       │
╰────────────────────────────────────────────────────────────────────────────────────────────────────────────╯
╭───────────────────────────────────────────────────────────────────────────────────────────────────╮
│ Balance Changes                                                                                   │
├───────────────────────────────────────────────────────────────────────────────────────────────────┤
│  ┌──                                                                                              │
│  │ Owner: Account Address ( 0x13a75ba9e38bcd05b92c37e771fd3068c8b55d81bb6622f14b387a53123d7ab1 )  │
│  │ CoinType: 0x2::sui::SUI                                                                        │
│  │ Amount: -4166524                                                                               │
│  └──                                                                                              │
╰───────────────────────────────────────────────────────────────────────────────────────────────────╯

