2024-07-10T23:45:34
Transaction Digest: 5UAtmJiHGLXKb8zoAHQWULmMTmuWJquqrtMLs8Bwo3f5
╭─────────────────────────────────────────────────────────────────────────────────────────────────────────────────────────────────────────────────────────╮
│ Transaction Data                                                                                                                                        │
├─────────────────────────────────────────────────────────────────────────────────────────────────────────────────────────────────────────────────────────┤
│ Sender: 0x13a75ba9e38bcd05b92c37e771fd3068c8b55d81bb6622f14b387a53123d7ab1                                                                              │
│ Gas Owner: 0x13a75ba9e38bcd05b92c37e771fd3068c8b55d81bb6622f14b387a53123d7ab1                                                                           │
│ Gas Budget: 500000000 MIST                                                                                                                              │
│ Gas Price: 758 MIST                                                                                                                                     │
│ Gas Payment:                                                                                                                                            │
│  ┌──                                                                                                                                                    │
│  │ ID: 0xb0b6745d74734fb22bb66627285692131777bc1e1abacd6cd36946672fd52087                                                                               │
│  │ Version: 98624858                                                                                                                                    │
│  │ Digest: 95fpGMfUw7puSREUNuqegHig6j3YMArnGz8WoWQQJiZQ                                                                                                 │
│  └──                                                                                                                                                    │
│                                                                                                                                                         │
│ Transaction Kind: Programmable                                                                                                                          │
│ ╭─────────────────────────────────────────────────────────────────────────────────────────────────────────────────────────────────────────────────────╮ │
│ │ Input Objects                                                                                                                                       │ │
│ ├─────────────────────────────────────────────────────────────────────────────────────────────────────────────────────────────────────────────────────┤ │
│ │ 0   Imm/Owned Object ID: 0x49b6ea50eaf249f6ded5fb1a096a6297e428ab97f1dc1f873e91ba8a9a8a6073                                                         │ │
│ │ 1   Pure Arg: Type: 0x1::string::String, Value: "1st Place Winner at Sui Overflow 2024 - Infra & Tooling"                                           │ │
│ │ 2   Pure Arg: Type: 0x1::string::String, Value: "Congratulations! This hacker from Kraken won 1st Place at the 2024 Sui Overflow global hackathon!" │ │
│ │ 3   Pure Arg: Type: 0x1::string::String, Value: "https://github.com/sui-foundation/attendance-nft/raw/main/gifs/overflow-1st.gif"                   │ │
│ │ 4   Pure Arg: Type: u8, Value: 1                                                                                                                    │ │
│ │ 5   Pure Arg: Type: address, Value: "0xfcd5f2eee4ca6d81d49c85a1669503b7fc8e641b406fe7cdb696a67ef861492c"                                            │ │
│ ╰─────────────────────────────────────────────────────────────────────────────────────────────────────────────────────────────────────────────────────╯ │
│ ╭──────────────────────────────────────────────────────────────────────────────────╮                                                                    │
│ │ Commands                                                                         │                                                                    │
│ ├──────────────────────────────────────────────────────────────────────────────────┤                                                                    │
│ │ 0  MoveCall:                                                                     │                                                                    │
│ │  ┌                                                                               │                                                                    │
│ │  │ Function:  mint_and_transfer                                                  │                                                                    │
│ │  │ Module:    attendance                                                         │                                                                    │
│ │  │ Package:   0x41a3350004440adf89a2f837c1e4c0bf1fe4edf6e08b56383ccb5c1606f210c1 │                                                                    │
│ │  │ Arguments:                                                                    │                                                                    │
│ │  │   Input  0                                                                    │                                                                    │
│ │  │   Input  1                                                                    │                                                                    │
│ │  │   Input  2                                                                    │                                                                    │
│ │  │   Input  3                                                                    │                                                                    │
│ │  │   Input  4                                                                    │                                                                    │
│ │  │   Input  5                                                                    │                                                                    │
│ │  └                                                                               │                                                                    │
│ ╰──────────────────────────────────────────────────────────────────────────────────╯                                                                    │
│                                                                                                                                                         │
│ Signatures:                                                                                                                                             │
│    475iHJnX5SKKh4vGZSBTta3fA1LBqEaeK4MWPlC1RMoN+2RmtV6v3Q9hTBIrl093ulTz4104qTThC5grAlvwAA==                                                             │
│                                                                                                                                                         │
╰─────────────────────────────────────────────────────────────────────────────────────────────────────────────────────────────────────────────────────────╯
╭───────────────────────────────────────────────────────────────────────────────────────────────────╮
│ Transaction Effects                                                                               │
├───────────────────────────────────────────────────────────────────────────────────────────────────┤
│ Digest: 5UAtmJiHGLXKb8zoAHQWULmMTmuWJquqrtMLs8Bwo3f5                                              │
│ Status: Success                                                                                   │
│ Executed Epoch: 455                                                                               │
│                                                                                                   │
│ Created Objects:                                                                                  │
│  ┌──                                                                                              │
│  │ ID: 0x68b2ceac03abb77943bb05b4014400fe99b5a1ce9a298b0f617257f63e121040                         │
│  │ Owner: Account Address ( 0xfcd5f2eee4ca6d81d49c85a1669503b7fc8e641b406fe7cdb696a67ef861492c )  │
│  │ Version: 98624859                                                                              │
│  │ Digest: BjGMFqRpQe6W1j7w4SwMgK5M3r2GmZ5QADsT3YWuUFiZ                                           │
│  └──                                                                                              │
│ Mutated Objects:                                                                                  │
│  ┌──                                                                                              │
│  │ ID: 0x49b6ea50eaf249f6ded5fb1a096a6297e428ab97f1dc1f873e91ba8a9a8a6073                         │
│  │ Owner: Account Address ( 0x13a75ba9e38bcd05b92c37e771fd3068c8b55d81bb6622f14b387a53123d7ab1 )  │
│  │ Version: 98624859                                                                              │
│  │ Digest: 4kcRNt6wSSios9MqcsHxjbyCAStBLHmaUFL8YDx8PsaP                                           │
│  └──                                                                                              │
│  ┌──                                                                                              │
│  │ ID: 0xb0b6745d74734fb22bb66627285692131777bc1e1abacd6cd36946672fd52087                         │
│  │ Owner: Account Address ( 0x13a75ba9e38bcd05b92c37e771fd3068c8b55d81bb6622f14b387a53123d7ab1 )  │
│  │ Version: 98624859                                                                              │
│  │ Digest: HhtgJN1fosi6TBGSnJGHcA9S6gWgecqmBS65Nm66J3t9                                           │
│  └──                                                                                              │
│ Gas Object:                                                                                       │
│  ┌──                                                                                              │
│  │ ID: 0xb0b6745d74734fb22bb66627285692131777bc1e1abacd6cd36946672fd52087                         │
│  │ Owner: Account Address ( 0x13a75ba9e38bcd05b92c37e771fd3068c8b55d81bb6622f14b387a53123d7ab1 )  │
│  │ Version: 98624859                                                                              │
│  │ Digest: HhtgJN1fosi6TBGSnJGHcA9S6gWgecqmBS65Nm66J3t9                                           │
│  └──                                                                                              │
│ Gas Cost Summary:                                                                                 │
│    Storage Cost: 6026800 MIST                                                                     │
│    Computation Cost: 758000 MIST                                                                  │
│    Storage Rebate: 2625876 MIST                                                                   │
│    Non-refundable Storage Fee: 26524 MIST                                                         │
│                                                                                                   │
│ Transaction Dependencies:                                                                         │
│    8oV77qHjG1Sy6uYrixVXQRBA7X3xpkm6JrHwsZQzw9TU                                                   │
│    FMiGzxRrf2s4fH8b7haU2kzdBsBpNYthRu8q2SxTfctz                                                   │
╰───────────────────────────────────────────────────────────────────────────────────────────────────╯
╭─────────────────────────────────────────────────────────────────────────────────────────────────────────────────╮
│ Transaction Block Events                                                                                        │
├─────────────────────────────────────────────────────────────────────────────────────────────────────────────────┤
│  ┌──                                                                                                            │
│  │ EventID: 5UAtmJiHGLXKb8zoAHQWULmMTmuWJquqrtMLs8Bwo3f5:0                                                      │
│  │ PackageID: 0x41a3350004440adf89a2f837c1e4c0bf1fe4edf6e08b56383ccb5c1606f210c1                                │
│  │ Transaction Module: attendance                                                                               │
│  │ Sender: 0x13a75ba9e38bcd05b92c37e771fd3068c8b55d81bb6622f14b387a53123d7ab1                                   │
│  │ EventType: 0x41a3350004440adf89a2f837c1e4c0bf1fe4edf6e08b56383ccb5c1606f210c1::attendance::AttendanceCreated │
│  │ ParsedJSON:                                                                                                  │
│  │   ┌─────────┬────────────────────────────────────────────────────────────────────┐                           │
│  │   │ id      │ 0x68b2ceac03abb77943bb05b4014400fe99b5a1ce9a298b0f617257f63e121040 │                           │
│  │   ├─────────┼────────────────────────────────────────────────────────────────────┤                           │
│  │   │ meet_id │ 0x49b6ea50eaf249f6ded5fb1a096a6297e428ab97f1dc1f873e91ba8a9a8a6073 │                           │
│  │   ├─────────┼────────────────────────────────────────────────────────────────────┤                           │
│  │   │ tier    │ 1                                                                  │                           │
│  │   └─────────┴────────────────────────────────────────────────────────────────────┘                           │
│  └──                                                                                                            │
╰─────────────────────────────────────────────────────────────────────────────────────────────────────────────────╯
╭────────────────────────────────────────────────────────────────────────────────────────────────────────────╮
│ Object Changes                                                                                             │
├────────────────────────────────────────────────────────────────────────────────────────────────────────────┤
│ Created Objects:                                                                                           │
│  ┌──                                                                                                       │
│  │ ObjectID: 0x68b2ceac03abb77943bb05b4014400fe99b5a1ce9a298b0f617257f63e121040                            │
│  │ Sender: 0x13a75ba9e38bcd05b92c37e771fd3068c8b55d81bb6622f14b387a53123d7ab1                              │
│  │ Owner: Account Address ( 0xfcd5f2eee4ca6d81d49c85a1669503b7fc8e641b406fe7cdb696a67ef861492c )           │
│  │ ObjectType: 0x41a3350004440adf89a2f837c1e4c0bf1fe4edf6e08b56383ccb5c1606f210c1::attendance::Attendance  │
│  │ Version: 98624859                                                                                       │
│  │ Digest: BjGMFqRpQe6W1j7w4SwMgK5M3r2GmZ5QADsT3YWuUFiZ                                                    │
│  └──                                                                                                       │
│ Mutated Objects:                                                                                           │
│  ┌──                                                                                                       │
│  │ ObjectID: 0x49b6ea50eaf249f6ded5fb1a096a6297e428ab97f1dc1f873e91ba8a9a8a6073                            │
│  │ Sender: 0x13a75ba9e38bcd05b92c37e771fd3068c8b55d81bb6622f14b387a53123d7ab1                              │
│  │ Owner: Account Address ( 0x13a75ba9e38bcd05b92c37e771fd3068c8b55d81bb6622f14b387a53123d7ab1 )           │
│  │ ObjectType: 0x41a3350004440adf89a2f837c1e4c0bf1fe4edf6e08b56383ccb5c1606f210c1::meet::Meet              │
│  │ Version: 98624859                                                                                       │
│  │ Digest: 4kcRNt6wSSios9MqcsHxjbyCAStBLHmaUFL8YDx8PsaP                                                    │
│  └──                                                                                                       │
│  ┌──                                                                                                       │
│  │ ObjectID: 0xb0b6745d74734fb22bb66627285692131777bc1e1abacd6cd36946672fd52087                            │
│  │ Sender: 0x13a75ba9e38bcd05b92c37e771fd3068c8b55d81bb6622f14b387a53123d7ab1                              │
│  │ Owner: Account Address ( 0x13a75ba9e38bcd05b92c37e771fd3068c8b55d81bb6622f14b387a53123d7ab1 )           │
│  │ ObjectType: 0x2::coin::Coin<0x2::sui::SUI>                                                              │
│  │ Version: 98624859                                                                                       │
│  │ Digest: HhtgJN1fosi6TBGSnJGHcA9S6gWgecqmBS65Nm66J3t9                                                    │
│  └──                                                                                                       │
╰────────────────────────────────────────────────────────────────────────────────────────────────────────────╯
╭───────────────────────────────────────────────────────────────────────────────────────────────────╮
│ Balance Changes                                                                                   │
├───────────────────────────────────────────────────────────────────────────────────────────────────┤
│  ┌──                                                                                              │
│  │ Owner: Account Address ( 0x13a75ba9e38bcd05b92c37e771fd3068c8b55d81bb6622f14b387a53123d7ab1 )  │
│  │ CoinType: 0x2::sui::SUI                                                                        │
│  │ Amount: -4158924                                                                               │
│  └──                                                                                              │
╰───────────────────────────────────────────────────────────────────────────────────────────────────╯

2024-07-10T23:45:40
Transaction Digest: 9XEoAYnrv6GCpx4xWGk23kJuttcZ2co8Pu6A9cE7ev2r
╭─────────────────────────────────────────────────────────────────────────────────────────────────────────────────────────────────────────────────────────╮
│ Transaction Data                                                                                                                                        │
├─────────────────────────────────────────────────────────────────────────────────────────────────────────────────────────────────────────────────────────┤
│ Sender: 0x13a75ba9e38bcd05b92c37e771fd3068c8b55d81bb6622f14b387a53123d7ab1                                                                              │
│ Gas Owner: 0x13a75ba9e38bcd05b92c37e771fd3068c8b55d81bb6622f14b387a53123d7ab1                                                                           │
│ Gas Budget: 500000000 MIST                                                                                                                              │
│ Gas Price: 758 MIST                                                                                                                                     │
│ Gas Payment:                                                                                                                                            │
│  ┌──                                                                                                                                                    │
│  │ ID: 0xb0b6745d74734fb22bb66627285692131777bc1e1abacd6cd36946672fd52087                                                                               │
│  │ Version: 98624859                                                                                                                                    │
│  │ Digest: HhtgJN1fosi6TBGSnJGHcA9S6gWgecqmBS65Nm66J3t9                                                                                                 │
│  └──                                                                                                                                                    │
│                                                                                                                                                         │
│ Transaction Kind: Programmable                                                                                                                          │
│ ╭─────────────────────────────────────────────────────────────────────────────────────────────────────────────────────────────────────────────────────╮ │
│ │ Input Objects                                                                                                                                       │ │
│ ├─────────────────────────────────────────────────────────────────────────────────────────────────────────────────────────────────────────────────────┤ │
│ │ 0   Imm/Owned Object ID: 0x49b6ea50eaf249f6ded5fb1a096a6297e428ab97f1dc1f873e91ba8a9a8a6073                                                         │ │
│ │ 1   Pure Arg: Type: 0x1::string::String, Value: "1st Place Winner at Sui Overflow 2024 - Infra & Tooling"                                           │ │
│ │ 2   Pure Arg: Type: 0x1::string::String, Value: "Congratulations! This hacker from Kraken won 1st Place at the 2024 Sui Overflow global hackathon!" │ │
│ │ 3   Pure Arg: Type: 0x1::string::String, Value: "https://github.com/sui-foundation/attendance-nft/raw/main/gifs/overflow-1st.gif"                   │ │
│ │ 4   Pure Arg: Type: u8, Value: 1                                                                                                                    │ │
│ │ 5   Pure Arg: Type: address, Value: "0xed7ba9119e330d5032637eb573a4078e6c80c2ae17e3c77382a90fc2fe640f92"                                            │ │
│ ╰─────────────────────────────────────────────────────────────────────────────────────────────────────────────────────────────────────────────────────╯ │
│ ╭──────────────────────────────────────────────────────────────────────────────────╮                                                                    │
│ │ Commands                                                                         │                                                                    │
│ ├──────────────────────────────────────────────────────────────────────────────────┤                                                                    │
│ │ 0  MoveCall:                                                                     │                                                                    │
│ │  ┌                                                                               │                                                                    │
│ │  │ Function:  mint_and_transfer                                                  │                                                                    │
│ │  │ Module:    attendance                                                         │                                                                    │
│ │  │ Package:   0x41a3350004440adf89a2f837c1e4c0bf1fe4edf6e08b56383ccb5c1606f210c1 │                                                                    │
│ │  │ Arguments:                                                                    │                                                                    │
│ │  │   Input  0                                                                    │                                                                    │
│ │  │   Input  1                                                                    │                                                                    │
│ │  │   Input  2                                                                    │                                                                    │
│ │  │   Input  3                                                                    │                                                                    │
│ │  │   Input  4                                                                    │                                                                    │
│ │  │   Input  5                                                                    │                                                                    │
│ │  └                                                                               │                                                                    │
│ ╰──────────────────────────────────────────────────────────────────────────────────╯                                                                    │
│                                                                                                                                                         │
│ Signatures:                                                                                                                                             │
│    vHP72agDRZyupGt9yVyrPnCKSPJnqVqSg4qRWyPX5oUx6N8ERn/Pfs7FzSOlG4fXEBlU7dYRypMJTiR96n0+AQ==                                                             │
│                                                                                                                                                         │
╰─────────────────────────────────────────────────────────────────────────────────────────────────────────────────────────────────────────────────────────╯
╭───────────────────────────────────────────────────────────────────────────────────────────────────╮
│ Transaction Effects                                                                               │
├───────────────────────────────────────────────────────────────────────────────────────────────────┤
│ Digest: 9XEoAYnrv6GCpx4xWGk23kJuttcZ2co8Pu6A9cE7ev2r                                              │
│ Status: Success                                                                                   │
│ Executed Epoch: 455                                                                               │
│                                                                                                   │
│ Created Objects:                                                                                  │
│  ┌──                                                                                              │
│  │ ID: 0x0c59356ba6a7024f2fe3481fbadb715ba3a24c3845ca037f198a50b537d82a8d                         │
│  │ Owner: Account Address ( 0xed7ba9119e330d5032637eb573a4078e6c80c2ae17e3c77382a90fc2fe640f92 )  │
│  │ Version: 98624860                                                                              │
│  │ Digest: Gda9Ax6nAjYGr7tCZ6BoT5RDhHWsKUpmEDaERVmS3F9N                                           │
│  └──                                                                                              │
│ Mutated Objects:                                                                                  │
│  ┌──                                                                                              │
│  │ ID: 0x49b6ea50eaf249f6ded5fb1a096a6297e428ab97f1dc1f873e91ba8a9a8a6073                         │
│  │ Owner: Account Address ( 0x13a75ba9e38bcd05b92c37e771fd3068c8b55d81bb6622f14b387a53123d7ab1 )  │
│  │ Version: 98624860                                                                              │
│  │ Digest: BgYX7TtTJasLhfZXikzHD3fXooH1i4d6FZeYEC9BfP7s                                           │
│  └──                                                                                              │
│  ┌──                                                                                              │
│  │ ID: 0xb0b6745d74734fb22bb66627285692131777bc1e1abacd6cd36946672fd52087                         │
│  │ Owner: Account Address ( 0x13a75ba9e38bcd05b92c37e771fd3068c8b55d81bb6622f14b387a53123d7ab1 )  │
│  │ Version: 98624860                                                                              │
│  │ Digest: 2swpQFEu2mh8BSmFMWRxNu1gBGYrhCNPqeSe7y5Zj4Pk                                           │
│  └──                                                                                              │
│ Gas Object:                                                                                       │
│  ┌──                                                                                              │
│  │ ID: 0xb0b6745d74734fb22bb66627285692131777bc1e1abacd6cd36946672fd52087                         │
│  │ Owner: Account Address ( 0x13a75ba9e38bcd05b92c37e771fd3068c8b55d81bb6622f14b387a53123d7ab1 )  │
│  │ Version: 98624860                                                                              │
│  │ Digest: 2swpQFEu2mh8BSmFMWRxNu1gBGYrhCNPqeSe7y5Zj4Pk                                           │
│  └──                                                                                              │
│ Gas Cost Summary:                                                                                 │
│    Storage Cost: 6026800 MIST                                                                     │
│    Computation Cost: 758000 MIST                                                                  │
│    Storage Rebate: 2625876 MIST                                                                   │
│    Non-refundable Storage Fee: 26524 MIST                                                         │
│                                                                                                   │
│ Transaction Dependencies:                                                                         │
│    5UAtmJiHGLXKb8zoAHQWULmMTmuWJquqrtMLs8Bwo3f5                                                   │
│    FMiGzxRrf2s4fH8b7haU2kzdBsBpNYthRu8q2SxTfctz                                                   │
╰───────────────────────────────────────────────────────────────────────────────────────────────────╯
╭─────────────────────────────────────────────────────────────────────────────────────────────────────────────────╮
│ Transaction Block Events                                                                                        │
├─────────────────────────────────────────────────────────────────────────────────────────────────────────────────┤
│  ┌──                                                                                                            │
│  │ EventID: 9XEoAYnrv6GCpx4xWGk23kJuttcZ2co8Pu6A9cE7ev2r:0                                                      │
│  │ PackageID: 0x41a3350004440adf89a2f837c1e4c0bf1fe4edf6e08b56383ccb5c1606f210c1                                │
│  │ Transaction Module: attendance                                                                               │
│  │ Sender: 0x13a75ba9e38bcd05b92c37e771fd3068c8b55d81bb6622f14b387a53123d7ab1                                   │
│  │ EventType: 0x41a3350004440adf89a2f837c1e4c0bf1fe4edf6e08b56383ccb5c1606f210c1::attendance::AttendanceCreated │
│  │ ParsedJSON:                                                                                                  │
│  │   ┌─────────┬────────────────────────────────────────────────────────────────────┐                           │
│  │   │ id      │ 0x0c59356ba6a7024f2fe3481fbadb715ba3a24c3845ca037f198a50b537d82a8d │                           │
│  │   ├─────────┼────────────────────────────────────────────────────────────────────┤                           │
│  │   │ meet_id │ 0x49b6ea50eaf249f6ded5fb1a096a6297e428ab97f1dc1f873e91ba8a9a8a6073 │                           │
│  │   ├─────────┼────────────────────────────────────────────────────────────────────┤                           │
│  │   │ tier    │ 1                                                                  │                           │
│  │   └─────────┴────────────────────────────────────────────────────────────────────┘                           │
│  └──                                                                                                            │
╰─────────────────────────────────────────────────────────────────────────────────────────────────────────────────╯
╭────────────────────────────────────────────────────────────────────────────────────────────────────────────╮
│ Object Changes                                                                                             │
├────────────────────────────────────────────────────────────────────────────────────────────────────────────┤
│ Created Objects:                                                                                           │
│  ┌──                                                                                                       │
│  │ ObjectID: 0x0c59356ba6a7024f2fe3481fbadb715ba3a24c3845ca037f198a50b537d82a8d                            │
│  │ Sender: 0x13a75ba9e38bcd05b92c37e771fd3068c8b55d81bb6622f14b387a53123d7ab1                              │
│  │ Owner: Account Address ( 0xed7ba9119e330d5032637eb573a4078e6c80c2ae17e3c77382a90fc2fe640f92 )           │
│  │ ObjectType: 0x41a3350004440adf89a2f837c1e4c0bf1fe4edf6e08b56383ccb5c1606f210c1::attendance::Attendance  │
│  │ Version: 98624860                                                                                       │
│  │ Digest: Gda9Ax6nAjYGr7tCZ6BoT5RDhHWsKUpmEDaERVmS3F9N                                                    │
│  └──                                                                                                       │
│ Mutated Objects:                                                                                           │
│  ┌──                                                                                                       │
│  │ ObjectID: 0x49b6ea50eaf249f6ded5fb1a096a6297e428ab97f1dc1f873e91ba8a9a8a6073                            │
│  │ Sender: 0x13a75ba9e38bcd05b92c37e771fd3068c8b55d81bb6622f14b387a53123d7ab1                              │
│  │ Owner: Account Address ( 0x13a75ba9e38bcd05b92c37e771fd3068c8b55d81bb6622f14b387a53123d7ab1 )           │
│  │ ObjectType: 0x41a3350004440adf89a2f837c1e4c0bf1fe4edf6e08b56383ccb5c1606f210c1::meet::Meet              │
│  │ Version: 98624860                                                                                       │
│  │ Digest: BgYX7TtTJasLhfZXikzHD3fXooH1i4d6FZeYEC9BfP7s                                                    │
│  └──                                                                                                       │
│  ┌──                                                                                                       │
│  │ ObjectID: 0xb0b6745d74734fb22bb66627285692131777bc1e1abacd6cd36946672fd52087                            │
│  │ Sender: 0x13a75ba9e38bcd05b92c37e771fd3068c8b55d81bb6622f14b387a53123d7ab1                              │
│  │ Owner: Account Address ( 0x13a75ba9e38bcd05b92c37e771fd3068c8b55d81bb6622f14b387a53123d7ab1 )           │
│  │ ObjectType: 0x2::coin::Coin<0x2::sui::SUI>                                                              │
│  │ Version: 98624860                                                                                       │
│  │ Digest: 2swpQFEu2mh8BSmFMWRxNu1gBGYrhCNPqeSe7y5Zj4Pk                                                    │
│  └──                                                                                                       │
╰────────────────────────────────────────────────────────────────────────────────────────────────────────────╯
╭───────────────────────────────────────────────────────────────────────────────────────────────────╮
│ Balance Changes                                                                                   │
├───────────────────────────────────────────────────────────────────────────────────────────────────┤
│  ┌──                                                                                              │
│  │ Owner: Account Address ( 0x13a75ba9e38bcd05b92c37e771fd3068c8b55d81bb6622f14b387a53123d7ab1 )  │
│  │ CoinType: 0x2::sui::SUI                                                                        │
│  │ Amount: -4158924                                                                               │
│  └──                                                                                              │
╰───────────────────────────────────────────────────────────────────────────────────────────────────╯

2024-07-10T23:45:46
Transaction Digest: Dtq38JccxvUeSZb6dsLUW575BQWJrej51cfWT1GG1gr1
╭─────────────────────────────────────────────────────────────────────────────────────────────────────────────────────────────────────────────────────────╮
│ Transaction Data                                                                                                                                        │
├─────────────────────────────────────────────────────────────────────────────────────────────────────────────────────────────────────────────────────────┤
│ Sender: 0x13a75ba9e38bcd05b92c37e771fd3068c8b55d81bb6622f14b387a53123d7ab1                                                                              │
│ Gas Owner: 0x13a75ba9e38bcd05b92c37e771fd3068c8b55d81bb6622f14b387a53123d7ab1                                                                           │
│ Gas Budget: 500000000 MIST                                                                                                                              │
│ Gas Price: 758 MIST                                                                                                                                     │
│ Gas Payment:                                                                                                                                            │
│  ┌──                                                                                                                                                    │
│  │ ID: 0xb0b6745d74734fb22bb66627285692131777bc1e1abacd6cd36946672fd52087                                                                               │
│  │ Version: 98624860                                                                                                                                    │
│  │ Digest: 2swpQFEu2mh8BSmFMWRxNu1gBGYrhCNPqeSe7y5Zj4Pk                                                                                                 │
│  └──                                                                                                                                                    │
│                                                                                                                                                         │
│ Transaction Kind: Programmable                                                                                                                          │
│ ╭─────────────────────────────────────────────────────────────────────────────────────────────────────────────────────────────────────────────────────╮ │
│ │ Input Objects                                                                                                                                       │ │
│ ├─────────────────────────────────────────────────────────────────────────────────────────────────────────────────────────────────────────────────────┤ │
│ │ 0   Imm/Owned Object ID: 0x49b6ea50eaf249f6ded5fb1a096a6297e428ab97f1dc1f873e91ba8a9a8a6073                                                         │ │
│ │ 1   Pure Arg: Type: 0x1::string::String, Value: "1st Place Winner at Sui Overflow 2024 - Infra & Tooling"                                           │ │
│ │ 2   Pure Arg: Type: 0x1::string::String, Value: "Congratulations! This hacker from Kraken won 1st Place at the 2024 Sui Overflow global hackathon!" │ │
│ │ 3   Pure Arg: Type: 0x1::string::String, Value: "https://github.com/sui-foundation/attendance-nft/raw/main/gifs/overflow-1st.gif"                   │ │
│ │ 4   Pure Arg: Type: u8, Value: 1                                                                                                                    │ │
│ │ 5   Pure Arg: Type: address, Value: "0x108cc8b76eae3aed5f1bc70f9a116c26550d7291e48bdc8bd6a28fe74490bbb7"                                            │ │
│ ╰─────────────────────────────────────────────────────────────────────────────────────────────────────────────────────────────────────────────────────╯ │
│ ╭──────────────────────────────────────────────────────────────────────────────────╮                                                                    │
│ │ Commands                                                                         │                                                                    │
│ ├──────────────────────────────────────────────────────────────────────────────────┤                                                                    │
│ │ 0  MoveCall:                                                                     │                                                                    │
│ │  ┌                                                                               │                                                                    │
│ │  │ Function:  mint_and_transfer                                                  │                                                                    │
│ │  │ Module:    attendance                                                         │                                                                    │
│ │  │ Package:   0x41a3350004440adf89a2f837c1e4c0bf1fe4edf6e08b56383ccb5c1606f210c1 │                                                                    │
│ │  │ Arguments:                                                                    │                                                                    │
│ │  │   Input  0                                                                    │                                                                    │
│ │  │   Input  1                                                                    │                                                                    │
│ │  │   Input  2                                                                    │                                                                    │
│ │  │   Input  3                                                                    │                                                                    │
│ │  │   Input  4                                                                    │                                                                    │
│ │  │   Input  5                                                                    │                                                                    │
│ │  └                                                                               │                                                                    │
│ ╰──────────────────────────────────────────────────────────────────────────────────╯                                                                    │
│                                                                                                                                                         │
│ Signatures:                                                                                                                                             │
│    923XpV4+N9knA9qFwuismBuDZ26SvqamKA7xs8h3bhfTVloDN/nO/T+ZOrqZKaj0Z0NwF12xwrLa0Ytq/qOpCg==                                                             │
│                                                                                                                                                         │
╰─────────────────────────────────────────────────────────────────────────────────────────────────────────────────────────────────────────────────────────╯
╭───────────────────────────────────────────────────────────────────────────────────────────────────╮
│ Transaction Effects                                                                               │
├───────────────────────────────────────────────────────────────────────────────────────────────────┤
│ Digest: Dtq38JccxvUeSZb6dsLUW575BQWJrej51cfWT1GG1gr1                                              │
│ Status: Success                                                                                   │
│ Executed Epoch: 455                                                                               │
│                                                                                                   │
│ Created Objects:                                                                                  │
│  ┌──                                                                                              │
│  │ ID: 0x62a3623d40312e0d1fdd34c5d8ac219b9faf91c51f8aca440dc4507b18dd1dcf                         │
│  │ Owner: Account Address ( 0x108cc8b76eae3aed5f1bc70f9a116c26550d7291e48bdc8bd6a28fe74490bbb7 )  │
│  │ Version: 98624861                                                                              │
│  │ Digest: 6btTrnHsgmGPaFT5tYGGh9wtLx17Y1MbUezjainRYicB                                           │
│  └──                                                                                              │
│ Mutated Objects:                                                                                  │
│  ┌──                                                                                              │
│  │ ID: 0x49b6ea50eaf249f6ded5fb1a096a6297e428ab97f1dc1f873e91ba8a9a8a6073                         │
│  │ Owner: Account Address ( 0x13a75ba9e38bcd05b92c37e771fd3068c8b55d81bb6622f14b387a53123d7ab1 )  │
│  │ Version: 98624861                                                                              │
│  │ Digest: Dmbov5DZ88T41wiTEArjGEyqiceE2BHr5w1Uaw6ABrmU                                           │
│  └──                                                                                              │
│  ┌──                                                                                              │
│  │ ID: 0xb0b6745d74734fb22bb66627285692131777bc1e1abacd6cd36946672fd52087                         │
│  │ Owner: Account Address ( 0x13a75ba9e38bcd05b92c37e771fd3068c8b55d81bb6622f14b387a53123d7ab1 )  │
│  │ Version: 98624861                                                                              │
│  │ Digest: 6bQUxRSp9uBK5d4AWSC7S1teDtLHcb1vJf5x2PuGXqHE                                           │
│  └──                                                                                              │
│ Gas Object:                                                                                       │
│  ┌──                                                                                              │
│  │ ID: 0xb0b6745d74734fb22bb66627285692131777bc1e1abacd6cd36946672fd52087                         │
│  │ Owner: Account Address ( 0x13a75ba9e38bcd05b92c37e771fd3068c8b55d81bb6622f14b387a53123d7ab1 )  │
│  │ Version: 98624861                                                                              │
│  │ Digest: 6bQUxRSp9uBK5d4AWSC7S1teDtLHcb1vJf5x2PuGXqHE                                           │
│  └──                                                                                              │
│ Gas Cost Summary:                                                                                 │
│    Storage Cost: 6026800 MIST                                                                     │
│    Computation Cost: 758000 MIST                                                                  │
│    Storage Rebate: 2625876 MIST                                                                   │
│    Non-refundable Storage Fee: 26524 MIST                                                         │
│                                                                                                   │
│ Transaction Dependencies:                                                                         │
│    9XEoAYnrv6GCpx4xWGk23kJuttcZ2co8Pu6A9cE7ev2r                                                   │
│    FMiGzxRrf2s4fH8b7haU2kzdBsBpNYthRu8q2SxTfctz                                                   │
╰───────────────────────────────────────────────────────────────────────────────────────────────────╯
╭─────────────────────────────────────────────────────────────────────────────────────────────────────────────────╮
│ Transaction Block Events                                                                                        │
├─────────────────────────────────────────────────────────────────────────────────────────────────────────────────┤
│  ┌──                                                                                                            │
│  │ EventID: Dtq38JccxvUeSZb6dsLUW575BQWJrej51cfWT1GG1gr1:0                                                      │
│  │ PackageID: 0x41a3350004440adf89a2f837c1e4c0bf1fe4edf6e08b56383ccb5c1606f210c1                                │
│  │ Transaction Module: attendance                                                                               │
│  │ Sender: 0x13a75ba9e38bcd05b92c37e771fd3068c8b55d81bb6622f14b387a53123d7ab1                                   │
│  │ EventType: 0x41a3350004440adf89a2f837c1e4c0bf1fe4edf6e08b56383ccb5c1606f210c1::attendance::AttendanceCreated │
│  │ ParsedJSON:                                                                                                  │
│  │   ┌─────────┬────────────────────────────────────────────────────────────────────┐                           │
│  │   │ id      │ 0x62a3623d40312e0d1fdd34c5d8ac219b9faf91c51f8aca440dc4507b18dd1dcf │                           │
│  │   ├─────────┼────────────────────────────────────────────────────────────────────┤                           │
│  │   │ meet_id │ 0x49b6ea50eaf249f6ded5fb1a096a6297e428ab97f1dc1f873e91ba8a9a8a6073 │                           │
│  │   ├─────────┼────────────────────────────────────────────────────────────────────┤                           │
│  │   │ tier    │ 1                                                                  │                           │
│  │   └─────────┴────────────────────────────────────────────────────────────────────┘                           │
│  └──                                                                                                            │
╰─────────────────────────────────────────────────────────────────────────────────────────────────────────────────╯
╭────────────────────────────────────────────────────────────────────────────────────────────────────────────╮
│ Object Changes                                                                                             │
├────────────────────────────────────────────────────────────────────────────────────────────────────────────┤
│ Created Objects:                                                                                           │
│  ┌──                                                                                                       │
│  │ ObjectID: 0x62a3623d40312e0d1fdd34c5d8ac219b9faf91c51f8aca440dc4507b18dd1dcf                            │
│  │ Sender: 0x13a75ba9e38bcd05b92c37e771fd3068c8b55d81bb6622f14b387a53123d7ab1                              │
│  │ Owner: Account Address ( 0x108cc8b76eae3aed5f1bc70f9a116c26550d7291e48bdc8bd6a28fe74490bbb7 )           │
│  │ ObjectType: 0x41a3350004440adf89a2f837c1e4c0bf1fe4edf6e08b56383ccb5c1606f210c1::attendance::Attendance  │
│  │ Version: 98624861                                                                                       │
│  │ Digest: 6btTrnHsgmGPaFT5tYGGh9wtLx17Y1MbUezjainRYicB                                                    │
│  └──                                                                                                       │
│ Mutated Objects:                                                                                           │
│  ┌──                                                                                                       │
│  │ ObjectID: 0x49b6ea50eaf249f6ded5fb1a096a6297e428ab97f1dc1f873e91ba8a9a8a6073                            │
│  │ Sender: 0x13a75ba9e38bcd05b92c37e771fd3068c8b55d81bb6622f14b387a53123d7ab1                              │
│  │ Owner: Account Address ( 0x13a75ba9e38bcd05b92c37e771fd3068c8b55d81bb6622f14b387a53123d7ab1 )           │
│  │ ObjectType: 0x41a3350004440adf89a2f837c1e4c0bf1fe4edf6e08b56383ccb5c1606f210c1::meet::Meet              │
│  │ Version: 98624861                                                                                       │
│  │ Digest: Dmbov5DZ88T41wiTEArjGEyqiceE2BHr5w1Uaw6ABrmU                                                    │
│  └──                                                                                                       │
│  ┌──                                                                                                       │
│  │ ObjectID: 0xb0b6745d74734fb22bb66627285692131777bc1e1abacd6cd36946672fd52087                            │
│  │ Sender: 0x13a75ba9e38bcd05b92c37e771fd3068c8b55d81bb6622f14b387a53123d7ab1                              │
│  │ Owner: Account Address ( 0x13a75ba9e38bcd05b92c37e771fd3068c8b55d81bb6622f14b387a53123d7ab1 )           │
│  │ ObjectType: 0x2::coin::Coin<0x2::sui::SUI>                                                              │
│  │ Version: 98624861                                                                                       │
│  │ Digest: 6bQUxRSp9uBK5d4AWSC7S1teDtLHcb1vJf5x2PuGXqHE                                                    │
│  └──                                                                                                       │
╰────────────────────────────────────────────────────────────────────────────────────────────────────────────╯
╭───────────────────────────────────────────────────────────────────────────────────────────────────╮
│ Balance Changes                                                                                   │
├───────────────────────────────────────────────────────────────────────────────────────────────────┤
│  ┌──                                                                                              │
│  │ Owner: Account Address ( 0x13a75ba9e38bcd05b92c37e771fd3068c8b55d81bb6622f14b387a53123d7ab1 )  │
│  │ CoinType: 0x2::sui::SUI                                                                        │
│  │ Amount: -4158924                                                                               │
│  └──                                                                                              │
╰───────────────────────────────────────────────────────────────────────────────────────────────────╯

