2024-07-10T21:43:22
Transaction Digest: CusWw5ZphWb1awpV56ogTxSqisC9ui9pSun2sizqS81o
╭───────────────────────────────────────────────────────────────────────────────────────────────────────────────────────────────────────────────────────╮
│ Transaction Data                                                                                                                                      │
├───────────────────────────────────────────────────────────────────────────────────────────────────────────────────────────────────────────────────────┤
│ Sender: 0x13a75ba9e38bcd05b92c37e771fd3068c8b55d81bb6622f14b387a53123d7ab1                                                                            │
│ Gas Owner: 0x13a75ba9e38bcd05b92c37e771fd3068c8b55d81bb6622f14b387a53123d7ab1                                                                         │
│ Gas Budget: 500000000 MIST                                                                                                                            │
│ Gas Price: 758 MIST                                                                                                                                   │
│ Gas Payment:                                                                                                                                          │
│  ┌──                                                                                                                                                  │
│  │ ID: 0xb0b6745d74734fb22bb66627285692131777bc1e1abacd6cd36946672fd52087                                                                             │
│  │ Version: 98624828                                                                                                                                  │
│  │ Digest: 2mjyboAgj5gzxCeuGwXMxmZoyZ7ib1Jkvqeid1csbynp                                                                                               │
│  └──                                                                                                                                                  │
│                                                                                                                                                       │
│ Transaction Kind: Programmable                                                                                                                        │
│ ╭───────────────────────────────────────────────────────────────────────────────────────────────────────────────────────────────────────────────────╮ │
│ │ Input Objects                                                                                                                                     │ │
│ ├───────────────────────────────────────────────────────────────────────────────────────────────────────────────────────────────────────────────────┤ │
│ │ 0   Imm/Owned Object ID: 0x49b6ea50eaf249f6ded5fb1a096a6297e428ab97f1dc1f873e91ba8a9a8a6073                                                       │ │
│ │ 1   Pure Arg: Type: 0x1::string::String, Value: "3rd Place Winner at Sui Overflow 2024 - DeFi"                                                    │ │
│ │ 2   Pure Arg: Type: 0x1::string::String, Value: "Congratulations! This hacker from Shio won 3rd Place at the 2024 Sui Overflow global hackathon!" │ │
│ │ 3   Pure Arg: Type: 0x1::string::String, Value: "https://github.com/sui-foundation/attendance-nft/raw/main/gifs/overflow-3rd.gif"                 │ │
│ │ 4   Pure Arg: Type: u8, Value: 3                                                                                                                  │ │
│ │ 5   Pure Arg: Type: address, Value: "0x824b071a26730de34222865bfc247c3b0303f35ddfb55466aa7532810c3b4e0b"                                          │ │
│ ╰───────────────────────────────────────────────────────────────────────────────────────────────────────────────────────────────────────────────────╯ │
│ ╭──────────────────────────────────────────────────────────────────────────────────╮                                                                  │
│ │ Commands                                                                         │                                                                  │
│ ├──────────────────────────────────────────────────────────────────────────────────┤                                                                  │
│ │ 0  MoveCall:                                                                     │                                                                  │
│ │  ┌                                                                               │                                                                  │
│ │  │ Function:  mint_and_transfer                                                  │                                                                  │
│ │  │ Module:    attendance                                                         │                                                                  │
│ │  │ Package:   0x41a3350004440adf89a2f837c1e4c0bf1fe4edf6e08b56383ccb5c1606f210c1 │                                                                  │
│ │  │ Arguments:                                                                    │                                                                  │
│ │  │   Input  0                                                                    │                                                                  │
│ │  │   Input  1                                                                    │                                                                  │
│ │  │   Input  2                                                                    │                                                                  │
│ │  │   Input  3                                                                    │                                                                  │
│ │  │   Input  4                                                                    │                                                                  │
│ │  │   Input  5                                                                    │                                                                  │
│ │  └                                                                               │                                                                  │
│ ╰──────────────────────────────────────────────────────────────────────────────────╯                                                                  │
│                                                                                                                                                       │
│ Signatures:                                                                                                                                           │
│    Ud1aThqPhKNaWIosfgZn2E43iFSvGouUJTN3CeFi5onb/IKWinQ9O2vlMBOT6wvGezYaWupOOhVuZqeLq2hwAw==                                                           │
│                                                                                                                                                       │
╰───────────────────────────────────────────────────────────────────────────────────────────────────────────────────────────────────────────────────────╯
╭───────────────────────────────────────────────────────────────────────────────────────────────────╮
│ Transaction Effects                                                                               │
├───────────────────────────────────────────────────────────────────────────────────────────────────┤
│ Digest: CusWw5ZphWb1awpV56ogTxSqisC9ui9pSun2sizqS81o                                              │
│ Status: Success                                                                                   │
│ Executed Epoch: 455                                                                               │
│                                                                                                   │
│ Created Objects:                                                                                  │
│  ┌──                                                                                              │
│  │ ID: 0xbdb88b30bf6183e5df256b8542c93e0f0dc8580a5ff5c27d875007b97bedeb01                         │
│  │ Owner: Account Address ( 0x824b071a26730de34222865bfc247c3b0303f35ddfb55466aa7532810c3b4e0b )  │
│  │ Version: 98624829                                                                              │
│  │ Digest: ALDh3Zo6qQWRpfyL6Ww69PbJsYa8R8PRdqqif5GTUm2A                                           │
│  └──                                                                                              │
│ Mutated Objects:                                                                                  │
│  ┌──                                                                                              │
│  │ ID: 0x49b6ea50eaf249f6ded5fb1a096a6297e428ab97f1dc1f873e91ba8a9a8a6073                         │
│  │ Owner: Account Address ( 0x13a75ba9e38bcd05b92c37e771fd3068c8b55d81bb6622f14b387a53123d7ab1 )  │
│  │ Version: 98624829                                                                              │
│  │ Digest: DMqhnE764AfQZZH6qiALYphaVGnRemg72PRNarQvjCg1                                           │
│  └──                                                                                              │
│  ┌──                                                                                              │
│  │ ID: 0xb0b6745d74734fb22bb66627285692131777bc1e1abacd6cd36946672fd52087                         │
│  │ Owner: Account Address ( 0x13a75ba9e38bcd05b92c37e771fd3068c8b55d81bb6622f14b387a53123d7ab1 )  │
│  │ Version: 98624829                                                                              │
│  │ Digest: 4khvmzY8FGMC4ygeBAvLVueYXtS4n4Uzkc9QwfNt3GxQ                                           │
│  └──                                                                                              │
│ Gas Object:                                                                                       │
│  ┌──                                                                                              │
│  │ ID: 0xb0b6745d74734fb22bb66627285692131777bc1e1abacd6cd36946672fd52087                         │
│  │ Owner: Account Address ( 0x13a75ba9e38bcd05b92c37e771fd3068c8b55d81bb6622f14b387a53123d7ab1 )  │
│  │ Version: 98624829                                                                              │
│  │ Digest: 4khvmzY8FGMC4ygeBAvLVueYXtS4n4Uzkc9QwfNt3GxQ                                           │
│  └──                                                                                              │
│ Gas Cost Summary:                                                                                 │
│    Storage Cost: 5928000 MIST                                                                     │
│    Computation Cost: 758000 MIST                                                                  │
│    Storage Rebate: 2625876 MIST                                                                   │
│    Non-refundable Storage Fee: 26524 MIST                                                         │
│                                                                                                   │
│ Transaction Dependencies:                                                                         │
│    BWX22qac3hwsxFE19hoLkgHxsRDSL4w4xUZA3XPYfaeK                                                   │
│    FMiGzxRrf2s4fH8b7haU2kzdBsBpNYthRu8q2SxTfctz                                                   │
╰───────────────────────────────────────────────────────────────────────────────────────────────────╯
╭─────────────────────────────────────────────────────────────────────────────────────────────────────────────────╮
│ Transaction Block Events                                                                                        │
├─────────────────────────────────────────────────────────────────────────────────────────────────────────────────┤
│  ┌──                                                                                                            │
│  │ EventID: CusWw5ZphWb1awpV56ogTxSqisC9ui9pSun2sizqS81o:0                                                      │
│  │ PackageID: 0x41a3350004440adf89a2f837c1e4c0bf1fe4edf6e08b56383ccb5c1606f210c1                                │
│  │ Transaction Module: attendance                                                                               │
│  │ Sender: 0x13a75ba9e38bcd05b92c37e771fd3068c8b55d81bb6622f14b387a53123d7ab1                                   │
│  │ EventType: 0x41a3350004440adf89a2f837c1e4c0bf1fe4edf6e08b56383ccb5c1606f210c1::attendance::AttendanceCreated │
│  │ ParsedJSON:                                                                                                  │
│  │   ┌─────────┬────────────────────────────────────────────────────────────────────┐                           │
│  │   │ id      │ 0xbdb88b30bf6183e5df256b8542c93e0f0dc8580a5ff5c27d875007b97bedeb01 │                           │
│  │   ├─────────┼────────────────────────────────────────────────────────────────────┤                           │
│  │   │ meet_id │ 0x49b6ea50eaf249f6ded5fb1a096a6297e428ab97f1dc1f873e91ba8a9a8a6073 │                           │
│  │   ├─────────┼────────────────────────────────────────────────────────────────────┤                           │
│  │   │ tier    │ 3                                                                  │                           │
│  │   └─────────┴────────────────────────────────────────────────────────────────────┘                           │
│  └──                                                                                                            │
╰─────────────────────────────────────────────────────────────────────────────────────────────────────────────────╯
╭────────────────────────────────────────────────────────────────────────────────────────────────────────────╮
│ Object Changes                                                                                             │
├────────────────────────────────────────────────────────────────────────────────────────────────────────────┤
│ Created Objects:                                                                                           │
│  ┌──                                                                                                       │
│  │ ObjectID: 0xbdb88b30bf6183e5df256b8542c93e0f0dc8580a5ff5c27d875007b97bedeb01                            │
│  │ Sender: 0x13a75ba9e38bcd05b92c37e771fd3068c8b55d81bb6622f14b387a53123d7ab1                              │
│  │ Owner: Account Address ( 0x824b071a26730de34222865bfc247c3b0303f35ddfb55466aa7532810c3b4e0b )           │
│  │ ObjectType: 0x41a3350004440adf89a2f837c1e4c0bf1fe4edf6e08b56383ccb5c1606f210c1::attendance::Attendance  │
│  │ Version: 98624829                                                                                       │
│  │ Digest: ALDh3Zo6qQWRpfyL6Ww69PbJsYa8R8PRdqqif5GTUm2A                                                    │
│  └──                                                                                                       │
│ Mutated Objects:                                                                                           │
│  ┌──                                                                                                       │
│  │ ObjectID: 0x49b6ea50eaf249f6ded5fb1a096a6297e428ab97f1dc1f873e91ba8a9a8a6073                            │
│  │ Sender: 0x13a75ba9e38bcd05b92c37e771fd3068c8b55d81bb6622f14b387a53123d7ab1                              │
│  │ Owner: Account Address ( 0x13a75ba9e38bcd05b92c37e771fd3068c8b55d81bb6622f14b387a53123d7ab1 )           │
│  │ ObjectType: 0x41a3350004440adf89a2f837c1e4c0bf1fe4edf6e08b56383ccb5c1606f210c1::meet::Meet              │
│  │ Version: 98624829                                                                                       │
│  │ Digest: DMqhnE764AfQZZH6qiALYphaVGnRemg72PRNarQvjCg1                                                    │
│  └──                                                                                                       │
│  ┌──                                                                                                       │
│  │ ObjectID: 0xb0b6745d74734fb22bb66627285692131777bc1e1abacd6cd36946672fd52087                            │
│  │ Sender: 0x13a75ba9e38bcd05b92c37e771fd3068c8b55d81bb6622f14b387a53123d7ab1                              │
│  │ Owner: Account Address ( 0x13a75ba9e38bcd05b92c37e771fd3068c8b55d81bb6622f14b387a53123d7ab1 )           │
│  │ ObjectType: 0x2::coin::Coin<0x2::sui::SUI>                                                              │
│  │ Version: 98624829                                                                                       │
│  │ Digest: 4khvmzY8FGMC4ygeBAvLVueYXtS4n4Uzkc9QwfNt3GxQ                                                    │
│  └──                                                                                                       │
╰────────────────────────────────────────────────────────────────────────────────────────────────────────────╯
╭───────────────────────────────────────────────────────────────────────────────────────────────────╮
│ Balance Changes                                                                                   │
├───────────────────────────────────────────────────────────────────────────────────────────────────┤
│  ┌──                                                                                              │
│  │ Owner: Account Address ( 0x13a75ba9e38bcd05b92c37e771fd3068c8b55d81bb6622f14b387a53123d7ab1 )  │
│  │ CoinType: 0x2::sui::SUI                                                                        │
│  │ Amount: -4060124                                                                               │
│  └──                                                                                              │
╰───────────────────────────────────────────────────────────────────────────────────────────────────╯

2024-07-10T21:43:29
Transaction Digest: HcJZ1FLVwQmM8PcaiqwkBDZD9NY2myfbq9u44XjfpZhL
╭───────────────────────────────────────────────────────────────────────────────────────────────────────────────────────────────────────────────────────╮
│ Transaction Data                                                                                                                                      │
├───────────────────────────────────────────────────────────────────────────────────────────────────────────────────────────────────────────────────────┤
│ Sender: 0x13a75ba9e38bcd05b92c37e771fd3068c8b55d81bb6622f14b387a53123d7ab1                                                                            │
│ Gas Owner: 0x13a75ba9e38bcd05b92c37e771fd3068c8b55d81bb6622f14b387a53123d7ab1                                                                         │
│ Gas Budget: 500000000 MIST                                                                                                                            │
│ Gas Price: 758 MIST                                                                                                                                   │
│ Gas Payment:                                                                                                                                          │
│  ┌──                                                                                                                                                  │
│  │ ID: 0xb0b6745d74734fb22bb66627285692131777bc1e1abacd6cd36946672fd52087                                                                             │
│  │ Version: 98624829                                                                                                                                  │
│  │ Digest: 4khvmzY8FGMC4ygeBAvLVueYXtS4n4Uzkc9QwfNt3GxQ                                                                                               │
│  └──                                                                                                                                                  │
│                                                                                                                                                       │
│ Transaction Kind: Programmable                                                                                                                        │
│ ╭───────────────────────────────────────────────────────────────────────────────────────────────────────────────────────────────────────────────────╮ │
│ │ Input Objects                                                                                                                                     │ │
│ ├───────────────────────────────────────────────────────────────────────────────────────────────────────────────────────────────────────────────────┤ │
│ │ 0   Imm/Owned Object ID: 0x49b6ea50eaf249f6ded5fb1a096a6297e428ab97f1dc1f873e91ba8a9a8a6073                                                       │ │
│ │ 1   Pure Arg: Type: 0x1::string::String, Value: "3rd Place Winner at Sui Overflow 2024 - DeFi"                                                    │ │
│ │ 2   Pure Arg: Type: 0x1::string::String, Value: "Congratulations! This hacker from Shio won 3rd Place at the 2024 Sui Overflow global hackathon!" │ │
│ │ 3   Pure Arg: Type: 0x1::string::String, Value: "https://github.com/sui-foundation/attendance-nft/raw/main/gifs/overflow-3rd.gif"                 │ │
│ │ 4   Pure Arg: Type: u8, Value: 3                                                                                                                  │ │
│ │ 5   Pure Arg: Type: address, Value: "0xe031fe6d48424dd5b741cb2b8be3546c792395b438a255aab4aa41c55cbcba98"                                          │ │
│ ╰───────────────────────────────────────────────────────────────────────────────────────────────────────────────────────────────────────────────────╯ │
│ ╭──────────────────────────────────────────────────────────────────────────────────╮                                                                  │
│ │ Commands                                                                         │                                                                  │
│ ├──────────────────────────────────────────────────────────────────────────────────┤                                                                  │
│ │ 0  MoveCall:                                                                     │                                                                  │
│ │  ┌                                                                               │                                                                  │
│ │  │ Function:  mint_and_transfer                                                  │                                                                  │
│ │  │ Module:    attendance                                                         │                                                                  │
│ │  │ Package:   0x41a3350004440adf89a2f837c1e4c0bf1fe4edf6e08b56383ccb5c1606f210c1 │                                                                  │
│ │  │ Arguments:                                                                    │                                                                  │
│ │  │   Input  0                                                                    │                                                                  │
│ │  │   Input  1                                                                    │                                                                  │
│ │  │   Input  2                                                                    │                                                                  │
│ │  │   Input  3                                                                    │                                                                  │
│ │  │   Input  4                                                                    │                                                                  │
│ │  │   Input  5                                                                    │                                                                  │
│ │  └                                                                               │                                                                  │
│ ╰──────────────────────────────────────────────────────────────────────────────────╯                                                                  │
│                                                                                                                                                       │
│ Signatures:                                                                                                                                           │
│    wXBldqRRvF1botDBC38ip8j92hFt1YCzSbfBQLFdokAEEkAoEwRoacsaNalZVd9wtrKw0ssbNqR7RP8PaWJaBA==                                                           │
│                                                                                                                                                       │
╰───────────────────────────────────────────────────────────────────────────────────────────────────────────────────────────────────────────────────────╯
╭───────────────────────────────────────────────────────────────────────────────────────────────────╮
│ Transaction Effects                                                                               │
├───────────────────────────────────────────────────────────────────────────────────────────────────┤
│ Digest: HcJZ1FLVwQmM8PcaiqwkBDZD9NY2myfbq9u44XjfpZhL                                              │
│ Status: Success                                                                                   │
│ Executed Epoch: 455                                                                               │
│                                                                                                   │
│ Created Objects:                                                                                  │
│  ┌──                                                                                              │
│  │ ID: 0x511bfccb0feeeeb2d036a9219147c4d16843524ab35119283cb0d0cbd6f76ef2                         │
│  │ Owner: Account Address ( 0xe031fe6d48424dd5b741cb2b8be3546c792395b438a255aab4aa41c55cbcba98 )  │
│  │ Version: 98624830                                                                              │
│  │ Digest: D2ah3aYoYVxFAWS5R9qeY1aqg1YisCvKqJNGqRFMqvnE                                           │
│  └──                                                                                              │
│ Mutated Objects:                                                                                  │
│  ┌──                                                                                              │
│  │ ID: 0x49b6ea50eaf249f6ded5fb1a096a6297e428ab97f1dc1f873e91ba8a9a8a6073                         │
│  │ Owner: Account Address ( 0x13a75ba9e38bcd05b92c37e771fd3068c8b55d81bb6622f14b387a53123d7ab1 )  │
│  │ Version: 98624830                                                                              │
│  │ Digest: 3k1DTzZpxhEDuv7cjA1qrvouCw34x2Hg2DsU9keWzyok                                           │
│  └──                                                                                              │
│  ┌──                                                                                              │
│  │ ID: 0xb0b6745d74734fb22bb66627285692131777bc1e1abacd6cd36946672fd52087                         │
│  │ Owner: Account Address ( 0x13a75ba9e38bcd05b92c37e771fd3068c8b55d81bb6622f14b387a53123d7ab1 )  │
│  │ Version: 98624830                                                                              │
│  │ Digest: AfZ3AP1oJhvaTndqkzmvfWse56mwER5s8jfpsKgsgCX6                                           │
│  └──                                                                                              │
│ Gas Object:                                                                                       │
│  ┌──                                                                                              │
│  │ ID: 0xb0b6745d74734fb22bb66627285692131777bc1e1abacd6cd36946672fd52087                         │
│  │ Owner: Account Address ( 0x13a75ba9e38bcd05b92c37e771fd3068c8b55d81bb6622f14b387a53123d7ab1 )  │
│  │ Version: 98624830                                                                              │
│  │ Digest: AfZ3AP1oJhvaTndqkzmvfWse56mwER5s8jfpsKgsgCX6                                           │
│  └──                                                                                              │
│ Gas Cost Summary:                                                                                 │
│    Storage Cost: 5928000 MIST                                                                     │
│    Computation Cost: 758000 MIST                                                                  │
│    Storage Rebate: 2625876 MIST                                                                   │
│    Non-refundable Storage Fee: 26524 MIST                                                         │
│                                                                                                   │
│ Transaction Dependencies:                                                                         │
│    CusWw5ZphWb1awpV56ogTxSqisC9ui9pSun2sizqS81o                                                   │
│    FMiGzxRrf2s4fH8b7haU2kzdBsBpNYthRu8q2SxTfctz                                                   │
╰───────────────────────────────────────────────────────────────────────────────────────────────────╯
╭─────────────────────────────────────────────────────────────────────────────────────────────────────────────────╮
│ Transaction Block Events                                                                                        │
├─────────────────────────────────────────────────────────────────────────────────────────────────────────────────┤
│  ┌──                                                                                                            │
│  │ EventID: HcJZ1FLVwQmM8PcaiqwkBDZD9NY2myfbq9u44XjfpZhL:0                                                      │
│  │ PackageID: 0x41a3350004440adf89a2f837c1e4c0bf1fe4edf6e08b56383ccb5c1606f210c1                                │
│  │ Transaction Module: attendance                                                                               │
│  │ Sender: 0x13a75ba9e38bcd05b92c37e771fd3068c8b55d81bb6622f14b387a53123d7ab1                                   │
│  │ EventType: 0x41a3350004440adf89a2f837c1e4c0bf1fe4edf6e08b56383ccb5c1606f210c1::attendance::AttendanceCreated │
│  │ ParsedJSON:                                                                                                  │
│  │   ┌─────────┬────────────────────────────────────────────────────────────────────┐                           │
│  │   │ id      │ 0x511bfccb0feeeeb2d036a9219147c4d16843524ab35119283cb0d0cbd6f76ef2 │                           │
│  │   ├─────────┼────────────────────────────────────────────────────────────────────┤                           │
│  │   │ meet_id │ 0x49b6ea50eaf249f6ded5fb1a096a6297e428ab97f1dc1f873e91ba8a9a8a6073 │                           │
│  │   ├─────────┼────────────────────────────────────────────────────────────────────┤                           │
│  │   │ tier    │ 3                                                                  │                           │
│  │   └─────────┴────────────────────────────────────────────────────────────────────┘                           │
│  └──                                                                                                            │
╰─────────────────────────────────────────────────────────────────────────────────────────────────────────────────╯
╭────────────────────────────────────────────────────────────────────────────────────────────────────────────╮
│ Object Changes                                                                                             │
├────────────────────────────────────────────────────────────────────────────────────────────────────────────┤
│ Created Objects:                                                                                           │
│  ┌──                                                                                                       │
│  │ ObjectID: 0x511bfccb0feeeeb2d036a9219147c4d16843524ab35119283cb0d0cbd6f76ef2                            │
│  │ Sender: 0x13a75ba9e38bcd05b92c37e771fd3068c8b55d81bb6622f14b387a53123d7ab1                              │
│  │ Owner: Account Address ( 0xe031fe6d48424dd5b741cb2b8be3546c792395b438a255aab4aa41c55cbcba98 )           │
│  │ ObjectType: 0x41a3350004440adf89a2f837c1e4c0bf1fe4edf6e08b56383ccb5c1606f210c1::attendance::Attendance  │
│  │ Version: 98624830                                                                                       │
│  │ Digest: D2ah3aYoYVxFAWS5R9qeY1aqg1YisCvKqJNGqRFMqvnE                                                    │
│  └──                                                                                                       │
│ Mutated Objects:                                                                                           │
│  ┌──                                                                                                       │
│  │ ObjectID: 0x49b6ea50eaf249f6ded5fb1a096a6297e428ab97f1dc1f873e91ba8a9a8a6073                            │
│  │ Sender: 0x13a75ba9e38bcd05b92c37e771fd3068c8b55d81bb6622f14b387a53123d7ab1                              │
│  │ Owner: Account Address ( 0x13a75ba9e38bcd05b92c37e771fd3068c8b55d81bb6622f14b387a53123d7ab1 )           │
│  │ ObjectType: 0x41a3350004440adf89a2f837c1e4c0bf1fe4edf6e08b56383ccb5c1606f210c1::meet::Meet              │
│  │ Version: 98624830                                                                                       │
│  │ Digest: 3k1DTzZpxhEDuv7cjA1qrvouCw34x2Hg2DsU9keWzyok                                                    │
│  └──                                                                                                       │
│  ┌──                                                                                                       │
│  │ ObjectID: 0xb0b6745d74734fb22bb66627285692131777bc1e1abacd6cd36946672fd52087                            │
│  │ Sender: 0x13a75ba9e38bcd05b92c37e771fd3068c8b55d81bb6622f14b387a53123d7ab1                              │
│  │ Owner: Account Address ( 0x13a75ba9e38bcd05b92c37e771fd3068c8b55d81bb6622f14b387a53123d7ab1 )           │
│  │ ObjectType: 0x2::coin::Coin<0x2::sui::SUI>                                                              │
│  │ Version: 98624830                                                                                       │
│  │ Digest: AfZ3AP1oJhvaTndqkzmvfWse56mwER5s8jfpsKgsgCX6                                                    │
│  └──                                                                                                       │
╰────────────────────────────────────────────────────────────────────────────────────────────────────────────╯
╭───────────────────────────────────────────────────────────────────────────────────────────────────╮
│ Balance Changes                                                                                   │
├───────────────────────────────────────────────────────────────────────────────────────────────────┤
│  ┌──                                                                                              │
│  │ Owner: Account Address ( 0x13a75ba9e38bcd05b92c37e771fd3068c8b55d81bb6622f14b387a53123d7ab1 )  │
│  │ CoinType: 0x2::sui::SUI                                                                        │
│  │ Amount: -4060124                                                                               │
│  └──                                                                                              │
╰───────────────────────────────────────────────────────────────────────────────────────────────────╯

