2024-07-10T21:40:54
2024-07-10T21:40:59
2024-07-10T21:41:51
Transaction Digest: 7tuwJDZXQoR5JoqSJANrgV5wDwfCwXDQZCoT9ULyi3op
╭────────────────────────────────────────────────────────────────────────────────────────────────────────────────────────────────────────────────────────────────╮
│ Transaction Data                                                                                                                                               │
├────────────────────────────────────────────────────────────────────────────────────────────────────────────────────────────────────────────────────────────────┤
│ Sender: 0x13a75ba9e38bcd05b92c37e771fd3068c8b55d81bb6622f14b387a53123d7ab1                                                                                     │
│ Gas Owner: 0x13a75ba9e38bcd05b92c37e771fd3068c8b55d81bb6622f14b387a53123d7ab1                                                                                  │
│ Gas Budget: 500000000 MIST                                                                                                                                     │
│ Gas Price: 758 MIST                                                                                                                                            │
│ Gas Payment:                                                                                                                                                   │
│  ┌──                                                                                                                                                           │
│  │ ID: 0xb0b6745d74734fb22bb66627285692131777bc1e1abacd6cd36946672fd52087                                                                                      │
│  │ Version: 98624814                                                                                                                                           │
│  │ Digest: 2wzUuCNUBTS8Mo8W2L78qbaAxFuj9yVWjukfSoZEhF5V                                                                                                        │
│  └──                                                                                                                                                           │
│                                                                                                                                                                │
│ Transaction Kind: Programmable                                                                                                                                 │
│ ╭────────────────────────────────────────────────────────────────────────────────────────────────────────────────────────────────────────────────────────────╮ │
│ │ Input Objects                                                                                                                                              │ │
│ ├────────────────────────────────────────────────────────────────────────────────────────────────────────────────────────────────────────────────────────────┤ │
│ │ 0   Imm/Owned Object ID: 0x49b6ea50eaf249f6ded5fb1a096a6297e428ab97f1dc1f873e91ba8a9a8a6073                                                                │ │
│ │ 1   Pure Arg: Type: 0x1::string::String, Value: "3rd Place Winner at Sui Overflow 2024 - Advanced Move"                                                    │ │
│ │ 2   Pure Arg: Type: 0x1::string::String, Value: "Congratulations! This hacker from Sui Simulator won 3rd Place at the 2024 Sui Overflow global hackathon!" │ │
│ │ 3   Pure Arg: Type: 0x1::string::String, Value: "https://github.com/sui-foundation/attendance-nft/raw/main/gifs/overflow-3rd.gif"                          │ │
│ │ 4   Pure Arg: Type: u8, Value: 3                                                                                                                           │ │
│ │ 5   Pure Arg: Type: address, Value: "0x174f69980b11fe112a69e08dc0f7a0239c790bddc7ea519074e4bb760dfb0b1d"                                                   │ │
│ ╰────────────────────────────────────────────────────────────────────────────────────────────────────────────────────────────────────────────────────────────╯ │
│ ╭──────────────────────────────────────────────────────────────────────────────────╮                                                                           │
│ │ Commands                                                                         │                                                                           │
│ ├──────────────────────────────────────────────────────────────────────────────────┤                                                                           │
│ │ 0  MoveCall:                                                                     │                                                                           │
│ │  ┌                                                                               │                                                                           │
│ │  │ Function:  mint_and_transfer                                                  │                                                                           │
│ │  │ Module:    attendance                                                         │                                                                           │
│ │  │ Package:   0x41a3350004440adf89a2f837c1e4c0bf1fe4edf6e08b56383ccb5c1606f210c1 │                                                                           │
│ │  │ Arguments:                                                                    │                                                                           │
│ │  │   Input  0                                                                    │                                                                           │
│ │  │   Input  1                                                                    │                                                                           │
│ │  │   Input  2                                                                    │                                                                           │
│ │  │   Input  3                                                                    │                                                                           │
│ │  │   Input  4                                                                    │                                                                           │
│ │  │   Input  5                                                                    │                                                                           │
│ │  └                                                                               │                                                                           │
│ ╰──────────────────────────────────────────────────────────────────────────────────╯                                                                           │
│                                                                                                                                                                │
│ Signatures:                                                                                                                                                    │
│    PvDRwE+RnmhruGbu5j7/xVHIL+fGngAoYSd2nXsrJdLcdnBgQZWrb1nd4JAaqkqDkWSa6nRcBGljDaRjtjfiAw==                                                                    │
│                                                                                                                                                                │
╰────────────────────────────────────────────────────────────────────────────────────────────────────────────────────────────────────────────────────────────────╯
╭───────────────────────────────────────────────────────────────────────────────────────────────────╮
│ Transaction Effects                                                                               │
├───────────────────────────────────────────────────────────────────────────────────────────────────┤
│ Digest: 7tuwJDZXQoR5JoqSJANrgV5wDwfCwXDQZCoT9ULyi3op                                              │
│ Status: Success                                                                                   │
│ Executed Epoch: 455                                                                               │
│                                                                                                   │
│ Created Objects:                                                                                  │
│  ┌──                                                                                              │
│  │ ID: 0x4355179a75525de21d933394cc6a69144ee600cf0cd4b6fa06455a24cf87f46a                         │
│  │ Owner: Account Address ( 0x174f69980b11fe112a69e08dc0f7a0239c790bddc7ea519074e4bb760dfb0b1d )  │
│  │ Version: 98624815                                                                              │
│  │ Digest: CtrCTzkUXWkhPQNo9dmBU26dPMf2RKe9a78U2z57rKDA                                           │
│  └──                                                                                              │
│ Mutated Objects:                                                                                  │
│  ┌──                                                                                              │
│  │ ID: 0x49b6ea50eaf249f6ded5fb1a096a6297e428ab97f1dc1f873e91ba8a9a8a6073                         │
│  │ Owner: Account Address ( 0x13a75ba9e38bcd05b92c37e771fd3068c8b55d81bb6622f14b387a53123d7ab1 )  │
│  │ Version: 98624815                                                                              │
│  │ Digest: 58QcZZQwLUcE9qxby7ghLE5ZHN45dkQPXKKdMzYgFNbm                                           │
│  └──                                                                                              │
│  ┌──                                                                                              │
│  │ ID: 0xb0b6745d74734fb22bb66627285692131777bc1e1abacd6cd36946672fd52087                         │
│  │ Owner: Account Address ( 0x13a75ba9e38bcd05b92c37e771fd3068c8b55d81bb6622f14b387a53123d7ab1 )  │
│  │ Version: 98624815                                                                              │
│  │ Digest: J4F5TGyvgbKMkyDR7G1Sp6L55gda6Etaw6aWm8VsHtns                                           │
│  └──                                                                                              │
│ Gas Object:                                                                                       │
│  ┌──                                                                                              │
│  │ ID: 0xb0b6745d74734fb22bb66627285692131777bc1e1abacd6cd36946672fd52087                         │
│  │ Owner: Account Address ( 0x13a75ba9e38bcd05b92c37e771fd3068c8b55d81bb6622f14b387a53123d7ab1 )  │
│  │ Version: 98624815                                                                              │
│  │ Digest: J4F5TGyvgbKMkyDR7G1Sp6L55gda6Etaw6aWm8VsHtns                                           │
│  └──                                                                                              │
│ Gas Cost Summary:                                                                                 │
│    Storage Cost: 6064800 MIST                                                                     │
│    Computation Cost: 758000 MIST                                                                  │
│    Storage Rebate: 2625876 MIST                                                                   │
│    Non-refundable Storage Fee: 26524 MIST                                                         │
│                                                                                                   │
│ Transaction Dependencies:                                                                         │
│    6Q78uDHoyfvCA12WDxvdTk5zyCqYqGPPEZAKE1xcvwMZ                                                   │
│    FMiGzxRrf2s4fH8b7haU2kzdBsBpNYthRu8q2SxTfctz                                                   │
╰───────────────────────────────────────────────────────────────────────────────────────────────────╯
╭─────────────────────────────────────────────────────────────────────────────────────────────────────────────────╮
│ Transaction Block Events                                                                                        │
├─────────────────────────────────────────────────────────────────────────────────────────────────────────────────┤
│  ┌──                                                                                                            │
│  │ EventID: 7tuwJDZXQoR5JoqSJANrgV5wDwfCwXDQZCoT9ULyi3op:0                                                      │
│  │ PackageID: 0x41a3350004440adf89a2f837c1e4c0bf1fe4edf6e08b56383ccb5c1606f210c1                                │
│  │ Transaction Module: attendance                                                                               │
│  │ Sender: 0x13a75ba9e38bcd05b92c37e771fd3068c8b55d81bb6622f14b387a53123d7ab1                                   │
│  │ EventType: 0x41a3350004440adf89a2f837c1e4c0bf1fe4edf6e08b56383ccb5c1606f210c1::attendance::AttendanceCreated │
│  │ ParsedJSON:                                                                                                  │
│  │   ┌─────────┬────────────────────────────────────────────────────────────────────┐                           │
│  │   │ id      │ 0x4355179a75525de21d933394cc6a69144ee600cf0cd4b6fa06455a24cf87f46a │                           │
│  │   ├─────────┼────────────────────────────────────────────────────────────────────┤                           │
│  │   │ meet_id │ 0x49b6ea50eaf249f6ded5fb1a096a6297e428ab97f1dc1f873e91ba8a9a8a6073 │                           │
│  │   ├─────────┼────────────────────────────────────────────────────────────────────┤                           │
│  │   │ tier    │ 3                                                                  │                           │
│  │   └─────────┴────────────────────────────────────────────────────────────────────┘                           │
│  └──                                                                                                            │
╰─────────────────────────────────────────────────────────────────────────────────────────────────────────────────╯
╭────────────────────────────────────────────────────────────────────────────────────────────────────────────╮
│ Object Changes                                                                                             │
├────────────────────────────────────────────────────────────────────────────────────────────────────────────┤
│ Created Objects:                                                                                           │
│  ┌──                                                                                                       │
│  │ ObjectID: 0x4355179a75525de21d933394cc6a69144ee600cf0cd4b6fa06455a24cf87f46a                            │
│  │ Sender: 0x13a75ba9e38bcd05b92c37e771fd3068c8b55d81bb6622f14b387a53123d7ab1                              │
│  │ Owner: Account Address ( 0x174f69980b11fe112a69e08dc0f7a0239c790bddc7ea519074e4bb760dfb0b1d )           │
│  │ ObjectType: 0x41a3350004440adf89a2f837c1e4c0bf1fe4edf6e08b56383ccb5c1606f210c1::attendance::Attendance  │
│  │ Version: 98624815                                                                                       │
│  │ Digest: CtrCTzkUXWkhPQNo9dmBU26dPMf2RKe9a78U2z57rKDA                                                    │
│  └──                                                                                                       │
│ Mutated Objects:                                                                                           │
│  ┌──                                                                                                       │
│  │ ObjectID: 0x49b6ea50eaf249f6ded5fb1a096a6297e428ab97f1dc1f873e91ba8a9a8a6073                            │
│  │ Sender: 0x13a75ba9e38bcd05b92c37e771fd3068c8b55d81bb6622f14b387a53123d7ab1                              │
│  │ Owner: Account Address ( 0x13a75ba9e38bcd05b92c37e771fd3068c8b55d81bb6622f14b387a53123d7ab1 )           │
│  │ ObjectType: 0x41a3350004440adf89a2f837c1e4c0bf1fe4edf6e08b56383ccb5c1606f210c1::meet::Meet              │
│  │ Version: 98624815                                                                                       │
│  │ Digest: 58QcZZQwLUcE9qxby7ghLE5ZHN45dkQPXKKdMzYgFNbm                                                    │
│  └──                                                                                                       │
│  ┌──                                                                                                       │
│  │ ObjectID: 0xb0b6745d74734fb22bb66627285692131777bc1e1abacd6cd36946672fd52087                            │
│  │ Sender: 0x13a75ba9e38bcd05b92c37e771fd3068c8b55d81bb6622f14b387a53123d7ab1                              │
│  │ Owner: Account Address ( 0x13a75ba9e38bcd05b92c37e771fd3068c8b55d81bb6622f14b387a53123d7ab1 )           │
│  │ ObjectType: 0x2::coin::Coin<0x2::sui::SUI>                                                              │
│  │ Version: 98624815                                                                                       │
│  │ Digest: J4F5TGyvgbKMkyDR7G1Sp6L55gda6Etaw6aWm8VsHtns                                                    │
│  └──                                                                                                       │
╰────────────────────────────────────────────────────────────────────────────────────────────────────────────╯
╭───────────────────────────────────────────────────────────────────────────────────────────────────╮
│ Balance Changes                                                                                   │
├───────────────────────────────────────────────────────────────────────────────────────────────────┤
│  ┌──                                                                                              │
│  │ Owner: Account Address ( 0x13a75ba9e38bcd05b92c37e771fd3068c8b55d81bb6622f14b387a53123d7ab1 )  │
│  │ CoinType: 0x2::sui::SUI                                                                        │
│  │ Amount: -4196924                                                                               │
│  └──                                                                                              │
╰───────────────────────────────────────────────────────────────────────────────────────────────────╯

2024-07-10T21:41:57
Transaction Digest: 9warKhfcAHxeSe1Bc5mfMbpv4xN87qcroWaSnJa523Zs
╭────────────────────────────────────────────────────────────────────────────────────────────────────────────────────────────────────────────────────────────────╮
│ Transaction Data                                                                                                                                               │
├────────────────────────────────────────────────────────────────────────────────────────────────────────────────────────────────────────────────────────────────┤
│ Sender: 0x13a75ba9e38bcd05b92c37e771fd3068c8b55d81bb6622f14b387a53123d7ab1                                                                                     │
│ Gas Owner: 0x13a75ba9e38bcd05b92c37e771fd3068c8b55d81bb6622f14b387a53123d7ab1                                                                                  │
│ Gas Budget: 500000000 MIST                                                                                                                                     │
│ Gas Price: 758 MIST                                                                                                                                            │
│ Gas Payment:                                                                                                                                                   │
│  ┌──                                                                                                                                                           │
│  │ ID: 0xb0b6745d74734fb22bb66627285692131777bc1e1abacd6cd36946672fd52087                                                                                      │
│  │ Version: 98624815                                                                                                                                           │
│  │ Digest: J4F5TGyvgbKMkyDR7G1Sp6L55gda6Etaw6aWm8VsHtns                                                                                                        │
│  └──                                                                                                                                                           │
│                                                                                                                                                                │
│ Transaction Kind: Programmable                                                                                                                                 │
│ ╭────────────────────────────────────────────────────────────────────────────────────────────────────────────────────────────────────────────────────────────╮ │
│ │ Input Objects                                                                                                                                              │ │
│ ├────────────────────────────────────────────────────────────────────────────────────────────────────────────────────────────────────────────────────────────┤ │
│ │ 0   Imm/Owned Object ID: 0x49b6ea50eaf249f6ded5fb1a096a6297e428ab97f1dc1f873e91ba8a9a8a6073                                                                │ │
│ │ 1   Pure Arg: Type: 0x1::string::String, Value: "3rd Place Winner at Sui Overflow 2024 - Advanced Move"                                                    │ │
│ │ 2   Pure Arg: Type: 0x1::string::String, Value: "Congratulations! This hacker from Sui Simulator won 3rd Place at the 2024 Sui Overflow global hackathon!" │ │
│ │ 3   Pure Arg: Type: 0x1::string::String, Value: "https://github.com/sui-foundation/attendance-nft/raw/main/gifs/overflow-3rd.gif"                          │ │
│ │ 4   Pure Arg: Type: u8, Value: 3                                                                                                                           │ │
│ │ 5   Pure Arg: Type: address, Value: "0xb4b291607e91da4654cab88e5e35ba2921ef68f1b43725ef2faeae045bf5915d"                                                   │ │
│ ╰────────────────────────────────────────────────────────────────────────────────────────────────────────────────────────────────────────────────────────────╯ │
│ ╭──────────────────────────────────────────────────────────────────────────────────╮                                                                           │
│ │ Commands                                                                         │                                                                           │
│ ├──────────────────────────────────────────────────────────────────────────────────┤                                                                           │
│ │ 0  MoveCall:                                                                     │                                                                           │
│ │  ┌                                                                               │                                                                           │
│ │  │ Function:  mint_and_transfer                                                  │                                                                           │
│ │  │ Module:    attendance                                                         │                                                                           │
│ │  │ Package:   0x41a3350004440adf89a2f837c1e4c0bf1fe4edf6e08b56383ccb5c1606f210c1 │                                                                           │
│ │  │ Arguments:                                                                    │                                                                           │
│ │  │   Input  0                                                                    │                                                                           │
│ │  │   Input  1                                                                    │                                                                           │
│ │  │   Input  2                                                                    │                                                                           │
│ │  │   Input  3                                                                    │                                                                           │
│ │  │   Input  4                                                                    │                                                                           │
│ │  │   Input  5                                                                    │                                                                           │
│ │  └                                                                               │                                                                           │
│ ╰──────────────────────────────────────────────────────────────────────────────────╯                                                                           │
│                                                                                                                                                                │
│ Signatures:                                                                                                                                                    │
│    6qM6mQ3GXyXe2r6oSTt7rp8VJG9Gyp6jmPR1m8uyIwiLp52lGPSXdbeEDE4dM6sTDTd2JFQ/VGNYEkrB9TQSBA==                                                                    │
│                                                                                                                                                                │
╰────────────────────────────────────────────────────────────────────────────────────────────────────────────────────────────────────────────────────────────────╯
╭───────────────────────────────────────────────────────────────────────────────────────────────────╮
│ Transaction Effects                                                                               │
├───────────────────────────────────────────────────────────────────────────────────────────────────┤
│ Digest: 9warKhfcAHxeSe1Bc5mfMbpv4xN87qcroWaSnJa523Zs                                              │
│ Status: Success                                                                                   │
│ Executed Epoch: 455                                                                               │
│                                                                                                   │
│ Created Objects:                                                                                  │
│  ┌──                                                                                              │
│  │ ID: 0xe0839f0e76f08f0791e580d3a532786da81d7c5af3e53734acbd0f7dab8b2c53                         │
│  │ Owner: Account Address ( 0xb4b291607e91da4654cab88e5e35ba2921ef68f1b43725ef2faeae045bf5915d )  │
│  │ Version: 98624816                                                                              │
│  │ Digest: 45r8c9KjxUHfL3FAB5f33PHDvwNq1ZYTGT6iL9XdafkS                                           │
│  └──                                                                                              │
│ Mutated Objects:                                                                                  │
│  ┌──                                                                                              │
│  │ ID: 0x49b6ea50eaf249f6ded5fb1a096a6297e428ab97f1dc1f873e91ba8a9a8a6073                         │
│  │ Owner: Account Address ( 0x13a75ba9e38bcd05b92c37e771fd3068c8b55d81bb6622f14b387a53123d7ab1 )  │
│  │ Version: 98624816                                                                              │
│  │ Digest: FEsE41Er54F53Auu5vnyaXKuGC4sEXkZ8wPfK7fTYAWd                                           │
│  └──                                                                                              │
│  ┌──                                                                                              │
│  │ ID: 0xb0b6745d74734fb22bb66627285692131777bc1e1abacd6cd36946672fd52087                         │
│  │ Owner: Account Address ( 0x13a75ba9e38bcd05b92c37e771fd3068c8b55d81bb6622f14b387a53123d7ab1 )  │
│  │ Version: 98624816                                                                              │
│  │ Digest: iuH92cDXAaDizjtdXtcfqvUAZ3r9Eo1zceTMvHTjb1X                                            │
│  └──                                                                                              │
│ Gas Object:                                                                                       │
│  ┌──                                                                                              │
│  │ ID: 0xb0b6745d74734fb22bb66627285692131777bc1e1abacd6cd36946672fd52087                         │
│  │ Owner: Account Address ( 0x13a75ba9e38bcd05b92c37e771fd3068c8b55d81bb6622f14b387a53123d7ab1 )  │
│  │ Version: 98624816                                                                              │
│  │ Digest: iuH92cDXAaDizjtdXtcfqvUAZ3r9Eo1zceTMvHTjb1X                                            │
│  └──                                                                                              │
│ Gas Cost Summary:                                                                                 │
│    Storage Cost: 6064800 MIST                                                                     │
│    Computation Cost: 758000 MIST                                                                  │
│    Storage Rebate: 2625876 MIST                                                                   │
│    Non-refundable Storage Fee: 26524 MIST                                                         │
│                                                                                                   │
│ Transaction Dependencies:                                                                         │
│    7tuwJDZXQoR5JoqSJANrgV5wDwfCwXDQZCoT9ULyi3op                                                   │
│    FMiGzxRrf2s4fH8b7haU2kzdBsBpNYthRu8q2SxTfctz                                                   │
╰───────────────────────────────────────────────────────────────────────────────────────────────────╯
╭─────────────────────────────────────────────────────────────────────────────────────────────────────────────────╮
│ Transaction Block Events                                                                                        │
├─────────────────────────────────────────────────────────────────────────────────────────────────────────────────┤
│  ┌──                                                                                                            │
│  │ EventID: 9warKhfcAHxeSe1Bc5mfMbpv4xN87qcroWaSnJa523Zs:0                                                      │
│  │ PackageID: 0x41a3350004440adf89a2f837c1e4c0bf1fe4edf6e08b56383ccb5c1606f210c1                                │
│  │ Transaction Module: attendance                                                                               │
│  │ Sender: 0x13a75ba9e38bcd05b92c37e771fd3068c8b55d81bb6622f14b387a53123d7ab1                                   │
│  │ EventType: 0x41a3350004440adf89a2f837c1e4c0bf1fe4edf6e08b56383ccb5c1606f210c1::attendance::AttendanceCreated │
│  │ ParsedJSON:                                                                                                  │
│  │   ┌─────────┬────────────────────────────────────────────────────────────────────┐                           │
│  │   │ id      │ 0xe0839f0e76f08f0791e580d3a532786da81d7c5af3e53734acbd0f7dab8b2c53 │                           │
│  │   ├─────────┼────────────────────────────────────────────────────────────────────┤                           │
│  │   │ meet_id │ 0x49b6ea50eaf249f6ded5fb1a096a6297e428ab97f1dc1f873e91ba8a9a8a6073 │                           │
│  │   ├─────────┼────────────────────────────────────────────────────────────────────┤                           │
│  │   │ tier    │ 3                                                                  │                           │
│  │   └─────────┴────────────────────────────────────────────────────────────────────┘                           │
│  └──                                                                                                            │
╰─────────────────────────────────────────────────────────────────────────────────────────────────────────────────╯
╭────────────────────────────────────────────────────────────────────────────────────────────────────────────╮
│ Object Changes                                                                                             │
├────────────────────────────────────────────────────────────────────────────────────────────────────────────┤
│ Created Objects:                                                                                           │
│  ┌──                                                                                                       │
│  │ ObjectID: 0xe0839f0e76f08f0791e580d3a532786da81d7c5af3e53734acbd0f7dab8b2c53                            │
│  │ Sender: 0x13a75ba9e38bcd05b92c37e771fd3068c8b55d81bb6622f14b387a53123d7ab1                              │
│  │ Owner: Account Address ( 0xb4b291607e91da4654cab88e5e35ba2921ef68f1b43725ef2faeae045bf5915d )           │
│  │ ObjectType: 0x41a3350004440adf89a2f837c1e4c0bf1fe4edf6e08b56383ccb5c1606f210c1::attendance::Attendance  │
│  │ Version: 98624816                                                                                       │
│  │ Digest: 45r8c9KjxUHfL3FAB5f33PHDvwNq1ZYTGT6iL9XdafkS                                                    │
│  └──                                                                                                       │
│ Mutated Objects:                                                                                           │
│  ┌──                                                                                                       │
│  │ ObjectID: 0x49b6ea50eaf249f6ded5fb1a096a6297e428ab97f1dc1f873e91ba8a9a8a6073                            │
│  │ Sender: 0x13a75ba9e38bcd05b92c37e771fd3068c8b55d81bb6622f14b387a53123d7ab1                              │
│  │ Owner: Account Address ( 0x13a75ba9e38bcd05b92c37e771fd3068c8b55d81bb6622f14b387a53123d7ab1 )           │
│  │ ObjectType: 0x41a3350004440adf89a2f837c1e4c0bf1fe4edf6e08b56383ccb5c1606f210c1::meet::Meet              │
│  │ Version: 98624816                                                                                       │
│  │ Digest: FEsE41Er54F53Auu5vnyaXKuGC4sEXkZ8wPfK7fTYAWd                                                    │
│  └──                                                                                                       │
│  ┌──                                                                                                       │
│  │ ObjectID: 0xb0b6745d74734fb22bb66627285692131777bc1e1abacd6cd36946672fd52087                            │
│  │ Sender: 0x13a75ba9e38bcd05b92c37e771fd3068c8b55d81bb6622f14b387a53123d7ab1                              │
│  │ Owner: Account Address ( 0x13a75ba9e38bcd05b92c37e771fd3068c8b55d81bb6622f14b387a53123d7ab1 )           │
│  │ ObjectType: 0x2::coin::Coin<0x2::sui::SUI>                                                              │
│  │ Version: 98624816                                                                                       │
│  │ Digest: iuH92cDXAaDizjtdXtcfqvUAZ3r9Eo1zceTMvHTjb1X                                                     │
│  └──                                                                                                       │
╰────────────────────────────────────────────────────────────────────────────────────────────────────────────╯
╭───────────────────────────────────────────────────────────────────────────────────────────────────╮
│ Balance Changes                                                                                   │
├───────────────────────────────────────────────────────────────────────────────────────────────────┤
│  ┌──                                                                                              │
│  │ Owner: Account Address ( 0x13a75ba9e38bcd05b92c37e771fd3068c8b55d81bb6622f14b387a53123d7ab1 )  │
│  │ CoinType: 0x2::sui::SUI                                                                        │
│  │ Amount: -4196924                                                                               │
│  └──                                                                                              │
╰───────────────────────────────────────────────────────────────────────────────────────────────────╯

2024-07-10T21:42:03
Transaction Digest: CLYJknsdKSAPVNdPGF8Kk5XCWh86FWQw1Ce69QUmLqo7
╭────────────────────────────────────────────────────────────────────────────────────────────────────────────────────────────────────────────────────────────────╮
│ Transaction Data                                                                                                                                               │
├────────────────────────────────────────────────────────────────────────────────────────────────────────────────────────────────────────────────────────────────┤
│ Sender: 0x13a75ba9e38bcd05b92c37e771fd3068c8b55d81bb6622f14b387a53123d7ab1                                                                                     │
│ Gas Owner: 0x13a75ba9e38bcd05b92c37e771fd3068c8b55d81bb6622f14b387a53123d7ab1                                                                                  │
│ Gas Budget: 500000000 MIST                                                                                                                                     │
│ Gas Price: 758 MIST                                                                                                                                            │
│ Gas Payment:                                                                                                                                                   │
│  ┌──                                                                                                                                                           │
│  │ ID: 0xb0b6745d74734fb22bb66627285692131777bc1e1abacd6cd36946672fd52087                                                                                      │
│  │ Version: 98624816                                                                                                                                           │
│  │ Digest: iuH92cDXAaDizjtdXtcfqvUAZ3r9Eo1zceTMvHTjb1X                                                                                                         │
│  └──                                                                                                                                                           │
│                                                                                                                                                                │
│ Transaction Kind: Programmable                                                                                                                                 │
│ ╭────────────────────────────────────────────────────────────────────────────────────────────────────────────────────────────────────────────────────────────╮ │
│ │ Input Objects                                                                                                                                              │ │
│ ├────────────────────────────────────────────────────────────────────────────────────────────────────────────────────────────────────────────────────────────┤ │
│ │ 0   Imm/Owned Object ID: 0x49b6ea50eaf249f6ded5fb1a096a6297e428ab97f1dc1f873e91ba8a9a8a6073                                                                │ │
│ │ 1   Pure Arg: Type: 0x1::string::String, Value: "3rd Place Winner at Sui Overflow 2024 - Advanced Move"                                                    │ │
│ │ 2   Pure Arg: Type: 0x1::string::String, Value: "Congratulations! This hacker from Sui Simulator won 3rd Place at the 2024 Sui Overflow global hackathon!" │ │
│ │ 3   Pure Arg: Type: 0x1::string::String, Value: "https://github.com/sui-foundation/attendance-nft/raw/main/gifs/overflow-3rd.gif"                          │ │
│ │ 4   Pure Arg: Type: u8, Value: 3                                                                                                                           │ │
│ │ 5   Pure Arg: Type: address, Value: "0xf73ba580489ff35889382352bdbe8d1a684cd7a58859530164398e55dde6fedc"                                                   │ │
│ ╰────────────────────────────────────────────────────────────────────────────────────────────────────────────────────────────────────────────────────────────╯ │
│ ╭──────────────────────────────────────────────────────────────────────────────────╮                                                                           │
│ │ Commands                                                                         │                                                                           │
│ ├──────────────────────────────────────────────────────────────────────────────────┤                                                                           │
│ │ 0  MoveCall:                                                                     │                                                                           │
│ │  ┌                                                                               │                                                                           │
│ │  │ Function:  mint_and_transfer                                                  │                                                                           │
│ │  │ Module:    attendance                                                         │                                                                           │
│ │  │ Package:   0x41a3350004440adf89a2f837c1e4c0bf1fe4edf6e08b56383ccb5c1606f210c1 │                                                                           │
│ │  │ Arguments:                                                                    │                                                                           │
│ │  │   Input  0                                                                    │                                                                           │
│ │  │   Input  1                                                                    │                                                                           │
│ │  │   Input  2                                                                    │                                                                           │
│ │  │   Input  3                                                                    │                                                                           │
│ │  │   Input  4                                                                    │                                                                           │
│ │  │   Input  5                                                                    │                                                                           │
│ │  └                                                                               │                                                                           │
│ ╰──────────────────────────────────────────────────────────────────────────────────╯                                                                           │
│                                                                                                                                                                │
│ Signatures:                                                                                                                                                    │
│    EXAP+Tt4+1Cz6UuRw6d1V78gOs2xReJbHWttzWQi92PUlK9k+9YpqWMqA6YSBmXMjjjC4HRegzeCJR3YO+OuCQ==                                                                    │
│                                                                                                                                                                │
╰────────────────────────────────────────────────────────────────────────────────────────────────────────────────────────────────────────────────────────────────╯
╭───────────────────────────────────────────────────────────────────────────────────────────────────╮
│ Transaction Effects                                                                               │
├───────────────────────────────────────────────────────────────────────────────────────────────────┤
│ Digest: CLYJknsdKSAPVNdPGF8Kk5XCWh86FWQw1Ce69QUmLqo7                                              │
│ Status: Success                                                                                   │
│ Executed Epoch: 455                                                                               │
│                                                                                                   │
│ Created Objects:                                                                                  │
│  ┌──                                                                                              │
│  │ ID: 0xef39b121966e6e1d2978dd8eb5405eefcd5fcea8c8c03142942957ae7f0715a5                         │
│  │ Owner: Account Address ( 0xf73ba580489ff35889382352bdbe8d1a684cd7a58859530164398e55dde6fedc )  │
│  │ Version: 98624817                                                                              │
│  │ Digest: 5VReV1xZVBtSDaZ8r4yRWiaaT2E4jXKLPyLqMVCAJBLZ                                           │
│  └──                                                                                              │
│ Mutated Objects:                                                                                  │
│  ┌──                                                                                              │
│  │ ID: 0x49b6ea50eaf249f6ded5fb1a096a6297e428ab97f1dc1f873e91ba8a9a8a6073                         │
│  │ Owner: Account Address ( 0x13a75ba9e38bcd05b92c37e771fd3068c8b55d81bb6622f14b387a53123d7ab1 )  │
│  │ Version: 98624817                                                                              │
│  │ Digest: 4jd3ztnDn7E62W4Tayon6W7tbYXeFsPw6nKHUjkkAvYU                                           │
│  └──                                                                                              │
│  ┌──                                                                                              │
│  │ ID: 0xb0b6745d74734fb22bb66627285692131777bc1e1abacd6cd36946672fd52087                         │
│  │ Owner: Account Address ( 0x13a75ba9e38bcd05b92c37e771fd3068c8b55d81bb6622f14b387a53123d7ab1 )  │
│  │ Version: 98624817                                                                              │
│  │ Digest: J57CeM4gURGWXJtbY8zKi2Y4CP4r8CY7eX93mDFnoiMM                                           │
│  └──                                                                                              │
│ Gas Object:                                                                                       │
│  ┌──                                                                                              │
│  │ ID: 0xb0b6745d74734fb22bb66627285692131777bc1e1abacd6cd36946672fd52087                         │
│  │ Owner: Account Address ( 0x13a75ba9e38bcd05b92c37e771fd3068c8b55d81bb6622f14b387a53123d7ab1 )  │
│  │ Version: 98624817                                                                              │
│  │ Digest: J57CeM4gURGWXJtbY8zKi2Y4CP4r8CY7eX93mDFnoiMM                                           │
│  └──                                                                                              │
│ Gas Cost Summary:                                                                                 │
│    Storage Cost: 6064800 MIST                                                                     │
│    Computation Cost: 758000 MIST                                                                  │
│    Storage Rebate: 2625876 MIST                                                                   │
│    Non-refundable Storage Fee: 26524 MIST                                                         │
│                                                                                                   │
│ Transaction Dependencies:                                                                         │
│    9warKhfcAHxeSe1Bc5mfMbpv4xN87qcroWaSnJa523Zs                                                   │
│    FMiGzxRrf2s4fH8b7haU2kzdBsBpNYthRu8q2SxTfctz                                                   │
╰───────────────────────────────────────────────────────────────────────────────────────────────────╯
╭─────────────────────────────────────────────────────────────────────────────────────────────────────────────────╮
│ Transaction Block Events                                                                                        │
├─────────────────────────────────────────────────────────────────────────────────────────────────────────────────┤
│  ┌──                                                                                                            │
│  │ EventID: CLYJknsdKSAPVNdPGF8Kk5XCWh86FWQw1Ce69QUmLqo7:0                                                      │
│  │ PackageID: 0x41a3350004440adf89a2f837c1e4c0bf1fe4edf6e08b56383ccb5c1606f210c1                                │
│  │ Transaction Module: attendance                                                                               │
│  │ Sender: 0x13a75ba9e38bcd05b92c37e771fd3068c8b55d81bb6622f14b387a53123d7ab1                                   │
│  │ EventType: 0x41a3350004440adf89a2f837c1e4c0bf1fe4edf6e08b56383ccb5c1606f210c1::attendance::AttendanceCreated │
│  │ ParsedJSON:                                                                                                  │
│  │   ┌─────────┬────────────────────────────────────────────────────────────────────┐                           │
│  │   │ id      │ 0xef39b121966e6e1d2978dd8eb5405eefcd5fcea8c8c03142942957ae7f0715a5 │                           │
│  │   ├─────────┼────────────────────────────────────────────────────────────────────┤                           │
│  │   │ meet_id │ 0x49b6ea50eaf249f6ded5fb1a096a6297e428ab97f1dc1f873e91ba8a9a8a6073 │                           │
│  │   ├─────────┼────────────────────────────────────────────────────────────────────┤                           │
│  │   │ tier    │ 3                                                                  │                           │
│  │   └─────────┴────────────────────────────────────────────────────────────────────┘                           │
│  └──                                                                                                            │
╰─────────────────────────────────────────────────────────────────────────────────────────────────────────────────╯
╭────────────────────────────────────────────────────────────────────────────────────────────────────────────╮
│ Object Changes                                                                                             │
├────────────────────────────────────────────────────────────────────────────────────────────────────────────┤
│ Created Objects:                                                                                           │
│  ┌──                                                                                                       │
│  │ ObjectID: 0xef39b121966e6e1d2978dd8eb5405eefcd5fcea8c8c03142942957ae7f0715a5                            │
│  │ Sender: 0x13a75ba9e38bcd05b92c37e771fd3068c8b55d81bb6622f14b387a53123d7ab1                              │
│  │ Owner: Account Address ( 0xf73ba580489ff35889382352bdbe8d1a684cd7a58859530164398e55dde6fedc )           │
│  │ ObjectType: 0x41a3350004440adf89a2f837c1e4c0bf1fe4edf6e08b56383ccb5c1606f210c1::attendance::Attendance  │
│  │ Version: 98624817                                                                                       │
│  │ Digest: 5VReV1xZVBtSDaZ8r4yRWiaaT2E4jXKLPyLqMVCAJBLZ                                                    │
│  └──                                                                                                       │
│ Mutated Objects:                                                                                           │
│  ┌──                                                                                                       │
│  │ ObjectID: 0x49b6ea50eaf249f6ded5fb1a096a6297e428ab97f1dc1f873e91ba8a9a8a6073                            │
│  │ Sender: 0x13a75ba9e38bcd05b92c37e771fd3068c8b55d81bb6622f14b387a53123d7ab1                              │
│  │ Owner: Account Address ( 0x13a75ba9e38bcd05b92c37e771fd3068c8b55d81bb6622f14b387a53123d7ab1 )           │
│  │ ObjectType: 0x41a3350004440adf89a2f837c1e4c0bf1fe4edf6e08b56383ccb5c1606f210c1::meet::Meet              │
│  │ Version: 98624817                                                                                       │
│  │ Digest: 4jd3ztnDn7E62W4Tayon6W7tbYXeFsPw6nKHUjkkAvYU                                                    │
│  └──                                                                                                       │
│  ┌──                                                                                                       │
│  │ ObjectID: 0xb0b6745d74734fb22bb66627285692131777bc1e1abacd6cd36946672fd52087                            │
│  │ Sender: 0x13a75ba9e38bcd05b92c37e771fd3068c8b55d81bb6622f14b387a53123d7ab1                              │
│  │ Owner: Account Address ( 0x13a75ba9e38bcd05b92c37e771fd3068c8b55d81bb6622f14b387a53123d7ab1 )           │
│  │ ObjectType: 0x2::coin::Coin<0x2::sui::SUI>                                                              │
│  │ Version: 98624817                                                                                       │
│  │ Digest: J57CeM4gURGWXJtbY8zKi2Y4CP4r8CY7eX93mDFnoiMM                                                    │
│  └──                                                                                                       │
╰────────────────────────────────────────────────────────────────────────────────────────────────────────────╯
╭───────────────────────────────────────────────────────────────────────────────────────────────────╮
│ Balance Changes                                                                                   │
├───────────────────────────────────────────────────────────────────────────────────────────────────┤
│  ┌──                                                                                              │
│  │ Owner: Account Address ( 0x13a75ba9e38bcd05b92c37e771fd3068c8b55d81bb6622f14b387a53123d7ab1 )  │
│  │ CoinType: 0x2::sui::SUI                                                                        │
│  │ Amount: -4196924                                                                               │
│  └──                                                                                              │
╰───────────────────────────────────────────────────────────────────────────────────────────────────╯

2024-07-10T21:42:09
Transaction Digest: 8qNzrmtzazic3hdA7xSXVTFZnBP8s7iVD4GbEJ9DBnak
╭────────────────────────────────────────────────────────────────────────────────────────────────────────────────────────────────────────────────────────────────╮
│ Transaction Data                                                                                                                                               │
├────────────────────────────────────────────────────────────────────────────────────────────────────────────────────────────────────────────────────────────────┤
│ Sender: 0x13a75ba9e38bcd05b92c37e771fd3068c8b55d81bb6622f14b387a53123d7ab1                                                                                     │
│ Gas Owner: 0x13a75ba9e38bcd05b92c37e771fd3068c8b55d81bb6622f14b387a53123d7ab1                                                                                  │
│ Gas Budget: 500000000 MIST                                                                                                                                     │
│ Gas Price: 758 MIST                                                                                                                                            │
│ Gas Payment:                                                                                                                                                   │
│  ┌──                                                                                                                                                           │
│  │ ID: 0xb0b6745d74734fb22bb66627285692131777bc1e1abacd6cd36946672fd52087                                                                                      │
│  │ Version: 98624817                                                                                                                                           │
│  │ Digest: J57CeM4gURGWXJtbY8zKi2Y4CP4r8CY7eX93mDFnoiMM                                                                                                        │
│  └──                                                                                                                                                           │
│                                                                                                                                                                │
│ Transaction Kind: Programmable                                                                                                                                 │
│ ╭────────────────────────────────────────────────────────────────────────────────────────────────────────────────────────────────────────────────────────────╮ │
│ │ Input Objects                                                                                                                                              │ │
│ ├────────────────────────────────────────────────────────────────────────────────────────────────────────────────────────────────────────────────────────────┤ │
│ │ 0   Imm/Owned Object ID: 0x49b6ea50eaf249f6ded5fb1a096a6297e428ab97f1dc1f873e91ba8a9a8a6073                                                                │ │
│ │ 1   Pure Arg: Type: 0x1::string::String, Value: "3rd Place Winner at Sui Overflow 2024 - Advanced Move"                                                    │ │
│ │ 2   Pure Arg: Type: 0x1::string::String, Value: "Congratulations! This hacker from Sui Simulator won 3rd Place at the 2024 Sui Overflow global hackathon!" │ │
│ │ 3   Pure Arg: Type: 0x1::string::String, Value: "https://github.com/sui-foundation/attendance-nft/raw/main/gifs/overflow-3rd.gif"                          │ │
│ │ 4   Pure Arg: Type: u8, Value: 3                                                                                                                           │ │
│ │ 5   Pure Arg: Type: address, Value: "0x172b713baf8845ee6595629d4f5b0f3b6907986c58a34934cce16b6ae09f360e"                                                   │ │
│ ╰────────────────────────────────────────────────────────────────────────────────────────────────────────────────────────────────────────────────────────────╯ │
│ ╭──────────────────────────────────────────────────────────────────────────────────╮                                                                           │
│ │ Commands                                                                         │                                                                           │
│ ├──────────────────────────────────────────────────────────────────────────────────┤                                                                           │
│ │ 0  MoveCall:                                                                     │                                                                           │
│ │  ┌                                                                               │                                                                           │
│ │  │ Function:  mint_and_transfer                                                  │                                                                           │
│ │  │ Module:    attendance                                                         │                                                                           │
│ │  │ Package:   0x41a3350004440adf89a2f837c1e4c0bf1fe4edf6e08b56383ccb5c1606f210c1 │                                                                           │
│ │  │ Arguments:                                                                    │                                                                           │
│ │  │   Input  0                                                                    │                                                                           │
│ │  │   Input  1                                                                    │                                                                           │
│ │  │   Input  2                                                                    │                                                                           │
│ │  │   Input  3                                                                    │                                                                           │
│ │  │   Input  4                                                                    │                                                                           │
│ │  │   Input  5                                                                    │                                                                           │
│ │  └                                                                               │                                                                           │
│ ╰──────────────────────────────────────────────────────────────────────────────────╯                                                                           │
│                                                                                                                                                                │
│ Signatures:                                                                                                                                                    │
│    i0QLBd1+Xp8zNHRdAe9rENa9EaN6iXPSKorm5M5MUPCHD9kCS/9SFtjumhRmlpZt80LdYN0gp9oZaG5h+NqICg==                                                                    │
│                                                                                                                                                                │
╰────────────────────────────────────────────────────────────────────────────────────────────────────────────────────────────────────────────────────────────────╯
╭───────────────────────────────────────────────────────────────────────────────────────────────────╮
│ Transaction Effects                                                                               │
├───────────────────────────────────────────────────────────────────────────────────────────────────┤
│ Digest: 8qNzrmtzazic3hdA7xSXVTFZnBP8s7iVD4GbEJ9DBnak                                              │
│ Status: Success                                                                                   │
│ Executed Epoch: 455                                                                               │
│                                                                                                   │
│ Created Objects:                                                                                  │
│  ┌──                                                                                              │
│  │ ID: 0x6a0830845c0f04b49340d80bc9c1609fb6d99af3576770bd8e05a45e1b4e97ba                         │
│  │ Owner: Account Address ( 0x172b713baf8845ee6595629d4f5b0f3b6907986c58a34934cce16b6ae09f360e )  │
│  │ Version: 98624818                                                                              │
│  │ Digest: 63o3yoZbWU7RoMmWTYfSNcEFRV16drUsFf3xHLvKPkmv                                           │
│  └──                                                                                              │
│ Mutated Objects:                                                                                  │
│  ┌──                                                                                              │
│  │ ID: 0x49b6ea50eaf249f6ded5fb1a096a6297e428ab97f1dc1f873e91ba8a9a8a6073                         │
│  │ Owner: Account Address ( 0x13a75ba9e38bcd05b92c37e771fd3068c8b55d81bb6622f14b387a53123d7ab1 )  │
│  │ Version: 98624818                                                                              │
│  │ Digest: 4bUWrfkGws3RMpt5CJ8PetdS3NuYWU3bfHUBtUVvVSqG                                           │
│  └──                                                                                              │
│  ┌──                                                                                              │
│  │ ID: 0xb0b6745d74734fb22bb66627285692131777bc1e1abacd6cd36946672fd52087                         │
│  │ Owner: Account Address ( 0x13a75ba9e38bcd05b92c37e771fd3068c8b55d81bb6622f14b387a53123d7ab1 )  │
│  │ Version: 98624818                                                                              │
│  │ Digest: 4ZcTuMT16g7pVfXhGeNGwJ9sQkyacRVAF7GrbwPWAH1g                                           │
│  └──                                                                                              │
│ Gas Object:                                                                                       │
│  ┌──                                                                                              │
│  │ ID: 0xb0b6745d74734fb22bb66627285692131777bc1e1abacd6cd36946672fd52087                         │
│  │ Owner: Account Address ( 0x13a75ba9e38bcd05b92c37e771fd3068c8b55d81bb6622f14b387a53123d7ab1 )  │
│  │ Version: 98624818                                                                              │
│  │ Digest: 4ZcTuMT16g7pVfXhGeNGwJ9sQkyacRVAF7GrbwPWAH1g                                           │
│  └──                                                                                              │
│ Gas Cost Summary:                                                                                 │
│    Storage Cost: 6064800 MIST                                                                     │
│    Computation Cost: 758000 MIST                                                                  │
│    Storage Rebate: 2625876 MIST                                                                   │
│    Non-refundable Storage Fee: 26524 MIST                                                         │
│                                                                                                   │
│ Transaction Dependencies:                                                                         │
│    CLYJknsdKSAPVNdPGF8Kk5XCWh86FWQw1Ce69QUmLqo7                                                   │
│    FMiGzxRrf2s4fH8b7haU2kzdBsBpNYthRu8q2SxTfctz                                                   │
╰───────────────────────────────────────────────────────────────────────────────────────────────────╯
╭─────────────────────────────────────────────────────────────────────────────────────────────────────────────────╮
│ Transaction Block Events                                                                                        │
├─────────────────────────────────────────────────────────────────────────────────────────────────────────────────┤
│  ┌──                                                                                                            │
│  │ EventID: 8qNzrmtzazic3hdA7xSXVTFZnBP8s7iVD4GbEJ9DBnak:0                                                      │
│  │ PackageID: 0x41a3350004440adf89a2f837c1e4c0bf1fe4edf6e08b56383ccb5c1606f210c1                                │
│  │ Transaction Module: attendance                                                                               │
│  │ Sender: 0x13a75ba9e38bcd05b92c37e771fd3068c8b55d81bb6622f14b387a53123d7ab1                                   │
│  │ EventType: 0x41a3350004440adf89a2f837c1e4c0bf1fe4edf6e08b56383ccb5c1606f210c1::attendance::AttendanceCreated │
│  │ ParsedJSON:                                                                                                  │
│  │   ┌─────────┬────────────────────────────────────────────────────────────────────┐                           │
│  │   │ id      │ 0x6a0830845c0f04b49340d80bc9c1609fb6d99af3576770bd8e05a45e1b4e97ba │                           │
│  │   ├─────────┼────────────────────────────────────────────────────────────────────┤                           │
│  │   │ meet_id │ 0x49b6ea50eaf249f6ded5fb1a096a6297e428ab97f1dc1f873e91ba8a9a8a6073 │                           │
│  │   ├─────────┼────────────────────────────────────────────────────────────────────┤                           │
│  │   │ tier    │ 3                                                                  │                           │
│  │   └─────────┴────────────────────────────────────────────────────────────────────┘                           │
│  └──                                                                                                            │
╰─────────────────────────────────────────────────────────────────────────────────────────────────────────────────╯
╭────────────────────────────────────────────────────────────────────────────────────────────────────────────╮
│ Object Changes                                                                                             │
├────────────────────────────────────────────────────────────────────────────────────────────────────────────┤
│ Created Objects:                                                                                           │
│  ┌──                                                                                                       │
│  │ ObjectID: 0x6a0830845c0f04b49340d80bc9c1609fb6d99af3576770bd8e05a45e1b4e97ba                            │
│  │ Sender: 0x13a75ba9e38bcd05b92c37e771fd3068c8b55d81bb6622f14b387a53123d7ab1                              │
│  │ Owner: Account Address ( 0x172b713baf8845ee6595629d4f5b0f3b6907986c58a34934cce16b6ae09f360e )           │
│  │ ObjectType: 0x41a3350004440adf89a2f837c1e4c0bf1fe4edf6e08b56383ccb5c1606f210c1::attendance::Attendance  │
│  │ Version: 98624818                                                                                       │
│  │ Digest: 63o3yoZbWU7RoMmWTYfSNcEFRV16drUsFf3xHLvKPkmv                                                    │
│  └──                                                                                                       │
│ Mutated Objects:                                                                                           │
│  ┌──                                                                                                       │
│  │ ObjectID: 0x49b6ea50eaf249f6ded5fb1a096a6297e428ab97f1dc1f873e91ba8a9a8a6073                            │
│  │ Sender: 0x13a75ba9e38bcd05b92c37e771fd3068c8b55d81bb6622f14b387a53123d7ab1                              │
│  │ Owner: Account Address ( 0x13a75ba9e38bcd05b92c37e771fd3068c8b55d81bb6622f14b387a53123d7ab1 )           │
│  │ ObjectType: 0x41a3350004440adf89a2f837c1e4c0bf1fe4edf6e08b56383ccb5c1606f210c1::meet::Meet              │
│  │ Version: 98624818                                                                                       │
│  │ Digest: 4bUWrfkGws3RMpt5CJ8PetdS3NuYWU3bfHUBtUVvVSqG                                                    │
│  └──                                                                                                       │
│  ┌──                                                                                                       │
│  │ ObjectID: 0xb0b6745d74734fb22bb66627285692131777bc1e1abacd6cd36946672fd52087                            │
│  │ Sender: 0x13a75ba9e38bcd05b92c37e771fd3068c8b55d81bb6622f14b387a53123d7ab1                              │
│  │ Owner: Account Address ( 0x13a75ba9e38bcd05b92c37e771fd3068c8b55d81bb6622f14b387a53123d7ab1 )           │
│  │ ObjectType: 0x2::coin::Coin<0x2::sui::SUI>                                                              │
│  │ Version: 98624818                                                                                       │
│  │ Digest: 4ZcTuMT16g7pVfXhGeNGwJ9sQkyacRVAF7GrbwPWAH1g                                                    │
│  └──                                                                                                       │
╰────────────────────────────────────────────────────────────────────────────────────────────────────────────╯
╭───────────────────────────────────────────────────────────────────────────────────────────────────╮
│ Balance Changes                                                                                   │
├───────────────────────────────────────────────────────────────────────────────────────────────────┤
│  ┌──                                                                                              │
│  │ Owner: Account Address ( 0x13a75ba9e38bcd05b92c37e771fd3068c8b55d81bb6622f14b387a53123d7ab1 )  │
│  │ CoinType: 0x2::sui::SUI                                                                        │
│  │ Amount: -4196924                                                                               │
│  └──                                                                                              │
╰───────────────────────────────────────────────────────────────────────────────────────────────────╯

2024-07-10T21:42:16
Transaction Digest: E6KbePNX9ds2ohr1TY9S46wAnAA6yahgfug6cmK6pCyC
╭────────────────────────────────────────────────────────────────────────────────────────────────────────────────────────────────────────────────────────────────╮
│ Transaction Data                                                                                                                                               │
├────────────────────────────────────────────────────────────────────────────────────────────────────────────────────────────────────────────────────────────────┤
│ Sender: 0x13a75ba9e38bcd05b92c37e771fd3068c8b55d81bb6622f14b387a53123d7ab1                                                                                     │
│ Gas Owner: 0x13a75ba9e38bcd05b92c37e771fd3068c8b55d81bb6622f14b387a53123d7ab1                                                                                  │
│ Gas Budget: 500000000 MIST                                                                                                                                     │
│ Gas Price: 758 MIST                                                                                                                                            │
│ Gas Payment:                                                                                                                                                   │
│  ┌──                                                                                                                                                           │
│  │ ID: 0xb0b6745d74734fb22bb66627285692131777bc1e1abacd6cd36946672fd52087                                                                                      │
│  │ Version: 98624818                                                                                                                                           │
│  │ Digest: 4ZcTuMT16g7pVfXhGeNGwJ9sQkyacRVAF7GrbwPWAH1g                                                                                                        │
│  └──                                                                                                                                                           │
│                                                                                                                                                                │
│ Transaction Kind: Programmable                                                                                                                                 │
│ ╭────────────────────────────────────────────────────────────────────────────────────────────────────────────────────────────────────────────────────────────╮ │
│ │ Input Objects                                                                                                                                              │ │
│ ├────────────────────────────────────────────────────────────────────────────────────────────────────────────────────────────────────────────────────────────┤ │
│ │ 0   Imm/Owned Object ID: 0x49b6ea50eaf249f6ded5fb1a096a6297e428ab97f1dc1f873e91ba8a9a8a6073                                                                │ │
│ │ 1   Pure Arg: Type: 0x1::string::String, Value: "3rd Place Winner at Sui Overflow 2024 - Advanced Move"                                                    │ │
│ │ 2   Pure Arg: Type: 0x1::string::String, Value: "Congratulations! This hacker from Sui Simulator won 3rd Place at the 2024 Sui Overflow global hackathon!" │ │
│ │ 3   Pure Arg: Type: 0x1::string::String, Value: "https://github.com/sui-foundation/attendance-nft/raw/main/gifs/overflow-3rd.gif"                          │ │
│ │ 4   Pure Arg: Type: u8, Value: 3                                                                                                                           │ │
│ │ 5   Pure Arg: Type: address, Value: "0x80d6241496f68b205dee09025b156ee6f6a944d88a5238cdf05d148a05bf399a"                                                   │ │
│ ╰────────────────────────────────────────────────────────────────────────────────────────────────────────────────────────────────────────────────────────────╯ │
│ ╭──────────────────────────────────────────────────────────────────────────────────╮                                                                           │
│ │ Commands                                                                         │                                                                           │
│ ├──────────────────────────────────────────────────────────────────────────────────┤                                                                           │
│ │ 0  MoveCall:                                                                     │                                                                           │
│ │  ┌                                                                               │                                                                           │
│ │  │ Function:  mint_and_transfer                                                  │                                                                           │
│ │  │ Module:    attendance                                                         │                                                                           │
│ │  │ Package:   0x41a3350004440adf89a2f837c1e4c0bf1fe4edf6e08b56383ccb5c1606f210c1 │                                                                           │
│ │  │ Arguments:                                                                    │                                                                           │
│ │  │   Input  0                                                                    │                                                                           │
│ │  │   Input  1                                                                    │                                                                           │
│ │  │   Input  2                                                                    │                                                                           │
│ │  │   Input  3                                                                    │                                                                           │
│ │  │   Input  4                                                                    │                                                                           │
│ │  │   Input  5                                                                    │                                                                           │
│ │  └                                                                               │                                                                           │
│ ╰──────────────────────────────────────────────────────────────────────────────────╯                                                                           │
│                                                                                                                                                                │
│ Signatures:                                                                                                                                                    │
│    fH+Vy+1/GTM/5JbifZZ+IjxWMn1zPqz4LzyNbNQN5cf+7S38SB4Xpro8O0y+mfXWBsajHVEOK+KkNAbAsmumCg==                                                                    │
│                                                                                                                                                                │
╰────────────────────────────────────────────────────────────────────────────────────────────────────────────────────────────────────────────────────────────────╯
╭───────────────────────────────────────────────────────────────────────────────────────────────────╮
│ Transaction Effects                                                                               │
├───────────────────────────────────────────────────────────────────────────────────────────────────┤
│ Digest: E6KbePNX9ds2ohr1TY9S46wAnAA6yahgfug6cmK6pCyC                                              │
│ Status: Success                                                                                   │
│ Executed Epoch: 455                                                                               │
│                                                                                                   │
│ Created Objects:                                                                                  │
│  ┌──                                                                                              │
│  │ ID: 0x9533c7ff183406cff110d5122877fead6d3547578285e1a68787595f3d655841                         │
│  │ Owner: Account Address ( 0x80d6241496f68b205dee09025b156ee6f6a944d88a5238cdf05d148a05bf399a )  │
│  │ Version: 98624819                                                                              │
│  │ Digest: FXgf85occQQJ1Ecy3mEsAe5MpFhjYTfHXvZqTc8A8fjw                                           │
│  └──                                                                                              │
│ Mutated Objects:                                                                                  │
│  ┌──                                                                                              │
│  │ ID: 0x49b6ea50eaf249f6ded5fb1a096a6297e428ab97f1dc1f873e91ba8a9a8a6073                         │
│  │ Owner: Account Address ( 0x13a75ba9e38bcd05b92c37e771fd3068c8b55d81bb6622f14b387a53123d7ab1 )  │
│  │ Version: 98624819                                                                              │
│  │ Digest: 9otSYZFXTWWH5Jh7oeBBCxDRENwRxR5Xn1FADyKj8JmH                                           │
│  └──                                                                                              │
│  ┌──                                                                                              │
│  │ ID: 0xb0b6745d74734fb22bb66627285692131777bc1e1abacd6cd36946672fd52087                         │
│  │ Owner: Account Address ( 0x13a75ba9e38bcd05b92c37e771fd3068c8b55d81bb6622f14b387a53123d7ab1 )  │
│  │ Version: 98624819                                                                              │
│  │ Digest: xD1WHuxWbBbrkTi23ZfzLjfo9BEESSJTa7mDjBZLtSf                                            │
│  └──                                                                                              │
│ Gas Object:                                                                                       │
│  ┌──                                                                                              │
│  │ ID: 0xb0b6745d74734fb22bb66627285692131777bc1e1abacd6cd36946672fd52087                         │
│  │ Owner: Account Address ( 0x13a75ba9e38bcd05b92c37e771fd3068c8b55d81bb6622f14b387a53123d7ab1 )  │
│  │ Version: 98624819                                                                              │
│  │ Digest: xD1WHuxWbBbrkTi23ZfzLjfo9BEESSJTa7mDjBZLtSf                                            │
│  └──                                                                                              │
│ Gas Cost Summary:                                                                                 │
│    Storage Cost: 6064800 MIST                                                                     │
│    Computation Cost: 758000 MIST                                                                  │
│    Storage Rebate: 2625876 MIST                                                                   │
│    Non-refundable Storage Fee: 26524 MIST                                                         │
│                                                                                                   │
│ Transaction Dependencies:                                                                         │
│    8qNzrmtzazic3hdA7xSXVTFZnBP8s7iVD4GbEJ9DBnak                                                   │
│    FMiGzxRrf2s4fH8b7haU2kzdBsBpNYthRu8q2SxTfctz                                                   │
╰───────────────────────────────────────────────────────────────────────────────────────────────────╯
╭─────────────────────────────────────────────────────────────────────────────────────────────────────────────────╮
│ Transaction Block Events                                                                                        │
├─────────────────────────────────────────────────────────────────────────────────────────────────────────────────┤
│  ┌──                                                                                                            │
│  │ EventID: E6KbePNX9ds2ohr1TY9S46wAnAA6yahgfug6cmK6pCyC:0                                                      │
│  │ PackageID: 0x41a3350004440adf89a2f837c1e4c0bf1fe4edf6e08b56383ccb5c1606f210c1                                │
│  │ Transaction Module: attendance                                                                               │
│  │ Sender: 0x13a75ba9e38bcd05b92c37e771fd3068c8b55d81bb6622f14b387a53123d7ab1                                   │
│  │ EventType: 0x41a3350004440adf89a2f837c1e4c0bf1fe4edf6e08b56383ccb5c1606f210c1::attendance::AttendanceCreated │
│  │ ParsedJSON:                                                                                                  │
│  │   ┌─────────┬────────────────────────────────────────────────────────────────────┐                           │
│  │   │ id      │ 0x9533c7ff183406cff110d5122877fead6d3547578285e1a68787595f3d655841 │                           │
│  │   ├─────────┼────────────────────────────────────────────────────────────────────┤                           │
│  │   │ meet_id │ 0x49b6ea50eaf249f6ded5fb1a096a6297e428ab97f1dc1f873e91ba8a9a8a6073 │                           │
│  │   ├─────────┼────────────────────────────────────────────────────────────────────┤                           │
│  │   │ tier    │ 3                                                                  │                           │
│  │   └─────────┴────────────────────────────────────────────────────────────────────┘                           │
│  └──                                                                                                            │
╰─────────────────────────────────────────────────────────────────────────────────────────────────────────────────╯
╭────────────────────────────────────────────────────────────────────────────────────────────────────────────╮
│ Object Changes                                                                                             │
├────────────────────────────────────────────────────────────────────────────────────────────────────────────┤
│ Created Objects:                                                                                           │
│  ┌──                                                                                                       │
│  │ ObjectID: 0x9533c7ff183406cff110d5122877fead6d3547578285e1a68787595f3d655841                            │
│  │ Sender: 0x13a75ba9e38bcd05b92c37e771fd3068c8b55d81bb6622f14b387a53123d7ab1                              │
│  │ Owner: Account Address ( 0x80d6241496f68b205dee09025b156ee6f6a944d88a5238cdf05d148a05bf399a )           │
│  │ ObjectType: 0x41a3350004440adf89a2f837c1e4c0bf1fe4edf6e08b56383ccb5c1606f210c1::attendance::Attendance  │
│  │ Version: 98624819                                                                                       │
│  │ Digest: FXgf85occQQJ1Ecy3mEsAe5MpFhjYTfHXvZqTc8A8fjw                                                    │
│  └──                                                                                                       │
│ Mutated Objects:                                                                                           │
│  ┌──                                                                                                       │
│  │ ObjectID: 0x49b6ea50eaf249f6ded5fb1a096a6297e428ab97f1dc1f873e91ba8a9a8a6073                            │
│  │ Sender: 0x13a75ba9e38bcd05b92c37e771fd3068c8b55d81bb6622f14b387a53123d7ab1                              │
│  │ Owner: Account Address ( 0x13a75ba9e38bcd05b92c37e771fd3068c8b55d81bb6622f14b387a53123d7ab1 )           │
│  │ ObjectType: 0x41a3350004440adf89a2f837c1e4c0bf1fe4edf6e08b56383ccb5c1606f210c1::meet::Meet              │
│  │ Version: 98624819                                                                                       │
│  │ Digest: 9otSYZFXTWWH5Jh7oeBBCxDRENwRxR5Xn1FADyKj8JmH                                                    │
│  └──                                                                                                       │
│  ┌──                                                                                                       │
│  │ ObjectID: 0xb0b6745d74734fb22bb66627285692131777bc1e1abacd6cd36946672fd52087                            │
│  │ Sender: 0x13a75ba9e38bcd05b92c37e771fd3068c8b55d81bb6622f14b387a53123d7ab1                              │
│  │ Owner: Account Address ( 0x13a75ba9e38bcd05b92c37e771fd3068c8b55d81bb6622f14b387a53123d7ab1 )           │
│  │ ObjectType: 0x2::coin::Coin<0x2::sui::SUI>                                                              │
│  │ Version: 98624819                                                                                       │
│  │ Digest: xD1WHuxWbBbrkTi23ZfzLjfo9BEESSJTa7mDjBZLtSf                                                     │
│  └──                                                                                                       │
╰────────────────────────────────────────────────────────────────────────────────────────────────────────────╯
╭───────────────────────────────────────────────────────────────────────────────────────────────────╮
│ Balance Changes                                                                                   │
├───────────────────────────────────────────────────────────────────────────────────────────────────┤
│  ┌──                                                                                              │
│  │ Owner: Account Address ( 0x13a75ba9e38bcd05b92c37e771fd3068c8b55d81bb6622f14b387a53123d7ab1 )  │
│  │ CoinType: 0x2::sui::SUI                                                                        │
│  │ Amount: -4196924                                                                               │
│  └──                                                                                              │
╰───────────────────────────────────────────────────────────────────────────────────────────────────╯

