2024-07-10T23:46:27
Transaction Digest: CzhGqR9LDvzK3Csc1gsW7ytdeWpyYKjPkm8jXXSnr9sU
╭──────────────────────────────────────────────────────────────────────────────────────────────────────────────────────────────────────────────────────────╮
│ Transaction Data                                                                                                                                         │
├──────────────────────────────────────────────────────────────────────────────────────────────────────────────────────────────────────────────────────────┤
│ Sender: 0x13a75ba9e38bcd05b92c37e771fd3068c8b55d81bb6622f14b387a53123d7ab1                                                                               │
│ Gas Owner: 0x13a75ba9e38bcd05b92c37e771fd3068c8b55d81bb6622f14b387a53123d7ab1                                                                            │
│ Gas Budget: 500000000 MIST                                                                                                                               │
│ Gas Price: 758 MIST                                                                                                                                      │
│ Gas Payment:                                                                                                                                             │
│  ┌──                                                                                                                                                     │
│  │ ID: 0xb0b6745d74734fb22bb66627285692131777bc1e1abacd6cd36946672fd52087                                                                                │
│  │ Version: 98624866                                                                                                                                     │
│  │ Digest: AZumQMLSk9AAZqVwJnHV4B1AVCTVujoGKLB3nRCkLGTx                                                                                                  │
│  └──                                                                                                                                                     │
│                                                                                                                                                          │
│ Transaction Kind: Programmable                                                                                                                           │
│ ╭──────────────────────────────────────────────────────────────────────────────────────────────────────────────────────────────────────────────────────╮ │
│ │ Input Objects                                                                                                                                        │ │
│ ├──────────────────────────────────────────────────────────────────────────────────────────────────────────────────────────────────────────────────────┤ │
│ │ 0   Imm/Owned Object ID: 0x49b6ea50eaf249f6ded5fb1a096a6297e428ab97f1dc1f873e91ba8a9a8a6073                                                          │ │
│ │ 1   Pure Arg: Type: 0x1::string::String, Value: "1st Place Winner at Sui Overflow 2024 - Advanced Move"                                              │ │
│ │ 2   Pure Arg: Type: 0x1::string::String, Value: "Congratulations! This hacker from Promise won 1st Place at the 2024 Sui Overflow global hackathon!" │ │
│ │ 3   Pure Arg: Type: 0x1::string::String, Value: "https://github.com/sui-foundation/attendance-nft/raw/main/gifs/overflow-1st.gif"                    │ │
│ │ 4   Pure Arg: Type: u8, Value: 1                                                                                                                     │ │
│ │ 5   Pure Arg: Type: address, Value: "0x612f497e6402a3a6c6d2ab6848d1a416a70d7692aaaa0d8ec51e45dbc8de1000"                                             │ │
│ ╰──────────────────────────────────────────────────────────────────────────────────────────────────────────────────────────────────────────────────────╯ │
│ ╭──────────────────────────────────────────────────────────────────────────────────╮                                                                     │
│ │ Commands                                                                         │                                                                     │
│ ├──────────────────────────────────────────────────────────────────────────────────┤                                                                     │
│ │ 0  MoveCall:                                                                     │                                                                     │
│ │  ┌                                                                               │                                                                     │
│ │  │ Function:  mint_and_transfer                                                  │                                                                     │
│ │  │ Module:    attendance                                                         │                                                                     │
│ │  │ Package:   0x41a3350004440adf89a2f837c1e4c0bf1fe4edf6e08b56383ccb5c1606f210c1 │                                                                     │
│ │  │ Arguments:                                                                    │                                                                     │
│ │  │   Input  0                                                                    │                                                                     │
│ │  │   Input  1                                                                    │                                                                     │
│ │  │   Input  2                                                                    │                                                                     │
│ │  │   Input  3                                                                    │                                                                     │
│ │  │   Input  4                                                                    │                                                                     │
│ │  │   Input  5                                                                    │                                                                     │
│ │  └                                                                               │                                                                     │
│ ╰──────────────────────────────────────────────────────────────────────────────────╯                                                                     │
│                                                                                                                                                          │
│ Signatures:                                                                                                                                              │
│    SGzrhNHasXVd/lwUsH2QgOWGQ09GxO9E/4Qa0nmfoQOiy0R4qaLfMqtQoQOAK6x7lxUnw4ujvFpyh+w4xhW+CA==                                                              │
│                                                                                                                                                          │
╰──────────────────────────────────────────────────────────────────────────────────────────────────────────────────────────────────────────────────────────╯
╭───────────────────────────────────────────────────────────────────────────────────────────────────╮
│ Transaction Effects                                                                               │
├───────────────────────────────────────────────────────────────────────────────────────────────────┤
│ Digest: CzhGqR9LDvzK3Csc1gsW7ytdeWpyYKjPkm8jXXSnr9sU                                              │
│ Status: Success                                                                                   │
│ Executed Epoch: 455                                                                               │
│                                                                                                   │
│ Created Objects:                                                                                  │
│  ┌──                                                                                              │
│  │ ID: 0xc0d7fdd3ef59258e963ca5a7b101a47ea7f1d3af4309e730faa3553caef132d7                         │
│  │ Owner: Account Address ( 0x612f497e6402a3a6c6d2ab6848d1a416a70d7692aaaa0d8ec51e45dbc8de1000 )  │
│  │ Version: 98624867                                                                              │
│  │ Digest: 27QPwAxRJQb1c1F7G2EYpn6oJmoKB6KPeuXYZV3bMV7H                                           │
│  └──                                                                                              │
│ Mutated Objects:                                                                                  │
│  ┌──                                                                                              │
│  │ ID: 0x49b6ea50eaf249f6ded5fb1a096a6297e428ab97f1dc1f873e91ba8a9a8a6073                         │
│  │ Owner: Account Address ( 0x13a75ba9e38bcd05b92c37e771fd3068c8b55d81bb6622f14b387a53123d7ab1 )  │
│  │ Version: 98624867                                                                              │
│  │ Digest: D3f6AAWeMnU5Pqgf8W88ueU371Am2yY2cPdVMmEhgebE                                           │
│  └──                                                                                              │
│  ┌──                                                                                              │
│  │ ID: 0xb0b6745d74734fb22bb66627285692131777bc1e1abacd6cd36946672fd52087                         │
│  │ Owner: Account Address ( 0x13a75ba9e38bcd05b92c37e771fd3068c8b55d81bb6622f14b387a53123d7ab1 )  │
│  │ Version: 98624867                                                                              │
│  │ Digest: HCs32jcq3bccvckoeYMvXNa7rGZxT78KCyC7hf6Yu58G                                           │
│  └──                                                                                              │
│ Gas Object:                                                                                       │
│  ┌──                                                                                              │
│  │ ID: 0xb0b6745d74734fb22bb66627285692131777bc1e1abacd6cd36946672fd52087                         │
│  │ Owner: Account Address ( 0x13a75ba9e38bcd05b92c37e771fd3068c8b55d81bb6622f14b387a53123d7ab1 )  │
│  │ Version: 98624867                                                                              │
│  │ Digest: HCs32jcq3bccvckoeYMvXNa7rGZxT78KCyC7hf6Yu58G                                           │
│  └──                                                                                              │
│ Gas Cost Summary:                                                                                 │
│    Storage Cost: 6019200 MIST                                                                     │
│    Computation Cost: 758000 MIST                                                                  │
│    Storage Rebate: 2625876 MIST                                                                   │
│    Non-refundable Storage Fee: 26524 MIST                                                         │
│                                                                                                   │
│ Transaction Dependencies:                                                                         │
│    FMiGzxRrf2s4fH8b7haU2kzdBsBpNYthRu8q2SxTfctz                                                   │
│    GXAChRkGrrmgXdCRZiLBkSmCRr8bWSkrGsaL1cbFYYKR                                                   │
╰───────────────────────────────────────────────────────────────────────────────────────────────────╯
╭─────────────────────────────────────────────────────────────────────────────────────────────────────────────────╮
│ Transaction Block Events                                                                                        │
├─────────────────────────────────────────────────────────────────────────────────────────────────────────────────┤
│  ┌──                                                                                                            │
│  │ EventID: CzhGqR9LDvzK3Csc1gsW7ytdeWpyYKjPkm8jXXSnr9sU:0                                                      │
│  │ PackageID: 0x41a3350004440adf89a2f837c1e4c0bf1fe4edf6e08b56383ccb5c1606f210c1                                │
│  │ Transaction Module: attendance                                                                               │
│  │ Sender: 0x13a75ba9e38bcd05b92c37e771fd3068c8b55d81bb6622f14b387a53123d7ab1                                   │
│  │ EventType: 0x41a3350004440adf89a2f837c1e4c0bf1fe4edf6e08b56383ccb5c1606f210c1::attendance::AttendanceCreated │
│  │ ParsedJSON:                                                                                                  │
│  │   ┌─────────┬────────────────────────────────────────────────────────────────────┐                           │
│  │   │ id      │ 0xc0d7fdd3ef59258e963ca5a7b101a47ea7f1d3af4309e730faa3553caef132d7 │                           │
│  │   ├─────────┼────────────────────────────────────────────────────────────────────┤                           │
│  │   │ meet_id │ 0x49b6ea50eaf249f6ded5fb1a096a6297e428ab97f1dc1f873e91ba8a9a8a6073 │                           │
│  │   ├─────────┼────────────────────────────────────────────────────────────────────┤                           │
│  │   │ tier    │ 1                                                                  │                           │
│  │   └─────────┴────────────────────────────────────────────────────────────────────┘                           │
│  └──                                                                                                            │
╰─────────────────────────────────────────────────────────────────────────────────────────────────────────────────╯
╭────────────────────────────────────────────────────────────────────────────────────────────────────────────╮
│ Object Changes                                                                                             │
├────────────────────────────────────────────────────────────────────────────────────────────────────────────┤
│ Created Objects:                                                                                           │
│  ┌──                                                                                                       │
│  │ ObjectID: 0xc0d7fdd3ef59258e963ca5a7b101a47ea7f1d3af4309e730faa3553caef132d7                            │
│  │ Sender: 0x13a75ba9e38bcd05b92c37e771fd3068c8b55d81bb6622f14b387a53123d7ab1                              │
│  │ Owner: Account Address ( 0x612f497e6402a3a6c6d2ab6848d1a416a70d7692aaaa0d8ec51e45dbc8de1000 )           │
│  │ ObjectType: 0x41a3350004440adf89a2f837c1e4c0bf1fe4edf6e08b56383ccb5c1606f210c1::attendance::Attendance  │
│  │ Version: 98624867                                                                                       │
│  │ Digest: 27QPwAxRJQb1c1F7G2EYpn6oJmoKB6KPeuXYZV3bMV7H                                                    │
│  └──                                                                                                       │
│ Mutated Objects:                                                                                           │
│  ┌──                                                                                                       │
│  │ ObjectID: 0x49b6ea50eaf249f6ded5fb1a096a6297e428ab97f1dc1f873e91ba8a9a8a6073                            │
│  │ Sender: 0x13a75ba9e38bcd05b92c37e771fd3068c8b55d81bb6622f14b387a53123d7ab1                              │
│  │ Owner: Account Address ( 0x13a75ba9e38bcd05b92c37e771fd3068c8b55d81bb6622f14b387a53123d7ab1 )           │
│  │ ObjectType: 0x41a3350004440adf89a2f837c1e4c0bf1fe4edf6e08b56383ccb5c1606f210c1::meet::Meet              │
│  │ Version: 98624867                                                                                       │
│  │ Digest: D3f6AAWeMnU5Pqgf8W88ueU371Am2yY2cPdVMmEhgebE                                                    │
│  └──                                                                                                       │
│  ┌──                                                                                                       │
│  │ ObjectID: 0xb0b6745d74734fb22bb66627285692131777bc1e1abacd6cd36946672fd52087                            │
│  │ Sender: 0x13a75ba9e38bcd05b92c37e771fd3068c8b55d81bb6622f14b387a53123d7ab1                              │
│  │ Owner: Account Address ( 0x13a75ba9e38bcd05b92c37e771fd3068c8b55d81bb6622f14b387a53123d7ab1 )           │
│  │ ObjectType: 0x2::coin::Coin<0x2::sui::SUI>                                                              │
│  │ Version: 98624867                                                                                       │
│  │ Digest: HCs32jcq3bccvckoeYMvXNa7rGZxT78KCyC7hf6Yu58G                                                    │
│  └──                                                                                                       │
╰────────────────────────────────────────────────────────────────────────────────────────────────────────────╯
╭───────────────────────────────────────────────────────────────────────────────────────────────────╮
│ Balance Changes                                                                                   │
├───────────────────────────────────────────────────────────────────────────────────────────────────┤
│  ┌──                                                                                              │
│  │ Owner: Account Address ( 0x13a75ba9e38bcd05b92c37e771fd3068c8b55d81bb6622f14b387a53123d7ab1 )  │
│  │ CoinType: 0x2::sui::SUI                                                                        │
│  │ Amount: -4151324                                                                               │
│  └──                                                                                              │
╰───────────────────────────────────────────────────────────────────────────────────────────────────╯

2024-07-10T23:46:34
Transaction Digest: 7srdjxcx6knDLu6JhB2tRGhgRW2abcHybCvw3Apa1jDZ
╭──────────────────────────────────────────────────────────────────────────────────────────────────────────────────────────────────────────────────────────╮
│ Transaction Data                                                                                                                                         │
├──────────────────────────────────────────────────────────────────────────────────────────────────────────────────────────────────────────────────────────┤
│ Sender: 0x13a75ba9e38bcd05b92c37e771fd3068c8b55d81bb6622f14b387a53123d7ab1                                                                               │
│ Gas Owner: 0x13a75ba9e38bcd05b92c37e771fd3068c8b55d81bb6622f14b387a53123d7ab1                                                                            │
│ Gas Budget: 500000000 MIST                                                                                                                               │
│ Gas Price: 758 MIST                                                                                                                                      │
│ Gas Payment:                                                                                                                                             │
│  ┌──                                                                                                                                                     │
│  │ ID: 0xb0b6745d74734fb22bb66627285692131777bc1e1abacd6cd36946672fd52087                                                                                │
│  │ Version: 98624867                                                                                                                                     │
│  │ Digest: HCs32jcq3bccvckoeYMvXNa7rGZxT78KCyC7hf6Yu58G                                                                                                  │
│  └──                                                                                                                                                     │
│                                                                                                                                                          │
│ Transaction Kind: Programmable                                                                                                                           │
│ ╭──────────────────────────────────────────────────────────────────────────────────────────────────────────────────────────────────────────────────────╮ │
│ │ Input Objects                                                                                                                                        │ │
│ ├──────────────────────────────────────────────────────────────────────────────────────────────────────────────────────────────────────────────────────┤ │
│ │ 0   Imm/Owned Object ID: 0x49b6ea50eaf249f6ded5fb1a096a6297e428ab97f1dc1f873e91ba8a9a8a6073                                                          │ │
│ │ 1   Pure Arg: Type: 0x1::string::String, Value: "1st Place Winner at Sui Overflow 2024 - Advanced Move"                                              │ │
│ │ 2   Pure Arg: Type: 0x1::string::String, Value: "Congratulations! This hacker from Promise won 1st Place at the 2024 Sui Overflow global hackathon!" │ │
│ │ 3   Pure Arg: Type: 0x1::string::String, Value: "https://github.com/sui-foundation/attendance-nft/raw/main/gifs/overflow-1st.gif"                    │ │
│ │ 4   Pure Arg: Type: u8, Value: 1                                                                                                                     │ │
│ │ 5   Pure Arg: Type: address, Value: "0xc91278c46ee4c191ceabf8fbe5258c684a92cd5c90cedf1a5683e3f86369fad7"                                             │ │
│ ╰──────────────────────────────────────────────────────────────────────────────────────────────────────────────────────────────────────────────────────╯ │
│ ╭──────────────────────────────────────────────────────────────────────────────────╮                                                                     │
│ │ Commands                                                                         │                                                                     │
│ ├──────────────────────────────────────────────────────────────────────────────────┤                                                                     │
│ │ 0  MoveCall:                                                                     │                                                                     │
│ │  ┌                                                                               │                                                                     │
│ │  │ Function:  mint_and_transfer                                                  │                                                                     │
│ │  │ Module:    attendance                                                         │                                                                     │
│ │  │ Package:   0x41a3350004440adf89a2f837c1e4c0bf1fe4edf6e08b56383ccb5c1606f210c1 │                                                                     │
│ │  │ Arguments:                                                                    │                                                                     │
│ │  │   Input  0                                                                    │                                                                     │
│ │  │   Input  1                                                                    │                                                                     │
│ │  │   Input  2                                                                    │                                                                     │
│ │  │   Input  3                                                                    │                                                                     │
│ │  │   Input  4                                                                    │                                                                     │
│ │  │   Input  5                                                                    │                                                                     │
│ │  └                                                                               │                                                                     │
│ ╰──────────────────────────────────────────────────────────────────────────────────╯                                                                     │
│                                                                                                                                                          │
│ Signatures:                                                                                                                                              │
│    /ZmUjPRY08MJ4eVenmjIOc4Kqrxx4iLRgn2T7fuMjqT2BcI3ZvTGf2dE0jryRi3Utv2moiWU6Z0iuyD9AG79Dg==                                                              │
│                                                                                                                                                          │
╰──────────────────────────────────────────────────────────────────────────────────────────────────────────────────────────────────────────────────────────╯
╭───────────────────────────────────────────────────────────────────────────────────────────────────╮
│ Transaction Effects                                                                               │
├───────────────────────────────────────────────────────────────────────────────────────────────────┤
│ Digest: 7srdjxcx6knDLu6JhB2tRGhgRW2abcHybCvw3Apa1jDZ                                              │
│ Status: Success                                                                                   │
│ Executed Epoch: 455                                                                               │
│                                                                                                   │
│ Created Objects:                                                                                  │
│  ┌──                                                                                              │
│  │ ID: 0xc06f735e2108c9ef128493a916e4692bb10577e2a4981a272887887663be2ac4                         │
│  │ Owner: Account Address ( 0xc91278c46ee4c191ceabf8fbe5258c684a92cd5c90cedf1a5683e3f86369fad7 )  │
│  │ Version: 98624868                                                                              │
│  │ Digest: Jn1XoS97MFuRcSUXVkUmUg1yP9qp2FYPnvcKTDsrKqe                                            │
│  └──                                                                                              │
│ Mutated Objects:                                                                                  │
│  ┌──                                                                                              │
│  │ ID: 0x49b6ea50eaf249f6ded5fb1a096a6297e428ab97f1dc1f873e91ba8a9a8a6073                         │
│  │ Owner: Account Address ( 0x13a75ba9e38bcd05b92c37e771fd3068c8b55d81bb6622f14b387a53123d7ab1 )  │
│  │ Version: 98624868                                                                              │
│  │ Digest: 3igbaVmwTUsYwzoRabbxTuLumTxr72uui5mRzc29AxYj                                           │
│  └──                                                                                              │
│  ┌──                                                                                              │
│  │ ID: 0xb0b6745d74734fb22bb66627285692131777bc1e1abacd6cd36946672fd52087                         │
│  │ Owner: Account Address ( 0x13a75ba9e38bcd05b92c37e771fd3068c8b55d81bb6622f14b387a53123d7ab1 )  │
│  │ Version: 98624868                                                                              │
│  │ Digest: gBLY4yJepnoGbwZr4uDRtJxV92ZD1o1zzBJi9NhzaBH                                            │
│  └──                                                                                              │
│ Gas Object:                                                                                       │
│  ┌──                                                                                              │
│  │ ID: 0xb0b6745d74734fb22bb66627285692131777bc1e1abacd6cd36946672fd52087                         │
│  │ Owner: Account Address ( 0x13a75ba9e38bcd05b92c37e771fd3068c8b55d81bb6622f14b387a53123d7ab1 )  │
│  │ Version: 98624868                                                                              │
│  │ Digest: gBLY4yJepnoGbwZr4uDRtJxV92ZD1o1zzBJi9NhzaBH                                            │
│  └──                                                                                              │
│ Gas Cost Summary:                                                                                 │
│    Storage Cost: 6019200 MIST                                                                     │
│    Computation Cost: 758000 MIST                                                                  │
│    Storage Rebate: 2625876 MIST                                                                   │
│    Non-refundable Storage Fee: 26524 MIST                                                         │
│                                                                                                   │
│ Transaction Dependencies:                                                                         │
│    CzhGqR9LDvzK3Csc1gsW7ytdeWpyYKjPkm8jXXSnr9sU                                                   │
│    FMiGzxRrf2s4fH8b7haU2kzdBsBpNYthRu8q2SxTfctz                                                   │
╰───────────────────────────────────────────────────────────────────────────────────────────────────╯
╭─────────────────────────────────────────────────────────────────────────────────────────────────────────────────╮
│ Transaction Block Events                                                                                        │
├─────────────────────────────────────────────────────────────────────────────────────────────────────────────────┤
│  ┌──                                                                                                            │
│  │ EventID: 7srdjxcx6knDLu6JhB2tRGhgRW2abcHybCvw3Apa1jDZ:0                                                      │
│  │ PackageID: 0x41a3350004440adf89a2f837c1e4c0bf1fe4edf6e08b56383ccb5c1606f210c1                                │
│  │ Transaction Module: attendance                                                                               │
│  │ Sender: 0x13a75ba9e38bcd05b92c37e771fd3068c8b55d81bb6622f14b387a53123d7ab1                                   │
│  │ EventType: 0x41a3350004440adf89a2f837c1e4c0bf1fe4edf6e08b56383ccb5c1606f210c1::attendance::AttendanceCreated │
│  │ ParsedJSON:                                                                                                  │
│  │   ┌─────────┬────────────────────────────────────────────────────────────────────┐                           │
│  │   │ id      │ 0xc06f735e2108c9ef128493a916e4692bb10577e2a4981a272887887663be2ac4 │                           │
│  │   ├─────────┼────────────────────────────────────────────────────────────────────┤                           │
│  │   │ meet_id │ 0x49b6ea50eaf249f6ded5fb1a096a6297e428ab97f1dc1f873e91ba8a9a8a6073 │                           │
│  │   ├─────────┼────────────────────────────────────────────────────────────────────┤                           │
│  │   │ tier    │ 1                                                                  │                           │
│  │   └─────────┴────────────────────────────────────────────────────────────────────┘                           │
│  └──                                                                                                            │
╰─────────────────────────────────────────────────────────────────────────────────────────────────────────────────╯
╭────────────────────────────────────────────────────────────────────────────────────────────────────────────╮
│ Object Changes                                                                                             │
├────────────────────────────────────────────────────────────────────────────────────────────────────────────┤
│ Created Objects:                                                                                           │
│  ┌──                                                                                                       │
│  │ ObjectID: 0xc06f735e2108c9ef128493a916e4692bb10577e2a4981a272887887663be2ac4                            │
│  │ Sender: 0x13a75ba9e38bcd05b92c37e771fd3068c8b55d81bb6622f14b387a53123d7ab1                              │
│  │ Owner: Account Address ( 0xc91278c46ee4c191ceabf8fbe5258c684a92cd5c90cedf1a5683e3f86369fad7 )           │
│  │ ObjectType: 0x41a3350004440adf89a2f837c1e4c0bf1fe4edf6e08b56383ccb5c1606f210c1::attendance::Attendance  │
│  │ Version: 98624868                                                                                       │
│  │ Digest: Jn1XoS97MFuRcSUXVkUmUg1yP9qp2FYPnvcKTDsrKqe                                                     │
│  └──                                                                                                       │
│ Mutated Objects:                                                                                           │
│  ┌──                                                                                                       │
│  │ ObjectID: 0x49b6ea50eaf249f6ded5fb1a096a6297e428ab97f1dc1f873e91ba8a9a8a6073                            │
│  │ Sender: 0x13a75ba9e38bcd05b92c37e771fd3068c8b55d81bb6622f14b387a53123d7ab1                              │
│  │ Owner: Account Address ( 0x13a75ba9e38bcd05b92c37e771fd3068c8b55d81bb6622f14b387a53123d7ab1 )           │
│  │ ObjectType: 0x41a3350004440adf89a2f837c1e4c0bf1fe4edf6e08b56383ccb5c1606f210c1::meet::Meet              │
│  │ Version: 98624868                                                                                       │
│  │ Digest: 3igbaVmwTUsYwzoRabbxTuLumTxr72uui5mRzc29AxYj                                                    │
│  └──                                                                                                       │
│  ┌──                                                                                                       │
│  │ ObjectID: 0xb0b6745d74734fb22bb66627285692131777bc1e1abacd6cd36946672fd52087                            │
│  │ Sender: 0x13a75ba9e38bcd05b92c37e771fd3068c8b55d81bb6622f14b387a53123d7ab1                              │
│  │ Owner: Account Address ( 0x13a75ba9e38bcd05b92c37e771fd3068c8b55d81bb6622f14b387a53123d7ab1 )           │
│  │ ObjectType: 0x2::coin::Coin<0x2::sui::SUI>                                                              │
│  │ Version: 98624868                                                                                       │
│  │ Digest: gBLY4yJepnoGbwZr4uDRtJxV92ZD1o1zzBJi9NhzaBH                                                     │
│  └──                                                                                                       │
╰────────────────────────────────────────────────────────────────────────────────────────────────────────────╯
╭───────────────────────────────────────────────────────────────────────────────────────────────────╮
│ Balance Changes                                                                                   │
├───────────────────────────────────────────────────────────────────────────────────────────────────┤
│  ┌──                                                                                              │
│  │ Owner: Account Address ( 0x13a75ba9e38bcd05b92c37e771fd3068c8b55d81bb6622f14b387a53123d7ab1 )  │
│  │ CoinType: 0x2::sui::SUI                                                                        │
│  │ Amount: -4151324                                                                               │
│  └──                                                                                              │
╰───────────────────────────────────────────────────────────────────────────────────────────────────╯

2024-07-10T23:46:40
Transaction Digest: G9KU2fF9o2X27iAHUkMUxqF83pbJkLBMhZ8YDrJHXFBh
╭──────────────────────────────────────────────────────────────────────────────────────────────────────────────────────────────────────────────────────────╮
│ Transaction Data                                                                                                                                         │
├──────────────────────────────────────────────────────────────────────────────────────────────────────────────────────────────────────────────────────────┤
│ Sender: 0x13a75ba9e38bcd05b92c37e771fd3068c8b55d81bb6622f14b387a53123d7ab1                                                                               │
│ Gas Owner: 0x13a75ba9e38bcd05b92c37e771fd3068c8b55d81bb6622f14b387a53123d7ab1                                                                            │
│ Gas Budget: 500000000 MIST                                                                                                                               │
│ Gas Price: 758 MIST                                                                                                                                      │
│ Gas Payment:                                                                                                                                             │
│  ┌──                                                                                                                                                     │
│  │ ID: 0xb0b6745d74734fb22bb66627285692131777bc1e1abacd6cd36946672fd52087                                                                                │
│  │ Version: 98624868                                                                                                                                     │
│  │ Digest: gBLY4yJepnoGbwZr4uDRtJxV92ZD1o1zzBJi9NhzaBH                                                                                                   │
│  └──                                                                                                                                                     │
│                                                                                                                                                          │
│ Transaction Kind: Programmable                                                                                                                           │
│ ╭──────────────────────────────────────────────────────────────────────────────────────────────────────────────────────────────────────────────────────╮ │
│ │ Input Objects                                                                                                                                        │ │
│ ├──────────────────────────────────────────────────────────────────────────────────────────────────────────────────────────────────────────────────────┤ │
│ │ 0   Imm/Owned Object ID: 0x49b6ea50eaf249f6ded5fb1a096a6297e428ab97f1dc1f873e91ba8a9a8a6073                                                          │ │
│ │ 1   Pure Arg: Type: 0x1::string::String, Value: "1st Place Winner at Sui Overflow 2024 - Advanced Move"                                              │ │
│ │ 2   Pure Arg: Type: 0x1::string::String, Value: "Congratulations! This hacker from Promise won 1st Place at the 2024 Sui Overflow global hackathon!" │ │
│ │ 3   Pure Arg: Type: 0x1::string::String, Value: "https://github.com/sui-foundation/attendance-nft/raw/main/gifs/overflow-1st.gif"                    │ │
│ │ 4   Pure Arg: Type: u8, Value: 1                                                                                                                     │ │
│ │ 5   Pure Arg: Type: address, Value: "0x60d77da60ae13c4efa2cb3760a5437a9c1ce516b342add272b429392fc6dea2e"                                             │ │
│ ╰──────────────────────────────────────────────────────────────────────────────────────────────────────────────────────────────────────────────────────╯ │
│ ╭──────────────────────────────────────────────────────────────────────────────────╮                                                                     │
│ │ Commands                                                                         │                                                                     │
│ ├──────────────────────────────────────────────────────────────────────────────────┤                                                                     │
│ │ 0  MoveCall:                                                                     │                                                                     │
│ │  ┌                                                                               │                                                                     │
│ │  │ Function:  mint_and_transfer                                                  │                                                                     │
│ │  │ Module:    attendance                                                         │                                                                     │
│ │  │ Package:   0x41a3350004440adf89a2f837c1e4c0bf1fe4edf6e08b56383ccb5c1606f210c1 │                                                                     │
│ │  │ Arguments:                                                                    │                                                                     │
│ │  │   Input  0                                                                    │                                                                     │
│ │  │   Input  1                                                                    │                                                                     │
│ │  │   Input  2                                                                    │                                                                     │
│ │  │   Input  3                                                                    │                                                                     │
│ │  │   Input  4                                                                    │                                                                     │
│ │  │   Input  5                                                                    │                                                                     │
│ │  └                                                                               │                                                                     │
│ ╰──────────────────────────────────────────────────────────────────────────────────╯                                                                     │
│                                                                                                                                                          │
│ Signatures:                                                                                                                                              │
│    G93iSPCsShK5Qqedpo1NwMuUPZ35/H2F2WIxJlrvD4jAZIwyArO6lPu51ahhP53mihPYn8MPQX2CtsIWTKNDDA==                                                              │
│                                                                                                                                                          │
╰──────────────────────────────────────────────────────────────────────────────────────────────────────────────────────────────────────────────────────────╯
╭───────────────────────────────────────────────────────────────────────────────────────────────────╮
│ Transaction Effects                                                                               │
├───────────────────────────────────────────────────────────────────────────────────────────────────┤
│ Digest: G9KU2fF9o2X27iAHUkMUxqF83pbJkLBMhZ8YDrJHXFBh                                              │
│ Status: Success                                                                                   │
│ Executed Epoch: 455                                                                               │
│                                                                                                   │
│ Created Objects:                                                                                  │
│  ┌──                                                                                              │
│  │ ID: 0x11c86ade985f5acfe2f8f6e5374627cd1ca0d5a16e9ba9d54a54a02e753c8872                         │
│  │ Owner: Account Address ( 0x60d77da60ae13c4efa2cb3760a5437a9c1ce516b342add272b429392fc6dea2e )  │
│  │ Version: 98624869                                                                              │
│  │ Digest: FzMBH1WPmmAoKfisT592QkBy6oxi4JeSYYJcDxqR4WT9                                           │
│  └──                                                                                              │
│ Mutated Objects:                                                                                  │
│  ┌──                                                                                              │
│  │ ID: 0x49b6ea50eaf249f6ded5fb1a096a6297e428ab97f1dc1f873e91ba8a9a8a6073                         │
│  │ Owner: Account Address ( 0x13a75ba9e38bcd05b92c37e771fd3068c8b55d81bb6622f14b387a53123d7ab1 )  │
│  │ Version: 98624869                                                                              │
│  │ Digest: HocmbYYGsSWCqLPFW9jrXkkyGKzt3d9tJKWv7D67Cq69                                           │
│  └──                                                                                              │
│  ┌──                                                                                              │
│  │ ID: 0xb0b6745d74734fb22bb66627285692131777bc1e1abacd6cd36946672fd52087                         │
│  │ Owner: Account Address ( 0x13a75ba9e38bcd05b92c37e771fd3068c8b55d81bb6622f14b387a53123d7ab1 )  │
│  │ Version: 98624869                                                                              │
│  │ Digest: 8cEtrXRwPEhfUmooF74o2zLzL1wTRMpfYoT6jSwKoZKX                                           │
│  └──                                                                                              │
│ Gas Object:                                                                                       │
│  ┌──                                                                                              │
│  │ ID: 0xb0b6745d74734fb22bb66627285692131777bc1e1abacd6cd36946672fd52087                         │
│  │ Owner: Account Address ( 0x13a75ba9e38bcd05b92c37e771fd3068c8b55d81bb6622f14b387a53123d7ab1 )  │
│  │ Version: 98624869                                                                              │
│  │ Digest: 8cEtrXRwPEhfUmooF74o2zLzL1wTRMpfYoT6jSwKoZKX                                           │
│  └──                                                                                              │
│ Gas Cost Summary:                                                                                 │
│    Storage Cost: 6019200 MIST                                                                     │
│    Computation Cost: 758000 MIST                                                                  │
│    Storage Rebate: 2625876 MIST                                                                   │
│    Non-refundable Storage Fee: 26524 MIST                                                         │
│                                                                                                   │
│ Transaction Dependencies:                                                                         │
│    7srdjxcx6knDLu6JhB2tRGhgRW2abcHybCvw3Apa1jDZ                                                   │
│    FMiGzxRrf2s4fH8b7haU2kzdBsBpNYthRu8q2SxTfctz                                                   │
╰───────────────────────────────────────────────────────────────────────────────────────────────────╯
╭─────────────────────────────────────────────────────────────────────────────────────────────────────────────────╮
│ Transaction Block Events                                                                                        │
├─────────────────────────────────────────────────────────────────────────────────────────────────────────────────┤
│  ┌──                                                                                                            │
│  │ EventID: G9KU2fF9o2X27iAHUkMUxqF83pbJkLBMhZ8YDrJHXFBh:0                                                      │
│  │ PackageID: 0x41a3350004440adf89a2f837c1e4c0bf1fe4edf6e08b56383ccb5c1606f210c1                                │
│  │ Transaction Module: attendance                                                                               │
│  │ Sender: 0x13a75ba9e38bcd05b92c37e771fd3068c8b55d81bb6622f14b387a53123d7ab1                                   │
│  │ EventType: 0x41a3350004440adf89a2f837c1e4c0bf1fe4edf6e08b56383ccb5c1606f210c1::attendance::AttendanceCreated │
│  │ ParsedJSON:                                                                                                  │
│  │   ┌─────────┬────────────────────────────────────────────────────────────────────┐                           │
│  │   │ id      │ 0x11c86ade985f5acfe2f8f6e5374627cd1ca0d5a16e9ba9d54a54a02e753c8872 │                           │
│  │   ├─────────┼────────────────────────────────────────────────────────────────────┤                           │
│  │   │ meet_id │ 0x49b6ea50eaf249f6ded5fb1a096a6297e428ab97f1dc1f873e91ba8a9a8a6073 │                           │
│  │   ├─────────┼────────────────────────────────────────────────────────────────────┤                           │
│  │   │ tier    │ 1                                                                  │                           │
│  │   └─────────┴────────────────────────────────────────────────────────────────────┘                           │
│  └──                                                                                                            │
╰─────────────────────────────────────────────────────────────────────────────────────────────────────────────────╯
╭────────────────────────────────────────────────────────────────────────────────────────────────────────────╮
│ Object Changes                                                                                             │
├────────────────────────────────────────────────────────────────────────────────────────────────────────────┤
│ Created Objects:                                                                                           │
│  ┌──                                                                                                       │
│  │ ObjectID: 0x11c86ade985f5acfe2f8f6e5374627cd1ca0d5a16e9ba9d54a54a02e753c8872                            │
│  │ Sender: 0x13a75ba9e38bcd05b92c37e771fd3068c8b55d81bb6622f14b387a53123d7ab1                              │
│  │ Owner: Account Address ( 0x60d77da60ae13c4efa2cb3760a5437a9c1ce516b342add272b429392fc6dea2e )           │
│  │ ObjectType: 0x41a3350004440adf89a2f837c1e4c0bf1fe4edf6e08b56383ccb5c1606f210c1::attendance::Attendance  │
│  │ Version: 98624869                                                                                       │
│  │ Digest: FzMBH1WPmmAoKfisT592QkBy6oxi4JeSYYJcDxqR4WT9                                                    │
│  └──                                                                                                       │
│ Mutated Objects:                                                                                           │
│  ┌──                                                                                                       │
│  │ ObjectID: 0x49b6ea50eaf249f6ded5fb1a096a6297e428ab97f1dc1f873e91ba8a9a8a6073                            │
│  │ Sender: 0x13a75ba9e38bcd05b92c37e771fd3068c8b55d81bb6622f14b387a53123d7ab1                              │
│  │ Owner: Account Address ( 0x13a75ba9e38bcd05b92c37e771fd3068c8b55d81bb6622f14b387a53123d7ab1 )           │
│  │ ObjectType: 0x41a3350004440adf89a2f837c1e4c0bf1fe4edf6e08b56383ccb5c1606f210c1::meet::Meet              │
│  │ Version: 98624869                                                                                       │
│  │ Digest: HocmbYYGsSWCqLPFW9jrXkkyGKzt3d9tJKWv7D67Cq69                                                    │
│  └──                                                                                                       │
│  ┌──                                                                                                       │
│  │ ObjectID: 0xb0b6745d74734fb22bb66627285692131777bc1e1abacd6cd36946672fd52087                            │
│  │ Sender: 0x13a75ba9e38bcd05b92c37e771fd3068c8b55d81bb6622f14b387a53123d7ab1                              │
│  │ Owner: Account Address ( 0x13a75ba9e38bcd05b92c37e771fd3068c8b55d81bb6622f14b387a53123d7ab1 )           │
│  │ ObjectType: 0x2::coin::Coin<0x2::sui::SUI>                                                              │
│  │ Version: 98624869                                                                                       │
│  │ Digest: 8cEtrXRwPEhfUmooF74o2zLzL1wTRMpfYoT6jSwKoZKX                                                    │
│  └──                                                                                                       │
╰────────────────────────────────────────────────────────────────────────────────────────────────────────────╯
╭───────────────────────────────────────────────────────────────────────────────────────────────────╮
│ Balance Changes                                                                                   │
├───────────────────────────────────────────────────────────────────────────────────────────────────┤
│  ┌──                                                                                              │
│  │ Owner: Account Address ( 0x13a75ba9e38bcd05b92c37e771fd3068c8b55d81bb6622f14b387a53123d7ab1 )  │
│  │ CoinType: 0x2::sui::SUI                                                                        │
│  │ Amount: -4151324                                                                               │
│  └──                                                                                              │
╰───────────────────────────────────────────────────────────────────────────────────────────────────╯

