2024-07-10T22:04:37
Transaction Digest: DENXcJKQBPk76dti1nAatXJAac38gjErwcokS8hyvRZk
╭──────────────────────────────────────────────────────────────────────────────────────────────────────────────────────────────────────────────────────────────╮
│ Transaction Data                                                                                                                                             │
├──────────────────────────────────────────────────────────────────────────────────────────────────────────────────────────────────────────────────────────────┤
│ Sender: 0x13a75ba9e38bcd05b92c37e771fd3068c8b55d81bb6622f14b387a53123d7ab1                                                                                   │
│ Gas Owner: 0x13a75ba9e38bcd05b92c37e771fd3068c8b55d81bb6622f14b387a53123d7ab1                                                                                │
│ Gas Budget: 500000000 MIST                                                                                                                                   │
│ Gas Price: 758 MIST                                                                                                                                          │
│ Gas Payment:                                                                                                                                                 │
│  ┌──                                                                                                                                                         │
│  │ ID: 0xb0b6745d74734fb22bb66627285692131777bc1e1abacd6cd36946672fd52087                                                                                    │
│  │ Version: 98624830                                                                                                                                         │
│  │ Digest: AfZ3AP1oJhvaTndqkzmvfWse56mwER5s8jfpsKgsgCX6                                                                                                      │
│  └──                                                                                                                                                         │
│                                                                                                                                                              │
│ Transaction Kind: Programmable                                                                                                                               │
│ ╭──────────────────────────────────────────────────────────────────────────────────────────────────────────────────────────────────────────────────────────╮ │
│ │ Input Objects                                                                                                                                            │ │
│ ├──────────────────────────────────────────────────────────────────────────────────────────────────────────────────────────────────────────────────────────┤ │
│ │ 0   Imm/Owned Object ID: 0x49b6ea50eaf249f6ded5fb1a096a6297e428ab97f1dc1f873e91ba8a9a8a6073                                                              │ │
│ │ 1   Pure Arg: Type: 0x1::string::String, Value: "2nd Place Winner at Sui Overflow 2024 - Consumer & Mobile"                                              │ │
│ │ 2   Pure Arg: Type: 0x1::string::String, Value: "Congratulations! This hacker from stream.gift won 2nd Place at the 2024 Sui Overflow global hackathon!" │ │
│ │ 3   Pure Arg: Type: 0x1::string::String, Value: "https://github.com/sui-foundation/attendance-nft/raw/main/gifs/overflow-2nd.gif"                        │ │
│ │ 4   Pure Arg: Type: u8, Value: 2                                                                                                                         │ │
│ │ 5   Pure Arg: Type: address, Value: "0x0b14ea45f57e13df1c40425e1d2089649837e72c9920eb25f657c88c14c3e5df"                                                 │ │
│ ╰──────────────────────────────────────────────────────────────────────────────────────────────────────────────────────────────────────────────────────────╯ │
│ ╭──────────────────────────────────────────────────────────────────────────────────╮                                                                         │
│ │ Commands                                                                         │                                                                         │
│ ├──────────────────────────────────────────────────────────────────────────────────┤                                                                         │
│ │ 0  MoveCall:                                                                     │                                                                         │
│ │  ┌                                                                               │                                                                         │
│ │  │ Function:  mint_and_transfer                                                  │                                                                         │
│ │  │ Module:    attendance                                                         │                                                                         │
│ │  │ Package:   0x41a3350004440adf89a2f837c1e4c0bf1fe4edf6e08b56383ccb5c1606f210c1 │                                                                         │
│ │  │ Arguments:                                                                    │                                                                         │
│ │  │   Input  0                                                                    │                                                                         │
│ │  │   Input  1                                                                    │                                                                         │
│ │  │   Input  2                                                                    │                                                                         │
│ │  │   Input  3                                                                    │                                                                         │
│ │  │   Input  4                                                                    │                                                                         │
│ │  │   Input  5                                                                    │                                                                         │
│ │  └                                                                               │                                                                         │
│ ╰──────────────────────────────────────────────────────────────────────────────────╯                                                                         │
│                                                                                                                                                              │
│ Signatures:                                                                                                                                                  │
│    GN4vHzRZ/LrvDqcyKUmgwQoRfyBu1x35OCQtZnSoF4aeEaW0hXuEFWSUKS7oN+Todn+d/275GUCYP7BNk7LdDA==                                                                  │
│                                                                                                                                                              │
╰──────────────────────────────────────────────────────────────────────────────────────────────────────────────────────────────────────────────────────────────╯
╭───────────────────────────────────────────────────────────────────────────────────────────────────╮
│ Transaction Effects                                                                               │
├───────────────────────────────────────────────────────────────────────────────────────────────────┤
│ Digest: DENXcJKQBPk76dti1nAatXJAac38gjErwcokS8hyvRZk                                              │
│ Status: Success                                                                                   │
│ Executed Epoch: 455                                                                               │
│                                                                                                   │
│ Created Objects:                                                                                  │
│  ┌──                                                                                              │
│  │ ID: 0x271bdf2cc73b95a29c197621691ba3db75f4ab11928200a3fe76263c0393482b                         │
│  │ Owner: Account Address ( 0x0b14ea45f57e13df1c40425e1d2089649837e72c9920eb25f657c88c14c3e5df )  │
│  │ Version: 98624831                                                                              │
│  │ Digest: 6in6NHo2715U7nFwwqw3rpw81NjQyJmA5dmQchexi1yE                                           │
│  └──                                                                                              │
│ Mutated Objects:                                                                                  │
│  ┌──                                                                                              │
│  │ ID: 0x49b6ea50eaf249f6ded5fb1a096a6297e428ab97f1dc1f873e91ba8a9a8a6073                         │
│  │ Owner: Account Address ( 0x13a75ba9e38bcd05b92c37e771fd3068c8b55d81bb6622f14b387a53123d7ab1 )  │
│  │ Version: 98624831                                                                              │
│  │ Digest: HwXDZU5vJTrZuShWYLya2fU9RLgH7xLj1H6e3M1ozsvi                                           │
│  └──                                                                                              │
│  ┌──                                                                                              │
│  │ ID: 0xb0b6745d74734fb22bb66627285692131777bc1e1abacd6cd36946672fd52087                         │
│  │ Owner: Account Address ( 0x13a75ba9e38bcd05b92c37e771fd3068c8b55d81bb6622f14b387a53123d7ab1 )  │
│  │ Version: 98624831                                                                              │
│  │ Digest: 7G2zpVzWreYrukqnQHsuevxQdMmbTSr2mx9gt6aAA63                                            │
│  └──                                                                                              │
│ Gas Object:                                                                                       │
│  ┌──                                                                                              │
│  │ ID: 0xb0b6745d74734fb22bb66627285692131777bc1e1abacd6cd36946672fd52087                         │
│  │ Owner: Account Address ( 0x13a75ba9e38bcd05b92c37e771fd3068c8b55d81bb6622f14b387a53123d7ab1 )  │
│  │ Version: 98624831                                                                              │
│  │ Digest: 7G2zpVzWreYrukqnQHsuevxQdMmbTSr2mx9gt6aAA63                                            │
│  └──                                                                                              │
│ Gas Cost Summary:                                                                                 │
│    Storage Cost: 6080000 MIST                                                                     │
│    Computation Cost: 758000 MIST                                                                  │
│    Storage Rebate: 2625876 MIST                                                                   │
│    Non-refundable Storage Fee: 26524 MIST                                                         │
│                                                                                                   │
│ Transaction Dependencies:                                                                         │
│    FMiGzxRrf2s4fH8b7haU2kzdBsBpNYthRu8q2SxTfctz                                                   │
│    HcJZ1FLVwQmM8PcaiqwkBDZD9NY2myfbq9u44XjfpZhL                                                   │
╰───────────────────────────────────────────────────────────────────────────────────────────────────╯
╭─────────────────────────────────────────────────────────────────────────────────────────────────────────────────╮
│ Transaction Block Events                                                                                        │
├─────────────────────────────────────────────────────────────────────────────────────────────────────────────────┤
│  ┌──                                                                                                            │
│  │ EventID: DENXcJKQBPk76dti1nAatXJAac38gjErwcokS8hyvRZk:0                                                      │
│  │ PackageID: 0x41a3350004440adf89a2f837c1e4c0bf1fe4edf6e08b56383ccb5c1606f210c1                                │
│  │ Transaction Module: attendance                                                                               │
│  │ Sender: 0x13a75ba9e38bcd05b92c37e771fd3068c8b55d81bb6622f14b387a53123d7ab1                                   │
│  │ EventType: 0x41a3350004440adf89a2f837c1e4c0bf1fe4edf6e08b56383ccb5c1606f210c1::attendance::AttendanceCreated │
│  │ ParsedJSON:                                                                                                  │
│  │   ┌─────────┬────────────────────────────────────────────────────────────────────┐                           │
│  │   │ id      │ 0x271bdf2cc73b95a29c197621691ba3db75f4ab11928200a3fe76263c0393482b │                           │
│  │   ├─────────┼────────────────────────────────────────────────────────────────────┤                           │
│  │   │ meet_id │ 0x49b6ea50eaf249f6ded5fb1a096a6297e428ab97f1dc1f873e91ba8a9a8a6073 │                           │
│  │   ├─────────┼────────────────────────────────────────────────────────────────────┤                           │
│  │   │ tier    │ 2                                                                  │                           │
│  │   └─────────┴────────────────────────────────────────────────────────────────────┘                           │
│  └──                                                                                                            │
╰─────────────────────────────────────────────────────────────────────────────────────────────────────────────────╯
╭────────────────────────────────────────────────────────────────────────────────────────────────────────────╮
│ Object Changes                                                                                             │
├────────────────────────────────────────────────────────────────────────────────────────────────────────────┤
│ Created Objects:                                                                                           │
│  ┌──                                                                                                       │
│  │ ObjectID: 0x271bdf2cc73b95a29c197621691ba3db75f4ab11928200a3fe76263c0393482b                            │
│  │ Sender: 0x13a75ba9e38bcd05b92c37e771fd3068c8b55d81bb6622f14b387a53123d7ab1                              │
│  │ Owner: Account Address ( 0x0b14ea45f57e13df1c40425e1d2089649837e72c9920eb25f657c88c14c3e5df )           │
│  │ ObjectType: 0x41a3350004440adf89a2f837c1e4c0bf1fe4edf6e08b56383ccb5c1606f210c1::attendance::Attendance  │
│  │ Version: 98624831                                                                                       │
│  │ Digest: 6in6NHo2715U7nFwwqw3rpw81NjQyJmA5dmQchexi1yE                                                    │
│  └──                                                                                                       │
│ Mutated Objects:                                                                                           │
│  ┌──                                                                                                       │
│  │ ObjectID: 0x49b6ea50eaf249f6ded5fb1a096a6297e428ab97f1dc1f873e91ba8a9a8a6073                            │
│  │ Sender: 0x13a75ba9e38bcd05b92c37e771fd3068c8b55d81bb6622f14b387a53123d7ab1                              │
│  │ Owner: Account Address ( 0x13a75ba9e38bcd05b92c37e771fd3068c8b55d81bb6622f14b387a53123d7ab1 )           │
│  │ ObjectType: 0x41a3350004440adf89a2f837c1e4c0bf1fe4edf6e08b56383ccb5c1606f210c1::meet::Meet              │
│  │ Version: 98624831                                                                                       │
│  │ Digest: HwXDZU5vJTrZuShWYLya2fU9RLgH7xLj1H6e3M1ozsvi                                                    │
│  └──                                                                                                       │
│  ┌──                                                                                                       │
│  │ ObjectID: 0xb0b6745d74734fb22bb66627285692131777bc1e1abacd6cd36946672fd52087                            │
│  │ Sender: 0x13a75ba9e38bcd05b92c37e771fd3068c8b55d81bb6622f14b387a53123d7ab1                              │
│  │ Owner: Account Address ( 0x13a75ba9e38bcd05b92c37e771fd3068c8b55d81bb6622f14b387a53123d7ab1 )           │
│  │ ObjectType: 0x2::coin::Coin<0x2::sui::SUI>                                                              │
│  │ Version: 98624831                                                                                       │
│  │ Digest: 7G2zpVzWreYrukqnQHsuevxQdMmbTSr2mx9gt6aAA63                                                     │
│  └──                                                                                                       │
╰────────────────────────────────────────────────────────────────────────────────────────────────────────────╯
╭───────────────────────────────────────────────────────────────────────────────────────────────────╮
│ Balance Changes                                                                                   │
├───────────────────────────────────────────────────────────────────────────────────────────────────┤
│  ┌──                                                                                              │
│  │ Owner: Account Address ( 0x13a75ba9e38bcd05b92c37e771fd3068c8b55d81bb6622f14b387a53123d7ab1 )  │
│  │ CoinType: 0x2::sui::SUI                                                                        │
│  │ Amount: -4212124                                                                               │
│  └──                                                                                              │
╰───────────────────────────────────────────────────────────────────────────────────────────────────╯

2024-07-10T22:04:43
Transaction Digest: DjKNRynnaC7Rys87d4EqAY7boGgvfCyggtyKUWKwU15K
╭──────────────────────────────────────────────────────────────────────────────────────────────────────────────────────────────────────────────────────────────╮
│ Transaction Data                                                                                                                                             │
├──────────────────────────────────────────────────────────────────────────────────────────────────────────────────────────────────────────────────────────────┤
│ Sender: 0x13a75ba9e38bcd05b92c37e771fd3068c8b55d81bb6622f14b387a53123d7ab1                                                                                   │
│ Gas Owner: 0x13a75ba9e38bcd05b92c37e771fd3068c8b55d81bb6622f14b387a53123d7ab1                                                                                │
│ Gas Budget: 500000000 MIST                                                                                                                                   │
│ Gas Price: 758 MIST                                                                                                                                          │
│ Gas Payment:                                                                                                                                                 │
│  ┌──                                                                                                                                                         │
│  │ ID: 0xb0b6745d74734fb22bb66627285692131777bc1e1abacd6cd36946672fd52087                                                                                    │
│  │ Version: 98624831                                                                                                                                         │
│  │ Digest: 7G2zpVzWreYrukqnQHsuevxQdMmbTSr2mx9gt6aAA63                                                                                                       │
│  └──                                                                                                                                                         │
│                                                                                                                                                              │
│ Transaction Kind: Programmable                                                                                                                               │
│ ╭──────────────────────────────────────────────────────────────────────────────────────────────────────────────────────────────────────────────────────────╮ │
│ │ Input Objects                                                                                                                                            │ │
│ ├──────────────────────────────────────────────────────────────────────────────────────────────────────────────────────────────────────────────────────────┤ │
│ │ 0   Imm/Owned Object ID: 0x49b6ea50eaf249f6ded5fb1a096a6297e428ab97f1dc1f873e91ba8a9a8a6073                                                              │ │
│ │ 1   Pure Arg: Type: 0x1::string::String, Value: "2nd Place Winner at Sui Overflow 2024 - Consumer & Mobile"                                              │ │
│ │ 2   Pure Arg: Type: 0x1::string::String, Value: "Congratulations! This hacker from stream.gift won 2nd Place at the 2024 Sui Overflow global hackathon!" │ │
│ │ 3   Pure Arg: Type: 0x1::string::String, Value: "https://github.com/sui-foundation/attendance-nft/raw/main/gifs/overflow-2nd.gif"                        │ │
│ │ 4   Pure Arg: Type: u8, Value: 2                                                                                                                         │ │
│ │ 5   Pure Arg: Type: address, Value: "0x881987981648e8db4d0e1afc62a1bf8de7655076623e13c7fdc77835a2813771"                                                 │ │
│ ╰──────────────────────────────────────────────────────────────────────────────────────────────────────────────────────────────────────────────────────────╯ │
│ ╭──────────────────────────────────────────────────────────────────────────────────╮                                                                         │
│ │ Commands                                                                         │                                                                         │
│ ├──────────────────────────────────────────────────────────────────────────────────┤                                                                         │
│ │ 0  MoveCall:                                                                     │                                                                         │
│ │  ┌                                                                               │                                                                         │
│ │  │ Function:  mint_and_transfer                                                  │                                                                         │
│ │  │ Module:    attendance                                                         │                                                                         │
│ │  │ Package:   0x41a3350004440adf89a2f837c1e4c0bf1fe4edf6e08b56383ccb5c1606f210c1 │                                                                         │
│ │  │ Arguments:                                                                    │                                                                         │
│ │  │   Input  0                                                                    │                                                                         │
│ │  │   Input  1                                                                    │                                                                         │
│ │  │   Input  2                                                                    │                                                                         │
│ │  │   Input  3                                                                    │                                                                         │
│ │  │   Input  4                                                                    │                                                                         │
│ │  │   Input  5                                                                    │                                                                         │
│ │  └                                                                               │                                                                         │
│ ╰──────────────────────────────────────────────────────────────────────────────────╯                                                                         │
│                                                                                                                                                              │
│ Signatures:                                                                                                                                                  │
│    D89mfeUmH0oyHYpvKv4H8sdHsdGe1BwBGVwUkpSUjlUZkVy8EB5B1JBWD5eVDscJ4yubcwwq1YgFzY+rirOtCg==                                                                  │
│                                                                                                                                                              │
╰──────────────────────────────────────────────────────────────────────────────────────────────────────────────────────────────────────────────────────────────╯
╭───────────────────────────────────────────────────────────────────────────────────────────────────╮
│ Transaction Effects                                                                               │
├───────────────────────────────────────────────────────────────────────────────────────────────────┤
│ Digest: DjKNRynnaC7Rys87d4EqAY7boGgvfCyggtyKUWKwU15K                                              │
│ Status: Success                                                                                   │
│ Executed Epoch: 455                                                                               │
│                                                                                                   │
│ Created Objects:                                                                                  │
│  ┌──                                                                                              │
│  │ ID: 0xbf3f6cd494fac4dd950894c856f70483a69e245fdaa7a8b77a848b4d10f33403                         │
│  │ Owner: Account Address ( 0x881987981648e8db4d0e1afc62a1bf8de7655076623e13c7fdc77835a2813771 )  │
│  │ Version: 98624832                                                                              │
│  │ Digest: 26h7reHEGGoyCJG4okr7pFZjKiByjoen3csvkDM2UryT                                           │
│  └──                                                                                              │
│ Mutated Objects:                                                                                  │
│  ┌──                                                                                              │
│  │ ID: 0x49b6ea50eaf249f6ded5fb1a096a6297e428ab97f1dc1f873e91ba8a9a8a6073                         │
│  │ Owner: Account Address ( 0x13a75ba9e38bcd05b92c37e771fd3068c8b55d81bb6622f14b387a53123d7ab1 )  │
│  │ Version: 98624832                                                                              │
│  │ Digest: Foaq9oX4RcjWXCqbKLMjw2bS7WYnR1m4f3cQ7MWcZ7eg                                           │
│  └──                                                                                              │
│  ┌──                                                                                              │
│  │ ID: 0xb0b6745d74734fb22bb66627285692131777bc1e1abacd6cd36946672fd52087                         │
│  │ Owner: Account Address ( 0x13a75ba9e38bcd05b92c37e771fd3068c8b55d81bb6622f14b387a53123d7ab1 )  │
│  │ Version: 98624832                                                                              │
│  │ Digest: EGc5Zdm6AHjEB4vfyPsPask3XBmEUe1LdBgez7Ss8fWJ                                           │
│  └──                                                                                              │
│ Gas Object:                                                                                       │
│  ┌──                                                                                              │
│  │ ID: 0xb0b6745d74734fb22bb66627285692131777bc1e1abacd6cd36946672fd52087                         │
│  │ Owner: Account Address ( 0x13a75ba9e38bcd05b92c37e771fd3068c8b55d81bb6622f14b387a53123d7ab1 )  │
│  │ Version: 98624832                                                                              │
│  │ Digest: EGc5Zdm6AHjEB4vfyPsPask3XBmEUe1LdBgez7Ss8fWJ                                           │
│  └──                                                                                              │
│ Gas Cost Summary:                                                                                 │
│    Storage Cost: 6080000 MIST                                                                     │
│    Computation Cost: 758000 MIST                                                                  │
│    Storage Rebate: 2625876 MIST                                                                   │
│    Non-refundable Storage Fee: 26524 MIST                                                         │
│                                                                                                   │
│ Transaction Dependencies:                                                                         │
│    DENXcJKQBPk76dti1nAatXJAac38gjErwcokS8hyvRZk                                                   │
│    FMiGzxRrf2s4fH8b7haU2kzdBsBpNYthRu8q2SxTfctz                                                   │
╰───────────────────────────────────────────────────────────────────────────────────────────────────╯
╭─────────────────────────────────────────────────────────────────────────────────────────────────────────────────╮
│ Transaction Block Events                                                                                        │
├─────────────────────────────────────────────────────────────────────────────────────────────────────────────────┤
│  ┌──                                                                                                            │
│  │ EventID: DjKNRynnaC7Rys87d4EqAY7boGgvfCyggtyKUWKwU15K:0                                                      │
│  │ PackageID: 0x41a3350004440adf89a2f837c1e4c0bf1fe4edf6e08b56383ccb5c1606f210c1                                │
│  │ Transaction Module: attendance                                                                               │
│  │ Sender: 0x13a75ba9e38bcd05b92c37e771fd3068c8b55d81bb6622f14b387a53123d7ab1                                   │
│  │ EventType: 0x41a3350004440adf89a2f837c1e4c0bf1fe4edf6e08b56383ccb5c1606f210c1::attendance::AttendanceCreated │
│  │ ParsedJSON:                                                                                                  │
│  │   ┌─────────┬────────────────────────────────────────────────────────────────────┐                           │
│  │   │ id      │ 0xbf3f6cd494fac4dd950894c856f70483a69e245fdaa7a8b77a848b4d10f33403 │                           │
│  │   ├─────────┼────────────────────────────────────────────────────────────────────┤                           │
│  │   │ meet_id │ 0x49b6ea50eaf249f6ded5fb1a096a6297e428ab97f1dc1f873e91ba8a9a8a6073 │                           │
│  │   ├─────────┼────────────────────────────────────────────────────────────────────┤                           │
│  │   │ tier    │ 2                                                                  │                           │
│  │   └─────────┴────────────────────────────────────────────────────────────────────┘                           │
│  └──                                                                                                            │
╰─────────────────────────────────────────────────────────────────────────────────────────────────────────────────╯
╭────────────────────────────────────────────────────────────────────────────────────────────────────────────╮
│ Object Changes                                                                                             │
├────────────────────────────────────────────────────────────────────────────────────────────────────────────┤
│ Created Objects:                                                                                           │
│  ┌──                                                                                                       │
│  │ ObjectID: 0xbf3f6cd494fac4dd950894c856f70483a69e245fdaa7a8b77a848b4d10f33403                            │
│  │ Sender: 0x13a75ba9e38bcd05b92c37e771fd3068c8b55d81bb6622f14b387a53123d7ab1                              │
│  │ Owner: Account Address ( 0x881987981648e8db4d0e1afc62a1bf8de7655076623e13c7fdc77835a2813771 )           │
│  │ ObjectType: 0x41a3350004440adf89a2f837c1e4c0bf1fe4edf6e08b56383ccb5c1606f210c1::attendance::Attendance  │
│  │ Version: 98624832                                                                                       │
│  │ Digest: 26h7reHEGGoyCJG4okr7pFZjKiByjoen3csvkDM2UryT                                                    │
│  └──                                                                                                       │
│ Mutated Objects:                                                                                           │
│  ┌──                                                                                                       │
│  │ ObjectID: 0x49b6ea50eaf249f6ded5fb1a096a6297e428ab97f1dc1f873e91ba8a9a8a6073                            │
│  │ Sender: 0x13a75ba9e38bcd05b92c37e771fd3068c8b55d81bb6622f14b387a53123d7ab1                              │
│  │ Owner: Account Address ( 0x13a75ba9e38bcd05b92c37e771fd3068c8b55d81bb6622f14b387a53123d7ab1 )           │
│  │ ObjectType: 0x41a3350004440adf89a2f837c1e4c0bf1fe4edf6e08b56383ccb5c1606f210c1::meet::Meet              │
│  │ Version: 98624832                                                                                       │
│  │ Digest: Foaq9oX4RcjWXCqbKLMjw2bS7WYnR1m4f3cQ7MWcZ7eg                                                    │
│  └──                                                                                                       │
│  ┌──                                                                                                       │
│  │ ObjectID: 0xb0b6745d74734fb22bb66627285692131777bc1e1abacd6cd36946672fd52087                            │
│  │ Sender: 0x13a75ba9e38bcd05b92c37e771fd3068c8b55d81bb6622f14b387a53123d7ab1                              │
│  │ Owner: Account Address ( 0x13a75ba9e38bcd05b92c37e771fd3068c8b55d81bb6622f14b387a53123d7ab1 )           │
│  │ ObjectType: 0x2::coin::Coin<0x2::sui::SUI>                                                              │
│  │ Version: 98624832                                                                                       │
│  │ Digest: EGc5Zdm6AHjEB4vfyPsPask3XBmEUe1LdBgez7Ss8fWJ                                                    │
│  └──                                                                                                       │
╰────────────────────────────────────────────────────────────────────────────────────────────────────────────╯
╭───────────────────────────────────────────────────────────────────────────────────────────────────╮
│ Balance Changes                                                                                   │
├───────────────────────────────────────────────────────────────────────────────────────────────────┤
│  ┌──                                                                                              │
│  │ Owner: Account Address ( 0x13a75ba9e38bcd05b92c37e771fd3068c8b55d81bb6622f14b387a53123d7ab1 )  │
│  │ CoinType: 0x2::sui::SUI                                                                        │
│  │ Amount: -4212124                                                                               │
│  └──                                                                                              │
╰───────────────────────────────────────────────────────────────────────────────────────────────────╯

2024-07-10T22:04:50
Transaction Digest: HDERnKKPywMofQ9yVBYrNcsaMbJqpAwoE4AVq4VUbCNz
╭──────────────────────────────────────────────────────────────────────────────────────────────────────────────────────────────────────────────────────────────╮
│ Transaction Data                                                                                                                                             │
├──────────────────────────────────────────────────────────────────────────────────────────────────────────────────────────────────────────────────────────────┤
│ Sender: 0x13a75ba9e38bcd05b92c37e771fd3068c8b55d81bb6622f14b387a53123d7ab1                                                                                   │
│ Gas Owner: 0x13a75ba9e38bcd05b92c37e771fd3068c8b55d81bb6622f14b387a53123d7ab1                                                                                │
│ Gas Budget: 500000000 MIST                                                                                                                                   │
│ Gas Price: 758 MIST                                                                                                                                          │
│ Gas Payment:                                                                                                                                                 │
│  ┌──                                                                                                                                                         │
│  │ ID: 0xb0b6745d74734fb22bb66627285692131777bc1e1abacd6cd36946672fd52087                                                                                    │
│  │ Version: 98624832                                                                                                                                         │
│  │ Digest: EGc5Zdm6AHjEB4vfyPsPask3XBmEUe1LdBgez7Ss8fWJ                                                                                                      │
│  └──                                                                                                                                                         │
│                                                                                                                                                              │
│ Transaction Kind: Programmable                                                                                                                               │
│ ╭──────────────────────────────────────────────────────────────────────────────────────────────────────────────────────────────────────────────────────────╮ │
│ │ Input Objects                                                                                                                                            │ │
│ ├──────────────────────────────────────────────────────────────────────────────────────────────────────────────────────────────────────────────────────────┤ │
│ │ 0   Imm/Owned Object ID: 0x49b6ea50eaf249f6ded5fb1a096a6297e428ab97f1dc1f873e91ba8a9a8a6073                                                              │ │
│ │ 1   Pure Arg: Type: 0x1::string::String, Value: "2nd Place Winner at Sui Overflow 2024 - Consumer & Mobile"                                              │ │
│ │ 2   Pure Arg: Type: 0x1::string::String, Value: "Congratulations! This hacker from stream.gift won 2nd Place at the 2024 Sui Overflow global hackathon!" │ │
│ │ 3   Pure Arg: Type: 0x1::string::String, Value: "https://github.com/sui-foundation/attendance-nft/raw/main/gifs/overflow-2nd.gif"                        │ │
│ │ 4   Pure Arg: Type: u8, Value: 2                                                                                                                         │ │
│ │ 5   Pure Arg: Type: address, Value: "0xe228dea39a1a0d7ab5c33e6fa29910cfb711a0741ac64a6d0ddc8920693eb3b4"                                                 │ │
│ ╰──────────────────────────────────────────────────────────────────────────────────────────────────────────────────────────────────────────────────────────╯ │
│ ╭──────────────────────────────────────────────────────────────────────────────────╮                                                                         │
│ │ Commands                                                                         │                                                                         │
│ ├──────────────────────────────────────────────────────────────────────────────────┤                                                                         │
│ │ 0  MoveCall:                                                                     │                                                                         │
│ │  ┌                                                                               │                                                                         │
│ │  │ Function:  mint_and_transfer                                                  │                                                                         │
│ │  │ Module:    attendance                                                         │                                                                         │
│ │  │ Package:   0x41a3350004440adf89a2f837c1e4c0bf1fe4edf6e08b56383ccb5c1606f210c1 │                                                                         │
│ │  │ Arguments:                                                                    │                                                                         │
│ │  │   Input  0                                                                    │                                                                         │
│ │  │   Input  1                                                                    │                                                                         │
│ │  │   Input  2                                                                    │                                                                         │
│ │  │   Input  3                                                                    │                                                                         │
│ │  │   Input  4                                                                    │                                                                         │
│ │  │   Input  5                                                                    │                                                                         │
│ │  └                                                                               │                                                                         │
│ ╰──────────────────────────────────────────────────────────────────────────────────╯                                                                         │
│                                                                                                                                                              │
│ Signatures:                                                                                                                                                  │
│    SDwXGTgE/8gcFXTw5ZmioqajFnTrjpjnf5FCQ8xGawzUnxYIIAahn3xaMUW2CLhu/fIJUw9K3saYmf81lNW5Dw==                                                                  │
│                                                                                                                                                              │
╰──────────────────────────────────────────────────────────────────────────────────────────────────────────────────────────────────────────────────────────────╯
╭───────────────────────────────────────────────────────────────────────────────────────────────────╮
│ Transaction Effects                                                                               │
├───────────────────────────────────────────────────────────────────────────────────────────────────┤
│ Digest: HDERnKKPywMofQ9yVBYrNcsaMbJqpAwoE4AVq4VUbCNz                                              │
│ Status: Success                                                                                   │
│ Executed Epoch: 455                                                                               │
│                                                                                                   │
│ Created Objects:                                                                                  │
│  ┌──                                                                                              │
│  │ ID: 0xac042ea3f09fe3c321e8b72eb3d8bd2ff716a410b207efc10dbfbbb79af4b174                         │
│  │ Owner: Account Address ( 0xe228dea39a1a0d7ab5c33e6fa29910cfb711a0741ac64a6d0ddc8920693eb3b4 )  │
│  │ Version: 98624833                                                                              │
│  │ Digest: 6XJgCD8gwfCrDQfc3UVeEP2GDTs9URWpQZhdM3XQHbaa                                           │
│  └──                                                                                              │
│ Mutated Objects:                                                                                  │
│  ┌──                                                                                              │
│  │ ID: 0x49b6ea50eaf249f6ded5fb1a096a6297e428ab97f1dc1f873e91ba8a9a8a6073                         │
│  │ Owner: Account Address ( 0x13a75ba9e38bcd05b92c37e771fd3068c8b55d81bb6622f14b387a53123d7ab1 )  │
│  │ Version: 98624833                                                                              │
│  │ Digest: 8Cva8fHZQXubBiAuAS8t9Ah8tQedPdDHVVYH3e67cvsJ                                           │
│  └──                                                                                              │
│  ┌──                                                                                              │
│  │ ID: 0xb0b6745d74734fb22bb66627285692131777bc1e1abacd6cd36946672fd52087                         │
│  │ Owner: Account Address ( 0x13a75ba9e38bcd05b92c37e771fd3068c8b55d81bb6622f14b387a53123d7ab1 )  │
│  │ Version: 98624833                                                                              │
│  │ Digest: 8YbkoDyh5wSFKegBA8WTsUPTc7rKEEmpxbZzM87Ct6ok                                           │
│  └──                                                                                              │
│ Gas Object:                                                                                       │
│  ┌──                                                                                              │
│  │ ID: 0xb0b6745d74734fb22bb66627285692131777bc1e1abacd6cd36946672fd52087                         │
│  │ Owner: Account Address ( 0x13a75ba9e38bcd05b92c37e771fd3068c8b55d81bb6622f14b387a53123d7ab1 )  │
│  │ Version: 98624833                                                                              │
│  │ Digest: 8YbkoDyh5wSFKegBA8WTsUPTc7rKEEmpxbZzM87Ct6ok                                           │
│  └──                                                                                              │
│ Gas Cost Summary:                                                                                 │
│    Storage Cost: 6080000 MIST                                                                     │
│    Computation Cost: 758000 MIST                                                                  │
│    Storage Rebate: 2625876 MIST                                                                   │
│    Non-refundable Storage Fee: 26524 MIST                                                         │
│                                                                                                   │
│ Transaction Dependencies:                                                                         │
│    DjKNRynnaC7Rys87d4EqAY7boGgvfCyggtyKUWKwU15K                                                   │
│    FMiGzxRrf2s4fH8b7haU2kzdBsBpNYthRu8q2SxTfctz                                                   │
╰───────────────────────────────────────────────────────────────────────────────────────────────────╯
╭─────────────────────────────────────────────────────────────────────────────────────────────────────────────────╮
│ Transaction Block Events                                                                                        │
├─────────────────────────────────────────────────────────────────────────────────────────────────────────────────┤
│  ┌──                                                                                                            │
│  │ EventID: HDERnKKPywMofQ9yVBYrNcsaMbJqpAwoE4AVq4VUbCNz:0                                                      │
│  │ PackageID: 0x41a3350004440adf89a2f837c1e4c0bf1fe4edf6e08b56383ccb5c1606f210c1                                │
│  │ Transaction Module: attendance                                                                               │
│  │ Sender: 0x13a75ba9e38bcd05b92c37e771fd3068c8b55d81bb6622f14b387a53123d7ab1                                   │
│  │ EventType: 0x41a3350004440adf89a2f837c1e4c0bf1fe4edf6e08b56383ccb5c1606f210c1::attendance::AttendanceCreated │
│  │ ParsedJSON:                                                                                                  │
│  │   ┌─────────┬────────────────────────────────────────────────────────────────────┐                           │
│  │   │ id      │ 0xac042ea3f09fe3c321e8b72eb3d8bd2ff716a410b207efc10dbfbbb79af4b174 │                           │
│  │   ├─────────┼────────────────────────────────────────────────────────────────────┤                           │
│  │   │ meet_id │ 0x49b6ea50eaf249f6ded5fb1a096a6297e428ab97f1dc1f873e91ba8a9a8a6073 │                           │
│  │   ├─────────┼────────────────────────────────────────────────────────────────────┤                           │
│  │   │ tier    │ 2                                                                  │                           │
│  │   └─────────┴────────────────────────────────────────────────────────────────────┘                           │
│  └──                                                                                                            │
╰─────────────────────────────────────────────────────────────────────────────────────────────────────────────────╯
╭────────────────────────────────────────────────────────────────────────────────────────────────────────────╮
│ Object Changes                                                                                             │
├────────────────────────────────────────────────────────────────────────────────────────────────────────────┤
│ Created Objects:                                                                                           │
│  ┌──                                                                                                       │
│  │ ObjectID: 0xac042ea3f09fe3c321e8b72eb3d8bd2ff716a410b207efc10dbfbbb79af4b174                            │
│  │ Sender: 0x13a75ba9e38bcd05b92c37e771fd3068c8b55d81bb6622f14b387a53123d7ab1                              │
│  │ Owner: Account Address ( 0xe228dea39a1a0d7ab5c33e6fa29910cfb711a0741ac64a6d0ddc8920693eb3b4 )           │
│  │ ObjectType: 0x41a3350004440adf89a2f837c1e4c0bf1fe4edf6e08b56383ccb5c1606f210c1::attendance::Attendance  │
│  │ Version: 98624833                                                                                       │
│  │ Digest: 6XJgCD8gwfCrDQfc3UVeEP2GDTs9URWpQZhdM3XQHbaa                                                    │
│  └──                                                                                                       │
│ Mutated Objects:                                                                                           │
│  ┌──                                                                                                       │
│  │ ObjectID: 0x49b6ea50eaf249f6ded5fb1a096a6297e428ab97f1dc1f873e91ba8a9a8a6073                            │
│  │ Sender: 0x13a75ba9e38bcd05b92c37e771fd3068c8b55d81bb6622f14b387a53123d7ab1                              │
│  │ Owner: Account Address ( 0x13a75ba9e38bcd05b92c37e771fd3068c8b55d81bb6622f14b387a53123d7ab1 )           │
│  │ ObjectType: 0x41a3350004440adf89a2f837c1e4c0bf1fe4edf6e08b56383ccb5c1606f210c1::meet::Meet              │
│  │ Version: 98624833                                                                                       │
│  │ Digest: 8Cva8fHZQXubBiAuAS8t9Ah8tQedPdDHVVYH3e67cvsJ                                                    │
│  └──                                                                                                       │
│  ┌──                                                                                                       │
│  │ ObjectID: 0xb0b6745d74734fb22bb66627285692131777bc1e1abacd6cd36946672fd52087                            │
│  │ Sender: 0x13a75ba9e38bcd05b92c37e771fd3068c8b55d81bb6622f14b387a53123d7ab1                              │
│  │ Owner: Account Address ( 0x13a75ba9e38bcd05b92c37e771fd3068c8b55d81bb6622f14b387a53123d7ab1 )           │
│  │ ObjectType: 0x2::coin::Coin<0x2::sui::SUI>                                                              │
│  │ Version: 98624833                                                                                       │
│  │ Digest: 8YbkoDyh5wSFKegBA8WTsUPTc7rKEEmpxbZzM87Ct6ok                                                    │
│  └──                                                                                                       │
╰────────────────────────────────────────────────────────────────────────────────────────────────────────────╯
╭───────────────────────────────────────────────────────────────────────────────────────────────────╮
│ Balance Changes                                                                                   │
├───────────────────────────────────────────────────────────────────────────────────────────────────┤
│  ┌──                                                                                              │
│  │ Owner: Account Address ( 0x13a75ba9e38bcd05b92c37e771fd3068c8b55d81bb6622f14b387a53123d7ab1 )  │
│  │ CoinType: 0x2::sui::SUI                                                                        │
│  │ Amount: -4212124                                                                               │
│  └──                                                                                              │
╰───────────────────────────────────────────────────────────────────────────────────────────────────╯

