2024-07-10T23:46:21
Transaction Digest: GXAChRkGrrmgXdCRZiLBkSmCRr8bWSkrGsaL1cbFYYKR
╭───────────────────────────────────────────────────────────────────────────────────────────────────────────────────────────────────────────────────────────────────╮
│ Transaction Data                                                                                                                                                  │
├───────────────────────────────────────────────────────────────────────────────────────────────────────────────────────────────────────────────────────────────────┤
│ Sender: 0x13a75ba9e38bcd05b92c37e771fd3068c8b55d81bb6622f14b387a53123d7ab1                                                                                        │
│ Gas Owner: 0x13a75ba9e38bcd05b92c37e771fd3068c8b55d81bb6622f14b387a53123d7ab1                                                                                     │
│ Gas Budget: 500000000 MIST                                                                                                                                        │
│ Gas Price: 758 MIST                                                                                                                                               │
│ Gas Payment:                                                                                                                                                      │
│  ┌──                                                                                                                                                              │
│  │ ID: 0xb0b6745d74734fb22bb66627285692131777bc1e1abacd6cd36946672fd52087                                                                                         │
│  │ Version: 98624865                                                                                                                                              │
│  │ Digest: BdCFLJR1jaToFUFz59nLNAi6zHBvLv868hAZioyU7y9A                                                                                                           │
│  └──                                                                                                                                                              │
│                                                                                                                                                                   │
│ Transaction Kind: Programmable                                                                                                                                    │
│ ╭───────────────────────────────────────────────────────────────────────────────────────────────────────────────────────────────────────────────────────────────╮ │
│ │ Input Objects                                                                                                                                                 │ │
│ ├───────────────────────────────────────────────────────────────────────────────────────────────────────────────────────────────────────────────────────────────┤ │
│ │ 0   Imm/Owned Object ID: 0x49b6ea50eaf249f6ded5fb1a096a6297e428ab97f1dc1f873e91ba8a9a8a6073                                                                   │ │
│ │ 1   Pure Arg: Type: 0x1::string::String, Value: "1st Place Winner at Sui Overflow 2024 - Randomness"                                                          │ │
│ │ 2   Pure Arg: Type: 0x1::string::String, Value: "Congratulations! This hacker from Sui DApp Starter won 1st Place at the 2024 Sui Overflow global hackathon!" │ │
│ │ 3   Pure Arg: Type: 0x1::string::String, Value: "https://github.com/sui-foundation/attendance-nft/raw/main/gifs/overflow-1st.gif"                             │ │
│ │ 4   Pure Arg: Type: u8, Value: 1                                                                                                                              │ │
│ │ 5   Pure Arg: Type: address, Value: "0xa9f5456414a7e7ad647b352f95c62fc2880682ad32ae6652688d9b9d5d76b0ab"                                                      │ │
│ ╰───────────────────────────────────────────────────────────────────────────────────────────────────────────────────────────────────────────────────────────────╯ │
│ ╭──────────────────────────────────────────────────────────────────────────────────╮                                                                              │
│ │ Commands                                                                         │                                                                              │
│ ├──────────────────────────────────────────────────────────────────────────────────┤                                                                              │
│ │ 0  MoveCall:                                                                     │                                                                              │
│ │  ┌                                                                               │                                                                              │
│ │  │ Function:  mint_and_transfer                                                  │                                                                              │
│ │  │ Module:    attendance                                                         │                                                                              │
│ │  │ Package:   0x41a3350004440adf89a2f837c1e4c0bf1fe4edf6e08b56383ccb5c1606f210c1 │                                                                              │
│ │  │ Arguments:                                                                    │                                                                              │
│ │  │   Input  0                                                                    │                                                                              │
│ │  │   Input  1                                                                    │                                                                              │
│ │  │   Input  2                                                                    │                                                                              │
│ │  │   Input  3                                                                    │                                                                              │
│ │  │   Input  4                                                                    │                                                                              │
│ │  │   Input  5                                                                    │                                                                              │
│ │  └                                                                               │                                                                              │
│ ╰──────────────────────────────────────────────────────────────────────────────────╯                                                                              │
│                                                                                                                                                                   │
│ Signatures:                                                                                                                                                       │
│    SnBkvfzADvnChSO0iZk8/8PPgGVAmtGmdOfPPIC5l/GRZ0h598xFHeE1tzCceKLIAJ5nn3mRS9mxl0VnwKYMCg==                                                                       │
│                                                                                                                                                                   │
╰───────────────────────────────────────────────────────────────────────────────────────────────────────────────────────────────────────────────────────────────────╯
╭───────────────────────────────────────────────────────────────────────────────────────────────────╮
│ Transaction Effects                                                                               │
├───────────────────────────────────────────────────────────────────────────────────────────────────┤
│ Digest: GXAChRkGrrmgXdCRZiLBkSmCRr8bWSkrGsaL1cbFYYKR                                              │
│ Status: Success                                                                                   │
│ Executed Epoch: 455                                                                               │
│                                                                                                   │
│ Created Objects:                                                                                  │
│  ┌──                                                                                              │
│  │ ID: 0x69644236c526a431da2c6bc97ad79dcd7028d16ea56609af84f66484dbc43229                         │
│  │ Owner: Account Address ( 0xa9f5456414a7e7ad647b352f95c62fc2880682ad32ae6652688d9b9d5d76b0ab )  │
│  │ Version: 98624866                                                                              │
│  │ Digest: FzrJ1a1QYrSPX9vAnbfFcLLjkN8oL9qZBUZeL3Ctp5Ly                                           │
│  └──                                                                                              │
│ Mutated Objects:                                                                                  │
│  ┌──                                                                                              │
│  │ ID: 0x49b6ea50eaf249f6ded5fb1a096a6297e428ab97f1dc1f873e91ba8a9a8a6073                         │
│  │ Owner: Account Address ( 0x13a75ba9e38bcd05b92c37e771fd3068c8b55d81bb6622f14b387a53123d7ab1 )  │
│  │ Version: 98624866                                                                              │
│  │ Digest: 59DTzC4fjDk4BKhFE4f3ruC2Xshu6rcxUbeUnqKsUwmt                                           │
│  └──                                                                                              │
│  ┌──                                                                                              │
│  │ ID: 0xb0b6745d74734fb22bb66627285692131777bc1e1abacd6cd36946672fd52087                         │
│  │ Owner: Account Address ( 0x13a75ba9e38bcd05b92c37e771fd3068c8b55d81bb6622f14b387a53123d7ab1 )  │
│  │ Version: 98624866                                                                              │
│  │ Digest: AZumQMLSk9AAZqVwJnHV4B1AVCTVujoGKLB3nRCkLGTx                                           │
│  └──                                                                                              │
│ Gas Object:                                                                                       │
│  ┌──                                                                                              │
│  │ ID: 0xb0b6745d74734fb22bb66627285692131777bc1e1abacd6cd36946672fd52087                         │
│  │ Owner: Account Address ( 0x13a75ba9e38bcd05b92c37e771fd3068c8b55d81bb6622f14b387a53123d7ab1 )  │
│  │ Version: 98624866                                                                              │
│  │ Digest: AZumQMLSk9AAZqVwJnHV4B1AVCTVujoGKLB3nRCkLGTx                                           │
│  └──                                                                                              │
│ Gas Cost Summary:                                                                                 │
│    Storage Cost: 6064800 MIST                                                                     │
│    Computation Cost: 758000 MIST                                                                  │
│    Storage Rebate: 2625876 MIST                                                                   │
│    Non-refundable Storage Fee: 26524 MIST                                                         │
│                                                                                                   │
│ Transaction Dependencies:                                                                         │
│    4VHKdnzAmYKMDD4u3T49cE7994xJk6Vp6pCJAsGwyHxo                                                   │
│    FMiGzxRrf2s4fH8b7haU2kzdBsBpNYthRu8q2SxTfctz                                                   │
╰───────────────────────────────────────────────────────────────────────────────────────────────────╯
╭─────────────────────────────────────────────────────────────────────────────────────────────────────────────────╮
│ Transaction Block Events                                                                                        │
├─────────────────────────────────────────────────────────────────────────────────────────────────────────────────┤
│  ┌──                                                                                                            │
│  │ EventID: GXAChRkGrrmgXdCRZiLBkSmCRr8bWSkrGsaL1cbFYYKR:0                                                      │
│  │ PackageID: 0x41a3350004440adf89a2f837c1e4c0bf1fe4edf6e08b56383ccb5c1606f210c1                                │
│  │ Transaction Module: attendance                                                                               │
│  │ Sender: 0x13a75ba9e38bcd05b92c37e771fd3068c8b55d81bb6622f14b387a53123d7ab1                                   │
│  │ EventType: 0x41a3350004440adf89a2f837c1e4c0bf1fe4edf6e08b56383ccb5c1606f210c1::attendance::AttendanceCreated │
│  │ ParsedJSON:                                                                                                  │
│  │   ┌─────────┬────────────────────────────────────────────────────────────────────┐                           │
│  │   │ id      │ 0x69644236c526a431da2c6bc97ad79dcd7028d16ea56609af84f66484dbc43229 │                           │
│  │   ├─────────┼────────────────────────────────────────────────────────────────────┤                           │
│  │   │ meet_id │ 0x49b6ea50eaf249f6ded5fb1a096a6297e428ab97f1dc1f873e91ba8a9a8a6073 │                           │
│  │   ├─────────┼────────────────────────────────────────────────────────────────────┤                           │
│  │   │ tier    │ 1                                                                  │                           │
│  │   └─────────┴────────────────────────────────────────────────────────────────────┘                           │
│  └──                                                                                                            │
╰─────────────────────────────────────────────────────────────────────────────────────────────────────────────────╯
╭────────────────────────────────────────────────────────────────────────────────────────────────────────────╮
│ Object Changes                                                                                             │
├────────────────────────────────────────────────────────────────────────────────────────────────────────────┤
│ Created Objects:                                                                                           │
│  ┌──                                                                                                       │
│  │ ObjectID: 0x69644236c526a431da2c6bc97ad79dcd7028d16ea56609af84f66484dbc43229                            │
│  │ Sender: 0x13a75ba9e38bcd05b92c37e771fd3068c8b55d81bb6622f14b387a53123d7ab1                              │
│  │ Owner: Account Address ( 0xa9f5456414a7e7ad647b352f95c62fc2880682ad32ae6652688d9b9d5d76b0ab )           │
│  │ ObjectType: 0x41a3350004440adf89a2f837c1e4c0bf1fe4edf6e08b56383ccb5c1606f210c1::attendance::Attendance  │
│  │ Version: 98624866                                                                                       │
│  │ Digest: FzrJ1a1QYrSPX9vAnbfFcLLjkN8oL9qZBUZeL3Ctp5Ly                                                    │
│  └──                                                                                                       │
│ Mutated Objects:                                                                                           │
│  ┌──                                                                                                       │
│  │ ObjectID: 0x49b6ea50eaf249f6ded5fb1a096a6297e428ab97f1dc1f873e91ba8a9a8a6073                            │
│  │ Sender: 0x13a75ba9e38bcd05b92c37e771fd3068c8b55d81bb6622f14b387a53123d7ab1                              │
│  │ Owner: Account Address ( 0x13a75ba9e38bcd05b92c37e771fd3068c8b55d81bb6622f14b387a53123d7ab1 )           │
│  │ ObjectType: 0x41a3350004440adf89a2f837c1e4c0bf1fe4edf6e08b56383ccb5c1606f210c1::meet::Meet              │
│  │ Version: 98624866                                                                                       │
│  │ Digest: 59DTzC4fjDk4BKhFE4f3ruC2Xshu6rcxUbeUnqKsUwmt                                                    │
│  └──                                                                                                       │
│  ┌──                                                                                                       │
│  │ ObjectID: 0xb0b6745d74734fb22bb66627285692131777bc1e1abacd6cd36946672fd52087                            │
│  │ Sender: 0x13a75ba9e38bcd05b92c37e771fd3068c8b55d81bb6622f14b387a53123d7ab1                              │
│  │ Owner: Account Address ( 0x13a75ba9e38bcd05b92c37e771fd3068c8b55d81bb6622f14b387a53123d7ab1 )           │
│  │ ObjectType: 0x2::coin::Coin<0x2::sui::SUI>                                                              │
│  │ Version: 98624866                                                                                       │
│  │ Digest: AZumQMLSk9AAZqVwJnHV4B1AVCTVujoGKLB3nRCkLGTx                                                    │
│  └──                                                                                                       │
╰────────────────────────────────────────────────────────────────────────────────────────────────────────────╯
╭───────────────────────────────────────────────────────────────────────────────────────────────────╮
│ Balance Changes                                                                                   │
├───────────────────────────────────────────────────────────────────────────────────────────────────┤
│  ┌──                                                                                              │
│  │ Owner: Account Address ( 0x13a75ba9e38bcd05b92c37e771fd3068c8b55d81bb6622f14b387a53123d7ab1 )  │
│  │ CoinType: 0x2::sui::SUI                                                                        │
│  │ Amount: -4196924                                                                               │
│  └──                                                                                              │
╰───────────────────────────────────────────────────────────────────────────────────────────────────╯

