2024-07-22T16:34:27
Transaction Digest: ARG2dumFasLYn9y9jDfNorqd7pi7Dyrjw7GeLe6BQ588
╭─────────────────────────────────────────────────────────────────────────────────────────────────────────────────────────────────────────────────────────────────╮
│ Transaction Data                                                                                                                                                │
├─────────────────────────────────────────────────────────────────────────────────────────────────────────────────────────────────────────────────────────────────┤
│ Sender: 0x13a75ba9e38bcd05b92c37e771fd3068c8b55d81bb6622f14b387a53123d7ab1                                                                                      │
│ Gas Owner: 0x13a75ba9e38bcd05b92c37e771fd3068c8b55d81bb6622f14b387a53123d7ab1                                                                                   │
│ Gas Budget: 500000000 MIST                                                                                                                                      │
│ Gas Price: 758 MIST                                                                                                                                             │
│ Gas Payment:                                                                                                                                                    │
│  ┌──                                                                                                                                                            │
│  │ ID: 0xb0b6745d74734fb22bb66627285692131777bc1e1abacd6cd36946672fd52087                                                                                       │
│  │ Version: 98624878                                                                                                                                            │
│  │ Digest: C6qvHSj6pJsG5EegovroBpCNhwbAneUYAMoNgoFxDMqN                                                                                                         │
│  └──                                                                                                                                                            │
│                                                                                                                                                                 │
│ Transaction Kind: Programmable                                                                                                                                  │
│ ╭─────────────────────────────────────────────────────────────────────────────────────────────────────────────────────────────────────────────────────────────╮ │
│ │ Input Objects                                                                                                                                               │ │
│ ├─────────────────────────────────────────────────────────────────────────────────────────────────────────────────────────────────────────────────────────────┤ │
│ │ 0   Imm/Owned Object ID: 0x49b6ea50eaf249f6ded5fb1a096a6297e428ab97f1dc1f873e91ba8a9a8a6073                                                                 │ │
│ │ 1   Pure Arg: Type: 0x1::string::String, Value: "3rd Place Winner at Sui Overflow 2024 - ZkLogin"                                                           │ │
│ │ 2   Pure Arg: Type: 0x1::string::String, Value: "Congratulations! This hacker from Aalps Protocol won 3rd Place at the 2024 Sui Overflow global hackathon!" │ │
│ │ 3   Pure Arg: Type: 0x1::string::String, Value: "https://github.com/sui-foundation/attendance-nft/raw/main/gifs/overflow-3rd.gif"                           │ │
│ │ 4   Pure Arg: Type: u8, Value: 3                                                                                                                            │ │
│ │ 5   Pure Arg: Type: address, Value: "0xe9baafd15f092d379f14824b639c8c888eceb853b9376839472791759f37aeef"                                                    │ │
│ ╰─────────────────────────────────────────────────────────────────────────────────────────────────────────────────────────────────────────────────────────────╯ │
│ ╭──────────────────────────────────────────────────────────────────────────────────╮                                                                            │
│ │ Commands                                                                         │                                                                            │
│ ├──────────────────────────────────────────────────────────────────────────────────┤                                                                            │
│ │ 0  MoveCall:                                                                     │                                                                            │
│ │  ┌                                                                               │                                                                            │
│ │  │ Function:  mint_and_transfer                                                  │                                                                            │
│ │  │ Module:    attendance                                                         │                                                                            │
│ │  │ Package:   0x41a3350004440adf89a2f837c1e4c0bf1fe4edf6e08b56383ccb5c1606f210c1 │                                                                            │
│ │  │ Arguments:                                                                    │                                                                            │
│ │  │   Input  0                                                                    │                                                                            │
│ │  │   Input  1                                                                    │                                                                            │
│ │  │   Input  2                                                                    │                                                                            │
│ │  │   Input  3                                                                    │                                                                            │
│ │  │   Input  4                                                                    │                                                                            │
│ │  │   Input  5                                                                    │                                                                            │
│ │  └                                                                               │                                                                            │
│ ╰──────────────────────────────────────────────────────────────────────────────────╯                                                                            │
│                                                                                                                                                                 │
│ Signatures:                                                                                                                                                     │
│    8JvTRJixrzva9BIjrA+yhqR4JsogZe1xGyqtKJpMa2BzrAX6Joc9MafPSdtcf6131E/BcgFjA+LZqiPefsycCQ==                                                                     │
│                                                                                                                                                                 │
╰─────────────────────────────────────────────────────────────────────────────────────────────────────────────────────────────────────────────────────────────────╯
╭───────────────────────────────────────────────────────────────────────────────────────────────────╮
│ Transaction Effects                                                                               │
├───────────────────────────────────────────────────────────────────────────────────────────────────┤
│ Digest: ARG2dumFasLYn9y9jDfNorqd7pi7Dyrjw7GeLe6BQ588                                              │
│ Status: Success                                                                                   │
│ Executed Epoch: 467                                                                               │
│                                                                                                   │
│ Created Objects:                                                                                  │
│  ┌──                                                                                              │
│  │ ID: 0xdd867386f4ef7f933222c3f1b475e350b049551c09712262b0ee481c2351b302                         │
│  │ Owner: Account Address ( 0xe9baafd15f092d379f14824b639c8c888eceb853b9376839472791759f37aeef )  │
│  │ Version: 98624879                                                                              │
│  │ Digest: 62CRJydQj5bTTXZqRwCUJjFKsTKXKiU67eZgz3apVq4Z                                           │
│  └──                                                                                              │
│ Mutated Objects:                                                                                  │
│  ┌──                                                                                              │
│  │ ID: 0x49b6ea50eaf249f6ded5fb1a096a6297e428ab97f1dc1f873e91ba8a9a8a6073                         │
│  │ Owner: Account Address ( 0x13a75ba9e38bcd05b92c37e771fd3068c8b55d81bb6622f14b387a53123d7ab1 )  │
│  │ Version: 98624879                                                                              │
│  │ Digest: BPzs7o3bbyqSeJHjg2vxmff3SLyWSxf4QmHs7afXybuC                                           │
│  └──                                                                                              │
│  ┌──                                                                                              │
│  │ ID: 0xb0b6745d74734fb22bb66627285692131777bc1e1abacd6cd36946672fd52087                         │
│  │ Owner: Account Address ( 0x13a75ba9e38bcd05b92c37e771fd3068c8b55d81bb6622f14b387a53123d7ab1 )  │
│  │ Version: 98624879                                                                              │
│  │ Digest: 6yZopFLvaMir1BAKGxshiCTGjfwWZ9LGFGiHLfyhvmEm                                           │
│  └──                                                                                              │
│ Gas Object:                                                                                       │
│  ┌──                                                                                              │
│  │ ID: 0xb0b6745d74734fb22bb66627285692131777bc1e1abacd6cd36946672fd52087                         │
│  │ Owner: Account Address ( 0x13a75ba9e38bcd05b92c37e771fd3068c8b55d81bb6622f14b387a53123d7ab1 )  │
│  │ Version: 98624879                                                                              │
│  │ Digest: 6yZopFLvaMir1BAKGxshiCTGjfwWZ9LGFGiHLfyhvmEm                                           │
│  └──                                                                                              │
│ Gas Cost Summary:                                                                                 │
│    Storage Cost: 6026800 MIST                                                                     │
│    Computation Cost: 758000 MIST                                                                  │
│    Storage Rebate: 2625876 MIST                                                                   │
│    Non-refundable Storage Fee: 26524 MIST                                                         │
│                                                                                                   │
│ Transaction Dependencies:                                                                         │
│    BUjFHCrRyjNmFq9AxAnHtCrAcPJWFUyXE6vb8q5TDQG5                                                   │
│    FMiGzxRrf2s4fH8b7haU2kzdBsBpNYthRu8q2SxTfctz                                                   │
╰───────────────────────────────────────────────────────────────────────────────────────────────────╯
╭─────────────────────────────────────────────────────────────────────────────────────────────────────────────────╮
│ Transaction Block Events                                                                                        │
├─────────────────────────────────────────────────────────────────────────────────────────────────────────────────┤
│  ┌──                                                                                                            │
│  │ EventID: ARG2dumFasLYn9y9jDfNorqd7pi7Dyrjw7GeLe6BQ588:0                                                      │
│  │ PackageID: 0x41a3350004440adf89a2f837c1e4c0bf1fe4edf6e08b56383ccb5c1606f210c1                                │
│  │ Transaction Module: attendance                                                                               │
│  │ Sender: 0x13a75ba9e38bcd05b92c37e771fd3068c8b55d81bb6622f14b387a53123d7ab1                                   │
│  │ EventType: 0x41a3350004440adf89a2f837c1e4c0bf1fe4edf6e08b56383ccb5c1606f210c1::attendance::AttendanceCreated │
│  │ ParsedJSON:                                                                                                  │
│  │   ┌─────────┬────────────────────────────────────────────────────────────────────┐                           │
│  │   │ id      │ 0xdd867386f4ef7f933222c3f1b475e350b049551c09712262b0ee481c2351b302 │                           │
│  │   ├─────────┼────────────────────────────────────────────────────────────────────┤                           │
│  │   │ meet_id │ 0x49b6ea50eaf249f6ded5fb1a096a6297e428ab97f1dc1f873e91ba8a9a8a6073 │                           │
│  │   ├─────────┼────────────────────────────────────────────────────────────────────┤                           │
│  │   │ tier    │ 3                                                                  │                           │
│  │   └─────────┴────────────────────────────────────────────────────────────────────┘                           │
│  └──                                                                                                            │
╰─────────────────────────────────────────────────────────────────────────────────────────────────────────────────╯
╭────────────────────────────────────────────────────────────────────────────────────────────────────────────╮
│ Object Changes                                                                                             │
├────────────────────────────────────────────────────────────────────────────────────────────────────────────┤
│ Created Objects:                                                                                           │
│  ┌──                                                                                                       │
│  │ ObjectID: 0xdd867386f4ef7f933222c3f1b475e350b049551c09712262b0ee481c2351b302                            │
│  │ Sender: 0x13a75ba9e38bcd05b92c37e771fd3068c8b55d81bb6622f14b387a53123d7ab1                              │
│  │ Owner: Account Address ( 0xe9baafd15f092d379f14824b639c8c888eceb853b9376839472791759f37aeef )           │
│  │ ObjectType: 0x41a3350004440adf89a2f837c1e4c0bf1fe4edf6e08b56383ccb5c1606f210c1::attendance::Attendance  │
│  │ Version: 98624879                                                                                       │
│  │ Digest: 62CRJydQj5bTTXZqRwCUJjFKsTKXKiU67eZgz3apVq4Z                                                    │
│  └──                                                                                                       │
│ Mutated Objects:                                                                                           │
│  ┌──                                                                                                       │
│  │ ObjectID: 0x49b6ea50eaf249f6ded5fb1a096a6297e428ab97f1dc1f873e91ba8a9a8a6073                            │
│  │ Sender: 0x13a75ba9e38bcd05b92c37e771fd3068c8b55d81bb6622f14b387a53123d7ab1                              │
│  │ Owner: Account Address ( 0x13a75ba9e38bcd05b92c37e771fd3068c8b55d81bb6622f14b387a53123d7ab1 )           │
│  │ ObjectType: 0x41a3350004440adf89a2f837c1e4c0bf1fe4edf6e08b56383ccb5c1606f210c1::meet::Meet              │
│  │ Version: 98624879                                                                                       │
│  │ Digest: BPzs7o3bbyqSeJHjg2vxmff3SLyWSxf4QmHs7afXybuC                                                    │
│  └──                                                                                                       │
│  ┌──                                                                                                       │
│  │ ObjectID: 0xb0b6745d74734fb22bb66627285692131777bc1e1abacd6cd36946672fd52087                            │
│  │ Sender: 0x13a75ba9e38bcd05b92c37e771fd3068c8b55d81bb6622f14b387a53123d7ab1                              │
│  │ Owner: Account Address ( 0x13a75ba9e38bcd05b92c37e771fd3068c8b55d81bb6622f14b387a53123d7ab1 )           │
│  │ ObjectType: 0x2::coin::Coin<0x2::sui::SUI>                                                              │
│  │ Version: 98624879                                                                                       │
│  │ Digest: 6yZopFLvaMir1BAKGxshiCTGjfwWZ9LGFGiHLfyhvmEm                                                    │
│  └──                                                                                                       │
╰────────────────────────────────────────────────────────────────────────────────────────────────────────────╯
╭───────────────────────────────────────────────────────────────────────────────────────────────────╮
│ Balance Changes                                                                                   │
├───────────────────────────────────────────────────────────────────────────────────────────────────┤
│  ┌──                                                                                              │
│  │ Owner: Account Address ( 0x13a75ba9e38bcd05b92c37e771fd3068c8b55d81bb6622f14b387a53123d7ab1 )  │
│  │ CoinType: 0x2::sui::SUI                                                                        │
│  │ Amount: -4158924                                                                               │
│  └──                                                                                              │
╰───────────────────────────────────────────────────────────────────────────────────────────────────╯

2024-07-22T16:34:34
Transaction Digest: 2XnLBTrBj7YmeYgaUbboQkqrmjDCBbqZpHfFEXESbR3e
╭─────────────────────────────────────────────────────────────────────────────────────────────────────────────────────────────────────────────────────────────────╮
│ Transaction Data                                                                                                                                                │
├─────────────────────────────────────────────────────────────────────────────────────────────────────────────────────────────────────────────────────────────────┤
│ Sender: 0x13a75ba9e38bcd05b92c37e771fd3068c8b55d81bb6622f14b387a53123d7ab1                                                                                      │
│ Gas Owner: 0x13a75ba9e38bcd05b92c37e771fd3068c8b55d81bb6622f14b387a53123d7ab1                                                                                   │
│ Gas Budget: 500000000 MIST                                                                                                                                      │
│ Gas Price: 758 MIST                                                                                                                                             │
│ Gas Payment:                                                                                                                                                    │
│  ┌──                                                                                                                                                            │
│  │ ID: 0xb0b6745d74734fb22bb66627285692131777bc1e1abacd6cd36946672fd52087                                                                                       │
│  │ Version: 98624879                                                                                                                                            │
│  │ Digest: 6yZopFLvaMir1BAKGxshiCTGjfwWZ9LGFGiHLfyhvmEm                                                                                                         │
│  └──                                                                                                                                                            │
│                                                                                                                                                                 │
│ Transaction Kind: Programmable                                                                                                                                  │
│ ╭─────────────────────────────────────────────────────────────────────────────────────────────────────────────────────────────────────────────────────────────╮ │
│ │ Input Objects                                                                                                                                               │ │
│ ├─────────────────────────────────────────────────────────────────────────────────────────────────────────────────────────────────────────────────────────────┤ │
│ │ 0   Imm/Owned Object ID: 0x49b6ea50eaf249f6ded5fb1a096a6297e428ab97f1dc1f873e91ba8a9a8a6073                                                                 │ │
│ │ 1   Pure Arg: Type: 0x1::string::String, Value: "3rd Place Winner at Sui Overflow 2024 - ZkLogin"                                                           │ │
│ │ 2   Pure Arg: Type: 0x1::string::String, Value: "Congratulations! This hacker from Aalps Protocol won 3rd Place at the 2024 Sui Overflow global hackathon!" │ │
│ │ 3   Pure Arg: Type: 0x1::string::String, Value: "https://github.com/sui-foundation/attendance-nft/raw/main/gifs/overflow-3rd.gif"                           │ │
│ │ 4   Pure Arg: Type: u8, Value: 3                                                                                                                            │ │
│ │ 5   Pure Arg: Type: address, Value: "0xd48f5720dd492ed7490d234d6798bb3228c94203c6e05a1aad76a3346a1caca6"                                                    │ │
│ ╰─────────────────────────────────────────────────────────────────────────────────────────────────────────────────────────────────────────────────────────────╯ │
│ ╭──────────────────────────────────────────────────────────────────────────────────╮                                                                            │
│ │ Commands                                                                         │                                                                            │
│ ├──────────────────────────────────────────────────────────────────────────────────┤                                                                            │
│ │ 0  MoveCall:                                                                     │                                                                            │
│ │  ┌                                                                               │                                                                            │
│ │  │ Function:  mint_and_transfer                                                  │                                                                            │
│ │  │ Module:    attendance                                                         │                                                                            │
│ │  │ Package:   0x41a3350004440adf89a2f837c1e4c0bf1fe4edf6e08b56383ccb5c1606f210c1 │                                                                            │
│ │  │ Arguments:                                                                    │                                                                            │
│ │  │   Input  0                                                                    │                                                                            │
│ │  │   Input  1                                                                    │                                                                            │
│ │  │   Input  2                                                                    │                                                                            │
│ │  │   Input  3                                                                    │                                                                            │
│ │  │   Input  4                                                                    │                                                                            │
│ │  │   Input  5                                                                    │                                                                            │
│ │  └                                                                               │                                                                            │
│ ╰──────────────────────────────────────────────────────────────────────────────────╯                                                                            │
│                                                                                                                                                                 │
│ Signatures:                                                                                                                                                     │
│    4p9N/WOI3WEKePjCBfXihew2K6FHiH40lAW/yNOVOfqmZ0eyBvjOqhqrhNCKw4SRbWMdkwH4ZTGUShbPSb0HBw==                                                                     │
│                                                                                                                                                                 │
╰─────────────────────────────────────────────────────────────────────────────────────────────────────────────────────────────────────────────────────────────────╯
╭───────────────────────────────────────────────────────────────────────────────────────────────────╮
│ Transaction Effects                                                                               │
├───────────────────────────────────────────────────────────────────────────────────────────────────┤
│ Digest: 2XnLBTrBj7YmeYgaUbboQkqrmjDCBbqZpHfFEXESbR3e                                              │
│ Status: Success                                                                                   │
│ Executed Epoch: 467                                                                               │
│                                                                                                   │
│ Created Objects:                                                                                  │
│  ┌──                                                                                              │
│  │ ID: 0xe2b8b0bf7c6fab5f81a4fb85a1ac90455646062befe0ad8b9b1c10c0e5635aeb                         │
│  │ Owner: Account Address ( 0xd48f5720dd492ed7490d234d6798bb3228c94203c6e05a1aad76a3346a1caca6 )  │
│  │ Version: 98624880                                                                              │
│  │ Digest: HJmQyvXN1JybvXt5DcBY9y2hBcydPpNKCphrQvrLsn8d                                           │
│  └──                                                                                              │
│ Mutated Objects:                                                                                  │
│  ┌──                                                                                              │
│  │ ID: 0x49b6ea50eaf249f6ded5fb1a096a6297e428ab97f1dc1f873e91ba8a9a8a6073                         │
│  │ Owner: Account Address ( 0x13a75ba9e38bcd05b92c37e771fd3068c8b55d81bb6622f14b387a53123d7ab1 )  │
│  │ Version: 98624880                                                                              │
│  │ Digest: EVpbpXUmXsMBrZfrBLpzWvySYNdxL1BuxawJLGMcnk3A                                           │
│  └──                                                                                              │
│  ┌──                                                                                              │
│  │ ID: 0xb0b6745d74734fb22bb66627285692131777bc1e1abacd6cd36946672fd52087                         │
│  │ Owner: Account Address ( 0x13a75ba9e38bcd05b92c37e771fd3068c8b55d81bb6622f14b387a53123d7ab1 )  │
│  │ Version: 98624880                                                                              │
│  │ Digest: 7RZA7rDz2nzNkMzcQ1LE3rcXtw2at9UWbwwDw5hGyQKD                                           │
│  └──                                                                                              │
│ Gas Object:                                                                                       │
│  ┌──                                                                                              │
│  │ ID: 0xb0b6745d74734fb22bb66627285692131777bc1e1abacd6cd36946672fd52087                         │
│  │ Owner: Account Address ( 0x13a75ba9e38bcd05b92c37e771fd3068c8b55d81bb6622f14b387a53123d7ab1 )  │
│  │ Version: 98624880                                                                              │
│  │ Digest: 7RZA7rDz2nzNkMzcQ1LE3rcXtw2at9UWbwwDw5hGyQKD                                           │
│  └──                                                                                              │
│ Gas Cost Summary:                                                                                 │
│    Storage Cost: 6026800 MIST                                                                     │
│    Computation Cost: 758000 MIST                                                                  │
│    Storage Rebate: 2625876 MIST                                                                   │
│    Non-refundable Storage Fee: 26524 MIST                                                         │
│                                                                                                   │
│ Transaction Dependencies:                                                                         │
│    ARG2dumFasLYn9y9jDfNorqd7pi7Dyrjw7GeLe6BQ588                                                   │
│    FMiGzxRrf2s4fH8b7haU2kzdBsBpNYthRu8q2SxTfctz                                                   │
╰───────────────────────────────────────────────────────────────────────────────────────────────────╯
╭─────────────────────────────────────────────────────────────────────────────────────────────────────────────────╮
│ Transaction Block Events                                                                                        │
├─────────────────────────────────────────────────────────────────────────────────────────────────────────────────┤
│  ┌──                                                                                                            │
│  │ EventID: 2XnLBTrBj7YmeYgaUbboQkqrmjDCBbqZpHfFEXESbR3e:0                                                      │
│  │ PackageID: 0x41a3350004440adf89a2f837c1e4c0bf1fe4edf6e08b56383ccb5c1606f210c1                                │
│  │ Transaction Module: attendance                                                                               │
│  │ Sender: 0x13a75ba9e38bcd05b92c37e771fd3068c8b55d81bb6622f14b387a53123d7ab1                                   │
│  │ EventType: 0x41a3350004440adf89a2f837c1e4c0bf1fe4edf6e08b56383ccb5c1606f210c1::attendance::AttendanceCreated │
│  │ ParsedJSON:                                                                                                  │
│  │   ┌─────────┬────────────────────────────────────────────────────────────────────┐                           │
│  │   │ id      │ 0xe2b8b0bf7c6fab5f81a4fb85a1ac90455646062befe0ad8b9b1c10c0e5635aeb │                           │
│  │   ├─────────┼────────────────────────────────────────────────────────────────────┤                           │
│  │   │ meet_id │ 0x49b6ea50eaf249f6ded5fb1a096a6297e428ab97f1dc1f873e91ba8a9a8a6073 │                           │
│  │   ├─────────┼────────────────────────────────────────────────────────────────────┤                           │
│  │   │ tier    │ 3                                                                  │                           │
│  │   └─────────┴────────────────────────────────────────────────────────────────────┘                           │
│  └──                                                                                                            │
╰─────────────────────────────────────────────────────────────────────────────────────────────────────────────────╯
╭────────────────────────────────────────────────────────────────────────────────────────────────────────────╮
│ Object Changes                                                                                             │
├────────────────────────────────────────────────────────────────────────────────────────────────────────────┤
│ Created Objects:                                                                                           │
│  ┌──                                                                                                       │
│  │ ObjectID: 0xe2b8b0bf7c6fab5f81a4fb85a1ac90455646062befe0ad8b9b1c10c0e5635aeb                            │
│  │ Sender: 0x13a75ba9e38bcd05b92c37e771fd3068c8b55d81bb6622f14b387a53123d7ab1                              │
│  │ Owner: Account Address ( 0xd48f5720dd492ed7490d234d6798bb3228c94203c6e05a1aad76a3346a1caca6 )           │
│  │ ObjectType: 0x41a3350004440adf89a2f837c1e4c0bf1fe4edf6e08b56383ccb5c1606f210c1::attendance::Attendance  │
│  │ Version: 98624880                                                                                       │
│  │ Digest: HJmQyvXN1JybvXt5DcBY9y2hBcydPpNKCphrQvrLsn8d                                                    │
│  └──                                                                                                       │
│ Mutated Objects:                                                                                           │
│  ┌──                                                                                                       │
│  │ ObjectID: 0x49b6ea50eaf249f6ded5fb1a096a6297e428ab97f1dc1f873e91ba8a9a8a6073                            │
│  │ Sender: 0x13a75ba9e38bcd05b92c37e771fd3068c8b55d81bb6622f14b387a53123d7ab1                              │
│  │ Owner: Account Address ( 0x13a75ba9e38bcd05b92c37e771fd3068c8b55d81bb6622f14b387a53123d7ab1 )           │
│  │ ObjectType: 0x41a3350004440adf89a2f837c1e4c0bf1fe4edf6e08b56383ccb5c1606f210c1::meet::Meet              │
│  │ Version: 98624880                                                                                       │
│  │ Digest: EVpbpXUmXsMBrZfrBLpzWvySYNdxL1BuxawJLGMcnk3A                                                    │
│  └──                                                                                                       │
│  ┌──                                                                                                       │
│  │ ObjectID: 0xb0b6745d74734fb22bb66627285692131777bc1e1abacd6cd36946672fd52087                            │
│  │ Sender: 0x13a75ba9e38bcd05b92c37e771fd3068c8b55d81bb6622f14b387a53123d7ab1                              │
│  │ Owner: Account Address ( 0x13a75ba9e38bcd05b92c37e771fd3068c8b55d81bb6622f14b387a53123d7ab1 )           │
│  │ ObjectType: 0x2::coin::Coin<0x2::sui::SUI>                                                              │
│  │ Version: 98624880                                                                                       │
│  │ Digest: 7RZA7rDz2nzNkMzcQ1LE3rcXtw2at9UWbwwDw5hGyQKD                                                    │
│  └──                                                                                                       │
╰────────────────────────────────────────────────────────────────────────────────────────────────────────────╯
╭───────────────────────────────────────────────────────────────────────────────────────────────────╮
│ Balance Changes                                                                                   │
├───────────────────────────────────────────────────────────────────────────────────────────────────┤
│  ┌──                                                                                              │
│  │ Owner: Account Address ( 0x13a75ba9e38bcd05b92c37e771fd3068c8b55d81bb6622f14b387a53123d7ab1 )  │
│  │ CoinType: 0x2::sui::SUI                                                                        │
│  │ Amount: -4158924                                                                               │
│  └──                                                                                              │
╰───────────────────────────────────────────────────────────────────────────────────────────────────╯

2024-07-22T16:34:40
Transaction Digest: AxzVgW6NMBcrEKyTTSxFEhwS7jRHcTyAp86uDnNrhnDb
╭─────────────────────────────────────────────────────────────────────────────────────────────────────────────────────────────────────────────────────────────────╮
│ Transaction Data                                                                                                                                                │
├─────────────────────────────────────────────────────────────────────────────────────────────────────────────────────────────────────────────────────────────────┤
│ Sender: 0x13a75ba9e38bcd05b92c37e771fd3068c8b55d81bb6622f14b387a53123d7ab1                                                                                      │
│ Gas Owner: 0x13a75ba9e38bcd05b92c37e771fd3068c8b55d81bb6622f14b387a53123d7ab1                                                                                   │
│ Gas Budget: 500000000 MIST                                                                                                                                      │
│ Gas Price: 758 MIST                                                                                                                                             │
│ Gas Payment:                                                                                                                                                    │
│  ┌──                                                                                                                                                            │
│  │ ID: 0xb0b6745d74734fb22bb66627285692131777bc1e1abacd6cd36946672fd52087                                                                                       │
│  │ Version: 98624880                                                                                                                                            │
│  │ Digest: 7RZA7rDz2nzNkMzcQ1LE3rcXtw2at9UWbwwDw5hGyQKD                                                                                                         │
│  └──                                                                                                                                                            │
│                                                                                                                                                                 │
│ Transaction Kind: Programmable                                                                                                                                  │
│ ╭─────────────────────────────────────────────────────────────────────────────────────────────────────────────────────────────────────────────────────────────╮ │
│ │ Input Objects                                                                                                                                               │ │
│ ├─────────────────────────────────────────────────────────────────────────────────────────────────────────────────────────────────────────────────────────────┤ │
│ │ 0   Imm/Owned Object ID: 0x49b6ea50eaf249f6ded5fb1a096a6297e428ab97f1dc1f873e91ba8a9a8a6073                                                                 │ │
│ │ 1   Pure Arg: Type: 0x1::string::String, Value: "3rd Place Winner at Sui Overflow 2024 - ZkLogin"                                                           │ │
│ │ 2   Pure Arg: Type: 0x1::string::String, Value: "Congratulations! This hacker from Aalps Protocol won 3rd Place at the 2024 Sui Overflow global hackathon!" │ │
│ │ 3   Pure Arg: Type: 0x1::string::String, Value: "https://github.com/sui-foundation/attendance-nft/raw/main/gifs/overflow-3rd.gif"                           │ │
│ │ 4   Pure Arg: Type: u8, Value: 3                                                                                                                            │ │
│ │ 5   Pure Arg: Type: address, Value: "0x6bf09e071f182993afdac8bc505de8111ecabeb57be1fea2d8fb9397106abc84"                                                    │ │
│ ╰─────────────────────────────────────────────────────────────────────────────────────────────────────────────────────────────────────────────────────────────╯ │
│ ╭──────────────────────────────────────────────────────────────────────────────────╮                                                                            │
│ │ Commands                                                                         │                                                                            │
│ ├──────────────────────────────────────────────────────────────────────────────────┤                                                                            │
│ │ 0  MoveCall:                                                                     │                                                                            │
│ │  ┌                                                                               │                                                                            │
│ │  │ Function:  mint_and_transfer                                                  │                                                                            │
│ │  │ Module:    attendance                                                         │                                                                            │
│ │  │ Package:   0x41a3350004440adf89a2f837c1e4c0bf1fe4edf6e08b56383ccb5c1606f210c1 │                                                                            │
│ │  │ Arguments:                                                                    │                                                                            │
│ │  │   Input  0                                                                    │                                                                            │
│ │  │   Input  1                                                                    │                                                                            │
│ │  │   Input  2                                                                    │                                                                            │
│ │  │   Input  3                                                                    │                                                                            │
│ │  │   Input  4                                                                    │                                                                            │
│ │  │   Input  5                                                                    │                                                                            │
│ │  └                                                                               │                                                                            │
│ ╰──────────────────────────────────────────────────────────────────────────────────╯                                                                            │
│                                                                                                                                                                 │
│ Signatures:                                                                                                                                                     │
│    g6ZDe8C2cQbSbYyTJeA4osAVPioIdHGvOaiOC/VWCwXxw7VqIbtnXgBboEoCbCE5H0hdHXx4+f//mxwRdlS6Dw==                                                                     │
│                                                                                                                                                                 │
╰─────────────────────────────────────────────────────────────────────────────────────────────────────────────────────────────────────────────────────────────────╯
╭───────────────────────────────────────────────────────────────────────────────────────────────────╮
│ Transaction Effects                                                                               │
├───────────────────────────────────────────────────────────────────────────────────────────────────┤
│ Digest: AxzVgW6NMBcrEKyTTSxFEhwS7jRHcTyAp86uDnNrhnDb                                              │
│ Status: Success                                                                                   │
│ Executed Epoch: 467                                                                               │
│                                                                                                   │
│ Created Objects:                                                                                  │
│  ┌──                                                                                              │
│  │ ID: 0xd4551cc43aeca6e83a4dd8faa931accd5551f52a314d268a4659dcf399845e9c                         │
│  │ Owner: Account Address ( 0x6bf09e071f182993afdac8bc505de8111ecabeb57be1fea2d8fb9397106abc84 )  │
│  │ Version: 98624881                                                                              │
│  │ Digest: 6VA7CAZ3ynAnwDqTytJg2ZMdUqSADZkLwpD4sfG66ETZ                                           │
│  └──                                                                                              │
│ Mutated Objects:                                                                                  │
│  ┌──                                                                                              │
│  │ ID: 0x49b6ea50eaf249f6ded5fb1a096a6297e428ab97f1dc1f873e91ba8a9a8a6073                         │
│  │ Owner: Account Address ( 0x13a75ba9e38bcd05b92c37e771fd3068c8b55d81bb6622f14b387a53123d7ab1 )  │
│  │ Version: 98624881                                                                              │
│  │ Digest: 5KBm2CabQnsQwPjPksoR1aqPBPdN2SbEbm1VEA329Vuz                                           │
│  └──                                                                                              │
│  ┌──                                                                                              │
│  │ ID: 0xb0b6745d74734fb22bb66627285692131777bc1e1abacd6cd36946672fd52087                         │
│  │ Owner: Account Address ( 0x13a75ba9e38bcd05b92c37e771fd3068c8b55d81bb6622f14b387a53123d7ab1 )  │
│  │ Version: 98624881                                                                              │
│  │ Digest: FbWSpewrW5RJkBXjgzXrFnC4kNscRoFDzimBxjUTCPaQ                                           │
│  └──                                                                                              │
│ Gas Object:                                                                                       │
│  ┌──                                                                                              │
│  │ ID: 0xb0b6745d74734fb22bb66627285692131777bc1e1abacd6cd36946672fd52087                         │
│  │ Owner: Account Address ( 0x13a75ba9e38bcd05b92c37e771fd3068c8b55d81bb6622f14b387a53123d7ab1 )  │
│  │ Version: 98624881                                                                              │
│  │ Digest: FbWSpewrW5RJkBXjgzXrFnC4kNscRoFDzimBxjUTCPaQ                                           │
│  └──                                                                                              │
│ Gas Cost Summary:                                                                                 │
│    Storage Cost: 6026800 MIST                                                                     │
│    Computation Cost: 758000 MIST                                                                  │
│    Storage Rebate: 2625876 MIST                                                                   │
│    Non-refundable Storage Fee: 26524 MIST                                                         │
│                                                                                                   │
│ Transaction Dependencies:                                                                         │
│    2XnLBTrBj7YmeYgaUbboQkqrmjDCBbqZpHfFEXESbR3e                                                   │
│    FMiGzxRrf2s4fH8b7haU2kzdBsBpNYthRu8q2SxTfctz                                                   │
╰───────────────────────────────────────────────────────────────────────────────────────────────────╯
╭─────────────────────────────────────────────────────────────────────────────────────────────────────────────────╮
│ Transaction Block Events                                                                                        │
├─────────────────────────────────────────────────────────────────────────────────────────────────────────────────┤
│  ┌──                                                                                                            │
│  │ EventID: AxzVgW6NMBcrEKyTTSxFEhwS7jRHcTyAp86uDnNrhnDb:0                                                      │
│  │ PackageID: 0x41a3350004440adf89a2f837c1e4c0bf1fe4edf6e08b56383ccb5c1606f210c1                                │
│  │ Transaction Module: attendance                                                                               │
│  │ Sender: 0x13a75ba9e38bcd05b92c37e771fd3068c8b55d81bb6622f14b387a53123d7ab1                                   │
│  │ EventType: 0x41a3350004440adf89a2f837c1e4c0bf1fe4edf6e08b56383ccb5c1606f210c1::attendance::AttendanceCreated │
│  │ ParsedJSON:                                                                                                  │
│  │   ┌─────────┬────────────────────────────────────────────────────────────────────┐                           │
│  │   │ id      │ 0xd4551cc43aeca6e83a4dd8faa931accd5551f52a314d268a4659dcf399845e9c │                           │
│  │   ├─────────┼────────────────────────────────────────────────────────────────────┤                           │
│  │   │ meet_id │ 0x49b6ea50eaf249f6ded5fb1a096a6297e428ab97f1dc1f873e91ba8a9a8a6073 │                           │
│  │   ├─────────┼────────────────────────────────────────────────────────────────────┤                           │
│  │   │ tier    │ 3                                                                  │                           │
│  │   └─────────┴────────────────────────────────────────────────────────────────────┘                           │
│  └──                                                                                                            │
╰─────────────────────────────────────────────────────────────────────────────────────────────────────────────────╯
╭────────────────────────────────────────────────────────────────────────────────────────────────────────────╮
│ Object Changes                                                                                             │
├────────────────────────────────────────────────────────────────────────────────────────────────────────────┤
│ Created Objects:                                                                                           │
│  ┌──                                                                                                       │
│  │ ObjectID: 0xd4551cc43aeca6e83a4dd8faa931accd5551f52a314d268a4659dcf399845e9c                            │
│  │ Sender: 0x13a75ba9e38bcd05b92c37e771fd3068c8b55d81bb6622f14b387a53123d7ab1                              │
│  │ Owner: Account Address ( 0x6bf09e071f182993afdac8bc505de8111ecabeb57be1fea2d8fb9397106abc84 )           │
│  │ ObjectType: 0x41a3350004440adf89a2f837c1e4c0bf1fe4edf6e08b56383ccb5c1606f210c1::attendance::Attendance  │
│  │ Version: 98624881                                                                                       │
│  │ Digest: 6VA7CAZ3ynAnwDqTytJg2ZMdUqSADZkLwpD4sfG66ETZ                                                    │
│  └──                                                                                                       │
│ Mutated Objects:                                                                                           │
│  ┌──                                                                                                       │
│  │ ObjectID: 0x49b6ea50eaf249f6ded5fb1a096a6297e428ab97f1dc1f873e91ba8a9a8a6073                            │
│  │ Sender: 0x13a75ba9e38bcd05b92c37e771fd3068c8b55d81bb6622f14b387a53123d7ab1                              │
│  │ Owner: Account Address ( 0x13a75ba9e38bcd05b92c37e771fd3068c8b55d81bb6622f14b387a53123d7ab1 )           │
│  │ ObjectType: 0x41a3350004440adf89a2f837c1e4c0bf1fe4edf6e08b56383ccb5c1606f210c1::meet::Meet              │
│  │ Version: 98624881                                                                                       │
│  │ Digest: 5KBm2CabQnsQwPjPksoR1aqPBPdN2SbEbm1VEA329Vuz                                                    │
│  └──                                                                                                       │
│  ┌──                                                                                                       │
│  │ ObjectID: 0xb0b6745d74734fb22bb66627285692131777bc1e1abacd6cd36946672fd52087                            │
│  │ Sender: 0x13a75ba9e38bcd05b92c37e771fd3068c8b55d81bb6622f14b387a53123d7ab1                              │
│  │ Owner: Account Address ( 0x13a75ba9e38bcd05b92c37e771fd3068c8b55d81bb6622f14b387a53123d7ab1 )           │
│  │ ObjectType: 0x2::coin::Coin<0x2::sui::SUI>                                                              │
│  │ Version: 98624881                                                                                       │
│  │ Digest: FbWSpewrW5RJkBXjgzXrFnC4kNscRoFDzimBxjUTCPaQ                                                    │
│  └──                                                                                                       │
╰────────────────────────────────────────────────────────────────────────────────────────────────────────────╯
╭───────────────────────────────────────────────────────────────────────────────────────────────────╮
│ Balance Changes                                                                                   │
├───────────────────────────────────────────────────────────────────────────────────────────────────┤
│  ┌──                                                                                              │
│  │ Owner: Account Address ( 0x13a75ba9e38bcd05b92c37e771fd3068c8b55d81bb6622f14b387a53123d7ab1 )  │
│  │ CoinType: 0x2::sui::SUI                                                                        │
│  │ Amount: -4158924                                                                               │
│  └──                                                                                              │
╰───────────────────────────────────────────────────────────────────────────────────────────────────╯

2024-07-22T16:34:46
Transaction Digest: EwNraGaCEKRQ7vi8xjormu2nqbcru1keThP1SHUp8NN2
╭─────────────────────────────────────────────────────────────────────────────────────────────────────────────────────────────────────────────────────────────────╮
│ Transaction Data                                                                                                                                                │
├─────────────────────────────────────────────────────────────────────────────────────────────────────────────────────────────────────────────────────────────────┤
│ Sender: 0x13a75ba9e38bcd05b92c37e771fd3068c8b55d81bb6622f14b387a53123d7ab1                                                                                      │
│ Gas Owner: 0x13a75ba9e38bcd05b92c37e771fd3068c8b55d81bb6622f14b387a53123d7ab1                                                                                   │
│ Gas Budget: 500000000 MIST                                                                                                                                      │
│ Gas Price: 758 MIST                                                                                                                                             │
│ Gas Payment:                                                                                                                                                    │
│  ┌──                                                                                                                                                            │
│  │ ID: 0xb0b6745d74734fb22bb66627285692131777bc1e1abacd6cd36946672fd52087                                                                                       │
│  │ Version: 98624881                                                                                                                                            │
│  │ Digest: FbWSpewrW5RJkBXjgzXrFnC4kNscRoFDzimBxjUTCPaQ                                                                                                         │
│  └──                                                                                                                                                            │
│                                                                                                                                                                 │
│ Transaction Kind: Programmable                                                                                                                                  │
│ ╭─────────────────────────────────────────────────────────────────────────────────────────────────────────────────────────────────────────────────────────────╮ │
│ │ Input Objects                                                                                                                                               │ │
│ ├─────────────────────────────────────────────────────────────────────────────────────────────────────────────────────────────────────────────────────────────┤ │
│ │ 0   Imm/Owned Object ID: 0x49b6ea50eaf249f6ded5fb1a096a6297e428ab97f1dc1f873e91ba8a9a8a6073                                                                 │ │
│ │ 1   Pure Arg: Type: 0x1::string::String, Value: "3rd Place Winner at Sui Overflow 2024 - ZkLogin"                                                           │ │
│ │ 2   Pure Arg: Type: 0x1::string::String, Value: "Congratulations! This hacker from Aalps Protocol won 3rd Place at the 2024 Sui Overflow global hackathon!" │ │
│ │ 3   Pure Arg: Type: 0x1::string::String, Value: "https://github.com/sui-foundation/attendance-nft/raw/main/gifs/overflow-3rd.gif"                           │ │
│ │ 4   Pure Arg: Type: u8, Value: 3                                                                                                                            │ │
│ │ 5   Pure Arg: Type: address, Value: "0xd117a171f1249c2e25bf73e06afa64a496666b232ee56c96a3b41a6c0fe4495c"                                                    │ │
│ ╰─────────────────────────────────────────────────────────────────────────────────────────────────────────────────────────────────────────────────────────────╯ │
│ ╭──────────────────────────────────────────────────────────────────────────────────╮                                                                            │
│ │ Commands                                                                         │                                                                            │
│ ├──────────────────────────────────────────────────────────────────────────────────┤                                                                            │
│ │ 0  MoveCall:                                                                     │                                                                            │
│ │  ┌                                                                               │                                                                            │
│ │  │ Function:  mint_and_transfer                                                  │                                                                            │
│ │  │ Module:    attendance                                                         │                                                                            │
│ │  │ Package:   0x41a3350004440adf89a2f837c1e4c0bf1fe4edf6e08b56383ccb5c1606f210c1 │                                                                            │
│ │  │ Arguments:                                                                    │                                                                            │
│ │  │   Input  0                                                                    │                                                                            │
│ │  │   Input  1                                                                    │                                                                            │
│ │  │   Input  2                                                                    │                                                                            │
│ │  │   Input  3                                                                    │                                                                            │
│ │  │   Input  4                                                                    │                                                                            │
│ │  │   Input  5                                                                    │                                                                            │
│ │  └                                                                               │                                                                            │
│ ╰──────────────────────────────────────────────────────────────────────────────────╯                                                                            │
│                                                                                                                                                                 │
│ Signatures:                                                                                                                                                     │
│    r2Zl02ISkbIf2dFcWROHPbm/qi6c5+A1q7AddSXu/eeQMGNv7RMqMfTVzxX4PvWKHbGQISAY4Te0jVDMraGQCQ==                                                                     │
│                                                                                                                                                                 │
╰─────────────────────────────────────────────────────────────────────────────────────────────────────────────────────────────────────────────────────────────────╯
╭───────────────────────────────────────────────────────────────────────────────────────────────────╮
│ Transaction Effects                                                                               │
├───────────────────────────────────────────────────────────────────────────────────────────────────┤
│ Digest: EwNraGaCEKRQ7vi8xjormu2nqbcru1keThP1SHUp8NN2                                              │
│ Status: Success                                                                                   │
│ Executed Epoch: 467                                                                               │
│                                                                                                   │
│ Created Objects:                                                                                  │
│  ┌──                                                                                              │
│  │ ID: 0xd87439864327e5b6e59653689491e7bbdb9c7ef2043dbbaf0bdea3bd93952efb                         │
│  │ Owner: Account Address ( 0xd117a171f1249c2e25bf73e06afa64a496666b232ee56c96a3b41a6c0fe4495c )  │
│  │ Version: 98624882                                                                              │
│  │ Digest: EWgLyVKgSszkoYBRRA49d5oveBtDapKSoDUkH13XbEB6                                           │
│  └──                                                                                              │
│ Mutated Objects:                                                                                  │
│  ┌──                                                                                              │
│  │ ID: 0x49b6ea50eaf249f6ded5fb1a096a6297e428ab97f1dc1f873e91ba8a9a8a6073                         │
│  │ Owner: Account Address ( 0x13a75ba9e38bcd05b92c37e771fd3068c8b55d81bb6622f14b387a53123d7ab1 )  │
│  │ Version: 98624882                                                                              │
│  │ Digest: 99LGp7VAqMmdKzX1azA3cid2JAkKK8WGX5VA5WQTyahb                                           │
│  └──                                                                                              │
│  ┌──                                                                                              │
│  │ ID: 0xb0b6745d74734fb22bb66627285692131777bc1e1abacd6cd36946672fd52087                         │
│  │ Owner: Account Address ( 0x13a75ba9e38bcd05b92c37e771fd3068c8b55d81bb6622f14b387a53123d7ab1 )  │
│  │ Version: 98624882                                                                              │
│  │ Digest: Coy5pjiSMFerPSwRio8q6UgY5zi1FvvEJtU4GxS4MeaQ                                           │
│  └──                                                                                              │
│ Gas Object:                                                                                       │
│  ┌──                                                                                              │
│  │ ID: 0xb0b6745d74734fb22bb66627285692131777bc1e1abacd6cd36946672fd52087                         │
│  │ Owner: Account Address ( 0x13a75ba9e38bcd05b92c37e771fd3068c8b55d81bb6622f14b387a53123d7ab1 )  │
│  │ Version: 98624882                                                                              │
│  │ Digest: Coy5pjiSMFerPSwRio8q6UgY5zi1FvvEJtU4GxS4MeaQ                                           │
│  └──                                                                                              │
│ Gas Cost Summary:                                                                                 │
│    Storage Cost: 6026800 MIST                                                                     │
│    Computation Cost: 758000 MIST                                                                  │
│    Storage Rebate: 2625876 MIST                                                                   │
│    Non-refundable Storage Fee: 26524 MIST                                                         │
│                                                                                                   │
│ Transaction Dependencies:                                                                         │
│    AxzVgW6NMBcrEKyTTSxFEhwS7jRHcTyAp86uDnNrhnDb                                                   │
│    FMiGzxRrf2s4fH8b7haU2kzdBsBpNYthRu8q2SxTfctz                                                   │
╰───────────────────────────────────────────────────────────────────────────────────────────────────╯
╭─────────────────────────────────────────────────────────────────────────────────────────────────────────────────╮
│ Transaction Block Events                                                                                        │
├─────────────────────────────────────────────────────────────────────────────────────────────────────────────────┤
│  ┌──                                                                                                            │
│  │ EventID: EwNraGaCEKRQ7vi8xjormu2nqbcru1keThP1SHUp8NN2:0                                                      │
│  │ PackageID: 0x41a3350004440adf89a2f837c1e4c0bf1fe4edf6e08b56383ccb5c1606f210c1                                │
│  │ Transaction Module: attendance                                                                               │
│  │ Sender: 0x13a75ba9e38bcd05b92c37e771fd3068c8b55d81bb6622f14b387a53123d7ab1                                   │
│  │ EventType: 0x41a3350004440adf89a2f837c1e4c0bf1fe4edf6e08b56383ccb5c1606f210c1::attendance::AttendanceCreated │
│  │ ParsedJSON:                                                                                                  │
│  │   ┌─────────┬────────────────────────────────────────────────────────────────────┐                           │
│  │   │ id      │ 0xd87439864327e5b6e59653689491e7bbdb9c7ef2043dbbaf0bdea3bd93952efb │                           │
│  │   ├─────────┼────────────────────────────────────────────────────────────────────┤                           │
│  │   │ meet_id │ 0x49b6ea50eaf249f6ded5fb1a096a6297e428ab97f1dc1f873e91ba8a9a8a6073 │                           │
│  │   ├─────────┼────────────────────────────────────────────────────────────────────┤                           │
│  │   │ tier    │ 3                                                                  │                           │
│  │   └─────────┴────────────────────────────────────────────────────────────────────┘                           │
│  └──                                                                                                            │
╰─────────────────────────────────────────────────────────────────────────────────────────────────────────────────╯
╭────────────────────────────────────────────────────────────────────────────────────────────────────────────╮
│ Object Changes                                                                                             │
├────────────────────────────────────────────────────────────────────────────────────────────────────────────┤
│ Created Objects:                                                                                           │
│  ┌──                                                                                                       │
│  │ ObjectID: 0xd87439864327e5b6e59653689491e7bbdb9c7ef2043dbbaf0bdea3bd93952efb                            │
│  │ Sender: 0x13a75ba9e38bcd05b92c37e771fd3068c8b55d81bb6622f14b387a53123d7ab1                              │
│  │ Owner: Account Address ( 0xd117a171f1249c2e25bf73e06afa64a496666b232ee56c96a3b41a6c0fe4495c )           │
│  │ ObjectType: 0x41a3350004440adf89a2f837c1e4c0bf1fe4edf6e08b56383ccb5c1606f210c1::attendance::Attendance  │
│  │ Version: 98624882                                                                                       │
│  │ Digest: EWgLyVKgSszkoYBRRA49d5oveBtDapKSoDUkH13XbEB6                                                    │
│  └──                                                                                                       │
│ Mutated Objects:                                                                                           │
│  ┌──                                                                                                       │
│  │ ObjectID: 0x49b6ea50eaf249f6ded5fb1a096a6297e428ab97f1dc1f873e91ba8a9a8a6073                            │
│  │ Sender: 0x13a75ba9e38bcd05b92c37e771fd3068c8b55d81bb6622f14b387a53123d7ab1                              │
│  │ Owner: Account Address ( 0x13a75ba9e38bcd05b92c37e771fd3068c8b55d81bb6622f14b387a53123d7ab1 )           │
│  │ ObjectType: 0x41a3350004440adf89a2f837c1e4c0bf1fe4edf6e08b56383ccb5c1606f210c1::meet::Meet              │
│  │ Version: 98624882                                                                                       │
│  │ Digest: 99LGp7VAqMmdKzX1azA3cid2JAkKK8WGX5VA5WQTyahb                                                    │
│  └──                                                                                                       │
│  ┌──                                                                                                       │
│  │ ObjectID: 0xb0b6745d74734fb22bb66627285692131777bc1e1abacd6cd36946672fd52087                            │
│  │ Sender: 0x13a75ba9e38bcd05b92c37e771fd3068c8b55d81bb6622f14b387a53123d7ab1                              │
│  │ Owner: Account Address ( 0x13a75ba9e38bcd05b92c37e771fd3068c8b55d81bb6622f14b387a53123d7ab1 )           │
│  │ ObjectType: 0x2::coin::Coin<0x2::sui::SUI>                                                              │
│  │ Version: 98624882                                                                                       │
│  │ Digest: Coy5pjiSMFerPSwRio8q6UgY5zi1FvvEJtU4GxS4MeaQ                                                    │
│  └──                                                                                                       │
╰────────────────────────────────────────────────────────────────────────────────────────────────────────────╯
╭───────────────────────────────────────────────────────────────────────────────────────────────────╮
│ Balance Changes                                                                                   │
├───────────────────────────────────────────────────────────────────────────────────────────────────┤
│  ┌──                                                                                              │
│  │ Owner: Account Address ( 0x13a75ba9e38bcd05b92c37e771fd3068c8b55d81bb6622f14b387a53123d7ab1 )  │
│  │ CoinType: 0x2::sui::SUI                                                                        │
│  │ Amount: -4158924                                                                               │
│  └──                                                                                              │
╰───────────────────────────────────────────────────────────────────────────────────────────────────╯

