2024-07-10T22:06:05
Transaction Digest: DATJiyXxFR8Jxj6jPus4Dto9EQdU7BJZu5dBZ5vrpsfn
╭───────────────────────────────────────────────────────────────────────────────────────────────────────────────────────────────────────────────────────╮
│ Transaction Data                                                                                                                                      │
├───────────────────────────────────────────────────────────────────────────────────────────────────────────────────────────────────────────────────────┤
│ Sender: 0x13a75ba9e38bcd05b92c37e771fd3068c8b55d81bb6622f14b387a53123d7ab1                                                                            │
│ Gas Owner: 0x13a75ba9e38bcd05b92c37e771fd3068c8b55d81bb6622f14b387a53123d7ab1                                                                         │
│ Gas Budget: 500000000 MIST                                                                                                                            │
│ Gas Price: 758 MIST                                                                                                                                   │
│ Gas Payment:                                                                                                                                          │
│  ┌──                                                                                                                                                  │
│  │ ID: 0xb0b6745d74734fb22bb66627285692131777bc1e1abacd6cd36946672fd52087                                                                             │
│  │ Version: 98624844                                                                                                                                  │
│  │ Digest: EUa9ob2n6CVknecWTVFfrqUMjGt7AhcqBxpAd3X5fc2y                                                                                               │
│  └──                                                                                                                                                  │
│                                                                                                                                                       │
│ Transaction Kind: Programmable                                                                                                                        │
│ ╭───────────────────────────────────────────────────────────────────────────────────────────────────────────────────────────────────────────────────╮ │
│ │ Input Objects                                                                                                                                     │ │
│ ├───────────────────────────────────────────────────────────────────────────────────────────────────────────────────────────────────────────────────┤ │
│ │ 0   Imm/Owned Object ID: 0x49b6ea50eaf249f6ded5fb1a096a6297e428ab97f1dc1f873e91ba8a9a8a6073                                                       │ │
│ │ 1   Pure Arg: Type: 0x1::string::String, Value: "2nd Place Winner at Sui Overflow 2024 - DeFi"                                                    │ │
│ │ 2   Pure Arg: Type: 0x1::string::String, Value: "Congratulations! This hacker from Aeon won 2nd Place at the 2024 Sui Overflow global hackathon!" │ │
│ │ 3   Pure Arg: Type: 0x1::string::String, Value: "https://github.com/sui-foundation/attendance-nft/raw/main/gifs/overflow-2nd.gif"                 │ │
│ │ 4   Pure Arg: Type: u8, Value: 2                                                                                                                  │ │
│ │ 5   Pure Arg: Type: address, Value: "0x693eba48b2364b8f052113b9b8441c2c652aea86ef611ef5e309d15fa263878f"                                          │ │
│ ╰───────────────────────────────────────────────────────────────────────────────────────────────────────────────────────────────────────────────────╯ │
│ ╭──────────────────────────────────────────────────────────────────────────────────╮                                                                  │
│ │ Commands                                                                         │                                                                  │
│ ├──────────────────────────────────────────────────────────────────────────────────┤                                                                  │
│ │ 0  MoveCall:                                                                     │                                                                  │
│ │  ┌                                                                               │                                                                  │
│ │  │ Function:  mint_and_transfer                                                  │                                                                  │
│ │  │ Module:    attendance                                                         │                                                                  │
│ │  │ Package:   0x41a3350004440adf89a2f837c1e4c0bf1fe4edf6e08b56383ccb5c1606f210c1 │                                                                  │
│ │  │ Arguments:                                                                    │                                                                  │
│ │  │   Input  0                                                                    │                                                                  │
│ │  │   Input  1                                                                    │                                                                  │
│ │  │   Input  2                                                                    │                                                                  │
│ │  │   Input  3                                                                    │                                                                  │
│ │  │   Input  4                                                                    │                                                                  │
│ │  │   Input  5                                                                    │                                                                  │
│ │  └                                                                               │                                                                  │
│ ╰──────────────────────────────────────────────────────────────────────────────────╯                                                                  │
│                                                                                                                                                       │
│ Signatures:                                                                                                                                           │
│    PQjNgDnMHCb9BYzGnSqOMOM0t8b2+TG2jbkkd3HCt9XmFOAdYxmsInsLWLfVCWMkHWxjgCW60BLesAG2xfsNBg==                                                           │
│                                                                                                                                                       │
╰───────────────────────────────────────────────────────────────────────────────────────────────────────────────────────────────────────────────────────╯
╭───────────────────────────────────────────────────────────────────────────────────────────────────╮
│ Transaction Effects                                                                               │
├───────────────────────────────────────────────────────────────────────────────────────────────────┤
│ Digest: DATJiyXxFR8Jxj6jPus4Dto9EQdU7BJZu5dBZ5vrpsfn                                              │
│ Status: Success                                                                                   │
│ Executed Epoch: 455                                                                               │
│                                                                                                   │
│ Created Objects:                                                                                  │
│  ┌──                                                                                              │
│  │ ID: 0x67d80b79a5fa9fd757fc94c5d0a261f629ebacdd29f568b908b6b6cfc494e074                         │
│  │ Owner: Account Address ( 0x693eba48b2364b8f052113b9b8441c2c652aea86ef611ef5e309d15fa263878f )  │
│  │ Version: 98624845                                                                              │
│  │ Digest: 5hpZEXiiD78tZBS9mDFSLwkhcpmZBXrAskysFX1hCzaL                                           │
│  └──                                                                                              │
│ Mutated Objects:                                                                                  │
│  ┌──                                                                                              │
│  │ ID: 0x49b6ea50eaf249f6ded5fb1a096a6297e428ab97f1dc1f873e91ba8a9a8a6073                         │
│  │ Owner: Account Address ( 0x13a75ba9e38bcd05b92c37e771fd3068c8b55d81bb6622f14b387a53123d7ab1 )  │
│  │ Version: 98624845                                                                              │
│  │ Digest: 7wTkbGGtDznDK1r6n8ENkcwmFJWLDx9oiWxQ6F8W8pV7                                           │
│  └──                                                                                              │
│  ┌──                                                                                              │
│  │ ID: 0xb0b6745d74734fb22bb66627285692131777bc1e1abacd6cd36946672fd52087                         │
│  │ Owner: Account Address ( 0x13a75ba9e38bcd05b92c37e771fd3068c8b55d81bb6622f14b387a53123d7ab1 )  │
│  │ Version: 98624845                                                                              │
│  │ Digest: GVwUwhBdDxgXD5QH4yJU4C7NR6YbfyLd2injUZScQJ14                                           │
│  └──                                                                                              │
│ Gas Object:                                                                                       │
│  ┌──                                                                                              │
│  │ ID: 0xb0b6745d74734fb22bb66627285692131777bc1e1abacd6cd36946672fd52087                         │
│  │ Owner: Account Address ( 0x13a75ba9e38bcd05b92c37e771fd3068c8b55d81bb6622f14b387a53123d7ab1 )  │
│  │ Version: 98624845                                                                              │
│  │ Digest: GVwUwhBdDxgXD5QH4yJU4C7NR6YbfyLd2injUZScQJ14                                           │
│  └──                                                                                              │
│ Gas Cost Summary:                                                                                 │
│    Storage Cost: 5928000 MIST                                                                     │
│    Computation Cost: 758000 MIST                                                                  │
│    Storage Rebate: 2625876 MIST                                                                   │
│    Non-refundable Storage Fee: 26524 MIST                                                         │
│                                                                                                   │
│ Transaction Dependencies:                                                                         │
│    5PXxxPcPrgCVJYx63uJKowfpNP3zj8Uj95FYzGo6vxZB                                                   │
│    FMiGzxRrf2s4fH8b7haU2kzdBsBpNYthRu8q2SxTfctz                                                   │
╰───────────────────────────────────────────────────────────────────────────────────────────────────╯
╭─────────────────────────────────────────────────────────────────────────────────────────────────────────────────╮
│ Transaction Block Events                                                                                        │
├─────────────────────────────────────────────────────────────────────────────────────────────────────────────────┤
│  ┌──                                                                                                            │
│  │ EventID: DATJiyXxFR8Jxj6jPus4Dto9EQdU7BJZu5dBZ5vrpsfn:0                                                      │
│  │ PackageID: 0x41a3350004440adf89a2f837c1e4c0bf1fe4edf6e08b56383ccb5c1606f210c1                                │
│  │ Transaction Module: attendance                                                                               │
│  │ Sender: 0x13a75ba9e38bcd05b92c37e771fd3068c8b55d81bb6622f14b387a53123d7ab1                                   │
│  │ EventType: 0x41a3350004440adf89a2f837c1e4c0bf1fe4edf6e08b56383ccb5c1606f210c1::attendance::AttendanceCreated │
│  │ ParsedJSON:                                                                                                  │
│  │   ┌─────────┬────────────────────────────────────────────────────────────────────┐                           │
│  │   │ id      │ 0x67d80b79a5fa9fd757fc94c5d0a261f629ebacdd29f568b908b6b6cfc494e074 │                           │
│  │   ├─────────┼────────────────────────────────────────────────────────────────────┤                           │
│  │   │ meet_id │ 0x49b6ea50eaf249f6ded5fb1a096a6297e428ab97f1dc1f873e91ba8a9a8a6073 │                           │
│  │   ├─────────┼────────────────────────────────────────────────────────────────────┤                           │
│  │   │ tier    │ 2                                                                  │                           │
│  │   └─────────┴────────────────────────────────────────────────────────────────────┘                           │
│  └──                                                                                                            │
╰─────────────────────────────────────────────────────────────────────────────────────────────────────────────────╯
╭────────────────────────────────────────────────────────────────────────────────────────────────────────────╮
│ Object Changes                                                                                             │
├────────────────────────────────────────────────────────────────────────────────────────────────────────────┤
│ Created Objects:                                                                                           │
│  ┌──                                                                                                       │
│  │ ObjectID: 0x67d80b79a5fa9fd757fc94c5d0a261f629ebacdd29f568b908b6b6cfc494e074                            │
│  │ Sender: 0x13a75ba9e38bcd05b92c37e771fd3068c8b55d81bb6622f14b387a53123d7ab1                              │
│  │ Owner: Account Address ( 0x693eba48b2364b8f052113b9b8441c2c652aea86ef611ef5e309d15fa263878f )           │
│  │ ObjectType: 0x41a3350004440adf89a2f837c1e4c0bf1fe4edf6e08b56383ccb5c1606f210c1::attendance::Attendance  │
│  │ Version: 98624845                                                                                       │
│  │ Digest: 5hpZEXiiD78tZBS9mDFSLwkhcpmZBXrAskysFX1hCzaL                                                    │
│  └──                                                                                                       │
│ Mutated Objects:                                                                                           │
│  ┌──                                                                                                       │
│  │ ObjectID: 0x49b6ea50eaf249f6ded5fb1a096a6297e428ab97f1dc1f873e91ba8a9a8a6073                            │
│  │ Sender: 0x13a75ba9e38bcd05b92c37e771fd3068c8b55d81bb6622f14b387a53123d7ab1                              │
│  │ Owner: Account Address ( 0x13a75ba9e38bcd05b92c37e771fd3068c8b55d81bb6622f14b387a53123d7ab1 )           │
│  │ ObjectType: 0x41a3350004440adf89a2f837c1e4c0bf1fe4edf6e08b56383ccb5c1606f210c1::meet::Meet              │
│  │ Version: 98624845                                                                                       │
│  │ Digest: 7wTkbGGtDznDK1r6n8ENkcwmFJWLDx9oiWxQ6F8W8pV7                                                    │
│  └──                                                                                                       │
│  ┌──                                                                                                       │
│  │ ObjectID: 0xb0b6745d74734fb22bb66627285692131777bc1e1abacd6cd36946672fd52087                            │
│  │ Sender: 0x13a75ba9e38bcd05b92c37e771fd3068c8b55d81bb6622f14b387a53123d7ab1                              │
│  │ Owner: Account Address ( 0x13a75ba9e38bcd05b92c37e771fd3068c8b55d81bb6622f14b387a53123d7ab1 )           │
│  │ ObjectType: 0x2::coin::Coin<0x2::sui::SUI>                                                              │
│  │ Version: 98624845                                                                                       │
│  │ Digest: GVwUwhBdDxgXD5QH4yJU4C7NR6YbfyLd2injUZScQJ14                                                    │
│  └──                                                                                                       │
╰────────────────────────────────────────────────────────────────────────────────────────────────────────────╯
╭───────────────────────────────────────────────────────────────────────────────────────────────────╮
│ Balance Changes                                                                                   │
├───────────────────────────────────────────────────────────────────────────────────────────────────┤
│  ┌──                                                                                              │
│  │ Owner: Account Address ( 0x13a75ba9e38bcd05b92c37e771fd3068c8b55d81bb6622f14b387a53123d7ab1 )  │
│  │ CoinType: 0x2::sui::SUI                                                                        │
│  │ Amount: -4060124                                                                               │
│  └──                                                                                              │
╰───────────────────────────────────────────────────────────────────────────────────────────────────╯

2024-07-10T22:06:11
Transaction Digest: 2qCdxU99deYviGYmdTx4e76NeJbF25qDHLd1w9cddxDc
╭───────────────────────────────────────────────────────────────────────────────────────────────────────────────────────────────────────────────────────╮
│ Transaction Data                                                                                                                                      │
├───────────────────────────────────────────────────────────────────────────────────────────────────────────────────────────────────────────────────────┤
│ Sender: 0x13a75ba9e38bcd05b92c37e771fd3068c8b55d81bb6622f14b387a53123d7ab1                                                                            │
│ Gas Owner: 0x13a75ba9e38bcd05b92c37e771fd3068c8b55d81bb6622f14b387a53123d7ab1                                                                         │
│ Gas Budget: 500000000 MIST                                                                                                                            │
│ Gas Price: 758 MIST                                                                                                                                   │
│ Gas Payment:                                                                                                                                          │
│  ┌──                                                                                                                                                  │
│  │ ID: 0xb0b6745d74734fb22bb66627285692131777bc1e1abacd6cd36946672fd52087                                                                             │
│  │ Version: 98624845                                                                                                                                  │
│  │ Digest: GVwUwhBdDxgXD5QH4yJU4C7NR6YbfyLd2injUZScQJ14                                                                                               │
│  └──                                                                                                                                                  │
│                                                                                                                                                       │
│ Transaction Kind: Programmable                                                                                                                        │
│ ╭───────────────────────────────────────────────────────────────────────────────────────────────────────────────────────────────────────────────────╮ │
│ │ Input Objects                                                                                                                                     │ │
│ ├───────────────────────────────────────────────────────────────────────────────────────────────────────────────────────────────────────────────────┤ │
│ │ 0   Imm/Owned Object ID: 0x49b6ea50eaf249f6ded5fb1a096a6297e428ab97f1dc1f873e91ba8a9a8a6073                                                       │ │
│ │ 1   Pure Arg: Type: 0x1::string::String, Value: "2nd Place Winner at Sui Overflow 2024 - DeFi"                                                    │ │
│ │ 2   Pure Arg: Type: 0x1::string::String, Value: "Congratulations! This hacker from Aeon won 2nd Place at the 2024 Sui Overflow global hackathon!" │ │
│ │ 3   Pure Arg: Type: 0x1::string::String, Value: "https://github.com/sui-foundation/attendance-nft/raw/main/gifs/overflow-2nd.gif"                 │ │
│ │ 4   Pure Arg: Type: u8, Value: 2                                                                                                                  │ │
│ │ 5   Pure Arg: Type: address, Value: "0x7399775447b2418d49894d10a45f9f54222052fabaef87d724b9d0dd0b1b282a"                                          │ │
│ ╰───────────────────────────────────────────────────────────────────────────────────────────────────────────────────────────────────────────────────╯ │
│ ╭──────────────────────────────────────────────────────────────────────────────────╮                                                                  │
│ │ Commands                                                                         │                                                                  │
│ ├──────────────────────────────────────────────────────────────────────────────────┤                                                                  │
│ │ 0  MoveCall:                                                                     │                                                                  │
│ │  ┌                                                                               │                                                                  │
│ │  │ Function:  mint_and_transfer                                                  │                                                                  │
│ │  │ Module:    attendance                                                         │                                                                  │
│ │  │ Package:   0x41a3350004440adf89a2f837c1e4c0bf1fe4edf6e08b56383ccb5c1606f210c1 │                                                                  │
│ │  │ Arguments:                                                                    │                                                                  │
│ │  │   Input  0                                                                    │                                                                  │
│ │  │   Input  1                                                                    │                                                                  │
│ │  │   Input  2                                                                    │                                                                  │
│ │  │   Input  3                                                                    │                                                                  │
│ │  │   Input  4                                                                    │                                                                  │
│ │  │   Input  5                                                                    │                                                                  │
│ │  └                                                                               │                                                                  │
│ ╰──────────────────────────────────────────────────────────────────────────────────╯                                                                  │
│                                                                                                                                                       │
│ Signatures:                                                                                                                                           │
│    dEyPUM7iM/ux/0Ry11ApR4hmmhGziSGR6iJAl2Z+tdneLKk5q8VZtBWgJ26meeWbkZZNf+VzLJ6iJlmHA4+NBQ==                                                           │
│                                                                                                                                                       │
╰───────────────────────────────────────────────────────────────────────────────────────────────────────────────────────────────────────────────────────╯
╭───────────────────────────────────────────────────────────────────────────────────────────────────╮
│ Transaction Effects                                                                               │
├───────────────────────────────────────────────────────────────────────────────────────────────────┤
│ Digest: 2qCdxU99deYviGYmdTx4e76NeJbF25qDHLd1w9cddxDc                                              │
│ Status: Success                                                                                   │
│ Executed Epoch: 455                                                                               │
│                                                                                                   │
│ Created Objects:                                                                                  │
│  ┌──                                                                                              │
│  │ ID: 0x795b07c23b4d740d1170b674d68394cddfa7aa4b7846ce4ce48419702e906f74                         │
│  │ Owner: Account Address ( 0x7399775447b2418d49894d10a45f9f54222052fabaef87d724b9d0dd0b1b282a )  │
│  │ Version: 98624846                                                                              │
│  │ Digest: CC4vesjR9J6fDfQjgZCkxpNrqbvK7bzjQZT4YGNFfnvd                                           │
│  └──                                                                                              │
│ Mutated Objects:                                                                                  │
│  ┌──                                                                                              │
│  │ ID: 0x49b6ea50eaf249f6ded5fb1a096a6297e428ab97f1dc1f873e91ba8a9a8a6073                         │
│  │ Owner: Account Address ( 0x13a75ba9e38bcd05b92c37e771fd3068c8b55d81bb6622f14b387a53123d7ab1 )  │
│  │ Version: 98624846                                                                              │
│  │ Digest: 95h7vhyF1ACHSUJT8aS9QeU22EYHuo9Vnn8WSEX42Pio                                           │
│  └──                                                                                              │
│  ┌──                                                                                              │
│  │ ID: 0xb0b6745d74734fb22bb66627285692131777bc1e1abacd6cd36946672fd52087                         │
│  │ Owner: Account Address ( 0x13a75ba9e38bcd05b92c37e771fd3068c8b55d81bb6622f14b387a53123d7ab1 )  │
│  │ Version: 98624846                                                                              │
│  │ Digest: 3sW9m7Zuqgk9KpAPpxYbpVWQG8QHcSveQVm2mzEUrpWh                                           │
│  └──                                                                                              │
│ Gas Object:                                                                                       │
│  ┌──                                                                                              │
│  │ ID: 0xb0b6745d74734fb22bb66627285692131777bc1e1abacd6cd36946672fd52087                         │
│  │ Owner: Account Address ( 0x13a75ba9e38bcd05b92c37e771fd3068c8b55d81bb6622f14b387a53123d7ab1 )  │
│  │ Version: 98624846                                                                              │
│  │ Digest: 3sW9m7Zuqgk9KpAPpxYbpVWQG8QHcSveQVm2mzEUrpWh                                           │
│  └──                                                                                              │
│ Gas Cost Summary:                                                                                 │
│    Storage Cost: 5928000 MIST                                                                     │
│    Computation Cost: 758000 MIST                                                                  │
│    Storage Rebate: 2625876 MIST                                                                   │
│    Non-refundable Storage Fee: 26524 MIST                                                         │
│                                                                                                   │
│ Transaction Dependencies:                                                                         │
│    DATJiyXxFR8Jxj6jPus4Dto9EQdU7BJZu5dBZ5vrpsfn                                                   │
│    FMiGzxRrf2s4fH8b7haU2kzdBsBpNYthRu8q2SxTfctz                                                   │
╰───────────────────────────────────────────────────────────────────────────────────────────────────╯
╭─────────────────────────────────────────────────────────────────────────────────────────────────────────────────╮
│ Transaction Block Events                                                                                        │
├─────────────────────────────────────────────────────────────────────────────────────────────────────────────────┤
│  ┌──                                                                                                            │
│  │ EventID: 2qCdxU99deYviGYmdTx4e76NeJbF25qDHLd1w9cddxDc:0                                                      │
│  │ PackageID: 0x41a3350004440adf89a2f837c1e4c0bf1fe4edf6e08b56383ccb5c1606f210c1                                │
│  │ Transaction Module: attendance                                                                               │
│  │ Sender: 0x13a75ba9e38bcd05b92c37e771fd3068c8b55d81bb6622f14b387a53123d7ab1                                   │
│  │ EventType: 0x41a3350004440adf89a2f837c1e4c0bf1fe4edf6e08b56383ccb5c1606f210c1::attendance::AttendanceCreated │
│  │ ParsedJSON:                                                                                                  │
│  │   ┌─────────┬────────────────────────────────────────────────────────────────────┐                           │
│  │   │ id      │ 0x795b07c23b4d740d1170b674d68394cddfa7aa4b7846ce4ce48419702e906f74 │                           │
│  │   ├─────────┼────────────────────────────────────────────────────────────────────┤                           │
│  │   │ meet_id │ 0x49b6ea50eaf249f6ded5fb1a096a6297e428ab97f1dc1f873e91ba8a9a8a6073 │                           │
│  │   ├─────────┼────────────────────────────────────────────────────────────────────┤                           │
│  │   │ tier    │ 2                                                                  │                           │
│  │   └─────────┴────────────────────────────────────────────────────────────────────┘                           │
│  └──                                                                                                            │
╰─────────────────────────────────────────────────────────────────────────────────────────────────────────────────╯
╭────────────────────────────────────────────────────────────────────────────────────────────────────────────╮
│ Object Changes                                                                                             │
├────────────────────────────────────────────────────────────────────────────────────────────────────────────┤
│ Created Objects:                                                                                           │
│  ┌──                                                                                                       │
│  │ ObjectID: 0x795b07c23b4d740d1170b674d68394cddfa7aa4b7846ce4ce48419702e906f74                            │
│  │ Sender: 0x13a75ba9e38bcd05b92c37e771fd3068c8b55d81bb6622f14b387a53123d7ab1                              │
│  │ Owner: Account Address ( 0x7399775447b2418d49894d10a45f9f54222052fabaef87d724b9d0dd0b1b282a )           │
│  │ ObjectType: 0x41a3350004440adf89a2f837c1e4c0bf1fe4edf6e08b56383ccb5c1606f210c1::attendance::Attendance  │
│  │ Version: 98624846                                                                                       │
│  │ Digest: CC4vesjR9J6fDfQjgZCkxpNrqbvK7bzjQZT4YGNFfnvd                                                    │
│  └──                                                                                                       │
│ Mutated Objects:                                                                                           │
│  ┌──                                                                                                       │
│  │ ObjectID: 0x49b6ea50eaf249f6ded5fb1a096a6297e428ab97f1dc1f873e91ba8a9a8a6073                            │
│  │ Sender: 0x13a75ba9e38bcd05b92c37e771fd3068c8b55d81bb6622f14b387a53123d7ab1                              │
│  │ Owner: Account Address ( 0x13a75ba9e38bcd05b92c37e771fd3068c8b55d81bb6622f14b387a53123d7ab1 )           │
│  │ ObjectType: 0x41a3350004440adf89a2f837c1e4c0bf1fe4edf6e08b56383ccb5c1606f210c1::meet::Meet              │
│  │ Version: 98624846                                                                                       │
│  │ Digest: 95h7vhyF1ACHSUJT8aS9QeU22EYHuo9Vnn8WSEX42Pio                                                    │
│  └──                                                                                                       │
│  ┌──                                                                                                       │
│  │ ObjectID: 0xb0b6745d74734fb22bb66627285692131777bc1e1abacd6cd36946672fd52087                            │
│  │ Sender: 0x13a75ba9e38bcd05b92c37e771fd3068c8b55d81bb6622f14b387a53123d7ab1                              │
│  │ Owner: Account Address ( 0x13a75ba9e38bcd05b92c37e771fd3068c8b55d81bb6622f14b387a53123d7ab1 )           │
│  │ ObjectType: 0x2::coin::Coin<0x2::sui::SUI>                                                              │
│  │ Version: 98624846                                                                                       │
│  │ Digest: 3sW9m7Zuqgk9KpAPpxYbpVWQG8QHcSveQVm2mzEUrpWh                                                    │
│  └──                                                                                                       │
╰────────────────────────────────────────────────────────────────────────────────────────────────────────────╯
╭───────────────────────────────────────────────────────────────────────────────────────────────────╮
│ Balance Changes                                                                                   │
├───────────────────────────────────────────────────────────────────────────────────────────────────┤
│  ┌──                                                                                              │
│  │ Owner: Account Address ( 0x13a75ba9e38bcd05b92c37e771fd3068c8b55d81bb6622f14b387a53123d7ab1 )  │
│  │ CoinType: 0x2::sui::SUI                                                                        │
│  │ Amount: -4060124                                                                               │
│  └──                                                                                              │
╰───────────────────────────────────────────────────────────────────────────────────────────────────╯

2024-07-10T22:06:18
Transaction Digest: 2fpJ4378ViqAcjbV5cmqpFHGq22Nz1P4pZpcRzwr61EZ
╭───────────────────────────────────────────────────────────────────────────────────────────────────────────────────────────────────────────────────────╮
│ Transaction Data                                                                                                                                      │
├───────────────────────────────────────────────────────────────────────────────────────────────────────────────────────────────────────────────────────┤
│ Sender: 0x13a75ba9e38bcd05b92c37e771fd3068c8b55d81bb6622f14b387a53123d7ab1                                                                            │
│ Gas Owner: 0x13a75ba9e38bcd05b92c37e771fd3068c8b55d81bb6622f14b387a53123d7ab1                                                                         │
│ Gas Budget: 500000000 MIST                                                                                                                            │
│ Gas Price: 758 MIST                                                                                                                                   │
│ Gas Payment:                                                                                                                                          │
│  ┌──                                                                                                                                                  │
│  │ ID: 0xb0b6745d74734fb22bb66627285692131777bc1e1abacd6cd36946672fd52087                                                                             │
│  │ Version: 98624846                                                                                                                                  │
│  │ Digest: 3sW9m7Zuqgk9KpAPpxYbpVWQG8QHcSveQVm2mzEUrpWh                                                                                               │
│  └──                                                                                                                                                  │
│                                                                                                                                                       │
│ Transaction Kind: Programmable                                                                                                                        │
│ ╭───────────────────────────────────────────────────────────────────────────────────────────────────────────────────────────────────────────────────╮ │
│ │ Input Objects                                                                                                                                     │ │
│ ├───────────────────────────────────────────────────────────────────────────────────────────────────────────────────────────────────────────────────┤ │
│ │ 0   Imm/Owned Object ID: 0x49b6ea50eaf249f6ded5fb1a096a6297e428ab97f1dc1f873e91ba8a9a8a6073                                                       │ │
│ │ 1   Pure Arg: Type: 0x1::string::String, Value: "2nd Place Winner at Sui Overflow 2024 - DeFi"                                                    │ │
│ │ 2   Pure Arg: Type: 0x1::string::String, Value: "Congratulations! This hacker from Aeon won 2nd Place at the 2024 Sui Overflow global hackathon!" │ │
│ │ 3   Pure Arg: Type: 0x1::string::String, Value: "https://github.com/sui-foundation/attendance-nft/raw/main/gifs/overflow-2nd.gif"                 │ │
│ │ 4   Pure Arg: Type: u8, Value: 2                                                                                                                  │ │
│ │ 5   Pure Arg: Type: address, Value: "0x24232380b55305ed1c3cf5dcebbfc5e0d7a62eccf12972f3cf2e7792a0384881"                                          │ │
│ ╰───────────────────────────────────────────────────────────────────────────────────────────────────────────────────────────────────────────────────╯ │
│ ╭──────────────────────────────────────────────────────────────────────────────────╮                                                                  │
│ │ Commands                                                                         │                                                                  │
│ ├──────────────────────────────────────────────────────────────────────────────────┤                                                                  │
│ │ 0  MoveCall:                                                                     │                                                                  │
│ │  ┌                                                                               │                                                                  │
│ │  │ Function:  mint_and_transfer                                                  │                                                                  │
│ │  │ Module:    attendance                                                         │                                                                  │
│ │  │ Package:   0x41a3350004440adf89a2f837c1e4c0bf1fe4edf6e08b56383ccb5c1606f210c1 │                                                                  │
│ │  │ Arguments:                                                                    │                                                                  │
│ │  │   Input  0                                                                    │                                                                  │
│ │  │   Input  1                                                                    │                                                                  │
│ │  │   Input  2                                                                    │                                                                  │
│ │  │   Input  3                                                                    │                                                                  │
│ │  │   Input  4                                                                    │                                                                  │
│ │  │   Input  5                                                                    │                                                                  │
│ │  └                                                                               │                                                                  │
│ ╰──────────────────────────────────────────────────────────────────────────────────╯                                                                  │
│                                                                                                                                                       │
│ Signatures:                                                                                                                                           │
│    i7ib+Orn5m6NMT45DlHKGr9qW7/E09A/ZWLBCigByA4H4jrZYaoEUDM9ZwtSq6Zw5fN4Ib3VKl9MyQv858l9Dg==                                                           │
│                                                                                                                                                       │
╰───────────────────────────────────────────────────────────────────────────────────────────────────────────────────────────────────────────────────────╯
╭───────────────────────────────────────────────────────────────────────────────────────────────────╮
│ Transaction Effects                                                                               │
├───────────────────────────────────────────────────────────────────────────────────────────────────┤
│ Digest: 2fpJ4378ViqAcjbV5cmqpFHGq22Nz1P4pZpcRzwr61EZ                                              │
│ Status: Success                                                                                   │
│ Executed Epoch: 455                                                                               │
│                                                                                                   │
│ Created Objects:                                                                                  │
│  ┌──                                                                                              │
│  │ ID: 0x76ad770f34b3a5fba64175e08f04ac2935f2b63de181e60902f6646635d0043c                         │
│  │ Owner: Account Address ( 0x24232380b55305ed1c3cf5dcebbfc5e0d7a62eccf12972f3cf2e7792a0384881 )  │
│  │ Version: 98624847                                                                              │
│  │ Digest: EaYw8ors9Jqad5rXy7JUSnfPbJ1pkSrHFYMzbAboEBAa                                           │
│  └──                                                                                              │
│ Mutated Objects:                                                                                  │
│  ┌──                                                                                              │
│  │ ID: 0x49b6ea50eaf249f6ded5fb1a096a6297e428ab97f1dc1f873e91ba8a9a8a6073                         │
│  │ Owner: Account Address ( 0x13a75ba9e38bcd05b92c37e771fd3068c8b55d81bb6622f14b387a53123d7ab1 )  │
│  │ Version: 98624847                                                                              │
│  │ Digest: 9wd3NeZiJ6dbpRWfa9dt9WSskLuvb9ZwSRKeankuW2c3                                           │
│  └──                                                                                              │
│  ┌──                                                                                              │
│  │ ID: 0xb0b6745d74734fb22bb66627285692131777bc1e1abacd6cd36946672fd52087                         │
│  │ Owner: Account Address ( 0x13a75ba9e38bcd05b92c37e771fd3068c8b55d81bb6622f14b387a53123d7ab1 )  │
│  │ Version: 98624847                                                                              │
│  │ Digest: 8iXmJvY2NmiZ6S1ppCo3W9XE3mnHzs7taxXuUaFL2vCZ                                           │
│  └──                                                                                              │
│ Gas Object:                                                                                       │
│  ┌──                                                                                              │
│  │ ID: 0xb0b6745d74734fb22bb66627285692131777bc1e1abacd6cd36946672fd52087                         │
│  │ Owner: Account Address ( 0x13a75ba9e38bcd05b92c37e771fd3068c8b55d81bb6622f14b387a53123d7ab1 )  │
│  │ Version: 98624847                                                                              │
│  │ Digest: 8iXmJvY2NmiZ6S1ppCo3W9XE3mnHzs7taxXuUaFL2vCZ                                           │
│  └──                                                                                              │
│ Gas Cost Summary:                                                                                 │
│    Storage Cost: 5928000 MIST                                                                     │
│    Computation Cost: 758000 MIST                                                                  │
│    Storage Rebate: 2625876 MIST                                                                   │
│    Non-refundable Storage Fee: 26524 MIST                                                         │
│                                                                                                   │
│ Transaction Dependencies:                                                                         │
│    2qCdxU99deYviGYmdTx4e76NeJbF25qDHLd1w9cddxDc                                                   │
│    FMiGzxRrf2s4fH8b7haU2kzdBsBpNYthRu8q2SxTfctz                                                   │
╰───────────────────────────────────────────────────────────────────────────────────────────────────╯
╭─────────────────────────────────────────────────────────────────────────────────────────────────────────────────╮
│ Transaction Block Events                                                                                        │
├─────────────────────────────────────────────────────────────────────────────────────────────────────────────────┤
│  ┌──                                                                                                            │
│  │ EventID: 2fpJ4378ViqAcjbV5cmqpFHGq22Nz1P4pZpcRzwr61EZ:0                                                      │
│  │ PackageID: 0x41a3350004440adf89a2f837c1e4c0bf1fe4edf6e08b56383ccb5c1606f210c1                                │
│  │ Transaction Module: attendance                                                                               │
│  │ Sender: 0x13a75ba9e38bcd05b92c37e771fd3068c8b55d81bb6622f14b387a53123d7ab1                                   │
│  │ EventType: 0x41a3350004440adf89a2f837c1e4c0bf1fe4edf6e08b56383ccb5c1606f210c1::attendance::AttendanceCreated │
│  │ ParsedJSON:                                                                                                  │
│  │   ┌─────────┬────────────────────────────────────────────────────────────────────┐                           │
│  │   │ id      │ 0x76ad770f34b3a5fba64175e08f04ac2935f2b63de181e60902f6646635d0043c │                           │
│  │   ├─────────┼────────────────────────────────────────────────────────────────────┤                           │
│  │   │ meet_id │ 0x49b6ea50eaf249f6ded5fb1a096a6297e428ab97f1dc1f873e91ba8a9a8a6073 │                           │
│  │   ├─────────┼────────────────────────────────────────────────────────────────────┤                           │
│  │   │ tier    │ 2                                                                  │                           │
│  │   └─────────┴────────────────────────────────────────────────────────────────────┘                           │
│  └──                                                                                                            │
╰─────────────────────────────────────────────────────────────────────────────────────────────────────────────────╯
╭────────────────────────────────────────────────────────────────────────────────────────────────────────────╮
│ Object Changes                                                                                             │
├────────────────────────────────────────────────────────────────────────────────────────────────────────────┤
│ Created Objects:                                                                                           │
│  ┌──                                                                                                       │
│  │ ObjectID: 0x76ad770f34b3a5fba64175e08f04ac2935f2b63de181e60902f6646635d0043c                            │
│  │ Sender: 0x13a75ba9e38bcd05b92c37e771fd3068c8b55d81bb6622f14b387a53123d7ab1                              │
│  │ Owner: Account Address ( 0x24232380b55305ed1c3cf5dcebbfc5e0d7a62eccf12972f3cf2e7792a0384881 )           │
│  │ ObjectType: 0x41a3350004440adf89a2f837c1e4c0bf1fe4edf6e08b56383ccb5c1606f210c1::attendance::Attendance  │
│  │ Version: 98624847                                                                                       │
│  │ Digest: EaYw8ors9Jqad5rXy7JUSnfPbJ1pkSrHFYMzbAboEBAa                                                    │
│  └──                                                                                                       │
│ Mutated Objects:                                                                                           │
│  ┌──                                                                                                       │
│  │ ObjectID: 0x49b6ea50eaf249f6ded5fb1a096a6297e428ab97f1dc1f873e91ba8a9a8a6073                            │
│  │ Sender: 0x13a75ba9e38bcd05b92c37e771fd3068c8b55d81bb6622f14b387a53123d7ab1                              │
│  │ Owner: Account Address ( 0x13a75ba9e38bcd05b92c37e771fd3068c8b55d81bb6622f14b387a53123d7ab1 )           │
│  │ ObjectType: 0x41a3350004440adf89a2f837c1e4c0bf1fe4edf6e08b56383ccb5c1606f210c1::meet::Meet              │
│  │ Version: 98624847                                                                                       │
│  │ Digest: 9wd3NeZiJ6dbpRWfa9dt9WSskLuvb9ZwSRKeankuW2c3                                                    │
│  └──                                                                                                       │
│  ┌──                                                                                                       │
│  │ ObjectID: 0xb0b6745d74734fb22bb66627285692131777bc1e1abacd6cd36946672fd52087                            │
│  │ Sender: 0x13a75ba9e38bcd05b92c37e771fd3068c8b55d81bb6622f14b387a53123d7ab1                              │
│  │ Owner: Account Address ( 0x13a75ba9e38bcd05b92c37e771fd3068c8b55d81bb6622f14b387a53123d7ab1 )           │
│  │ ObjectType: 0x2::coin::Coin<0x2::sui::SUI>                                                              │
│  │ Version: 98624847                                                                                       │
│  │ Digest: 8iXmJvY2NmiZ6S1ppCo3W9XE3mnHzs7taxXuUaFL2vCZ                                                    │
│  └──                                                                                                       │
╰────────────────────────────────────────────────────────────────────────────────────────────────────────────╯
╭───────────────────────────────────────────────────────────────────────────────────────────────────╮
│ Balance Changes                                                                                   │
├───────────────────────────────────────────────────────────────────────────────────────────────────┤
│  ┌──                                                                                              │
│  │ Owner: Account Address ( 0x13a75ba9e38bcd05b92c37e771fd3068c8b55d81bb6622f14b387a53123d7ab1 )  │
│  │ CoinType: 0x2::sui::SUI                                                                        │
│  │ Amount: -4060124                                                                               │
│  └──                                                                                              │
╰───────────────────────────────────────────────────────────────────────────────────────────────────╯

