2024-07-10T22:06:37
Transaction Digest: D5HSCmWEnnFRqQ2FLJk1xyi3utEGS1q9kETP9U6oiJnM
╭────────────────────────────────────────────────────────────────────────────────────────────────────────────────────────────────────────────────────────────────╮
│ Transaction Data                                                                                                                                               │
├────────────────────────────────────────────────────────────────────────────────────────────────────────────────────────────────────────────────────────────────┤
│ Sender: 0x13a75ba9e38bcd05b92c37e771fd3068c8b55d81bb6622f14b387a53123d7ab1                                                                                     │
│ Gas Owner: 0x13a75ba9e38bcd05b92c37e771fd3068c8b55d81bb6622f14b387a53123d7ab1                                                                                  │
│ Gas Budget: 500000000 MIST                                                                                                                                     │
│ Gas Price: 758 MIST                                                                                                                                            │
│ Gas Payment:                                                                                                                                                   │
│  ┌──                                                                                                                                                           │
│  │ ID: 0xb0b6745d74734fb22bb66627285692131777bc1e1abacd6cd36946672fd52087                                                                                      │
│  │ Version: 98624849                                                                                                                                           │
│  │ Digest: Fe5WTTaZLUPdb11ig3GodqmECyHpvMHyJqKxRsUp5SP1                                                                                                        │
│  └──                                                                                                                                                           │
│                                                                                                                                                                │
│ Transaction Kind: Programmable                                                                                                                                 │
│ ╭────────────────────────────────────────────────────────────────────────────────────────────────────────────────────────────────────────────────────────────╮ │
│ │ Input Objects                                                                                                                                              │ │
│ ├────────────────────────────────────────────────────────────────────────────────────────────────────────────────────────────────────────────────────────────┤ │
│ │ 0   Imm/Owned Object ID: 0x49b6ea50eaf249f6ded5fb1a096a6297e428ab97f1dc1f873e91ba8a9a8a6073                                                                │ │
│ │ 1   Pure Arg: Type: 0x1::string::String, Value: "2nd Place Winner at Sui Overflow 2024 - Gaming"                                                           │ │
│ │ 2   Pure Arg: Type: 0x1::string::String, Value: "Congratulations! This hacker from Wagmi Kitchen won 2nd Place at the 2024 Sui Overflow global hackathon!" │ │
│ │ 3   Pure Arg: Type: 0x1::string::String, Value: "https://github.com/sui-foundation/attendance-nft/raw/main/gifs/overflow-2nd.gif"                          │ │
│ │ 4   Pure Arg: Type: u8, Value: 2                                                                                                                           │ │
│ │ 5   Pure Arg: Type: address, Value: "0x8b512e14f8bd338c4fec4ca3432a39cc9089f8dbb10e1d52c09b2f702e41ec16"                                                   │ │
│ ╰────────────────────────────────────────────────────────────────────────────────────────────────────────────────────────────────────────────────────────────╯ │
│ ╭──────────────────────────────────────────────────────────────────────────────────╮                                                                           │
│ │ Commands                                                                         │                                                                           │
│ ├──────────────────────────────────────────────────────────────────────────────────┤                                                                           │
│ │ 0  MoveCall:                                                                     │                                                                           │
│ │  ┌                                                                               │                                                                           │
│ │  │ Function:  mint_and_transfer                                                  │                                                                           │
│ │  │ Module:    attendance                                                         │                                                                           │
│ │  │ Package:   0x41a3350004440adf89a2f837c1e4c0bf1fe4edf6e08b56383ccb5c1606f210c1 │                                                                           │
│ │  │ Arguments:                                                                    │                                                                           │
│ │  │   Input  0                                                                    │                                                                           │
│ │  │   Input  1                                                                    │                                                                           │
│ │  │   Input  2                                                                    │                                                                           │
│ │  │   Input  3                                                                    │                                                                           │
│ │  │   Input  4                                                                    │                                                                           │
│ │  │   Input  5                                                                    │                                                                           │
│ │  └                                                                               │                                                                           │
│ ╰──────────────────────────────────────────────────────────────────────────────────╯                                                                           │
│                                                                                                                                                                │
│ Signatures:                                                                                                                                                    │
│    x2o8sGDzSSz9/1TPuEEcvflRt40YpnnNCWa31C6TOm3SiURAzlTLQnMLo8HV+x4T2puWE6UJ3Z7UNzU8TF9SBw==                                                                    │
│                                                                                                                                                                │
╰────────────────────────────────────────────────────────────────────────────────────────────────────────────────────────────────────────────────────────────────╯
╭───────────────────────────────────────────────────────────────────────────────────────────────────╮
│ Transaction Effects                                                                               │
├───────────────────────────────────────────────────────────────────────────────────────────────────┤
│ Digest: D5HSCmWEnnFRqQ2FLJk1xyi3utEGS1q9kETP9U6oiJnM                                              │
│ Status: Success                                                                                   │
│ Executed Epoch: 455                                                                               │
│                                                                                                   │
│ Created Objects:                                                                                  │
│  ┌──                                                                                              │
│  │ ID: 0xdfce0dab29ce765bc35d68fcc40d8d2299991170f4b16af9989c344d93e9e8b6                         │
│  │ Owner: Account Address ( 0x8b512e14f8bd338c4fec4ca3432a39cc9089f8dbb10e1d52c09b2f702e41ec16 )  │
│  │ Version: 98624850                                                                              │
│  │ Digest: GviTV2z9z6tknwkjBfY8WhPm8fHLjPndv7HWnrJbZ8bB                                           │
│  └──                                                                                              │
│ Mutated Objects:                                                                                  │
│  ┌──                                                                                              │
│  │ ID: 0x49b6ea50eaf249f6ded5fb1a096a6297e428ab97f1dc1f873e91ba8a9a8a6073                         │
│  │ Owner: Account Address ( 0x13a75ba9e38bcd05b92c37e771fd3068c8b55d81bb6622f14b387a53123d7ab1 )  │
│  │ Version: 98624850                                                                              │
│  │ Digest: H4vxr5NhAbRD48nwr16dYoKMepRdAKZMkrfQ3NZnxwKu                                           │
│  └──                                                                                              │
│  ┌──                                                                                              │
│  │ ID: 0xb0b6745d74734fb22bb66627285692131777bc1e1abacd6cd36946672fd52087                         │
│  │ Owner: Account Address ( 0x13a75ba9e38bcd05b92c37e771fd3068c8b55d81bb6622f14b387a53123d7ab1 )  │
│  │ Version: 98624850                                                                              │
│  │ Digest: 2hMxVqT74n7AcReHa1K9YhFsDTSWmTDt47ynFPx3cpW9                                           │
│  └──                                                                                              │
│ Gas Object:                                                                                       │
│  ┌──                                                                                              │
│  │ ID: 0xb0b6745d74734fb22bb66627285692131777bc1e1abacd6cd36946672fd52087                         │
│  │ Owner: Account Address ( 0x13a75ba9e38bcd05b92c37e771fd3068c8b55d81bb6622f14b387a53123d7ab1 )  │
│  │ Version: 98624850                                                                              │
│  │ Digest: 2hMxVqT74n7AcReHa1K9YhFsDTSWmTDt47ynFPx3cpW9                                           │
│  └──                                                                                              │
│ Gas Cost Summary:                                                                                 │
│    Storage Cost: 6011600 MIST                                                                     │
│    Computation Cost: 758000 MIST                                                                  │
│    Storage Rebate: 2625876 MIST                                                                   │
│    Non-refundable Storage Fee: 26524 MIST                                                         │
│                                                                                                   │
│ Transaction Dependencies:                                                                         │
│    83cfCpZymL57wgjCXbXC5hPrADxuZyPwFAAZyBLdyXpM                                                   │
│    FMiGzxRrf2s4fH8b7haU2kzdBsBpNYthRu8q2SxTfctz                                                   │
╰───────────────────────────────────────────────────────────────────────────────────────────────────╯
╭─────────────────────────────────────────────────────────────────────────────────────────────────────────────────╮
│ Transaction Block Events                                                                                        │
├─────────────────────────────────────────────────────────────────────────────────────────────────────────────────┤
│  ┌──                                                                                                            │
│  │ EventID: D5HSCmWEnnFRqQ2FLJk1xyi3utEGS1q9kETP9U6oiJnM:0                                                      │
│  │ PackageID: 0x41a3350004440adf89a2f837c1e4c0bf1fe4edf6e08b56383ccb5c1606f210c1                                │
│  │ Transaction Module: attendance                                                                               │
│  │ Sender: 0x13a75ba9e38bcd05b92c37e771fd3068c8b55d81bb6622f14b387a53123d7ab1                                   │
│  │ EventType: 0x41a3350004440adf89a2f837c1e4c0bf1fe4edf6e08b56383ccb5c1606f210c1::attendance::AttendanceCreated │
│  │ ParsedJSON:                                                                                                  │
│  │   ┌─────────┬────────────────────────────────────────────────────────────────────┐                           │
│  │   │ id      │ 0xdfce0dab29ce765bc35d68fcc40d8d2299991170f4b16af9989c344d93e9e8b6 │                           │
│  │   ├─────────┼────────────────────────────────────────────────────────────────────┤                           │
│  │   │ meet_id │ 0x49b6ea50eaf249f6ded5fb1a096a6297e428ab97f1dc1f873e91ba8a9a8a6073 │                           │
│  │   ├─────────┼────────────────────────────────────────────────────────────────────┤                           │
│  │   │ tier    │ 2                                                                  │                           │
│  │   └─────────┴────────────────────────────────────────────────────────────────────┘                           │
│  └──                                                                                                            │
╰─────────────────────────────────────────────────────────────────────────────────────────────────────────────────╯
╭────────────────────────────────────────────────────────────────────────────────────────────────────────────╮
│ Object Changes                                                                                             │
├────────────────────────────────────────────────────────────────────────────────────────────────────────────┤
│ Created Objects:                                                                                           │
│  ┌──                                                                                                       │
│  │ ObjectID: 0xdfce0dab29ce765bc35d68fcc40d8d2299991170f4b16af9989c344d93e9e8b6                            │
│  │ Sender: 0x13a75ba9e38bcd05b92c37e771fd3068c8b55d81bb6622f14b387a53123d7ab1                              │
│  │ Owner: Account Address ( 0x8b512e14f8bd338c4fec4ca3432a39cc9089f8dbb10e1d52c09b2f702e41ec16 )           │
│  │ ObjectType: 0x41a3350004440adf89a2f837c1e4c0bf1fe4edf6e08b56383ccb5c1606f210c1::attendance::Attendance  │
│  │ Version: 98624850                                                                                       │
│  │ Digest: GviTV2z9z6tknwkjBfY8WhPm8fHLjPndv7HWnrJbZ8bB                                                    │
│  └──                                                                                                       │
│ Mutated Objects:                                                                                           │
│  ┌──                                                                                                       │
│  │ ObjectID: 0x49b6ea50eaf249f6ded5fb1a096a6297e428ab97f1dc1f873e91ba8a9a8a6073                            │
│  │ Sender: 0x13a75ba9e38bcd05b92c37e771fd3068c8b55d81bb6622f14b387a53123d7ab1                              │
│  │ Owner: Account Address ( 0x13a75ba9e38bcd05b92c37e771fd3068c8b55d81bb6622f14b387a53123d7ab1 )           │
│  │ ObjectType: 0x41a3350004440adf89a2f837c1e4c0bf1fe4edf6e08b56383ccb5c1606f210c1::meet::Meet              │
│  │ Version: 98624850                                                                                       │
│  │ Digest: H4vxr5NhAbRD48nwr16dYoKMepRdAKZMkrfQ3NZnxwKu                                                    │
│  └──                                                                                                       │
│  ┌──                                                                                                       │
│  │ ObjectID: 0xb0b6745d74734fb22bb66627285692131777bc1e1abacd6cd36946672fd52087                            │
│  │ Sender: 0x13a75ba9e38bcd05b92c37e771fd3068c8b55d81bb6622f14b387a53123d7ab1                              │
│  │ Owner: Account Address ( 0x13a75ba9e38bcd05b92c37e771fd3068c8b55d81bb6622f14b387a53123d7ab1 )           │
│  │ ObjectType: 0x2::coin::Coin<0x2::sui::SUI>                                                              │
│  │ Version: 98624850                                                                                       │
│  │ Digest: 2hMxVqT74n7AcReHa1K9YhFsDTSWmTDt47ynFPx3cpW9                                                    │
│  └──                                                                                                       │
╰────────────────────────────────────────────────────────────────────────────────────────────────────────────╯
╭───────────────────────────────────────────────────────────────────────────────────────────────────╮
│ Balance Changes                                                                                   │
├───────────────────────────────────────────────────────────────────────────────────────────────────┤
│  ┌──                                                                                              │
│  │ Owner: Account Address ( 0x13a75ba9e38bcd05b92c37e771fd3068c8b55d81bb6622f14b387a53123d7ab1 )  │
│  │ CoinType: 0x2::sui::SUI                                                                        │
│  │ Amount: -4143724                                                                               │
│  └──                                                                                              │
╰───────────────────────────────────────────────────────────────────────────────────────────────────╯

