2024-07-10T22:06:24
Transaction Digest: AAn1AVeH2hi2RPsa1t1E3rmk8VScaRWCRumjh7oXtV38
╭──────────────────────────────────────────────────────────────────────────────────────────────────────────────────────────────────────────────────────────────╮
│ Transaction Data                                                                                                                                             │
├──────────────────────────────────────────────────────────────────────────────────────────────────────────────────────────────────────────────────────────────┤
│ Sender: 0x13a75ba9e38bcd05b92c37e771fd3068c8b55d81bb6622f14b387a53123d7ab1                                                                                   │
│ Gas Owner: 0x13a75ba9e38bcd05b92c37e771fd3068c8b55d81bb6622f14b387a53123d7ab1                                                                                │
│ Gas Budget: 500000000 MIST                                                                                                                                   │
│ Gas Price: 758 MIST                                                                                                                                          │
│ Gas Payment:                                                                                                                                                 │
│  ┌──                                                                                                                                                         │
│  │ ID: 0xb0b6745d74734fb22bb66627285692131777bc1e1abacd6cd36946672fd52087                                                                                    │
│  │ Version: 98624847                                                                                                                                         │
│  │ Digest: 8iXmJvY2NmiZ6S1ppCo3W9XE3mnHzs7taxXuUaFL2vCZ                                                                                                      │
│  └──                                                                                                                                                         │
│                                                                                                                                                              │
│ Transaction Kind: Programmable                                                                                                                               │
│ ╭──────────────────────────────────────────────────────────────────────────────────────────────────────────────────────────────────────────────────────────╮ │
│ │ Input Objects                                                                                                                                            │ │
│ ├──────────────────────────────────────────────────────────────────────────────────────────────────────────────────────────────────────────────────────────┤ │
│ │ 0   Imm/Owned Object ID: 0x49b6ea50eaf249f6ded5fb1a096a6297e428ab97f1dc1f873e91ba8a9a8a6073                                                              │ │
│ │ 1   Pure Arg: Type: 0x1::string::String, Value: "2nd Place Winner at Sui Overflow 2024 - Advanced Move"                                                  │ │
│ │ 2   Pure Arg: Type: 0x1::string::String, Value: "Congratulations! This hacker from Su Protocol won 2nd Place at the 2024 Sui Overflow global hackathon!" │ │
│ │ 3   Pure Arg: Type: 0x1::string::String, Value: "https://github.com/sui-foundation/attendance-nft/raw/main/gifs/overflow-2nd.gif"                        │ │
│ │ 4   Pure Arg: Type: u8, Value: 2                                                                                                                         │ │
│ │ 5   Pure Arg: Type: address, Value: "0xed7ba9119e330d5032637eb573a4078e6c80c2ae17e3c77382a90fc2fe640f92"                                                 │ │
│ ╰──────────────────────────────────────────────────────────────────────────────────────────────────────────────────────────────────────────────────────────╯ │
│ ╭──────────────────────────────────────────────────────────────────────────────────╮                                                                         │
│ │ Commands                                                                         │                                                                         │
│ ├──────────────────────────────────────────────────────────────────────────────────┤                                                                         │
│ │ 0  MoveCall:                                                                     │                                                                         │
│ │  ┌                                                                               │                                                                         │
│ │  │ Function:  mint_and_transfer                                                  │                                                                         │
│ │  │ Module:    attendance                                                         │                                                                         │
│ │  │ Package:   0x41a3350004440adf89a2f837c1e4c0bf1fe4edf6e08b56383ccb5c1606f210c1 │                                                                         │
│ │  │ Arguments:                                                                    │                                                                         │
│ │  │   Input  0                                                                    │                                                                         │
│ │  │   Input  1                                                                    │                                                                         │
│ │  │   Input  2                                                                    │                                                                         │
│ │  │   Input  3                                                                    │                                                                         │
│ │  │   Input  4                                                                    │                                                                         │
│ │  │   Input  5                                                                    │                                                                         │
│ │  └                                                                               │                                                                         │
│ ╰──────────────────────────────────────────────────────────────────────────────────╯                                                                         │
│                                                                                                                                                              │
│ Signatures:                                                                                                                                                  │
│    X5BGFKQlj3jNLutmBehn/0B2SdAlMxQ6R3DEdgk3ilyb1QTMpekAVIHM06ExUlwoAZYagB7wAXgNdv+7n1bdDQ==                                                                  │
│                                                                                                                                                              │
╰──────────────────────────────────────────────────────────────────────────────────────────────────────────────────────────────────────────────────────────────╯
╭───────────────────────────────────────────────────────────────────────────────────────────────────╮
│ Transaction Effects                                                                               │
├───────────────────────────────────────────────────────────────────────────────────────────────────┤
│ Digest: AAn1AVeH2hi2RPsa1t1E3rmk8VScaRWCRumjh7oXtV38                                              │
│ Status: Success                                                                                   │
│ Executed Epoch: 455                                                                               │
│                                                                                                   │
│ Created Objects:                                                                                  │
│  ┌──                                                                                              │
│  │ ID: 0x2398852c0b58367c1a2abd18ca52c9b039981d00f4ed441f232c3d85193a439d                         │
│  │ Owner: Account Address ( 0xed7ba9119e330d5032637eb573a4078e6c80c2ae17e3c77382a90fc2fe640f92 )  │
│  │ Version: 98624848                                                                              │
│  │ Digest: BVW6whwWo2TpSmJDzjMEMnuTdnowBwEQ95XLvNi9weT6                                           │
│  └──                                                                                              │
│ Mutated Objects:                                                                                  │
│  ┌──                                                                                              │
│  │ ID: 0x49b6ea50eaf249f6ded5fb1a096a6297e428ab97f1dc1f873e91ba8a9a8a6073                         │
│  │ Owner: Account Address ( 0x13a75ba9e38bcd05b92c37e771fd3068c8b55d81bb6622f14b387a53123d7ab1 )  │
│  │ Version: 98624848                                                                              │
│  │ Digest: 415XtDtrKc4uZYNVZJ6seAdYcRZEBeBM99zovojk7nve                                           │
│  └──                                                                                              │
│  ┌──                                                                                              │
│  │ ID: 0xb0b6745d74734fb22bb66627285692131777bc1e1abacd6cd36946672fd52087                         │
│  │ Owner: Account Address ( 0x13a75ba9e38bcd05b92c37e771fd3068c8b55d81bb6622f14b387a53123d7ab1 )  │
│  │ Version: 98624848                                                                              │
│  │ Digest: DBTNKhn9kpPCXu8jzkePEpQha7K6j6m1gcaEMZf3J1F                                            │
│  └──                                                                                              │
│ Gas Object:                                                                                       │
│  ┌──                                                                                              │
│  │ ID: 0xb0b6745d74734fb22bb66627285692131777bc1e1abacd6cd36946672fd52087                         │
│  │ Owner: Account Address ( 0x13a75ba9e38bcd05b92c37e771fd3068c8b55d81bb6622f14b387a53123d7ab1 )  │
│  │ Version: 98624848                                                                              │
│  │ Digest: DBTNKhn9kpPCXu8jzkePEpQha7K6j6m1gcaEMZf3J1F                                            │
│  └──                                                                                              │
│ Gas Cost Summary:                                                                                 │
│    Storage Cost: 6049600 MIST                                                                     │
│    Computation Cost: 758000 MIST                                                                  │
│    Storage Rebate: 2625876 MIST                                                                   │
│    Non-refundable Storage Fee: 26524 MIST                                                         │
│                                                                                                   │
│ Transaction Dependencies:                                                                         │
│    2fpJ4378ViqAcjbV5cmqpFHGq22Nz1P4pZpcRzwr61EZ                                                   │
│    FMiGzxRrf2s4fH8b7haU2kzdBsBpNYthRu8q2SxTfctz                                                   │
╰───────────────────────────────────────────────────────────────────────────────────────────────────╯
╭─────────────────────────────────────────────────────────────────────────────────────────────────────────────────╮
│ Transaction Block Events                                                                                        │
├─────────────────────────────────────────────────────────────────────────────────────────────────────────────────┤
│  ┌──                                                                                                            │
│  │ EventID: AAn1AVeH2hi2RPsa1t1E3rmk8VScaRWCRumjh7oXtV38:0                                                      │
│  │ PackageID: 0x41a3350004440adf89a2f837c1e4c0bf1fe4edf6e08b56383ccb5c1606f210c1                                │
│  │ Transaction Module: attendance                                                                               │
│  │ Sender: 0x13a75ba9e38bcd05b92c37e771fd3068c8b55d81bb6622f14b387a53123d7ab1                                   │
│  │ EventType: 0x41a3350004440adf89a2f837c1e4c0bf1fe4edf6e08b56383ccb5c1606f210c1::attendance::AttendanceCreated │
│  │ ParsedJSON:                                                                                                  │
│  │   ┌─────────┬────────────────────────────────────────────────────────────────────┐                           │
│  │   │ id      │ 0x2398852c0b58367c1a2abd18ca52c9b039981d00f4ed441f232c3d85193a439d │                           │
│  │   ├─────────┼────────────────────────────────────────────────────────────────────┤                           │
│  │   │ meet_id │ 0x49b6ea50eaf249f6ded5fb1a096a6297e428ab97f1dc1f873e91ba8a9a8a6073 │                           │
│  │   ├─────────┼────────────────────────────────────────────────────────────────────┤                           │
│  │   │ tier    │ 2                                                                  │                           │
│  │   └─────────┴────────────────────────────────────────────────────────────────────┘                           │
│  └──                                                                                                            │
╰─────────────────────────────────────────────────────────────────────────────────────────────────────────────────╯
╭────────────────────────────────────────────────────────────────────────────────────────────────────────────╮
│ Object Changes                                                                                             │
├────────────────────────────────────────────────────────────────────────────────────────────────────────────┤
│ Created Objects:                                                                                           │
│  ┌──                                                                                                       │
│  │ ObjectID: 0x2398852c0b58367c1a2abd18ca52c9b039981d00f4ed441f232c3d85193a439d                            │
│  │ Sender: 0x13a75ba9e38bcd05b92c37e771fd3068c8b55d81bb6622f14b387a53123d7ab1                              │
│  │ Owner: Account Address ( 0xed7ba9119e330d5032637eb573a4078e6c80c2ae17e3c77382a90fc2fe640f92 )           │
│  │ ObjectType: 0x41a3350004440adf89a2f837c1e4c0bf1fe4edf6e08b56383ccb5c1606f210c1::attendance::Attendance  │
│  │ Version: 98624848                                                                                       │
│  │ Digest: BVW6whwWo2TpSmJDzjMEMnuTdnowBwEQ95XLvNi9weT6                                                    │
│  └──                                                                                                       │
│ Mutated Objects:                                                                                           │
│  ┌──                                                                                                       │
│  │ ObjectID: 0x49b6ea50eaf249f6ded5fb1a096a6297e428ab97f1dc1f873e91ba8a9a8a6073                            │
│  │ Sender: 0x13a75ba9e38bcd05b92c37e771fd3068c8b55d81bb6622f14b387a53123d7ab1                              │
│  │ Owner: Account Address ( 0x13a75ba9e38bcd05b92c37e771fd3068c8b55d81bb6622f14b387a53123d7ab1 )           │
│  │ ObjectType: 0x41a3350004440adf89a2f837c1e4c0bf1fe4edf6e08b56383ccb5c1606f210c1::meet::Meet              │
│  │ Version: 98624848                                                                                       │
│  │ Digest: 415XtDtrKc4uZYNVZJ6seAdYcRZEBeBM99zovojk7nve                                                    │
│  └──                                                                                                       │
│  ┌──                                                                                                       │
│  │ ObjectID: 0xb0b6745d74734fb22bb66627285692131777bc1e1abacd6cd36946672fd52087                            │
│  │ Sender: 0x13a75ba9e38bcd05b92c37e771fd3068c8b55d81bb6622f14b387a53123d7ab1                              │
│  │ Owner: Account Address ( 0x13a75ba9e38bcd05b92c37e771fd3068c8b55d81bb6622f14b387a53123d7ab1 )           │
│  │ ObjectType: 0x2::coin::Coin<0x2::sui::SUI>                                                              │
│  │ Version: 98624848                                                                                       │
│  │ Digest: DBTNKhn9kpPCXu8jzkePEpQha7K6j6m1gcaEMZf3J1F                                                     │
│  └──                                                                                                       │
╰────────────────────────────────────────────────────────────────────────────────────────────────────────────╯
╭───────────────────────────────────────────────────────────────────────────────────────────────────╮
│ Balance Changes                                                                                   │
├───────────────────────────────────────────────────────────────────────────────────────────────────┤
│  ┌──                                                                                              │
│  │ Owner: Account Address ( 0x13a75ba9e38bcd05b92c37e771fd3068c8b55d81bb6622f14b387a53123d7ab1 )  │
│  │ CoinType: 0x2::sui::SUI                                                                        │
│  │ Amount: -4181724                                                                               │
│  └──                                                                                              │
╰───────────────────────────────────────────────────────────────────────────────────────────────────╯

2024-07-10T22:06:30
Transaction Digest: 83cfCpZymL57wgjCXbXC5hPrADxuZyPwFAAZyBLdyXpM
╭──────────────────────────────────────────────────────────────────────────────────────────────────────────────────────────────────────────────────────────────╮
│ Transaction Data                                                                                                                                             │
├──────────────────────────────────────────────────────────────────────────────────────────────────────────────────────────────────────────────────────────────┤
│ Sender: 0x13a75ba9e38bcd05b92c37e771fd3068c8b55d81bb6622f14b387a53123d7ab1                                                                                   │
│ Gas Owner: 0x13a75ba9e38bcd05b92c37e771fd3068c8b55d81bb6622f14b387a53123d7ab1                                                                                │
│ Gas Budget: 500000000 MIST                                                                                                                                   │
│ Gas Price: 758 MIST                                                                                                                                          │
│ Gas Payment:                                                                                                                                                 │
│  ┌──                                                                                                                                                         │
│  │ ID: 0xb0b6745d74734fb22bb66627285692131777bc1e1abacd6cd36946672fd52087                                                                                    │
│  │ Version: 98624848                                                                                                                                         │
│  │ Digest: DBTNKhn9kpPCXu8jzkePEpQha7K6j6m1gcaEMZf3J1F                                                                                                       │
│  └──                                                                                                                                                         │
│                                                                                                                                                              │
│ Transaction Kind: Programmable                                                                                                                               │
│ ╭──────────────────────────────────────────────────────────────────────────────────────────────────────────────────────────────────────────────────────────╮ │
│ │ Input Objects                                                                                                                                            │ │
│ ├──────────────────────────────────────────────────────────────────────────────────────────────────────────────────────────────────────────────────────────┤ │
│ │ 0   Imm/Owned Object ID: 0x49b6ea50eaf249f6ded5fb1a096a6297e428ab97f1dc1f873e91ba8a9a8a6073                                                              │ │
│ │ 1   Pure Arg: Type: 0x1::string::String, Value: "2nd Place Winner at Sui Overflow 2024 - Advanced Move"                                                  │ │
│ │ 2   Pure Arg: Type: 0x1::string::String, Value: "Congratulations! This hacker from Su Protocol won 2nd Place at the 2024 Sui Overflow global hackathon!" │ │
│ │ 3   Pure Arg: Type: 0x1::string::String, Value: "https://github.com/sui-foundation/attendance-nft/raw/main/gifs/overflow-2nd.gif"                        │ │
│ │ 4   Pure Arg: Type: u8, Value: 2                                                                                                                         │ │
│ │ 5   Pure Arg: Type: address, Value: "0xc23ea8e493616b1510d9405ce05593f8bd1fb30f44f92303ab2c54f6c8680ecb"                                                 │ │
│ ╰──────────────────────────────────────────────────────────────────────────────────────────────────────────────────────────────────────────────────────────╯ │
│ ╭──────────────────────────────────────────────────────────────────────────────────╮                                                                         │
│ │ Commands                                                                         │                                                                         │
│ ├──────────────────────────────────────────────────────────────────────────────────┤                                                                         │
│ │ 0  MoveCall:                                                                     │                                                                         │
│ │  ┌                                                                               │                                                                         │
│ │  │ Function:  mint_and_transfer                                                  │                                                                         │
│ │  │ Module:    attendance                                                         │                                                                         │
│ │  │ Package:   0x41a3350004440adf89a2f837c1e4c0bf1fe4edf6e08b56383ccb5c1606f210c1 │                                                                         │
│ │  │ Arguments:                                                                    │                                                                         │
│ │  │   Input  0                                                                    │                                                                         │
│ │  │   Input  1                                                                    │                                                                         │
│ │  │   Input  2                                                                    │                                                                         │
│ │  │   Input  3                                                                    │                                                                         │
│ │  │   Input  4                                                                    │                                                                         │
│ │  │   Input  5                                                                    │                                                                         │
│ │  └                                                                               │                                                                         │
│ ╰──────────────────────────────────────────────────────────────────────────────────╯                                                                         │
│                                                                                                                                                              │
│ Signatures:                                                                                                                                                  │
│    yIptQUaGEXIH7SXkuiZ0JgNGYhbhro96PbhI00JaFdioLAuX9w7XKOsY+UJUP1LJFnnxjy0+M6CKu9VV7NmEAA==                                                                  │
│                                                                                                                                                              │
╰──────────────────────────────────────────────────────────────────────────────────────────────────────────────────────────────────────────────────────────────╯
╭───────────────────────────────────────────────────────────────────────────────────────────────────╮
│ Transaction Effects                                                                               │
├───────────────────────────────────────────────────────────────────────────────────────────────────┤
│ Digest: 83cfCpZymL57wgjCXbXC5hPrADxuZyPwFAAZyBLdyXpM                                              │
│ Status: Success                                                                                   │
│ Executed Epoch: 455                                                                               │
│                                                                                                   │
│ Created Objects:                                                                                  │
│  ┌──                                                                                              │
│  │ ID: 0x53dec8958c63244df6d1c6a760ccb5cdbbe5373bf9adf0a4e71c087bdeda4cf6                         │
│  │ Owner: Account Address ( 0xc23ea8e493616b1510d9405ce05593f8bd1fb30f44f92303ab2c54f6c8680ecb )  │
│  │ Version: 98624849                                                                              │
│  │ Digest: 5Zgt4QEZK8j8Pvuih4YRgoaZQCJWYAihunG92de8NUM5                                           │
│  └──                                                                                              │
│ Mutated Objects:                                                                                  │
│  ┌──                                                                                              │
│  │ ID: 0x49b6ea50eaf249f6ded5fb1a096a6297e428ab97f1dc1f873e91ba8a9a8a6073                         │
│  │ Owner: Account Address ( 0x13a75ba9e38bcd05b92c37e771fd3068c8b55d81bb6622f14b387a53123d7ab1 )  │
│  │ Version: 98624849                                                                              │
│  │ Digest: 7PTzLwfpVUgfKuKzN1JeT1tvg4Yj23d5aJxWi3XJR1uA                                           │
│  └──                                                                                              │
│  ┌──                                                                                              │
│  │ ID: 0xb0b6745d74734fb22bb66627285692131777bc1e1abacd6cd36946672fd52087                         │
│  │ Owner: Account Address ( 0x13a75ba9e38bcd05b92c37e771fd3068c8b55d81bb6622f14b387a53123d7ab1 )  │
│  │ Version: 98624849                                                                              │
│  │ Digest: Fe5WTTaZLUPdb11ig3GodqmECyHpvMHyJqKxRsUp5SP1                                           │
│  └──                                                                                              │
│ Gas Object:                                                                                       │
│  ┌──                                                                                              │
│  │ ID: 0xb0b6745d74734fb22bb66627285692131777bc1e1abacd6cd36946672fd52087                         │
│  │ Owner: Account Address ( 0x13a75ba9e38bcd05b92c37e771fd3068c8b55d81bb6622f14b387a53123d7ab1 )  │
│  │ Version: 98624849                                                                              │
│  │ Digest: Fe5WTTaZLUPdb11ig3GodqmECyHpvMHyJqKxRsUp5SP1                                           │
│  └──                                                                                              │
│ Gas Cost Summary:                                                                                 │
│    Storage Cost: 6049600 MIST                                                                     │
│    Computation Cost: 758000 MIST                                                                  │
│    Storage Rebate: 2625876 MIST                                                                   │
│    Non-refundable Storage Fee: 26524 MIST                                                         │
│                                                                                                   │
│ Transaction Dependencies:                                                                         │
│    AAn1AVeH2hi2RPsa1t1E3rmk8VScaRWCRumjh7oXtV38                                                   │
│    FMiGzxRrf2s4fH8b7haU2kzdBsBpNYthRu8q2SxTfctz                                                   │
╰───────────────────────────────────────────────────────────────────────────────────────────────────╯
╭─────────────────────────────────────────────────────────────────────────────────────────────────────────────────╮
│ Transaction Block Events                                                                                        │
├─────────────────────────────────────────────────────────────────────────────────────────────────────────────────┤
│  ┌──                                                                                                            │
│  │ EventID: 83cfCpZymL57wgjCXbXC5hPrADxuZyPwFAAZyBLdyXpM:0                                                      │
│  │ PackageID: 0x41a3350004440adf89a2f837c1e4c0bf1fe4edf6e08b56383ccb5c1606f210c1                                │
│  │ Transaction Module: attendance                                                                               │
│  │ Sender: 0x13a75ba9e38bcd05b92c37e771fd3068c8b55d81bb6622f14b387a53123d7ab1                                   │
│  │ EventType: 0x41a3350004440adf89a2f837c1e4c0bf1fe4edf6e08b56383ccb5c1606f210c1::attendance::AttendanceCreated │
│  │ ParsedJSON:                                                                                                  │
│  │   ┌─────────┬────────────────────────────────────────────────────────────────────┐                           │
│  │   │ id      │ 0x53dec8958c63244df6d1c6a760ccb5cdbbe5373bf9adf0a4e71c087bdeda4cf6 │                           │
│  │   ├─────────┼────────────────────────────────────────────────────────────────────┤                           │
│  │   │ meet_id │ 0x49b6ea50eaf249f6ded5fb1a096a6297e428ab97f1dc1f873e91ba8a9a8a6073 │                           │
│  │   ├─────────┼────────────────────────────────────────────────────────────────────┤                           │
│  │   │ tier    │ 2                                                                  │                           │
│  │   └─────────┴────────────────────────────────────────────────────────────────────┘                           │
│  └──                                                                                                            │
╰─────────────────────────────────────────────────────────────────────────────────────────────────────────────────╯
╭────────────────────────────────────────────────────────────────────────────────────────────────────────────╮
│ Object Changes                                                                                             │
├────────────────────────────────────────────────────────────────────────────────────────────────────────────┤
│ Created Objects:                                                                                           │
│  ┌──                                                                                                       │
│  │ ObjectID: 0x53dec8958c63244df6d1c6a760ccb5cdbbe5373bf9adf0a4e71c087bdeda4cf6                            │
│  │ Sender: 0x13a75ba9e38bcd05b92c37e771fd3068c8b55d81bb6622f14b387a53123d7ab1                              │
│  │ Owner: Account Address ( 0xc23ea8e493616b1510d9405ce05593f8bd1fb30f44f92303ab2c54f6c8680ecb )           │
│  │ ObjectType: 0x41a3350004440adf89a2f837c1e4c0bf1fe4edf6e08b56383ccb5c1606f210c1::attendance::Attendance  │
│  │ Version: 98624849                                                                                       │
│  │ Digest: 5Zgt4QEZK8j8Pvuih4YRgoaZQCJWYAihunG92de8NUM5                                                    │
│  └──                                                                                                       │
│ Mutated Objects:                                                                                           │
│  ┌──                                                                                                       │
│  │ ObjectID: 0x49b6ea50eaf249f6ded5fb1a096a6297e428ab97f1dc1f873e91ba8a9a8a6073                            │
│  │ Sender: 0x13a75ba9e38bcd05b92c37e771fd3068c8b55d81bb6622f14b387a53123d7ab1                              │
│  │ Owner: Account Address ( 0x13a75ba9e38bcd05b92c37e771fd3068c8b55d81bb6622f14b387a53123d7ab1 )           │
│  │ ObjectType: 0x41a3350004440adf89a2f837c1e4c0bf1fe4edf6e08b56383ccb5c1606f210c1::meet::Meet              │
│  │ Version: 98624849                                                                                       │
│  │ Digest: 7PTzLwfpVUgfKuKzN1JeT1tvg4Yj23d5aJxWi3XJR1uA                                                    │
│  └──                                                                                                       │
│  ┌──                                                                                                       │
│  │ ObjectID: 0xb0b6745d74734fb22bb66627285692131777bc1e1abacd6cd36946672fd52087                            │
│  │ Sender: 0x13a75ba9e38bcd05b92c37e771fd3068c8b55d81bb6622f14b387a53123d7ab1                              │
│  │ Owner: Account Address ( 0x13a75ba9e38bcd05b92c37e771fd3068c8b55d81bb6622f14b387a53123d7ab1 )           │
│  │ ObjectType: 0x2::coin::Coin<0x2::sui::SUI>                                                              │
│  │ Version: 98624849                                                                                       │
│  │ Digest: Fe5WTTaZLUPdb11ig3GodqmECyHpvMHyJqKxRsUp5SP1                                                    │
│  └──                                                                                                       │
╰────────────────────────────────────────────────────────────────────────────────────────────────────────────╯
╭───────────────────────────────────────────────────────────────────────────────────────────────────╮
│ Balance Changes                                                                                   │
├───────────────────────────────────────────────────────────────────────────────────────────────────┤
│  ┌──                                                                                              │
│  │ Owner: Account Address ( 0x13a75ba9e38bcd05b92c37e771fd3068c8b55d81bb6622f14b387a53123d7ab1 )  │
│  │ CoinType: 0x2::sui::SUI                                                                        │
│  │ Amount: -4181724                                                                               │
│  └──                                                                                              │
╰───────────────────────────────────────────────────────────────────────────────────────────────────╯

