2024-07-10T21:41:38
Transaction Digest: 24JCJS2GRRUqKmfsYxAWFsixg68M621duapmB6iCmTLJ
╭────────────────────────────────────────────────────────────────────────────────────────────────────────────────────────────────────────────────────────────────╮
│ Transaction Data                                                                                                                                               │
├────────────────────────────────────────────────────────────────────────────────────────────────────────────────────────────────────────────────────────────────┤
│ Sender: 0x13a75ba9e38bcd05b92c37e771fd3068c8b55d81bb6622f14b387a53123d7ab1                                                                                     │
│ Gas Owner: 0x13a75ba9e38bcd05b92c37e771fd3068c8b55d81bb6622f14b387a53123d7ab1                                                                                  │
│ Gas Budget: 500000000 MIST                                                                                                                                     │
│ Gas Price: 758 MIST                                                                                                                                            │
│ Gas Payment:                                                                                                                                                   │
│  ┌──                                                                                                                                                           │
│  │ ID: 0xb0b6745d74734fb22bb66627285692131777bc1e1abacd6cd36946672fd52087                                                                                      │
│  │ Version: 98624812                                                                                                                                           │
│  │ Digest: 9c5EuDN7uJskSNnDp5roGFxDxisuJraQ3916tvHnd9oF                                                                                                        │
│  └──                                                                                                                                                           │
│                                                                                                                                                                │
│ Transaction Kind: Programmable                                                                                                                                 │
│ ╭────────────────────────────────────────────────────────────────────────────────────────────────────────────────────────────────────────────────────────────╮ │
│ │ Input Objects                                                                                                                                              │ │
│ ├────────────────────────────────────────────────────────────────────────────────────────────────────────────────────────────────────────────────────────────┤ │
│ │ 0   Imm/Owned Object ID: 0x49b6ea50eaf249f6ded5fb1a096a6297e428ab97f1dc1f873e91ba8a9a8a6073                                                                │ │
│ │ 1   Pure Arg: Type: 0x1::string::String, Value: "3rd Place Winner at Sui Overflow 2024 - Randomness"                                                       │ │
│ │ 2   Pure Arg: Type: 0x1::string::String, Value: "Congratulations! This hacker from Sui Autochess won 3rd Place at the 2024 Sui Overflow global hackathon!" │ │
│ │ 3   Pure Arg: Type: 0x1::string::String, Value: "https://github.com/sui-foundation/attendance-nft/raw/main/gifs/overflow-3rd.gif"                          │ │
│ │ 4   Pure Arg: Type: u8, Value: 3                                                                                                                           │ │
│ │ 5   Pure Arg: Type: address, Value: "0xbe379359ac6e9d0fc0b867f147f248f1c2d9fc019a9a708adfcbe15fc3130c18"                                                   │ │
│ ╰────────────────────────────────────────────────────────────────────────────────────────────────────────────────────────────────────────────────────────────╯ │
│ ╭──────────────────────────────────────────────────────────────────────────────────╮                                                                           │
│ │ Commands                                                                         │                                                                           │
│ ├──────────────────────────────────────────────────────────────────────────────────┤                                                                           │
│ │ 0  MoveCall:                                                                     │                                                                           │
│ │  ┌                                                                               │                                                                           │
│ │  │ Function:  mint_and_transfer                                                  │                                                                           │
│ │  │ Module:    attendance                                                         │                                                                           │
│ │  │ Package:   0x41a3350004440adf89a2f837c1e4c0bf1fe4edf6e08b56383ccb5c1606f210c1 │                                                                           │
│ │  │ Arguments:                                                                    │                                                                           │
│ │  │   Input  0                                                                    │                                                                           │
│ │  │   Input  1                                                                    │                                                                           │
│ │  │   Input  2                                                                    │                                                                           │
│ │  │   Input  3                                                                    │                                                                           │
│ │  │   Input  4                                                                    │                                                                           │
│ │  │   Input  5                                                                    │                                                                           │
│ │  └                                                                               │                                                                           │
│ ╰──────────────────────────────────────────────────────────────────────────────────╯                                                                           │
│                                                                                                                                                                │
│ Signatures:                                                                                                                                                    │
│    Nj5IxfHZA+n4qsYlKIJJ24SzLK4ihvGawFPEraRo92cUudTolkYPvUx4g8NkttTzlkmUm6UOa1u0hcZNkr/BBA==                                                                    │
│                                                                                                                                                                │
╰────────────────────────────────────────────────────────────────────────────────────────────────────────────────────────────────────────────────────────────────╯
╭───────────────────────────────────────────────────────────────────────────────────────────────────╮
│ Transaction Effects                                                                               │
├───────────────────────────────────────────────────────────────────────────────────────────────────┤
│ Digest: 24JCJS2GRRUqKmfsYxAWFsixg68M621duapmB6iCmTLJ                                              │
│ Status: Success                                                                                   │
│ Executed Epoch: 455                                                                               │
│                                                                                                   │
│ Created Objects:                                                                                  │
│  ┌──                                                                                              │
│  │ ID: 0x1efc9796db730231e2b1b4e7c8bb2b7490d6e68c40e22c3793258147a3ba33a6                         │
│  │ Owner: Account Address ( 0xbe379359ac6e9d0fc0b867f147f248f1c2d9fc019a9a708adfcbe15fc3130c18 )  │
│  │ Version: 98624813                                                                              │
│  │ Digest: GHHiJMPwJ4z3hhacuYejSz3n3k75FTwvS8U7yUpPLezj                                           │
│  └──                                                                                              │
│ Mutated Objects:                                                                                  │
│  ┌──                                                                                              │
│  │ ID: 0x49b6ea50eaf249f6ded5fb1a096a6297e428ab97f1dc1f873e91ba8a9a8a6073                         │
│  │ Owner: Account Address ( 0x13a75ba9e38bcd05b92c37e771fd3068c8b55d81bb6622f14b387a53123d7ab1 )  │
│  │ Version: 98624813                                                                              │
│  │ Digest: 2bZ3BRhpEdcWXHwnqpLkGGyC2gMnb7M1n4UHZRqvnVZw                                           │
│  └──                                                                                              │
│  ┌──                                                                                              │
│  │ ID: 0xb0b6745d74734fb22bb66627285692131777bc1e1abacd6cd36946672fd52087                         │
│  │ Owner: Account Address ( 0x13a75ba9e38bcd05b92c37e771fd3068c8b55d81bb6622f14b387a53123d7ab1 )  │
│  │ Version: 98624813                                                                              │
│  │ Digest: ZPfamSZYgbCncKGkwnhxmoqndg3dxWfze3PXsx3uUDv                                            │
│  └──                                                                                              │
│ Gas Object:                                                                                       │
│  ┌──                                                                                              │
│  │ ID: 0xb0b6745d74734fb22bb66627285692131777bc1e1abacd6cd36946672fd52087                         │
│  │ Owner: Account Address ( 0x13a75ba9e38bcd05b92c37e771fd3068c8b55d81bb6622f14b387a53123d7ab1 )  │
│  │ Version: 98624813                                                                              │
│  │ Digest: ZPfamSZYgbCncKGkwnhxmoqndg3dxWfze3PXsx3uUDv                                            │
│  └──                                                                                              │
│ Gas Cost Summary:                                                                                 │
│    Storage Cost: 6042000 MIST                                                                     │
│    Computation Cost: 758000 MIST                                                                  │
│    Storage Rebate: 2625876 MIST                                                                   │
│    Non-refundable Storage Fee: 26524 MIST                                                         │
│                                                                                                   │
│ Transaction Dependencies:                                                                         │
│    84Q4V9DgnowZpz6dQRxaYHkSSHPngA1uNaMKgB5NZFvv                                                   │
│    FMiGzxRrf2s4fH8b7haU2kzdBsBpNYthRu8q2SxTfctz                                                   │
╰───────────────────────────────────────────────────────────────────────────────────────────────────╯
╭─────────────────────────────────────────────────────────────────────────────────────────────────────────────────╮
│ Transaction Block Events                                                                                        │
├─────────────────────────────────────────────────────────────────────────────────────────────────────────────────┤
│  ┌──                                                                                                            │
│  │ EventID: 24JCJS2GRRUqKmfsYxAWFsixg68M621duapmB6iCmTLJ:0                                                      │
│  │ PackageID: 0x41a3350004440adf89a2f837c1e4c0bf1fe4edf6e08b56383ccb5c1606f210c1                                │
│  │ Transaction Module: attendance                                                                               │
│  │ Sender: 0x13a75ba9e38bcd05b92c37e771fd3068c8b55d81bb6622f14b387a53123d7ab1                                   │
│  │ EventType: 0x41a3350004440adf89a2f837c1e4c0bf1fe4edf6e08b56383ccb5c1606f210c1::attendance::AttendanceCreated │
│  │ ParsedJSON:                                                                                                  │
│  │   ┌─────────┬────────────────────────────────────────────────────────────────────┐                           │
│  │   │ id      │ 0x1efc9796db730231e2b1b4e7c8bb2b7490d6e68c40e22c3793258147a3ba33a6 │                           │
│  │   ├─────────┼────────────────────────────────────────────────────────────────────┤                           │
│  │   │ meet_id │ 0x49b6ea50eaf249f6ded5fb1a096a6297e428ab97f1dc1f873e91ba8a9a8a6073 │                           │
│  │   ├─────────┼────────────────────────────────────────────────────────────────────┤                           │
│  │   │ tier    │ 3                                                                  │                           │
│  │   └─────────┴────────────────────────────────────────────────────────────────────┘                           │
│  └──                                                                                                            │
╰─────────────────────────────────────────────────────────────────────────────────────────────────────────────────╯
╭────────────────────────────────────────────────────────────────────────────────────────────────────────────╮
│ Object Changes                                                                                             │
├────────────────────────────────────────────────────────────────────────────────────────────────────────────┤
│ Created Objects:                                                                                           │
│  ┌──                                                                                                       │
│  │ ObjectID: 0x1efc9796db730231e2b1b4e7c8bb2b7490d6e68c40e22c3793258147a3ba33a6                            │
│  │ Sender: 0x13a75ba9e38bcd05b92c37e771fd3068c8b55d81bb6622f14b387a53123d7ab1                              │
│  │ Owner: Account Address ( 0xbe379359ac6e9d0fc0b867f147f248f1c2d9fc019a9a708adfcbe15fc3130c18 )           │
│  │ ObjectType: 0x41a3350004440adf89a2f837c1e4c0bf1fe4edf6e08b56383ccb5c1606f210c1::attendance::Attendance  │
│  │ Version: 98624813                                                                                       │
│  │ Digest: GHHiJMPwJ4z3hhacuYejSz3n3k75FTwvS8U7yUpPLezj                                                    │
│  └──                                                                                                       │
│ Mutated Objects:                                                                                           │
│  ┌──                                                                                                       │
│  │ ObjectID: 0x49b6ea50eaf249f6ded5fb1a096a6297e428ab97f1dc1f873e91ba8a9a8a6073                            │
│  │ Sender: 0x13a75ba9e38bcd05b92c37e771fd3068c8b55d81bb6622f14b387a53123d7ab1                              │
│  │ Owner: Account Address ( 0x13a75ba9e38bcd05b92c37e771fd3068c8b55d81bb6622f14b387a53123d7ab1 )           │
│  │ ObjectType: 0x41a3350004440adf89a2f837c1e4c0bf1fe4edf6e08b56383ccb5c1606f210c1::meet::Meet              │
│  │ Version: 98624813                                                                                       │
│  │ Digest: 2bZ3BRhpEdcWXHwnqpLkGGyC2gMnb7M1n4UHZRqvnVZw                                                    │
│  └──                                                                                                       │
│  ┌──                                                                                                       │
│  │ ObjectID: 0xb0b6745d74734fb22bb66627285692131777bc1e1abacd6cd36946672fd52087                            │
│  │ Sender: 0x13a75ba9e38bcd05b92c37e771fd3068c8b55d81bb6622f14b387a53123d7ab1                              │
│  │ Owner: Account Address ( 0x13a75ba9e38bcd05b92c37e771fd3068c8b55d81bb6622f14b387a53123d7ab1 )           │
│  │ ObjectType: 0x2::coin::Coin<0x2::sui::SUI>                                                              │
│  │ Version: 98624813                                                                                       │
│  │ Digest: ZPfamSZYgbCncKGkwnhxmoqndg3dxWfze3PXsx3uUDv                                                     │
│  └──                                                                                                       │
╰────────────────────────────────────────────────────────────────────────────────────────────────────────────╯
╭───────────────────────────────────────────────────────────────────────────────────────────────────╮
│ Balance Changes                                                                                   │
├───────────────────────────────────────────────────────────────────────────────────────────────────┤
│  ┌──                                                                                              │
│  │ Owner: Account Address ( 0x13a75ba9e38bcd05b92c37e771fd3068c8b55d81bb6622f14b387a53123d7ab1 )  │
│  │ CoinType: 0x2::sui::SUI                                                                        │
│  │ Amount: -4174124                                                                               │
│  └──                                                                                              │
╰───────────────────────────────────────────────────────────────────────────────────────────────────╯

2024-07-10T21:41:45
Transaction Digest: 6Q78uDHoyfvCA12WDxvdTk5zyCqYqGPPEZAKE1xcvwMZ
╭────────────────────────────────────────────────────────────────────────────────────────────────────────────────────────────────────────────────────────────────╮
│ Transaction Data                                                                                                                                               │
├────────────────────────────────────────────────────────────────────────────────────────────────────────────────────────────────────────────────────────────────┤
│ Sender: 0x13a75ba9e38bcd05b92c37e771fd3068c8b55d81bb6622f14b387a53123d7ab1                                                                                     │
│ Gas Owner: 0x13a75ba9e38bcd05b92c37e771fd3068c8b55d81bb6622f14b387a53123d7ab1                                                                                  │
│ Gas Budget: 500000000 MIST                                                                                                                                     │
│ Gas Price: 758 MIST                                                                                                                                            │
│ Gas Payment:                                                                                                                                                   │
│  ┌──                                                                                                                                                           │
│  │ ID: 0xb0b6745d74734fb22bb66627285692131777bc1e1abacd6cd36946672fd52087                                                                                      │
│  │ Version: 98624813                                                                                                                                           │
│  │ Digest: ZPfamSZYgbCncKGkwnhxmoqndg3dxWfze3PXsx3uUDv                                                                                                         │
│  └──                                                                                                                                                           │
│                                                                                                                                                                │
│ Transaction Kind: Programmable                                                                                                                                 │
│ ╭────────────────────────────────────────────────────────────────────────────────────────────────────────────────────────────────────────────────────────────╮ │
│ │ Input Objects                                                                                                                                              │ │
│ ├────────────────────────────────────────────────────────────────────────────────────────────────────────────────────────────────────────────────────────────┤ │
│ │ 0   Imm/Owned Object ID: 0x49b6ea50eaf249f6ded5fb1a096a6297e428ab97f1dc1f873e91ba8a9a8a6073                                                                │ │
│ │ 1   Pure Arg: Type: 0x1::string::String, Value: "3rd Place Winner at Sui Overflow 2024 - Randomness"                                                       │ │
│ │ 2   Pure Arg: Type: 0x1::string::String, Value: "Congratulations! This hacker from Sui Autochess won 3rd Place at the 2024 Sui Overflow global hackathon!" │ │
│ │ 3   Pure Arg: Type: 0x1::string::String, Value: "https://github.com/sui-foundation/attendance-nft/raw/main/gifs/overflow-3rd.gif"                          │ │
│ │ 4   Pure Arg: Type: u8, Value: 3                                                                                                                           │ │
│ │ 5   Pure Arg: Type: address, Value: "0x157b2d3e6ef7bec33c2af349732178a5916467b655d9b91b1da274c00e6be4f1"                                                   │ │
│ ╰────────────────────────────────────────────────────────────────────────────────────────────────────────────────────────────────────────────────────────────╯ │
│ ╭──────────────────────────────────────────────────────────────────────────────────╮                                                                           │
│ │ Commands                                                                         │                                                                           │
│ ├──────────────────────────────────────────────────────────────────────────────────┤                                                                           │
│ │ 0  MoveCall:                                                                     │                                                                           │
│ │  ┌                                                                               │                                                                           │
│ │  │ Function:  mint_and_transfer                                                  │                                                                           │
│ │  │ Module:    attendance                                                         │                                                                           │
│ │  │ Package:   0x41a3350004440adf89a2f837c1e4c0bf1fe4edf6e08b56383ccb5c1606f210c1 │                                                                           │
│ │  │ Arguments:                                                                    │                                                                           │
│ │  │   Input  0                                                                    │                                                                           │
│ │  │   Input  1                                                                    │                                                                           │
│ │  │   Input  2                                                                    │                                                                           │
│ │  │   Input  3                                                                    │                                                                           │
│ │  │   Input  4                                                                    │                                                                           │
│ │  │   Input  5                                                                    │                                                                           │
│ │  └                                                                               │                                                                           │
│ ╰──────────────────────────────────────────────────────────────────────────────────╯                                                                           │
│                                                                                                                                                                │
│ Signatures:                                                                                                                                                    │
│    yn5q15FwOjEICH2Ynd2c1hdvov+cUYVNoKth4Qblnb2vl3WN30uswRjQZtZ4BqTp2JMBfLsrV6tCS5fSzxjlCg==                                                                    │
│                                                                                                                                                                │
╰────────────────────────────────────────────────────────────────────────────────────────────────────────────────────────────────────────────────────────────────╯
╭───────────────────────────────────────────────────────────────────────────────────────────────────╮
│ Transaction Effects                                                                               │
├───────────────────────────────────────────────────────────────────────────────────────────────────┤
│ Digest: 6Q78uDHoyfvCA12WDxvdTk5zyCqYqGPPEZAKE1xcvwMZ                                              │
│ Status: Success                                                                                   │
│ Executed Epoch: 455                                                                               │
│                                                                                                   │
│ Created Objects:                                                                                  │
│  ┌──                                                                                              │
│  │ ID: 0xe9aa7833ea58dd6ed9255f579f1ef443e63cae83a45b9e87be2a160ed3c7192d                         │
│  │ Owner: Account Address ( 0x157b2d3e6ef7bec33c2af349732178a5916467b655d9b91b1da274c00e6be4f1 )  │
│  │ Version: 98624814                                                                              │
│  │ Digest: GhK7pbD8vWxDtX9TAsAyneffAEQdLXpM1qHbHpREkiBt                                           │
│  └──                                                                                              │
│ Mutated Objects:                                                                                  │
│  ┌──                                                                                              │
│  │ ID: 0x49b6ea50eaf249f6ded5fb1a096a6297e428ab97f1dc1f873e91ba8a9a8a6073                         │
│  │ Owner: Account Address ( 0x13a75ba9e38bcd05b92c37e771fd3068c8b55d81bb6622f14b387a53123d7ab1 )  │
│  │ Version: 98624814                                                                              │
│  │ Digest: B5Q6KzAGY2xzd4ixsfgJgPGZb2KkZgJvLaNaCeK5atpq                                           │
│  └──                                                                                              │
│  ┌──                                                                                              │
│  │ ID: 0xb0b6745d74734fb22bb66627285692131777bc1e1abacd6cd36946672fd52087                         │
│  │ Owner: Account Address ( 0x13a75ba9e38bcd05b92c37e771fd3068c8b55d81bb6622f14b387a53123d7ab1 )  │
│  │ Version: 98624814                                                                              │
│  │ Digest: 2wzUuCNUBTS8Mo8W2L78qbaAxFuj9yVWjukfSoZEhF5V                                           │
│  └──                                                                                              │
│ Gas Object:                                                                                       │
│  ┌──                                                                                              │
│  │ ID: 0xb0b6745d74734fb22bb66627285692131777bc1e1abacd6cd36946672fd52087                         │
│  │ Owner: Account Address ( 0x13a75ba9e38bcd05b92c37e771fd3068c8b55d81bb6622f14b387a53123d7ab1 )  │
│  │ Version: 98624814                                                                              │
│  │ Digest: 2wzUuCNUBTS8Mo8W2L78qbaAxFuj9yVWjukfSoZEhF5V                                           │
│  └──                                                                                              │
│ Gas Cost Summary:                                                                                 │
│    Storage Cost: 6042000 MIST                                                                     │
│    Computation Cost: 758000 MIST                                                                  │
│    Storage Rebate: 2625876 MIST                                                                   │
│    Non-refundable Storage Fee: 26524 MIST                                                         │
│                                                                                                   │
│ Transaction Dependencies:                                                                         │
│    24JCJS2GRRUqKmfsYxAWFsixg68M621duapmB6iCmTLJ                                                   │
│    FMiGzxRrf2s4fH8b7haU2kzdBsBpNYthRu8q2SxTfctz                                                   │
╰───────────────────────────────────────────────────────────────────────────────────────────────────╯
╭─────────────────────────────────────────────────────────────────────────────────────────────────────────────────╮
│ Transaction Block Events                                                                                        │
├─────────────────────────────────────────────────────────────────────────────────────────────────────────────────┤
│  ┌──                                                                                                            │
│  │ EventID: 6Q78uDHoyfvCA12WDxvdTk5zyCqYqGPPEZAKE1xcvwMZ:0                                                      │
│  │ PackageID: 0x41a3350004440adf89a2f837c1e4c0bf1fe4edf6e08b56383ccb5c1606f210c1                                │
│  │ Transaction Module: attendance                                                                               │
│  │ Sender: 0x13a75ba9e38bcd05b92c37e771fd3068c8b55d81bb6622f14b387a53123d7ab1                                   │
│  │ EventType: 0x41a3350004440adf89a2f837c1e4c0bf1fe4edf6e08b56383ccb5c1606f210c1::attendance::AttendanceCreated │
│  │ ParsedJSON:                                                                                                  │
│  │   ┌─────────┬────────────────────────────────────────────────────────────────────┐                           │
│  │   │ id      │ 0xe9aa7833ea58dd6ed9255f579f1ef443e63cae83a45b9e87be2a160ed3c7192d │                           │
│  │   ├─────────┼────────────────────────────────────────────────────────────────────┤                           │
│  │   │ meet_id │ 0x49b6ea50eaf249f6ded5fb1a096a6297e428ab97f1dc1f873e91ba8a9a8a6073 │                           │
│  │   ├─────────┼────────────────────────────────────────────────────────────────────┤                           │
│  │   │ tier    │ 3                                                                  │                           │
│  │   └─────────┴────────────────────────────────────────────────────────────────────┘                           │
│  └──                                                                                                            │
╰─────────────────────────────────────────────────────────────────────────────────────────────────────────────────╯
╭────────────────────────────────────────────────────────────────────────────────────────────────────────────╮
│ Object Changes                                                                                             │
├────────────────────────────────────────────────────────────────────────────────────────────────────────────┤
│ Created Objects:                                                                                           │
│  ┌──                                                                                                       │
│  │ ObjectID: 0xe9aa7833ea58dd6ed9255f579f1ef443e63cae83a45b9e87be2a160ed3c7192d                            │
│  │ Sender: 0x13a75ba9e38bcd05b92c37e771fd3068c8b55d81bb6622f14b387a53123d7ab1                              │
│  │ Owner: Account Address ( 0x157b2d3e6ef7bec33c2af349732178a5916467b655d9b91b1da274c00e6be4f1 )           │
│  │ ObjectType: 0x41a3350004440adf89a2f837c1e4c0bf1fe4edf6e08b56383ccb5c1606f210c1::attendance::Attendance  │
│  │ Version: 98624814                                                                                       │
│  │ Digest: GhK7pbD8vWxDtX9TAsAyneffAEQdLXpM1qHbHpREkiBt                                                    │
│  └──                                                                                                       │
│ Mutated Objects:                                                                                           │
│  ┌──                                                                                                       │
│  │ ObjectID: 0x49b6ea50eaf249f6ded5fb1a096a6297e428ab97f1dc1f873e91ba8a9a8a6073                            │
│  │ Sender: 0x13a75ba9e38bcd05b92c37e771fd3068c8b55d81bb6622f14b387a53123d7ab1                              │
│  │ Owner: Account Address ( 0x13a75ba9e38bcd05b92c37e771fd3068c8b55d81bb6622f14b387a53123d7ab1 )           │
│  │ ObjectType: 0x41a3350004440adf89a2f837c1e4c0bf1fe4edf6e08b56383ccb5c1606f210c1::meet::Meet              │
│  │ Version: 98624814                                                                                       │
│  │ Digest: B5Q6KzAGY2xzd4ixsfgJgPGZb2KkZgJvLaNaCeK5atpq                                                    │
│  └──                                                                                                       │
│  ┌──                                                                                                       │
│  │ ObjectID: 0xb0b6745d74734fb22bb66627285692131777bc1e1abacd6cd36946672fd52087                            │
│  │ Sender: 0x13a75ba9e38bcd05b92c37e771fd3068c8b55d81bb6622f14b387a53123d7ab1                              │
│  │ Owner: Account Address ( 0x13a75ba9e38bcd05b92c37e771fd3068c8b55d81bb6622f14b387a53123d7ab1 )           │
│  │ ObjectType: 0x2::coin::Coin<0x2::sui::SUI>                                                              │
│  │ Version: 98624814                                                                                       │
│  │ Digest: 2wzUuCNUBTS8Mo8W2L78qbaAxFuj9yVWjukfSoZEhF5V                                                    │
│  └──                                                                                                       │
╰────────────────────────────────────────────────────────────────────────────────────────────────────────────╯
╭───────────────────────────────────────────────────────────────────────────────────────────────────╮
│ Balance Changes                                                                                   │
├───────────────────────────────────────────────────────────────────────────────────────────────────┤
│  ┌──                                                                                              │
│  │ Owner: Account Address ( 0x13a75ba9e38bcd05b92c37e771fd3068c8b55d81bb6622f14b387a53123d7ab1 )  │
│  │ CoinType: 0x2::sui::SUI                                                                        │
│  │ Amount: -4174124                                                                               │
│  └──                                                                                              │
╰───────────────────────────────────────────────────────────────────────────────────────────────────╯

