2024-07-22T16:34:52
Transaction Digest: A4RdqL6ZwZD9ZHysSr3uX5wB9uj3keT8MpDpETRFii7y
╭─────────────────────────────────────────────────────────────────────────────────────────────────────────────────────────────────────────────────────────────╮
│ Transaction Data                                                                                                                                            │
├─────────────────────────────────────────────────────────────────────────────────────────────────────────────────────────────────────────────────────────────┤
│ Sender: 0x13a75ba9e38bcd05b92c37e771fd3068c8b55d81bb6622f14b387a53123d7ab1                                                                                  │
│ Gas Owner: 0x13a75ba9e38bcd05b92c37e771fd3068c8b55d81bb6622f14b387a53123d7ab1                                                                               │
│ Gas Budget: 500000000 MIST                                                                                                                                  │
│ Gas Price: 758 MIST                                                                                                                                         │
│ Gas Payment:                                                                                                                                                │
│  ┌──                                                                                                                                                        │
│  │ ID: 0xb0b6745d74734fb22bb66627285692131777bc1e1abacd6cd36946672fd52087                                                                                   │
│  │ Version: 98624882                                                                                                                                        │
│  │ Digest: Coy5pjiSMFerPSwRio8q6UgY5zi1FvvEJtU4GxS4MeaQ                                                                                                     │
│  └──                                                                                                                                                        │
│                                                                                                                                                             │
│ Transaction Kind: Programmable                                                                                                                              │
│ ╭─────────────────────────────────────────────────────────────────────────────────────────────────────────────────────────────────────────────────────────╮ │
│ │ Input Objects                                                                                                                                           │ │
│ ├─────────────────────────────────────────────────────────────────────────────────────────────────────────────────────────────────────────────────────────┤ │
│ │ 0   Imm/Owned Object ID: 0x49b6ea50eaf249f6ded5fb1a096a6297e428ab97f1dc1f873e91ba8a9a8a6073                                                             │ │
│ │ 1   Pure Arg: Type: 0x1::string::String, Value: "3rd Place Winner at Sui Overflow 2024 - Randomness"                                                    │ │
│ │ 2   Pure Arg: Type: 0x1::string::String, Value: "Congratulations! This hacker from HexCapsule won 3rd Place at the 2024 Sui Overflow global hackathon!" │ │
│ │ 3   Pure Arg: Type: 0x1::string::String, Value: "https://github.com/sui-foundation/attendance-nft/raw/main/gifs/overflow-3rd.gif"                       │ │
│ │ 4   Pure Arg: Type: u8, Value: 3                                                                                                                        │ │
│ │ 5   Pure Arg: Type: address, Value: "0xffc5bc3732f201892df5d2839b86957abcf42dfe66dc79383fe107f6548bc2bf"                                                │ │
│ ╰─────────────────────────────────────────────────────────────────────────────────────────────────────────────────────────────────────────────────────────╯ │
│ ╭──────────────────────────────────────────────────────────────────────────────────╮                                                                        │
│ │ Commands                                                                         │                                                                        │
│ ├──────────────────────────────────────────────────────────────────────────────────┤                                                                        │
│ │ 0  MoveCall:                                                                     │                                                                        │
│ │  ┌                                                                               │                                                                        │
│ │  │ Function:  mint_and_transfer                                                  │                                                                        │
│ │  │ Module:    attendance                                                         │                                                                        │
│ │  │ Package:   0x41a3350004440adf89a2f837c1e4c0bf1fe4edf6e08b56383ccb5c1606f210c1 │                                                                        │
│ │  │ Arguments:                                                                    │                                                                        │
│ │  │   Input  0                                                                    │                                                                        │
│ │  │   Input  1                                                                    │                                                                        │
│ │  │   Input  2                                                                    │                                                                        │
│ │  │   Input  3                                                                    │                                                                        │
│ │  │   Input  4                                                                    │                                                                        │
│ │  │   Input  5                                                                    │                                                                        │
│ │  └                                                                               │                                                                        │
│ ╰──────────────────────────────────────────────────────────────────────────────────╯                                                                        │
│                                                                                                                                                             │
│ Signatures:                                                                                                                                                 │
│    9xVKJ5pudude4Ubd/nve0ootj3gfAyVnSXZ+lpXl7qRa9n0PCSN0QT4U3bJB2xbMspYgzPkacmOw/2z+lfjkBw==                                                                 │
│                                                                                                                                                             │
╰─────────────────────────────────────────────────────────────────────────────────────────────────────────────────────────────────────────────────────────────╯
╭───────────────────────────────────────────────────────────────────────────────────────────────────╮
│ Transaction Effects                                                                               │
├───────────────────────────────────────────────────────────────────────────────────────────────────┤
│ Digest: A4RdqL6ZwZD9ZHysSr3uX5wB9uj3keT8MpDpETRFii7y                                              │
│ Status: Success                                                                                   │
│ Executed Epoch: 467                                                                               │
│                                                                                                   │
│ Created Objects:                                                                                  │
│  ┌──                                                                                              │
│  │ ID: 0xc05ccae3fd368ffadf52009f89c6df6598e20ca7de5c11e589c2e69c8846d1ff                         │
│  │ Owner: Account Address ( 0xffc5bc3732f201892df5d2839b86957abcf42dfe66dc79383fe107f6548bc2bf )  │
│  │ Version: 98624883                                                                              │
│  │ Digest: tdBgndJWLNysHpnYZuHkiQgY2FjU2XqFqxw1K9xDs6o                                            │
│  └──                                                                                              │
│ Mutated Objects:                                                                                  │
│  ┌──                                                                                              │
│  │ ID: 0x49b6ea50eaf249f6ded5fb1a096a6297e428ab97f1dc1f873e91ba8a9a8a6073                         │
│  │ Owner: Account Address ( 0x13a75ba9e38bcd05b92c37e771fd3068c8b55d81bb6622f14b387a53123d7ab1 )  │
│  │ Version: 98624883                                                                              │
│  │ Digest: FYAmy6RnyC8S9BuhGLk2qGG7wa1okPHXawDZbDGhC6wr                                           │
│  └──                                                                                              │
│  ┌──                                                                                              │
│  │ ID: 0xb0b6745d74734fb22bb66627285692131777bc1e1abacd6cd36946672fd52087                         │
│  │ Owner: Account Address ( 0x13a75ba9e38bcd05b92c37e771fd3068c8b55d81bb6622f14b387a53123d7ab1 )  │
│  │ Version: 98624883                                                                              │
│  │ Digest: Dexc1BU8yRKs1m9eQjJ3WrVLQd2WGCGRsFLUehDmr9KN                                           │
│  └──                                                                                              │
│ Gas Object:                                                                                       │
│  ┌──                                                                                              │
│  │ ID: 0xb0b6745d74734fb22bb66627285692131777bc1e1abacd6cd36946672fd52087                         │
│  │ Owner: Account Address ( 0x13a75ba9e38bcd05b92c37e771fd3068c8b55d81bb6622f14b387a53123d7ab1 )  │
│  │ Version: 98624883                                                                              │
│  │ Digest: Dexc1BU8yRKs1m9eQjJ3WrVLQd2WGCGRsFLUehDmr9KN                                           │
│  └──                                                                                              │
│ Gas Cost Summary:                                                                                 │
│    Storage Cost: 6019200 MIST                                                                     │
│    Computation Cost: 758000 MIST                                                                  │
│    Storage Rebate: 2625876 MIST                                                                   │
│    Non-refundable Storage Fee: 26524 MIST                                                         │
│                                                                                                   │
│ Transaction Dependencies:                                                                         │
│    EwNraGaCEKRQ7vi8xjormu2nqbcru1keThP1SHUp8NN2                                                   │
│    FMiGzxRrf2s4fH8b7haU2kzdBsBpNYthRu8q2SxTfctz                                                   │
╰───────────────────────────────────────────────────────────────────────────────────────────────────╯
╭─────────────────────────────────────────────────────────────────────────────────────────────────────────────────╮
│ Transaction Block Events                                                                                        │
├─────────────────────────────────────────────────────────────────────────────────────────────────────────────────┤
│  ┌──                                                                                                            │
│  │ EventID: A4RdqL6ZwZD9ZHysSr3uX5wB9uj3keT8MpDpETRFii7y:0                                                      │
│  │ PackageID: 0x41a3350004440adf89a2f837c1e4c0bf1fe4edf6e08b56383ccb5c1606f210c1                                │
│  │ Transaction Module: attendance                                                                               │
│  │ Sender: 0x13a75ba9e38bcd05b92c37e771fd3068c8b55d81bb6622f14b387a53123d7ab1                                   │
│  │ EventType: 0x41a3350004440adf89a2f837c1e4c0bf1fe4edf6e08b56383ccb5c1606f210c1::attendance::AttendanceCreated │
│  │ ParsedJSON:                                                                                                  │
│  │   ┌─────────┬────────────────────────────────────────────────────────────────────┐                           │
│  │   │ id      │ 0xc05ccae3fd368ffadf52009f89c6df6598e20ca7de5c11e589c2e69c8846d1ff │                           │
│  │   ├─────────┼────────────────────────────────────────────────────────────────────┤                           │
│  │   │ meet_id │ 0x49b6ea50eaf249f6ded5fb1a096a6297e428ab97f1dc1f873e91ba8a9a8a6073 │                           │
│  │   ├─────────┼────────────────────────────────────────────────────────────────────┤                           │
│  │   │ tier    │ 3                                                                  │                           │
│  │   └─────────┴────────────────────────────────────────────────────────────────────┘                           │
│  └──                                                                                                            │
╰─────────────────────────────────────────────────────────────────────────────────────────────────────────────────╯
╭────────────────────────────────────────────────────────────────────────────────────────────────────────────╮
│ Object Changes                                                                                             │
├────────────────────────────────────────────────────────────────────────────────────────────────────────────┤
│ Created Objects:                                                                                           │
│  ┌──                                                                                                       │
│  │ ObjectID: 0xc05ccae3fd368ffadf52009f89c6df6598e20ca7de5c11e589c2e69c8846d1ff                            │
│  │ Sender: 0x13a75ba9e38bcd05b92c37e771fd3068c8b55d81bb6622f14b387a53123d7ab1                              │
│  │ Owner: Account Address ( 0xffc5bc3732f201892df5d2839b86957abcf42dfe66dc79383fe107f6548bc2bf )           │
│  │ ObjectType: 0x41a3350004440adf89a2f837c1e4c0bf1fe4edf6e08b56383ccb5c1606f210c1::attendance::Attendance  │
│  │ Version: 98624883                                                                                       │
│  │ Digest: tdBgndJWLNysHpnYZuHkiQgY2FjU2XqFqxw1K9xDs6o                                                     │
│  └──                                                                                                       │
│ Mutated Objects:                                                                                           │
│  ┌──                                                                                                       │
│  │ ObjectID: 0x49b6ea50eaf249f6ded5fb1a096a6297e428ab97f1dc1f873e91ba8a9a8a6073                            │
│  │ Sender: 0x13a75ba9e38bcd05b92c37e771fd3068c8b55d81bb6622f14b387a53123d7ab1                              │
│  │ Owner: Account Address ( 0x13a75ba9e38bcd05b92c37e771fd3068c8b55d81bb6622f14b387a53123d7ab1 )           │
│  │ ObjectType: 0x41a3350004440adf89a2f837c1e4c0bf1fe4edf6e08b56383ccb5c1606f210c1::meet::Meet              │
│  │ Version: 98624883                                                                                       │
│  │ Digest: FYAmy6RnyC8S9BuhGLk2qGG7wa1okPHXawDZbDGhC6wr                                                    │
│  └──                                                                                                       │
│  ┌──                                                                                                       │
│  │ ObjectID: 0xb0b6745d74734fb22bb66627285692131777bc1e1abacd6cd36946672fd52087                            │
│  │ Sender: 0x13a75ba9e38bcd05b92c37e771fd3068c8b55d81bb6622f14b387a53123d7ab1                              │
│  │ Owner: Account Address ( 0x13a75ba9e38bcd05b92c37e771fd3068c8b55d81bb6622f14b387a53123d7ab1 )           │
│  │ ObjectType: 0x2::coin::Coin<0x2::sui::SUI>                                                              │
│  │ Version: 98624883                                                                                       │
│  │ Digest: Dexc1BU8yRKs1m9eQjJ3WrVLQd2WGCGRsFLUehDmr9KN                                                    │
│  └──                                                                                                       │
╰────────────────────────────────────────────────────────────────────────────────────────────────────────────╯
╭───────────────────────────────────────────────────────────────────────────────────────────────────╮
│ Balance Changes                                                                                   │
├───────────────────────────────────────────────────────────────────────────────────────────────────┤
│  ┌──                                                                                              │
│  │ Owner: Account Address ( 0x13a75ba9e38bcd05b92c37e771fd3068c8b55d81bb6622f14b387a53123d7ab1 )  │
│  │ CoinType: 0x2::sui::SUI                                                                        │
│  │ Amount: -4151324                                                                               │
│  └──                                                                                              │
╰───────────────────────────────────────────────────────────────────────────────────────────────────╯

