2024-07-10T23:46:46
Transaction Digest: 8nSie9KPNhVY17dS75BpkxY2jU27yXmgWGtg82N3bHMt
╭──────────────────────────────────────────────────────────────────────────────────────────────────────────────────────────────────────────────────────────╮
│ Transaction Data                                                                                                                                         │
├──────────────────────────────────────────────────────────────────────────────────────────────────────────────────────────────────────────────────────────┤
│ Sender: 0x13a75ba9e38bcd05b92c37e771fd3068c8b55d81bb6622f14b387a53123d7ab1                                                                               │
│ Gas Owner: 0x13a75ba9e38bcd05b92c37e771fd3068c8b55d81bb6622f14b387a53123d7ab1                                                                            │
│ Gas Budget: 500000000 MIST                                                                                                                               │
│ Gas Price: 758 MIST                                                                                                                                      │
│ Gas Payment:                                                                                                                                             │
│  ┌──                                                                                                                                                     │
│  │ ID: 0xb0b6745d74734fb22bb66627285692131777bc1e1abacd6cd36946672fd52087                                                                                │
│  │ Version: 98624869                                                                                                                                     │
│  │ Digest: 8cEtrXRwPEhfUmooF74o2zLzL1wTRMpfYoT6jSwKoZKX                                                                                                  │
│  └──                                                                                                                                                     │
│                                                                                                                                                          │
│ Transaction Kind: Programmable                                                                                                                           │
│ ╭──────────────────────────────────────────────────────────────────────────────────────────────────────────────────────────────────────────────────────╮ │
│ │ Input Objects                                                                                                                                        │ │
│ ├──────────────────────────────────────────────────────────────────────────────────────────────────────────────────────────────────────────────────────┤ │
│ │ 0   Imm/Owned Object ID: 0x49b6ea50eaf249f6ded5fb1a096a6297e428ab97f1dc1f873e91ba8a9a8a6073                                                          │ │
│ │ 1   Pure Arg: Type: 0x1::string::String, Value: "1st Place Winner at Sui Overflow 2024 - Gaming"                                                     │ │
│ │ 2   Pure Arg: Type: 0x1::string::String, Value: "Congratulations! This hacker from AresRPG won 1st Place at the 2024 Sui Overflow global hackathon!" │ │
│ │ 3   Pure Arg: Type: 0x1::string::String, Value: "https://github.com/sui-foundation/attendance-nft/raw/main/gifs/overflow-1st.gif"                    │ │
│ │ 4   Pure Arg: Type: u8, Value: 1                                                                                                                     │ │
│ │ 5   Pure Arg: Type: address, Value: "0x306e427a52f9bebf4533343f9af02f81bb2e41001f984bed4a2e58ddb254cab3"                                             │ │
│ ╰──────────────────────────────────────────────────────────────────────────────────────────────────────────────────────────────────────────────────────╯ │
│ ╭──────────────────────────────────────────────────────────────────────────────────╮                                                                     │
│ │ Commands                                                                         │                                                                     │
│ ├──────────────────────────────────────────────────────────────────────────────────┤                                                                     │
│ │ 0  MoveCall:                                                                     │                                                                     │
│ │  ┌                                                                               │                                                                     │
│ │  │ Function:  mint_and_transfer                                                  │                                                                     │
│ │  │ Module:    attendance                                                         │                                                                     │
│ │  │ Package:   0x41a3350004440adf89a2f837c1e4c0bf1fe4edf6e08b56383ccb5c1606f210c1 │                                                                     │
│ │  │ Arguments:                                                                    │                                                                     │
│ │  │   Input  0                                                                    │                                                                     │
│ │  │   Input  1                                                                    │                                                                     │
│ │  │   Input  2                                                                    │                                                                     │
│ │  │   Input  3                                                                    │                                                                     │
│ │  │   Input  4                                                                    │                                                                     │
│ │  │   Input  5                                                                    │                                                                     │
│ │  └                                                                               │                                                                     │
│ ╰──────────────────────────────────────────────────────────────────────────────────╯                                                                     │
│                                                                                                                                                          │
│ Signatures:                                                                                                                                              │
│    ZetkwByRpK2HPs2Sn1VsOQe7UuxNshM0luvS+MbZ6tkPJykuCx0Jbopqw94Z/MjilsWjGbgqshzeGNGPJXJCBw==                                                              │
│                                                                                                                                                          │
╰──────────────────────────────────────────────────────────────────────────────────────────────────────────────────────────────────────────────────────────╯
╭───────────────────────────────────────────────────────────────────────────────────────────────────╮
│ Transaction Effects                                                                               │
├───────────────────────────────────────────────────────────────────────────────────────────────────┤
│ Digest: 8nSie9KPNhVY17dS75BpkxY2jU27yXmgWGtg82N3bHMt                                              │
│ Status: Success                                                                                   │
│ Executed Epoch: 455                                                                               │
│                                                                                                   │
│ Created Objects:                                                                                  │
│  ┌──                                                                                              │
│  │ ID: 0xd35ea8b94c720e009c4a14c287144a94b6ea3b06ca90c9d4a3b7c10e3bbbe26a                         │
│  │ Owner: Account Address ( 0x306e427a52f9bebf4533343f9af02f81bb2e41001f984bed4a2e58ddb254cab3 )  │
│  │ Version: 98624870                                                                              │
│  │ Digest: 6T6E6mL87onkgLXU6grGNzrvW1Katd7rt4RQJf5PEBtq                                           │
│  └──                                                                                              │
│ Mutated Objects:                                                                                  │
│  ┌──                                                                                              │
│  │ ID: 0x49b6ea50eaf249f6ded5fb1a096a6297e428ab97f1dc1f873e91ba8a9a8a6073                         │
│  │ Owner: Account Address ( 0x13a75ba9e38bcd05b92c37e771fd3068c8b55d81bb6622f14b387a53123d7ab1 )  │
│  │ Version: 98624870                                                                              │
│  │ Digest: 58fXmwBJ4b4fBqKVwnSFCcssVLNJK3Esaf9yw2LjyQnT                                           │
│  └──                                                                                              │
│  ┌──                                                                                              │
│  │ ID: 0xb0b6745d74734fb22bb66627285692131777bc1e1abacd6cd36946672fd52087                         │
│  │ Owner: Account Address ( 0x13a75ba9e38bcd05b92c37e771fd3068c8b55d81bb6622f14b387a53123d7ab1 )  │
│  │ Version: 98624870                                                                              │
│  │ Digest: AsAM8AkFnc57pUhbRrsohxuAvSHej2Pyi72bhgtd84gP                                           │
│  └──                                                                                              │
│ Gas Object:                                                                                       │
│  ┌──                                                                                              │
│  │ ID: 0xb0b6745d74734fb22bb66627285692131777bc1e1abacd6cd36946672fd52087                         │
│  │ Owner: Account Address ( 0x13a75ba9e38bcd05b92c37e771fd3068c8b55d81bb6622f14b387a53123d7ab1 )  │
│  │ Version: 98624870                                                                              │
│  │ Digest: AsAM8AkFnc57pUhbRrsohxuAvSHej2Pyi72bhgtd84gP                                           │
│  └──                                                                                              │
│ Gas Cost Summary:                                                                                 │
│    Storage Cost: 5966000 MIST                                                                     │
│    Computation Cost: 758000 MIST                                                                  │
│    Storage Rebate: 2625876 MIST                                                                   │
│    Non-refundable Storage Fee: 26524 MIST                                                         │
│                                                                                                   │
│ Transaction Dependencies:                                                                         │
│    FMiGzxRrf2s4fH8b7haU2kzdBsBpNYthRu8q2SxTfctz                                                   │
│    G9KU2fF9o2X27iAHUkMUxqF83pbJkLBMhZ8YDrJHXFBh                                                   │
╰───────────────────────────────────────────────────────────────────────────────────────────────────╯
╭─────────────────────────────────────────────────────────────────────────────────────────────────────────────────╮
│ Transaction Block Events                                                                                        │
├─────────────────────────────────────────────────────────────────────────────────────────────────────────────────┤
│  ┌──                                                                                                            │
│  │ EventID: 8nSie9KPNhVY17dS75BpkxY2jU27yXmgWGtg82N3bHMt:0                                                      │
│  │ PackageID: 0x41a3350004440adf89a2f837c1e4c0bf1fe4edf6e08b56383ccb5c1606f210c1                                │
│  │ Transaction Module: attendance                                                                               │
│  │ Sender: 0x13a75ba9e38bcd05b92c37e771fd3068c8b55d81bb6622f14b387a53123d7ab1                                   │
│  │ EventType: 0x41a3350004440adf89a2f837c1e4c0bf1fe4edf6e08b56383ccb5c1606f210c1::attendance::AttendanceCreated │
│  │ ParsedJSON:                                                                                                  │
│  │   ┌─────────┬────────────────────────────────────────────────────────────────────┐                           │
│  │   │ id      │ 0xd35ea8b94c720e009c4a14c287144a94b6ea3b06ca90c9d4a3b7c10e3bbbe26a │                           │
│  │   ├─────────┼────────────────────────────────────────────────────────────────────┤                           │
│  │   │ meet_id │ 0x49b6ea50eaf249f6ded5fb1a096a6297e428ab97f1dc1f873e91ba8a9a8a6073 │                           │
│  │   ├─────────┼────────────────────────────────────────────────────────────────────┤                           │
│  │   │ tier    │ 1                                                                  │                           │
│  │   └─────────┴────────────────────────────────────────────────────────────────────┘                           │
│  └──                                                                                                            │
╰─────────────────────────────────────────────────────────────────────────────────────────────────────────────────╯
╭────────────────────────────────────────────────────────────────────────────────────────────────────────────╮
│ Object Changes                                                                                             │
├────────────────────────────────────────────────────────────────────────────────────────────────────────────┤
│ Created Objects:                                                                                           │
│  ┌──                                                                                                       │
│  │ ObjectID: 0xd35ea8b94c720e009c4a14c287144a94b6ea3b06ca90c9d4a3b7c10e3bbbe26a                            │
│  │ Sender: 0x13a75ba9e38bcd05b92c37e771fd3068c8b55d81bb6622f14b387a53123d7ab1                              │
│  │ Owner: Account Address ( 0x306e427a52f9bebf4533343f9af02f81bb2e41001f984bed4a2e58ddb254cab3 )           │
│  │ ObjectType: 0x41a3350004440adf89a2f837c1e4c0bf1fe4edf6e08b56383ccb5c1606f210c1::attendance::Attendance  │
│  │ Version: 98624870                                                                                       │
│  │ Digest: 6T6E6mL87onkgLXU6grGNzrvW1Katd7rt4RQJf5PEBtq                                                    │
│  └──                                                                                                       │
│ Mutated Objects:                                                                                           │
│  ┌──                                                                                                       │
│  │ ObjectID: 0x49b6ea50eaf249f6ded5fb1a096a6297e428ab97f1dc1f873e91ba8a9a8a6073                            │
│  │ Sender: 0x13a75ba9e38bcd05b92c37e771fd3068c8b55d81bb6622f14b387a53123d7ab1                              │
│  │ Owner: Account Address ( 0x13a75ba9e38bcd05b92c37e771fd3068c8b55d81bb6622f14b387a53123d7ab1 )           │
│  │ ObjectType: 0x41a3350004440adf89a2f837c1e4c0bf1fe4edf6e08b56383ccb5c1606f210c1::meet::Meet              │
│  │ Version: 98624870                                                                                       │
│  │ Digest: 58fXmwBJ4b4fBqKVwnSFCcssVLNJK3Esaf9yw2LjyQnT                                                    │
│  └──                                                                                                       │
│  ┌──                                                                                                       │
│  │ ObjectID: 0xb0b6745d74734fb22bb66627285692131777bc1e1abacd6cd36946672fd52087                            │
│  │ Sender: 0x13a75ba9e38bcd05b92c37e771fd3068c8b55d81bb6622f14b387a53123d7ab1                              │
│  │ Owner: Account Address ( 0x13a75ba9e38bcd05b92c37e771fd3068c8b55d81bb6622f14b387a53123d7ab1 )           │
│  │ ObjectType: 0x2::coin::Coin<0x2::sui::SUI>                                                              │
│  │ Version: 98624870                                                                                       │
│  │ Digest: AsAM8AkFnc57pUhbRrsohxuAvSHej2Pyi72bhgtd84gP                                                    │
│  └──                                                                                                       │
╰────────────────────────────────────────────────────────────────────────────────────────────────────────────╯
╭───────────────────────────────────────────────────────────────────────────────────────────────────╮
│ Balance Changes                                                                                   │
├───────────────────────────────────────────────────────────────────────────────────────────────────┤
│  ┌──                                                                                              │
│  │ Owner: Account Address ( 0x13a75ba9e38bcd05b92c37e771fd3068c8b55d81bb6622f14b387a53123d7ab1 )  │
│  │ CoinType: 0x2::sui::SUI                                                                        │
│  │ Amount: -4098124                                                                               │
│  └──                                                                                              │
╰───────────────────────────────────────────────────────────────────────────────────────────────────╯

