2024-07-10T21:40:34
2024-07-10T21:40:39
2024-07-10T21:41:24
Transaction Digest: CqH6toYRVR2epEWzBwiLeM6RSKBEfpnh6yJum11dVr4R
╭───────────────────────────────────────────────────────────────────────────────────────────────────────────────────────────────────────────────────────────────╮
│ Transaction Data                                                                                                                                              │
├───────────────────────────────────────────────────────────────────────────────────────────────────────────────────────────────────────────────────────────────┤
│ Sender: 0x13a75ba9e38bcd05b92c37e771fd3068c8b55d81bb6622f14b387a53123d7ab1                                                                                    │
│ Gas Owner: 0x13a75ba9e38bcd05b92c37e771fd3068c8b55d81bb6622f14b387a53123d7ab1                                                                                 │
│ Gas Budget: 500000000 MIST                                                                                                                                    │
│ Gas Price: 758 MIST                                                                                                                                           │
│ Gas Payment:                                                                                                                                                  │
│  ┌──                                                                                                                                                          │
│  │ ID: 0xb0b6745d74734fb22bb66627285692131777bc1e1abacd6cd36946672fd52087                                                                                     │
│  │ Version: 98624807                                                                                                                                          │
│  │ Digest: fpdMQamaP7TrYGwguuew1TuWRLrUM6hrVjVfMUdizZE                                                                                                        │
│  └──                                                                                                                                                          │
│                                                                                                                                                               │
│ Transaction Kind: Programmable                                                                                                                                │
│ ╭───────────────────────────────────────────────────────────────────────────────────────────────────────────────────────────────────────────────────────────╮ │
│ │ Input Objects                                                                                                                                             │ │
│ ├───────────────────────────────────────────────────────────────────────────────────────────────────────────────────────────────────────────────────────────┤ │
│ │ 0   Imm/Owned Object ID: 0x49b6ea50eaf249f6ded5fb1a096a6297e428ab97f1dc1f873e91ba8a9a8a6073                                                               │ │
│ │ 1   Pure Arg: Type: 0x1::string::String, Value: "3rd Place Winner at Sui Overflow 2024 - Advanced Move"                                                   │ │
│ │ 2   Pure Arg: Type: 0x1::string::String, Value: "Congratulations! This hacker from Sui Metadata won 3rd Place at the 2024 Sui Overflow global hackathon!" │ │
│ │ 3   Pure Arg: Type: 0x1::string::String, Value: "https://github.com/sui-foundation/attendance-nft/raw/main/gifs/overflow-3rd.gif"                         │ │
│ │ 4   Pure Arg: Type: u8, Value: 3                                                                                                                          │ │
│ │ 5   Pure Arg: Type: address, Value: "0x9e40f545a7d69f1d59c84357a1cf33951bac6f60a9fb6b66e6669188beb4b3a7"                                                  │ │
│ ╰───────────────────────────────────────────────────────────────────────────────────────────────────────────────────────────────────────────────────────────╯ │
│ ╭──────────────────────────────────────────────────────────────────────────────────╮                                                                          │
│ │ Commands                                                                         │                                                                          │
│ ├──────────────────────────────────────────────────────────────────────────────────┤                                                                          │
│ │ 0  MoveCall:                                                                     │                                                                          │
│ │  ┌                                                                               │                                                                          │
│ │  │ Function:  mint_and_transfer                                                  │                                                                          │
│ │  │ Module:    attendance                                                         │                                                                          │
│ │  │ Package:   0x41a3350004440adf89a2f837c1e4c0bf1fe4edf6e08b56383ccb5c1606f210c1 │                                                                          │
│ │  │ Arguments:                                                                    │                                                                          │
│ │  │   Input  0                                                                    │                                                                          │
│ │  │   Input  1                                                                    │                                                                          │
│ │  │   Input  2                                                                    │                                                                          │
│ │  │   Input  3                                                                    │                                                                          │
│ │  │   Input  4                                                                    │                                                                          │
│ │  │   Input  5                                                                    │                                                                          │
│ │  └                                                                               │                                                                          │
│ ╰──────────────────────────────────────────────────────────────────────────────────╯                                                                          │
│                                                                                                                                                               │
│ Signatures:                                                                                                                                                   │
│    1m9qtvCr+aNgBwc+aNhOPzbt14Mxy71yobODJScKrRrl23LUL+Cq62fCJkukSZ2FqTmPDOCL57Ewy0y1x+eeBQ==                                                                   │
│                                                                                                                                                               │
╰───────────────────────────────────────────────────────────────────────────────────────────────────────────────────────────────────────────────────────────────╯
╭───────────────────────────────────────────────────────────────────────────────────────────────────╮
│ Transaction Effects                                                                               │
├───────────────────────────────────────────────────────────────────────────────────────────────────┤
│ Digest: CqH6toYRVR2epEWzBwiLeM6RSKBEfpnh6yJum11dVr4R                                              │
│ Status: Success                                                                                   │
│ Executed Epoch: 455                                                                               │
│                                                                                                   │
│ Created Objects:                                                                                  │
│  ┌──                                                                                              │
│  │ ID: 0xba95e69fe2474acda6c37604091477d03c6c5b71dbe0d8f6e762a987bcbd4dc7                         │
│  │ Owner: Account Address ( 0x9e40f545a7d69f1d59c84357a1cf33951bac6f60a9fb6b66e6669188beb4b3a7 )  │
│  │ Version: 98624811                                                                              │
│  │ Digest: AWL6z8qYaM8CZoYgzDbdHci2rUx57dCHwS5JSaig18Jt                                           │
│  └──                                                                                              │
│ Mutated Objects:                                                                                  │
│  ┌──                                                                                              │
│  │ ID: 0x49b6ea50eaf249f6ded5fb1a096a6297e428ab97f1dc1f873e91ba8a9a8a6073                         │
│  │ Owner: Account Address ( 0x13a75ba9e38bcd05b92c37e771fd3068c8b55d81bb6622f14b387a53123d7ab1 )  │
│  │ Version: 98624811                                                                              │
│  │ Digest: E4EGNDp6rqxY4u89jaBzLnFHFY9awoiiQLmTqHpj7XmX                                           │
│  └──                                                                                              │
│  ┌──                                                                                              │
│  │ ID: 0xb0b6745d74734fb22bb66627285692131777bc1e1abacd6cd36946672fd52087                         │
│  │ Owner: Account Address ( 0x13a75ba9e38bcd05b92c37e771fd3068c8b55d81bb6622f14b387a53123d7ab1 )  │
│  │ Version: 98624811                                                                              │
│  │ Digest: 3rduUynmXxGKbdqNqhmsadLGV62CeR7vrmeDjthEVZn9                                           │
│  └──                                                                                              │
│ Gas Object:                                                                                       │
│  ┌──                                                                                              │
│  │ ID: 0xb0b6745d74734fb22bb66627285692131777bc1e1abacd6cd36946672fd52087                         │
│  │ Owner: Account Address ( 0x13a75ba9e38bcd05b92c37e771fd3068c8b55d81bb6622f14b387a53123d7ab1 )  │
│  │ Version: 98624811                                                                              │
│  │ Digest: 3rduUynmXxGKbdqNqhmsadLGV62CeR7vrmeDjthEVZn9                                           │
│  └──                                                                                              │
│ Gas Cost Summary:                                                                                 │
│    Storage Cost: 6057200 MIST                                                                     │
│    Computation Cost: 758000 MIST                                                                  │
│    Storage Rebate: 2625876 MIST                                                                   │
│    Non-refundable Storage Fee: 26524 MIST                                                         │
│                                                                                                   │
│ Transaction Dependencies:                                                                         │
│    2iaGvqRXLhhTpFfXT5sty9QzvnjcWuvKZEh3bgehRvvi                                                   │
│    CoG1afg6dsswN3QrmSWgTB5uSZu5Qeu7E4EjzJzjt82N                                                   │
│    FMiGzxRrf2s4fH8b7haU2kzdBsBpNYthRu8q2SxTfctz                                                   │
╰───────────────────────────────────────────────────────────────────────────────────────────────────╯
╭─────────────────────────────────────────────────────────────────────────────────────────────────────────────────╮
│ Transaction Block Events                                                                                        │
├─────────────────────────────────────────────────────────────────────────────────────────────────────────────────┤
│  ┌──                                                                                                            │
│  │ EventID: CqH6toYRVR2epEWzBwiLeM6RSKBEfpnh6yJum11dVr4R:0                                                      │
│  │ PackageID: 0x41a3350004440adf89a2f837c1e4c0bf1fe4edf6e08b56383ccb5c1606f210c1                                │
│  │ Transaction Module: attendance                                                                               │
│  │ Sender: 0x13a75ba9e38bcd05b92c37e771fd3068c8b55d81bb6622f14b387a53123d7ab1                                   │
│  │ EventType: 0x41a3350004440adf89a2f837c1e4c0bf1fe4edf6e08b56383ccb5c1606f210c1::attendance::AttendanceCreated │
│  │ ParsedJSON:                                                                                                  │
│  │   ┌─────────┬────────────────────────────────────────────────────────────────────┐                           │
│  │   │ id      │ 0xba95e69fe2474acda6c37604091477d03c6c5b71dbe0d8f6e762a987bcbd4dc7 │                           │
│  │   ├─────────┼────────────────────────────────────────────────────────────────────┤                           │
│  │   │ meet_id │ 0x49b6ea50eaf249f6ded5fb1a096a6297e428ab97f1dc1f873e91ba8a9a8a6073 │                           │
│  │   ├─────────┼────────────────────────────────────────────────────────────────────┤                           │
│  │   │ tier    │ 3                                                                  │                           │
│  │   └─────────┴────────────────────────────────────────────────────────────────────┘                           │
│  └──                                                                                                            │
╰─────────────────────────────────────────────────────────────────────────────────────────────────────────────────╯
╭────────────────────────────────────────────────────────────────────────────────────────────────────────────╮
│ Object Changes                                                                                             │
├────────────────────────────────────────────────────────────────────────────────────────────────────────────┤
│ Created Objects:                                                                                           │
│  ┌──                                                                                                       │
│  │ ObjectID: 0xba95e69fe2474acda6c37604091477d03c6c5b71dbe0d8f6e762a987bcbd4dc7                            │
│  │ Sender: 0x13a75ba9e38bcd05b92c37e771fd3068c8b55d81bb6622f14b387a53123d7ab1                              │
│  │ Owner: Account Address ( 0x9e40f545a7d69f1d59c84357a1cf33951bac6f60a9fb6b66e6669188beb4b3a7 )           │
│  │ ObjectType: 0x41a3350004440adf89a2f837c1e4c0bf1fe4edf6e08b56383ccb5c1606f210c1::attendance::Attendance  │
│  │ Version: 98624811                                                                                       │
│  │ Digest: AWL6z8qYaM8CZoYgzDbdHci2rUx57dCHwS5JSaig18Jt                                                    │
│  └──                                                                                                       │
│ Mutated Objects:                                                                                           │
│  ┌──                                                                                                       │
│  │ ObjectID: 0x49b6ea50eaf249f6ded5fb1a096a6297e428ab97f1dc1f873e91ba8a9a8a6073                            │
│  │ Sender: 0x13a75ba9e38bcd05b92c37e771fd3068c8b55d81bb6622f14b387a53123d7ab1                              │
│  │ Owner: Account Address ( 0x13a75ba9e38bcd05b92c37e771fd3068c8b55d81bb6622f14b387a53123d7ab1 )           │
│  │ ObjectType: 0x41a3350004440adf89a2f837c1e4c0bf1fe4edf6e08b56383ccb5c1606f210c1::meet::Meet              │
│  │ Version: 98624811                                                                                       │
│  │ Digest: E4EGNDp6rqxY4u89jaBzLnFHFY9awoiiQLmTqHpj7XmX                                                    │
│  └──                                                                                                       │
│  ┌──                                                                                                       │
│  │ ObjectID: 0xb0b6745d74734fb22bb66627285692131777bc1e1abacd6cd36946672fd52087                            │
│  │ Sender: 0x13a75ba9e38bcd05b92c37e771fd3068c8b55d81bb6622f14b387a53123d7ab1                              │
│  │ Owner: Account Address ( 0x13a75ba9e38bcd05b92c37e771fd3068c8b55d81bb6622f14b387a53123d7ab1 )           │
│  │ ObjectType: 0x2::coin::Coin<0x2::sui::SUI>                                                              │
│  │ Version: 98624811                                                                                       │
│  │ Digest: 3rduUynmXxGKbdqNqhmsadLGV62CeR7vrmeDjthEVZn9                                                    │
│  └──                                                                                                       │
╰────────────────────────────────────────────────────────────────────────────────────────────────────────────╯
╭───────────────────────────────────────────────────────────────────────────────────────────────────╮
│ Balance Changes                                                                                   │
├───────────────────────────────────────────────────────────────────────────────────────────────────┤
│  ┌──                                                                                              │
│  │ Owner: Account Address ( 0x13a75ba9e38bcd05b92c37e771fd3068c8b55d81bb6622f14b387a53123d7ab1 )  │
│  │ CoinType: 0x2::sui::SUI                                                                        │
│  │ Amount: -4189324                                                                               │
│  └──                                                                                              │
╰───────────────────────────────────────────────────────────────────────────────────────────────────╯

2024-07-10T21:41:32
Transaction Digest: 84Q4V9DgnowZpz6dQRxaYHkSSHPngA1uNaMKgB5NZFvv
╭───────────────────────────────────────────────────────────────────────────────────────────────────────────────────────────────────────────────────────────────╮
│ Transaction Data                                                                                                                                              │
├───────────────────────────────────────────────────────────────────────────────────────────────────────────────────────────────────────────────────────────────┤
│ Sender: 0x13a75ba9e38bcd05b92c37e771fd3068c8b55d81bb6622f14b387a53123d7ab1                                                                                    │
│ Gas Owner: 0x13a75ba9e38bcd05b92c37e771fd3068c8b55d81bb6622f14b387a53123d7ab1                                                                                 │
│ Gas Budget: 500000000 MIST                                                                                                                                    │
│ Gas Price: 758 MIST                                                                                                                                           │
│ Gas Payment:                                                                                                                                                  │
│  ┌──                                                                                                                                                          │
│  │ ID: 0xb0b6745d74734fb22bb66627285692131777bc1e1abacd6cd36946672fd52087                                                                                     │
│  │ Version: 98624811                                                                                                                                          │
│  │ Digest: 3rduUynmXxGKbdqNqhmsadLGV62CeR7vrmeDjthEVZn9                                                                                                       │
│  └──                                                                                                                                                          │
│                                                                                                                                                               │
│ Transaction Kind: Programmable                                                                                                                                │
│ ╭───────────────────────────────────────────────────────────────────────────────────────────────────────────────────────────────────────────────────────────╮ │
│ │ Input Objects                                                                                                                                             │ │
│ ├───────────────────────────────────────────────────────────────────────────────────────────────────────────────────────────────────────────────────────────┤ │
│ │ 0   Imm/Owned Object ID: 0x49b6ea50eaf249f6ded5fb1a096a6297e428ab97f1dc1f873e91ba8a9a8a6073                                                               │ │
│ │ 1   Pure Arg: Type: 0x1::string::String, Value: "3rd Place Winner at Sui Overflow 2024 - Advanced Move"                                                   │ │
│ │ 2   Pure Arg: Type: 0x1::string::String, Value: "Congratulations! This hacker from Sui Metadata won 3rd Place at the 2024 Sui Overflow global hackathon!" │ │
│ │ 3   Pure Arg: Type: 0x1::string::String, Value: "https://github.com/sui-foundation/attendance-nft/raw/main/gifs/overflow-3rd.gif"                         │ │
│ │ 4   Pure Arg: Type: u8, Value: 3                                                                                                                          │ │
│ │ 5   Pure Arg: Type: address, Value: "0x1dcd0e20b63c6dd56be985b6f8b421a2e84b0c6b5438abb4402299eef7bf5a22"                                                  │ │
│ ╰───────────────────────────────────────────────────────────────────────────────────────────────────────────────────────────────────────────────────────────╯ │
│ ╭──────────────────────────────────────────────────────────────────────────────────╮                                                                          │
│ │ Commands                                                                         │                                                                          │
│ ├──────────────────────────────────────────────────────────────────────────────────┤                                                                          │
│ │ 0  MoveCall:                                                                     │                                                                          │
│ │  ┌                                                                               │                                                                          │
│ │  │ Function:  mint_and_transfer                                                  │                                                                          │
│ │  │ Module:    attendance                                                         │                                                                          │
│ │  │ Package:   0x41a3350004440adf89a2f837c1e4c0bf1fe4edf6e08b56383ccb5c1606f210c1 │                                                                          │
│ │  │ Arguments:                                                                    │                                                                          │
│ │  │   Input  0                                                                    │                                                                          │
│ │  │   Input  1                                                                    │                                                                          │
│ │  │   Input  2                                                                    │                                                                          │
│ │  │   Input  3                                                                    │                                                                          │
│ │  │   Input  4                                                                    │                                                                          │
│ │  │   Input  5                                                                    │                                                                          │
│ │  └                                                                               │                                                                          │
│ ╰──────────────────────────────────────────────────────────────────────────────────╯                                                                          │
│                                                                                                                                                               │
│ Signatures:                                                                                                                                                   │
│    fFQgslwKntlVa9l0JmpaetGEpOHQX5S0xmbRVxm7Z/btTaw4LQ/d+trzDFYLjiEaid4ETCzPi8f+axMQJrDfAw==                                                                   │
│                                                                                                                                                               │
╰───────────────────────────────────────────────────────────────────────────────────────────────────────────────────────────────────────────────────────────────╯
╭───────────────────────────────────────────────────────────────────────────────────────────────────╮
│ Transaction Effects                                                                               │
├───────────────────────────────────────────────────────────────────────────────────────────────────┤
│ Digest: 84Q4V9DgnowZpz6dQRxaYHkSSHPngA1uNaMKgB5NZFvv                                              │
│ Status: Success                                                                                   │
│ Executed Epoch: 455                                                                               │
│                                                                                                   │
│ Created Objects:                                                                                  │
│  ┌──                                                                                              │
│  │ ID: 0xd7306ddafceacd35dbfd2278e5fdd40c841b210b41f5b70e2bf11fd87579677f                         │
│  │ Owner: Account Address ( 0x1dcd0e20b63c6dd56be985b6f8b421a2e84b0c6b5438abb4402299eef7bf5a22 )  │
│  │ Version: 98624812                                                                              │
│  │ Digest: 3P2iNMyAwDK61cG3vyH1DU5DHervpJZEr33WHHShMM5Y                                           │
│  └──                                                                                              │
│ Mutated Objects:                                                                                  │
│  ┌──                                                                                              │
│  │ ID: 0x49b6ea50eaf249f6ded5fb1a096a6297e428ab97f1dc1f873e91ba8a9a8a6073                         │
│  │ Owner: Account Address ( 0x13a75ba9e38bcd05b92c37e771fd3068c8b55d81bb6622f14b387a53123d7ab1 )  │
│  │ Version: 98624812                                                                              │
│  │ Digest: 3xMcVzHyMzEtjk26EQoYwJHyWu2ZngR2xMJ16j8xMiWD                                           │
│  └──                                                                                              │
│  ┌──                                                                                              │
│  │ ID: 0xb0b6745d74734fb22bb66627285692131777bc1e1abacd6cd36946672fd52087                         │
│  │ Owner: Account Address ( 0x13a75ba9e38bcd05b92c37e771fd3068c8b55d81bb6622f14b387a53123d7ab1 )  │
│  │ Version: 98624812                                                                              │
│  │ Digest: 9c5EuDN7uJskSNnDp5roGFxDxisuJraQ3916tvHnd9oF                                           │
│  └──                                                                                              │
│ Gas Object:                                                                                       │
│  ┌──                                                                                              │
│  │ ID: 0xb0b6745d74734fb22bb66627285692131777bc1e1abacd6cd36946672fd52087                         │
│  │ Owner: Account Address ( 0x13a75ba9e38bcd05b92c37e771fd3068c8b55d81bb6622f14b387a53123d7ab1 )  │
│  │ Version: 98624812                                                                              │
│  │ Digest: 9c5EuDN7uJskSNnDp5roGFxDxisuJraQ3916tvHnd9oF                                           │
│  └──                                                                                              │
│ Gas Cost Summary:                                                                                 │
│    Storage Cost: 6057200 MIST                                                                     │
│    Computation Cost: 758000 MIST                                                                  │
│    Storage Rebate: 2625876 MIST                                                                   │
│    Non-refundable Storage Fee: 26524 MIST                                                         │
│                                                                                                   │
│ Transaction Dependencies:                                                                         │
│    CqH6toYRVR2epEWzBwiLeM6RSKBEfpnh6yJum11dVr4R                                                   │
│    FMiGzxRrf2s4fH8b7haU2kzdBsBpNYthRu8q2SxTfctz                                                   │
╰───────────────────────────────────────────────────────────────────────────────────────────────────╯
╭─────────────────────────────────────────────────────────────────────────────────────────────────────────────────╮
│ Transaction Block Events                                                                                        │
├─────────────────────────────────────────────────────────────────────────────────────────────────────────────────┤
│  ┌──                                                                                                            │
│  │ EventID: 84Q4V9DgnowZpz6dQRxaYHkSSHPngA1uNaMKgB5NZFvv:0                                                      │
│  │ PackageID: 0x41a3350004440adf89a2f837c1e4c0bf1fe4edf6e08b56383ccb5c1606f210c1                                │
│  │ Transaction Module: attendance                                                                               │
│  │ Sender: 0x13a75ba9e38bcd05b92c37e771fd3068c8b55d81bb6622f14b387a53123d7ab1                                   │
│  │ EventType: 0x41a3350004440adf89a2f837c1e4c0bf1fe4edf6e08b56383ccb5c1606f210c1::attendance::AttendanceCreated │
│  │ ParsedJSON:                                                                                                  │
│  │   ┌─────────┬────────────────────────────────────────────────────────────────────┐                           │
│  │   │ id      │ 0xd7306ddafceacd35dbfd2278e5fdd40c841b210b41f5b70e2bf11fd87579677f │                           │
│  │   ├─────────┼────────────────────────────────────────────────────────────────────┤                           │
│  │   │ meet_id │ 0x49b6ea50eaf249f6ded5fb1a096a6297e428ab97f1dc1f873e91ba8a9a8a6073 │                           │
│  │   ├─────────┼────────────────────────────────────────────────────────────────────┤                           │
│  │   │ tier    │ 3                                                                  │                           │
│  │   └─────────┴────────────────────────────────────────────────────────────────────┘                           │
│  └──                                                                                                            │
╰─────────────────────────────────────────────────────────────────────────────────────────────────────────────────╯
╭────────────────────────────────────────────────────────────────────────────────────────────────────────────╮
│ Object Changes                                                                                             │
├────────────────────────────────────────────────────────────────────────────────────────────────────────────┤
│ Created Objects:                                                                                           │
│  ┌──                                                                                                       │
│  │ ObjectID: 0xd7306ddafceacd35dbfd2278e5fdd40c841b210b41f5b70e2bf11fd87579677f                            │
│  │ Sender: 0x13a75ba9e38bcd05b92c37e771fd3068c8b55d81bb6622f14b387a53123d7ab1                              │
│  │ Owner: Account Address ( 0x1dcd0e20b63c6dd56be985b6f8b421a2e84b0c6b5438abb4402299eef7bf5a22 )           │
│  │ ObjectType: 0x41a3350004440adf89a2f837c1e4c0bf1fe4edf6e08b56383ccb5c1606f210c1::attendance::Attendance  │
│  │ Version: 98624812                                                                                       │
│  │ Digest: 3P2iNMyAwDK61cG3vyH1DU5DHervpJZEr33WHHShMM5Y                                                    │
│  └──                                                                                                       │
│ Mutated Objects:                                                                                           │
│  ┌──                                                                                                       │
│  │ ObjectID: 0x49b6ea50eaf249f6ded5fb1a096a6297e428ab97f1dc1f873e91ba8a9a8a6073                            │
│  │ Sender: 0x13a75ba9e38bcd05b92c37e771fd3068c8b55d81bb6622f14b387a53123d7ab1                              │
│  │ Owner: Account Address ( 0x13a75ba9e38bcd05b92c37e771fd3068c8b55d81bb6622f14b387a53123d7ab1 )           │
│  │ ObjectType: 0x41a3350004440adf89a2f837c1e4c0bf1fe4edf6e08b56383ccb5c1606f210c1::meet::Meet              │
│  │ Version: 98624812                                                                                       │
│  │ Digest: 3xMcVzHyMzEtjk26EQoYwJHyWu2ZngR2xMJ16j8xMiWD                                                    │
│  └──                                                                                                       │
│  ┌──                                                                                                       │
│  │ ObjectID: 0xb0b6745d74734fb22bb66627285692131777bc1e1abacd6cd36946672fd52087                            │
│  │ Sender: 0x13a75ba9e38bcd05b92c37e771fd3068c8b55d81bb6622f14b387a53123d7ab1                              │
│  │ Owner: Account Address ( 0x13a75ba9e38bcd05b92c37e771fd3068c8b55d81bb6622f14b387a53123d7ab1 )           │
│  │ ObjectType: 0x2::coin::Coin<0x2::sui::SUI>                                                              │
│  │ Version: 98624812                                                                                       │
│  │ Digest: 9c5EuDN7uJskSNnDp5roGFxDxisuJraQ3916tvHnd9oF                                                    │
│  └──                                                                                                       │
╰────────────────────────────────────────────────────────────────────────────────────────────────────────────╯
╭───────────────────────────────────────────────────────────────────────────────────────────────────╮
│ Balance Changes                                                                                   │
├───────────────────────────────────────────────────────────────────────────────────────────────────┤
│  ┌──                                                                                              │
│  │ Owner: Account Address ( 0x13a75ba9e38bcd05b92c37e771fd3068c8b55d81bb6622f14b387a53123d7ab1 )  │
│  │ CoinType: 0x2::sui::SUI                                                                        │
│  │ Amount: -4189324                                                                               │
│  └──                                                                                              │
╰───────────────────────────────────────────────────────────────────────────────────────────────────╯

